ATCC1010MOCK_ITS_KP69D_ACAAGGAG-GACACTGA_S112_L001_I2.fastq.gz: OK
No_Template_Control_ITS_KP69D_ACAAGGAG-TAGTGTAG_S114_L001_R2.fastq.gz: OK
ATCC1010MOCK_ITS_KP69D_AATGGAGC-GCTCTAGT_S111_L001_R1.fastq.gz: OK
No_Template_Control_ITS_KP69D_ACAAGGAG-TAGTGTAG_S114_L001_I1.fastq.gz: OK
Soil_DNA_ITS_KP69D_ACAAGGAG-TGCGTACG_S116_L001_I2.fastq.gz: OK
No_Template_Control_ITS_KP69D_AATGGAGC-TGCGTACG_S113_L001_I2.fastq.gz: OK
Soil_DNA_ITS_KP69D_ACAAGGAG-TGCGTACG_S116_L001_R1.fastq.gz: OK
ATCC1010MOCK_ITS_KP69D_ACAAGGAG-GACACTGA_S112_L001_I1.fastq.gz: OK
No_Template_Control_ITS_KP69D_AATGGAGC-TGCGTACG_S113_L001_I1.fastq.gz: OK
No_Template_Control_ITS_KP69D_ACAAGGAG-TAGTGTAG_S114_L001_I2.fastq.gz: OK
AM_ITS_UNSW_KP69D_checksums.md5: OK
ATCC1010MOCK_ITS_KP69D_AATGGAGC-GCTCTAGT_S111_L001_R2.fastq.gz: OK
No_Template_Control_ITS_KP69D_AATGGAGC-TGCGTACG_S113_L001_R2.fastq.gz: OK
ATCC1010MOCK_ITS_KP69D_ACAAGGAG-GACACTGA_S112_L001_R2.fastq.gz: OK
No_Template_Control_ITS_KP69D_ACAAGGAG-TAGTGTAG_S114_L001_R1.fastq.gz: OK
ATCC1010MOCK_ITS_KP69D_ACAAGGAG-GACACTGA_S112_L001_R1.fastq.gz: OK
Soil_DNA_ITS_KP69D_AATGGAGC-GACACTGA_S115_L001_R1.fastq.gz: OK
Soil_DNA_ITS_KP69D_ACAAGGAG-TGCGTACG_S116_L001_R2.fastq.gz: OK
Soil_DNA_ITS_KP69D_AATGGAGC-GACACTGA_S115_L001_I1.fastq.gz: OK
No_Template_Control_ITS_KP69D_AATGGAGC-TGCGTACG_S113_L001_R1.fastq.gz: OK
ATCC1010MOCK_ITS_KP69D_AATGGAGC-GCTCTAGT_S111_L001_I1.fastq.gz: OK
ATCC1010MOCK_ITS_KP69D_AATGGAGC-GCTCTAGT_S111_L001_I2.fastq.gz: OK
Soil_DNA_ITS_KP69D_ACAAGGAG-TGCGTACG_S116_L001_I1.fastq.gz: OK
Soil_DNA_ITS_KP69D_AATGGAGC-GACACTGA_S115_L001_I2.fastq.gz: OK
Soil_DNA_ITS_KP69D_AATGGAGC-GACACTGA_S115_L001_R2.fastq.gz: OK
401954_ITS_KP69D_GAAGAAGC-ACGACGTG_S1_L001_I2.fastq.gz: OK
401954_ITS_KP69D_GAAGAAGC-ACGACGTG_S1_L001_R1.fastq.gz: OK
401954_ITS_KP69D_GAAGAAGC-ACGACGTG_S1_L001_I1.fastq.gz: OK
401954_ITS_KP69D_GAAGAAGC-ACGACGTG_S1_L001_R2.fastq.gz: OK
AM_ITS_UNSW_KP69D_checksums.md5: OK
401955_ITS_KP69D_GAAGAAGC-ATATACAC_S2_L001_I1.fastq.gz: OK
AM_ITS_UNSW_KP69D_checksums.md5: OK
401955_ITS_KP69D_GAAGAAGC-ATATACAC_S2_L001_R2.fastq.gz: OK
401955_ITS_KP69D_GAAGAAGC-ATATACAC_S2_L001_R1.fastq.gz: OK
401955_ITS_KP69D_GAAGAAGC-ATATACAC_S2_L001_I2.fastq.gz: OK
401956_ITS_KP69D_GAAGAAGC-CGTCGCTA_S3_L001_I1.fastq.gz: OK
AM_ITS_UNSW_KP69D_checksums.md5: OK
401956_ITS_KP69D_GAAGAAGC-CGTCGCTA_S3_L001_I2.fastq.gz: OK
401956_ITS_KP69D_GAAGAAGC-CGTCGCTA_S3_L001_R1.fastq.gz: OK
401956_ITS_KP69D_GAAGAAGC-CGTCGCTA_S3_L001_R2.fastq.gz: OK
401957_ITS_KP69D_GAAGAAGC-CTAGAGCT_S4_L001_I1.fastq.gz: OK
AM_ITS_UNSW_KP69D_checksums.md5: OK
401957_ITS_KP69D_GAAGAAGC-CTAGAGCT_S4_L001_I2.fastq.gz: OK
401957_ITS_KP69D_GAAGAAGC-CTAGAGCT_S4_L001_R1.fastq.gz: OK
401957_ITS_KP69D_GAAGAAGC-CTAGAGCT_S4_L001_R2.fastq.gz: OK
401958_ITS_KP69D_GAAGAAGC-GCTCTAGT_S5_L001_I1.fastq.gz: OK
401958_ITS_KP69D_GAAGAAGC-GCTCTAGT_S5_L001_R1.fastq.gz: OK
401958_ITS_KP69D_GAAGAAGC-GCTCTAGT_S5_L001_R2.fastq.gz: OK
AM_ITS_UNSW_KP69D_checksums.md5: OK
401958_ITS_KP69D_GAAGAAGC-GCTCTAGT_S5_L001_I2.fastq.gz: OK
AM_ITS_UNSW_KP69D_checksums.md5: OK
401959_ITS_KP69D_GAAGAAGC-GACACTGA_S6_L001_R2.fastq.gz: OK
401959_ITS_KP69D_GAAGAAGC-GACACTGA_S6_L001_I1.fastq.gz: OK
401959_ITS_KP69D_GAAGAAGC-GACACTGA_S6_L001_R1.fastq.gz: OK
401959_ITS_KP69D_GAAGAAGC-GACACTGA_S6_L001_I2.fastq.gz: OK
401960_ITS_KP69D_GAAGAAGC-TGCGTACG_S7_L001_I2.fastq.gz: OK
401960_ITS_KP69D_GAAGAAGC-TGCGTACG_S7_L001_I1.fastq.gz: OK
401960_ITS_KP69D_GAAGAAGC-TGCGTACG_S7_L001_R2.fastq.gz: OK
AM_ITS_UNSW_KP69D_checksums.md5: OK
401960_ITS_KP69D_GAAGAAGC-TGCGTACG_S7_L001_R1.fastq.gz: OK
401961_ITS_KP69D_GAAGAAGC-TAGTGTAG_S8_L001_I2.fastq.gz: OK
401961_ITS_KP69D_GAAGAAGC-TAGTGTAG_S8_L001_R2.fastq.gz: OK
401961_ITS_KP69D_GAAGAAGC-TAGTGTAG_S8_L001_I1.fastq.gz: OK
AM_ITS_UNSW_KP69D_checksums.md5: OK
401961_ITS_KP69D_GAAGAAGC-TAGTGTAG_S8_L001_R1.fastq.gz: OK
401962_ITS_KP69D_GAGAGAAT-ACGACGTG_S9_L001_R1.fastq.gz: OK
401962_ITS_KP69D_GAGAGAAT-ACGACGTG_S9_L001_I2.fastq.gz: OK
401962_ITS_KP69D_GAGAGAAT-ACGACGTG_S9_L001_I1.fastq.gz: OK
AM_ITS_UNSW_KP69D_checksums.md5: OK
401962_ITS_KP69D_GAGAGAAT-ACGACGTG_S9_L001_R2.fastq.gz: OK
401963_ITS_KP69D_GAGAGAAT-ATATACAC_S10_L001_I1.fastq.gz: OK
401963_ITS_KP69D_GAGAGAAT-ATATACAC_S10_L001_I2.fastq.gz: OK
401963_ITS_KP69D_GAGAGAAT-ATATACAC_S10_L001_R2.fastq.gz: OK
AM_ITS_UNSW_KP69D_checksums.md5: OK
401963_ITS_KP69D_GAGAGAAT-ATATACAC_S10_L001_R1.fastq.gz: OK
401964_ITS_KP69D_GAGAGAAT-CGTCGCTA_S11_L001_R1.fastq.gz: OK
401964_ITS_KP69D_GAGAGAAT-CGTCGCTA_S11_L001_R2.fastq.gz: OK
401964_ITS_KP69D_GAGAGAAT-CGTCGCTA_S11_L001_I2.fastq.gz: OK
AM_ITS_UNSW_KP69D_checksums.md5: OK
401964_ITS_KP69D_GAGAGAAT-CGTCGCTA_S11_L001_I1.fastq.gz: OK
401965_ITS_KP69D_GAGAGAAT-CTAGAGCT_S12_L001_R1.fastq.gz: OK
401965_ITS_KP69D_GAGAGAAT-CTAGAGCT_S12_L001_I1.fastq.gz: OK
401965_ITS_KP69D_GAGAGAAT-CTAGAGCT_S12_L001_R2.fastq.gz: OK
401965_ITS_KP69D_GAGAGAAT-CTAGAGCT_S12_L001_I2.fastq.gz: OK
AM_ITS_UNSW_KP69D_checksums.md5: OK
401966_ITS_KP69D_GAGAGAAT-GCTCTAGT_S13_L001_R1.fastq.gz: OK
401966_ITS_KP69D_GAGAGAAT-GCTCTAGT_S13_L001_R2.fastq.gz: OK
401966_ITS_KP69D_GAGAGAAT-GCTCTAGT_S13_L001_I1.fastq.gz: OK
401966_ITS_KP69D_GAGAGAAT-GCTCTAGT_S13_L001_I2.fastq.gz: OK
AM_ITS_UNSW_KP69D_checksums.md5: OK
AM_ITS_UNSW_KP69D_checksums.md5: OK
401967_ITS_KP69D_GAGAGAAT-GACACTGA_S14_L001_R2.fastq.gz: OK
401967_ITS_KP69D_GAGAGAAT-GACACTGA_S14_L001_R1.fastq.gz: OK
401967_ITS_KP69D_GAGAGAAT-GACACTGA_S14_L001_I1.fastq.gz: OK
401967_ITS_KP69D_GAGAGAAT-GACACTGA_S14_L001_I2.fastq.gz: OK
AM_ITS_UNSW_KP69D_checksums.md5: OK
401968_ITS_KP69D_GAGAGAAT-TGCGTACG_S15_L001_R1.fastq.gz: OK
401968_ITS_KP69D_GAGAGAAT-TGCGTACG_S15_L001_R2.fastq.gz: OK
401968_ITS_KP69D_GAGAGAAT-TGCGTACG_S15_L001_I2.fastq.gz: OK
401968_ITS_KP69D_GAGAGAAT-TGCGTACG_S15_L001_I1.fastq.gz: OK
401969_ITS_KP69D_GAGAGAAT-TAGTGTAG_S16_L001_R2.fastq.gz: OK
AM_ITS_UNSW_KP69D_checksums.md5: OK
401969_ITS_KP69D_GAGAGAAT-TAGTGTAG_S16_L001_R1.fastq.gz: OK
401969_ITS_KP69D_GAGAGAAT-TAGTGTAG_S16_L001_I2.fastq.gz: OK
401969_ITS_KP69D_GAGAGAAT-TAGTGTAG_S16_L001_I1.fastq.gz: OK
401970_ITS_KP69D_TCGTCGAT-ACGACGTG_S17_L001_R2.fastq.gz: OK
401970_ITS_KP69D_TCGTCGAT-ACGACGTG_S17_L001_I1.fastq.gz: OK
401970_ITS_KP69D_TCGTCGAT-ACGACGTG_S17_L001_I2.fastq.gz: OK
AM_ITS_UNSW_KP69D_checksums.md5: OK
401970_ITS_KP69D_TCGTCGAT-ACGACGTG_S17_L001_R1.fastq.gz: OK
401971_ITS_KP69D_TCGTCGAT-ATATACAC_S18_L001_I2.fastq.gz: OK
401971_ITS_KP69D_TCGTCGAT-ATATACAC_S18_L001_I1.fastq.gz: OK
AM_ITS_UNSW_KP69D_checksums.md5: OK
401971_ITS_KP69D_TCGTCGAT-ATATACAC_S18_L001_R2.fastq.gz: OK
401971_ITS_KP69D_TCGTCGAT-ATATACAC_S18_L001_R1.fastq.gz: OK
401972_ITS_KP69D_TCGTCGAT-CGTCGCTA_S19_L001_R2.fastq.gz: OK
401972_ITS_KP69D_TCGTCGAT-CGTCGCTA_S19_L001_I2.fastq.gz: OK
401972_ITS_KP69D_TCGTCGAT-CGTCGCTA_S19_L001_R1.fastq.gz: OK
401972_ITS_KP69D_TCGTCGAT-CGTCGCTA_S19_L001_I1.fastq.gz: OK
AM_ITS_UNSW_KP69D_checksums.md5: OK
401973_ITS_KP69D_TCGTCGAT-CTAGAGCT_S20_L001_I2.fastq.gz: OK
401973_ITS_KP69D_TCGTCGAT-CTAGAGCT_S20_L001_I1.fastq.gz: OK
401973_ITS_KP69D_TCGTCGAT-CTAGAGCT_S20_L001_R1.fastq.gz: OK
401973_ITS_KP69D_TCGTCGAT-CTAGAGCT_S20_L001_R2.fastq.gz: OK
AM_ITS_UNSW_KP69D_checksums.md5: OK
401974_ITS_KP69D_TCGTCGAT-GCTCTAGT_S21_L001_I2.fastq.gz: OK
AM_ITS_UNSW_KP69D_checksums.md5: OK
401974_ITS_KP69D_TCGTCGAT-GCTCTAGT_S21_L001_R1.fastq.gz: OK
401974_ITS_KP69D_TCGTCGAT-GCTCTAGT_S21_L001_I1.fastq.gz: OK
401974_ITS_KP69D_TCGTCGAT-GCTCTAGT_S21_L001_R2.fastq.gz: OK
401975_ITS_KP69D_TCGTCGAT-GACACTGA_S22_L001_I2.fastq.gz: OK
AM_ITS_UNSW_KP69D_checksums.md5: OK
401975_ITS_KP69D_TCGTCGAT-GACACTGA_S22_L001_I1.fastq.gz: OK
401975_ITS_KP69D_TCGTCGAT-GACACTGA_S22_L001_R1.fastq.gz: OK
401975_ITS_KP69D_TCGTCGAT-GACACTGA_S22_L001_R2.fastq.gz: OK
401976_ITS_KP69D_TCGTCGAT-TGCGTACG_S23_L001_R1.fastq.gz: OK
401976_ITS_KP69D_TCGTCGAT-TGCGTACG_S23_L001_I1.fastq.gz: OK
401976_ITS_KP69D_TCGTCGAT-TGCGTACG_S23_L001_R2.fastq.gz: OK
401976_ITS_KP69D_TCGTCGAT-TGCGTACG_S23_L001_I2.fastq.gz: OK
AM_ITS_UNSW_KP69D_checksums.md5: OK
401977_ITS_KP69D_TCGTCGAT-TAGTGTAG_S24_L001_I2.fastq.gz: OK
401977_ITS_KP69D_TCGTCGAT-TAGTGTAG_S24_L001_R2.fastq.gz: OK
AM_ITS_UNSW_KP69D_checksums.md5: OK
401977_ITS_KP69D_TCGTCGAT-TAGTGTAG_S24_L001_R1.fastq.gz: OK
401977_ITS_KP69D_TCGTCGAT-TAGTGTAG_S24_L001_I1.fastq.gz: OK
401978_ITS_KP69D_ATTGGGCT-ACGACGTG_S25_L001_R2.fastq.gz: OK
401978_ITS_KP69D_ATTGGGCT-ACGACGTG_S25_L001_I1.fastq.gz: OK
401978_ITS_KP69D_ATTGGGCT-ACGACGTG_S25_L001_I2.fastq.gz: OK
401978_ITS_KP69D_ATTGGGCT-ACGACGTG_S25_L001_R1.fastq.gz: OK
AM_ITS_UNSW_KP69D_checksums.md5: OK
401979_ITS_KP69D_ATTGGGCT-ATATACAC_S26_L001_R2.fastq.gz: OK
401979_ITS_KP69D_ATTGGGCT-ATATACAC_S26_L001_I2.fastq.gz: OK
401979_ITS_KP69D_ATTGGGCT-ATATACAC_S26_L001_R1.fastq.gz: OK
AM_ITS_UNSW_KP69D_checksums.md5: OK
401979_ITS_KP69D_ATTGGGCT-ATATACAC_S26_L001_I1.fastq.gz: OK
401980_ITS_KP69D_ATTGGGCT-CGTCGCTA_S27_L001_I1.fastq.gz: OK
401980_ITS_KP69D_ATTGGGCT-CGTCGCTA_S27_L001_R2.fastq.gz: OK
401980_ITS_KP69D_ATTGGGCT-CGTCGCTA_S27_L001_I2.fastq.gz: OK
401980_ITS_KP69D_ATTGGGCT-CGTCGCTA_S27_L001_R1.fastq.gz: OK
AM_ITS_UNSW_KP69D_checksums.md5: OK
AM_ITS_UNSW_KP69D_checksums.md5: OK
401981_ITS_KP69D_ATTGGGCT-CTAGAGCT_S28_L001_I2.fastq.gz: OK
401981_ITS_KP69D_ATTGGGCT-CTAGAGCT_S28_L001_R1.fastq.gz: OK
401981_ITS_KP69D_ATTGGGCT-CTAGAGCT_S28_L001_R2.fastq.gz: OK
401981_ITS_KP69D_ATTGGGCT-CTAGAGCT_S28_L001_I1.fastq.gz: OK
401982_ITS_KP69D_ATTGGGCT-GCTCTAGT_S29_L001_I2.fastq.gz: OK
401982_ITS_KP69D_ATTGGGCT-GCTCTAGT_S29_L001_R1.fastq.gz: OK
401982_ITS_KP69D_ATTGGGCT-GCTCTAGT_S29_L001_I1.fastq.gz: OK
AM_ITS_UNSW_KP69D_checksums.md5: OK
401982_ITS_KP69D_ATTGGGCT-GCTCTAGT_S29_L001_R2.fastq.gz: OK
401983_ITS_KP69D_ATTGGGCT-GACACTGA_S30_L001_I2.fastq.gz: OK
401983_ITS_KP69D_ATTGGGCT-GACACTGA_S30_L001_I1.fastq.gz: OK
401983_ITS_KP69D_ATTGGGCT-GACACTGA_S30_L001_R1.fastq.gz: OK
401983_ITS_KP69D_ATTGGGCT-GACACTGA_S30_L001_R2.fastq.gz: OK
AM_ITS_UNSW_KP69D_checksums.md5: OK
AM_ITS_UNSW_KP69D_checksums.md5: OK
401984_ITS_KP69D_ATTGGGCT-TGCGTACG_S31_L001_I2.fastq.gz: OK
401984_ITS_KP69D_ATTGGGCT-TGCGTACG_S31_L001_R2.fastq.gz: OK
401984_ITS_KP69D_ATTGGGCT-TGCGTACG_S31_L001_I1.fastq.gz: OK
401984_ITS_KP69D_ATTGGGCT-TGCGTACG_S31_L001_R1.fastq.gz: OK
401985_ITS_KP69D_ATTGGGCT-TAGTGTAG_S32_L001_I2.fastq.gz: OK
AM_ITS_UNSW_KP69D_checksums.md5: OK
401985_ITS_KP69D_ATTGGGCT-TAGTGTAG_S32_L001_R2.fastq.gz: OK
401985_ITS_KP69D_ATTGGGCT-TAGTGTAG_S32_L001_R1.fastq.gz: OK
401985_ITS_KP69D_ATTGGGCT-TAGTGTAG_S32_L001_I1.fastq.gz: OK
401986_ITS_KP69D_ACCACATA-ACGACGTG_S33_L001_R1.fastq.gz: OK
401986_ITS_KP69D_ACCACATA-ACGACGTG_S33_L001_R2.fastq.gz: OK
401986_ITS_KP69D_ACCACATA-ACGACGTG_S33_L001_I1.fastq.gz: OK
AM_ITS_UNSW_KP69D_checksums.md5: OK
401986_ITS_KP69D_ACCACATA-ACGACGTG_S33_L001_I2.fastq.gz: OK
401987_ITS_KP69D_ACCACATA-ATATACAC_S34_L001_R2.fastq.gz: OK
AM_ITS_UNSW_KP69D_checksums.md5: OK
401987_ITS_KP69D_ACCACATA-ATATACAC_S34_L001_I2.fastq.gz: OK
401987_ITS_KP69D_ACCACATA-ATATACAC_S34_L001_R1.fastq.gz: OK
401987_ITS_KP69D_ACCACATA-ATATACAC_S34_L001_I1.fastq.gz: OK
AM_ITS_UNSW_KP69D_checksums.md5: OK
401988_ITS_KP69D_ACCACATA-CGTCGCTA_S35_L001_I2.fastq.gz: OK
401988_ITS_KP69D_ACCACATA-CGTCGCTA_S35_L001_I1.fastq.gz: OK
401988_ITS_KP69D_ACCACATA-CGTCGCTA_S35_L001_R1.fastq.gz: OK
401988_ITS_KP69D_ACCACATA-CGTCGCTA_S35_L001_R2.fastq.gz: OK
AM_ITS_UNSW_KP69D_checksums.md5: OK
401989_ITS_KP69D_ACCACATA-CTAGAGCT_S36_L001_R1.fastq.gz: OK
401989_ITS_KP69D_ACCACATA-CTAGAGCT_S36_L001_I2.fastq.gz: OK
401989_ITS_KP69D_ACCACATA-CTAGAGCT_S36_L001_R2.fastq.gz: OK
401989_ITS_KP69D_ACCACATA-CTAGAGCT_S36_L001_I1.fastq.gz: OK
401990_ITS_KP69D_ACCACATA-GCTCTAGT_S37_L001_I1.fastq.gz: OK
401990_ITS_KP69D_ACCACATA-GCTCTAGT_S37_L001_I2.fastq.gz: OK
401990_ITS_KP69D_ACCACATA-GCTCTAGT_S37_L001_R2.fastq.gz: OK
401990_ITS_KP69D_ACCACATA-GCTCTAGT_S37_L001_R1.fastq.gz: OK
AM_ITS_UNSW_KP69D_checksums.md5: OK
401991_ITS_KP69D_ACCACATA-GACACTGA_S38_L001_I2.fastq.gz: OK
AM_ITS_UNSW_KP69D_checksums.md5: OK
401991_ITS_KP69D_ACCACATA-GACACTGA_S38_L001_I1.fastq.gz: OK
401991_ITS_KP69D_ACCACATA-GACACTGA_S38_L001_R2.fastq.gz: OK
401991_ITS_KP69D_ACCACATA-GACACTGA_S38_L001_R1.fastq.gz: OK
401992_ITS_KP69D_ACCACATA-TGCGTACG_S39_L001_R2.fastq.gz: OK
AM_ITS_UNSW_KP69D_checksums.md5: OK
401992_ITS_KP69D_ACCACATA-TGCGTACG_S39_L001_R1.fastq.gz: OK
401992_ITS_KP69D_ACCACATA-TGCGTACG_S39_L001_I1.fastq.gz: OK
401992_ITS_KP69D_ACCACATA-TGCGTACG_S39_L001_I2.fastq.gz: OK
401993_ITS_KP69D_ACCACATA-TAGTGTAG_S40_L001_R1.fastq.gz: OK
AM_ITS_UNSW_KP69D_checksums.md5: OK
401993_ITS_KP69D_ACCACATA-TAGTGTAG_S40_L001_I1.fastq.gz: OK
401993_ITS_KP69D_ACCACATA-TAGTGTAG_S40_L001_I2.fastq.gz: OK
401993_ITS_KP69D_ACCACATA-TAGTGTAG_S40_L001_R2.fastq.gz: OK
401994_ITS_KP69D_AACACAAG-ACGACGTG_S41_L001_I1.fastq.gz: OK
AM_ITS_UNSW_KP69D_checksums.md5: OK
401994_ITS_KP69D_AACACAAG-ACGACGTG_S41_L001_R2.fastq.gz: OK
401994_ITS_KP69D_AACACAAG-ACGACGTG_S41_L001_I2.fastq.gz: OK
401994_ITS_KP69D_AACACAAG-ACGACGTG_S41_L001_R1.fastq.gz: OK
401995_ITS_KP69D_AACACAAG-ATATACAC_S42_L001_R2.fastq.gz: OK
AM_ITS_UNSW_KP69D_checksums.md5: OK
401995_ITS_KP69D_AACACAAG-ATATACAC_S42_L001_R1.fastq.gz: OK
401995_ITS_KP69D_AACACAAG-ATATACAC_S42_L001_I1.fastq.gz: OK
401995_ITS_KP69D_AACACAAG-ATATACAC_S42_L001_I2.fastq.gz: OK
AM_ITS_UNSW_KP69D_checksums.md5: OK
401996_ITS_KP69D_AACACAAG-CGTCGCTA_S43_L001_R2.fastq.gz: OK
401996_ITS_KP69D_AACACAAG-CGTCGCTA_S43_L001_I1.fastq.gz: OK
401996_ITS_KP69D_AACACAAG-CGTCGCTA_S43_L001_R1.fastq.gz: OK
401996_ITS_KP69D_AACACAAG-CGTCGCTA_S43_L001_I2.fastq.gz: OK
401997_ITS_KP69D_AACACAAG-CTAGAGCT_S44_L001_R2.fastq.gz: OK
401997_ITS_KP69D_AACACAAG-CTAGAGCT_S44_L001_R1.fastq.gz: OK
401997_ITS_KP69D_AACACAAG-CTAGAGCT_S44_L001_I1.fastq.gz: OK
AM_ITS_UNSW_KP69D_checksums.md5: OK
401997_ITS_KP69D_AACACAAG-CTAGAGCT_S44_L001_I2.fastq.gz: OK
401998_ITS_KP69D_AACACAAG-GCTCTAGT_S45_L001_I1.fastq.gz: OK
401998_ITS_KP69D_AACACAAG-GCTCTAGT_S45_L001_R2.fastq.gz: OK
401998_ITS_KP69D_AACACAAG-GCTCTAGT_S45_L001_R1.fastq.gz: OK
401998_ITS_KP69D_AACACAAG-GCTCTAGT_S45_L001_I2.fastq.gz: OK
AM_ITS_UNSW_KP69D_checksums.md5: OK
AM_ITS_UNSW_KP69D_checksums.md5: OK
401999_ITS_KP69D_AACACAAG-GACACTGA_S46_L001_R2.fastq.gz: OK
401999_ITS_KP69D_AACACAAG-GACACTGA_S46_L001_I2.fastq.gz: OK
401999_ITS_KP69D_AACACAAG-GACACTGA_S46_L001_R1.fastq.gz: OK
401999_ITS_KP69D_AACACAAG-GACACTGA_S46_L001_I1.fastq.gz: OK
AM_ITS_UNSW_KP69D_checksums.md5: OK
402000_ITS_KP69D_AACACAAG-TGCGTACG_S47_L001_I2.fastq.gz: OK
402000_ITS_KP69D_AACACAAG-TGCGTACG_S47_L001_R1.fastq.gz: OK
402000_ITS_KP69D_AACACAAG-TGCGTACG_S47_L001_I1.fastq.gz: OK
402000_ITS_KP69D_AACACAAG-TGCGTACG_S47_L001_R2.fastq.gz: OK
402001_ITS_KP69D_AACACAAG-TAGTGTAG_S48_L001_R1.fastq.gz: OK
AM_ITS_UNSW_KP69D_checksums.md5: OK
402001_ITS_KP69D_AACACAAG-TAGTGTAG_S48_L001_I2.fastq.gz: OK
402001_ITS_KP69D_AACACAAG-TAGTGTAG_S48_L001_R2.fastq.gz: OK
402001_ITS_KP69D_AACACAAG-TAGTGTAG_S48_L001_I1.fastq.gz: OK
AM_ITS_UNSW_KP69D_checksums.md5: OK
402002_ITS_KP69D_AATGTCCG-ACGACGTG_S49_L001_R2.fastq.gz: OK
402002_ITS_KP69D_AATGTCCG-ACGACGTG_S49_L001_I1.fastq.gz: OK
402002_ITS_KP69D_AATGTCCG-ACGACGTG_S49_L001_I2.fastq.gz: OK
402002_ITS_KP69D_AATGTCCG-ACGACGTG_S49_L001_R1.fastq.gz: OK
AM_ITS_UNSW_KP69D_checksums.md5: OK
402003_ITS_KP69D_AATGTCCG-ATATACAC_S50_L001_I1.fastq.gz: OK
402003_ITS_KP69D_AATGTCCG-ATATACAC_S50_L001_I2.fastq.gz: OK
402003_ITS_KP69D_AATGTCCG-ATATACAC_S50_L001_R2.fastq.gz: OK
402003_ITS_KP69D_AATGTCCG-ATATACAC_S50_L001_R1.fastq.gz: OK
402004_ITS_KP69D_AATGTCCG-CGTCGCTA_S51_L001_R2.fastq.gz: OK
402004_ITS_KP69D_AATGTCCG-CGTCGCTA_S51_L001_R1.fastq.gz: OK
402004_ITS_KP69D_AATGTCCG-CGTCGCTA_S51_L001_I1.fastq.gz: OK
AM_ITS_UNSW_KP69D_checksums.md5: OK
402004_ITS_KP69D_AATGTCCG-CGTCGCTA_S51_L001_I2.fastq.gz: OK
402005_ITS_KP69D_AATGTCCG-CTAGAGCT_S52_L001_I2.fastq.gz: OK
402005_ITS_KP69D_AATGTCCG-CTAGAGCT_S52_L001_I1.fastq.gz: OK
AM_ITS_UNSW_KP69D_checksums.md5: OK
402005_ITS_KP69D_AATGTCCG-CTAGAGCT_S52_L001_R2.fastq.gz: OK
402005_ITS_KP69D_AATGTCCG-CTAGAGCT_S52_L001_R1.fastq.gz: OK
402006_ITS_KP69D_AATGTCCG-GCTCTAGT_S53_L001_I1.fastq.gz: OK
AM_ITS_UNSW_KP69D_checksums.md5: OK
402006_ITS_KP69D_AATGTCCG-GCTCTAGT_S53_L001_R1.fastq.gz: OK
402006_ITS_KP69D_AATGTCCG-GCTCTAGT_S53_L001_I2.fastq.gz: OK
402006_ITS_KP69D_AATGTCCG-GCTCTAGT_S53_L001_R2.fastq.gz: OK
AM_ITS_UNSW_KP69D_checksums.md5: OK
402007_ITS_KP69D_AATGTCCG-GACACTGA_S54_L001_R1.fastq.gz: OK
402007_ITS_KP69D_AATGTCCG-GACACTGA_S54_L001_R2.fastq.gz: OK
402007_ITS_KP69D_AATGTCCG-GACACTGA_S54_L001_I1.fastq.gz: OK
402007_ITS_KP69D_AATGTCCG-GACACTGA_S54_L001_I2.fastq.gz: OK
AM_ITS_UNSW_KP69D_checksums.md5: OK
402008_ITS_KP69D_AATGTCCG-TGCGTACG_S55_L001_R2.fastq.gz: OK
402008_ITS_KP69D_AATGTCCG-TGCGTACG_S55_L001_I1.fastq.gz: OK
402008_ITS_KP69D_AATGTCCG-TGCGTACG_S55_L001_R1.fastq.gz: OK
402008_ITS_KP69D_AATGTCCG-TGCGTACG_S55_L001_I2.fastq.gz: OK
AM_ITS_UNSW_KP69D_checksums.md5: OK
402009_ITS_KP69D_AATGTCCG-TAGTGTAG_S56_L001_I1.fastq.gz: OK
402009_ITS_KP69D_AATGTCCG-TAGTGTAG_S56_L001_R2.fastq.gz: OK
402009_ITS_KP69D_AATGTCCG-TAGTGTAG_S56_L001_I2.fastq.gz: OK
402009_ITS_KP69D_AATGTCCG-TAGTGTAG_S56_L001_R1.fastq.gz: OK
402010_ITS_KP69D_TACTTCGC-ACGACGTG_S57_L001_I1.fastq.gz: OK
AM_ITS_UNSW_KP69D_checksums.md5: OK
402010_ITS_KP69D_TACTTCGC-ACGACGTG_S57_L001_R2.fastq.gz: OK
402010_ITS_KP69D_TACTTCGC-ACGACGTG_S57_L001_I2.fastq.gz: OK
402010_ITS_KP69D_TACTTCGC-ACGACGTG_S57_L001_R1.fastq.gz: OK
402011_ITS_KP69D_TACTTCGC-ATATACAC_S58_L001_R2.fastq.gz: OK
402011_ITS_KP69D_TACTTCGC-ATATACAC_S58_L001_R1.fastq.gz: OK
AM_ITS_UNSW_KP69D_checksums.md5: OK
402011_ITS_KP69D_TACTTCGC-ATATACAC_S58_L001_I1.fastq.gz: OK
402011_ITS_KP69D_TACTTCGC-ATATACAC_S58_L001_I2.fastq.gz: OK
402012_ITS_KP69D_TACTTCGC-CGTCGCTA_S59_L001_I1.fastq.gz: OK
402012_ITS_KP69D_TACTTCGC-CGTCGCTA_S59_L001_I2.fastq.gz: OK
AM_ITS_UNSW_KP69D_checksums.md5: OK
402012_ITS_KP69D_TACTTCGC-CGTCGCTA_S59_L001_R2.fastq.gz: OK
402012_ITS_KP69D_TACTTCGC-CGTCGCTA_S59_L001_R1.fastq.gz: OK
402013_ITS_KP69D_TACTTCGC-CTAGAGCT_S60_L001_R1.fastq.gz: OK
402013_ITS_KP69D_TACTTCGC-CTAGAGCT_S60_L001_R2.fastq.gz: OK
402013_ITS_KP69D_TACTTCGC-CTAGAGCT_S60_L001_I2.fastq.gz: OK
AM_ITS_UNSW_KP69D_checksums.md5: OK
402013_ITS_KP69D_TACTTCGC-CTAGAGCT_S60_L001_I1.fastq.gz: OK
402014_ITS_KP69D_TACTTCGC-GCTCTAGT_S61_L001_R1.fastq.gz: OK
AM_ITS_UNSW_KP69D_checksums.md5: OK
402014_ITS_KP69D_TACTTCGC-GCTCTAGT_S61_L001_R2.fastq.gz: OK
402014_ITS_KP69D_TACTTCGC-GCTCTAGT_S61_L001_I2.fastq.gz: OK
402014_ITS_KP69D_TACTTCGC-GCTCTAGT_S61_L001_I1.fastq.gz: OK
402015_ITS_KP69D_TACTTCGC-GACACTGA_S62_L001_I1.fastq.gz: OK
AM_ITS_UNSW_KP69D_checksums.md5: OK
402015_ITS_KP69D_TACTTCGC-GACACTGA_S62_L001_R1.fastq.gz: OK
402015_ITS_KP69D_TACTTCGC-GACACTGA_S62_L001_I2.fastq.gz: OK
402015_ITS_KP69D_TACTTCGC-GACACTGA_S62_L001_R2.fastq.gz: OK
402016_ITS_KP69D_TACTTCGC-TGCGTACG_S63_L001_R1.fastq.gz: OK
402016_ITS_KP69D_TACTTCGC-TGCGTACG_S63_L001_R2.fastq.gz: OK
402016_ITS_KP69D_TACTTCGC-TGCGTACG_S63_L001_I1.fastq.gz: OK
402016_ITS_KP69D_TACTTCGC-TGCGTACG_S63_L001_I2.fastq.gz: OK
AM_ITS_UNSW_KP69D_checksums.md5: OK
402017_ITS_KP69D_TACTTCGC-TAGTGTAG_S64_L001_I1.fastq.gz: OK
402017_ITS_KP69D_TACTTCGC-TAGTGTAG_S64_L001_R2.fastq.gz: OK
AM_ITS_UNSW_KP69D_checksums.md5: OK
402017_ITS_KP69D_TACTTCGC-TAGTGTAG_S64_L001_R1.fastq.gz: OK
402017_ITS_KP69D_TACTTCGC-TAGTGTAG_S64_L001_I2.fastq.gz: OK
402018_ITS_KP69D_GCTTCGGT-ACGACGTG_S65_L001_I2.fastq.gz: OK
402018_ITS_KP69D_GCTTCGGT-ACGACGTG_S65_L001_R1.fastq.gz: OK
AM_ITS_UNSW_KP69D_checksums.md5: OK
402018_ITS_KP69D_GCTTCGGT-ACGACGTG_S65_L001_R2.fastq.gz: OK
402018_ITS_KP69D_GCTTCGGT-ACGACGTG_S65_L001_I1.fastq.gz: OK
402019_ITS_KP69D_GCTTCGGT-ATATACAC_S66_L001_I1.fastq.gz: OK
402019_ITS_KP69D_GCTTCGGT-ATATACAC_S66_L001_R1.fastq.gz: OK
AM_ITS_UNSW_KP69D_checksums.md5: OK
402019_ITS_KP69D_GCTTCGGT-ATATACAC_S66_L001_I2.fastq.gz: OK
402019_ITS_KP69D_GCTTCGGT-ATATACAC_S66_L001_R2.fastq.gz: OK
402020_ITS_KP69D_GCTTCGGT-CGTCGCTA_S67_L001_R1.fastq.gz: OK
402020_ITS_KP69D_GCTTCGGT-CGTCGCTA_S67_L001_I1.fastq.gz: OK
402020_ITS_KP69D_GCTTCGGT-CGTCGCTA_S67_L001_R2.fastq.gz: OK
AM_ITS_UNSW_KP69D_checksums.md5: OK
402020_ITS_KP69D_GCTTCGGT-CGTCGCTA_S67_L001_I2.fastq.gz: OK
AM_ITS_UNSW_KP69D_checksums.md5: OK
402021_ITS_KP69D_GCTTCGGT-CTAGAGCT_S68_L001_I1.fastq.gz: OK
402021_ITS_KP69D_GCTTCGGT-CTAGAGCT_S68_L001_R2.fastq.gz: OK
402021_ITS_KP69D_GCTTCGGT-CTAGAGCT_S68_L001_R1.fastq.gz: OK
402021_ITS_KP69D_GCTTCGGT-CTAGAGCT_S68_L001_I2.fastq.gz: OK
402022_ITS_KP69D_GCTTCGGT-GCTCTAGT_S69_L001_R1.fastq.gz: OK
402022_ITS_KP69D_GCTTCGGT-GCTCTAGT_S69_L001_R2.fastq.gz: OK
402022_ITS_KP69D_GCTTCGGT-GCTCTAGT_S69_L001_I1.fastq.gz: OK
AM_ITS_UNSW_KP69D_checksums.md5: OK
402022_ITS_KP69D_GCTTCGGT-GCTCTAGT_S69_L001_I2.fastq.gz: OK
402023_ITS_KP69D_GCTTCGGT-GACACTGA_S70_L001_R2.fastq.gz: OK
402023_ITS_KP69D_GCTTCGGT-GACACTGA_S70_L001_R1.fastq.gz: OK
AM_ITS_UNSW_KP69D_checksums.md5: OK
402023_ITS_KP69D_GCTTCGGT-GACACTGA_S70_L001_I1.fastq.gz: OK
402023_ITS_KP69D_GCTTCGGT-GACACTGA_S70_L001_I2.fastq.gz: OK
402024_ITS_KP69D_GCTTCGGT-TGCGTACG_S71_L001_I2.fastq.gz: OK
402024_ITS_KP69D_GCTTCGGT-TGCGTACG_S71_L001_I1.fastq.gz: OK
AM_ITS_UNSW_KP69D_checksums.md5: OK
402024_ITS_KP69D_GCTTCGGT-TGCGTACG_S71_L001_R2.fastq.gz: OK
402024_ITS_KP69D_GCTTCGGT-TGCGTACG_S71_L001_R1.fastq.gz: OK
402025_ITS_KP69D_GCTTCGGT-TAGTGTAG_S72_L001_I2.fastq.gz: OK
AM_ITS_UNSW_KP69D_checksums.md5: OK
402025_ITS_KP69D_GCTTCGGT-TAGTGTAG_S72_L001_I1.fastq.gz: OK
402025_ITS_KP69D_GCTTCGGT-TAGTGTAG_S72_L001_R2.fastq.gz: OK
402025_ITS_KP69D_GCTTCGGT-TAGTGTAG_S72_L001_R1.fastq.gz: OK
AM_ITS_UNSW_KP69D_checksums.md5: OK
402026_ITS_KP69D_CTTACACC-ACGACGTG_S73_L001_I1.fastq.gz: OK
402026_ITS_KP69D_CTTACACC-ACGACGTG_S73_L001_R1.fastq.gz: OK
402026_ITS_KP69D_CTTACACC-ACGACGTG_S73_L001_I2.fastq.gz: OK
402026_ITS_KP69D_CTTACACC-ACGACGTG_S73_L001_R2.fastq.gz: OK
AM_ITS_UNSW_KP69D_checksums.md5: OK
402027_ITS_KP69D_CTTACACC-ATATACAC_S74_L001_I1.fastq.gz: OK
402027_ITS_KP69D_CTTACACC-ATATACAC_S74_L001_R1.fastq.gz: OK
402027_ITS_KP69D_CTTACACC-ATATACAC_S74_L001_R2.fastq.gz: OK
402027_ITS_KP69D_CTTACACC-ATATACAC_S74_L001_I2.fastq.gz: OK
402028_ITS_KP69D_CTTACACC-CGTCGCTA_S75_L001_I1.fastq.gz: OK
402028_ITS_KP69D_CTTACACC-CGTCGCTA_S75_L001_I2.fastq.gz: OK
402028_ITS_KP69D_CTTACACC-CGTCGCTA_S75_L001_R1.fastq.gz: OK
AM_ITS_UNSW_KP69D_checksums.md5: OK
402028_ITS_KP69D_CTTACACC-CGTCGCTA_S75_L001_R2.fastq.gz: OK
402029_ITS_KP69D_CTTACACC-CTAGAGCT_S76_L001_R2.fastq.gz: OK
402029_ITS_KP69D_CTTACACC-CTAGAGCT_S76_L001_I2.fastq.gz: OK
402029_ITS_KP69D_CTTACACC-CTAGAGCT_S76_L001_I1.fastq.gz: OK
AM_ITS_UNSW_KP69D_checksums.md5: OK
402029_ITS_KP69D_CTTACACC-CTAGAGCT_S76_L001_R1.fastq.gz: OK
402030_ITS_KP69D_CTTACACC-GCTCTAGT_S77_L001_R2.fastq.gz: OK
AM_ITS_UNSW_KP69D_checksums.md5: OK
402030_ITS_KP69D_CTTACACC-GCTCTAGT_S77_L001_I2.fastq.gz: OK
402030_ITS_KP69D_CTTACACC-GCTCTAGT_S77_L001_R1.fastq.gz: OK
402030_ITS_KP69D_CTTACACC-GCTCTAGT_S77_L001_I1.fastq.gz: OK
AM_ITS_UNSW_KP69D_checksums.md5: OK
402031_ITS_KP69D_CTTACACC-GACACTGA_S78_L001_R2.fastq.gz: OK
402031_ITS_KP69D_CTTACACC-GACACTGA_S78_L001_I2.fastq.gz: OK
402031_ITS_KP69D_CTTACACC-GACACTGA_S78_L001_R1.fastq.gz: OK
402031_ITS_KP69D_CTTACACC-GACACTGA_S78_L001_I1.fastq.gz: OK
402032_ITS_KP69D_CTTACACC-TGCGTACG_S79_L001_I1.fastq.gz: OK
402032_ITS_KP69D_CTTACACC-TGCGTACG_S79_L001_R1.fastq.gz: OK
AM_ITS_UNSW_KP69D_checksums.md5: OK
402032_ITS_KP69D_CTTACACC-TGCGTACG_S79_L001_R2.fastq.gz: OK
402032_ITS_KP69D_CTTACACC-TGCGTACG_S79_L001_I2.fastq.gz: OK
402033_ITS_KP69D_CTTACACC-TAGTGTAG_S80_L001_I2.fastq.gz: OK
AM_ITS_UNSW_KP69D_checksums.md5: OK
402033_ITS_KP69D_CTTACACC-TAGTGTAG_S80_L001_R2.fastq.gz: OK
402033_ITS_KP69D_CTTACACC-TAGTGTAG_S80_L001_R1.fastq.gz: OK
402033_ITS_KP69D_CTTACACC-TAGTGTAG_S80_L001_I1.fastq.gz: OK
402034_ITS_KP69D_TGACCTCC-ACGACGTG_S81_L001_R1.fastq.gz: OK
AM_ITS_UNSW_KP69D_checksums.md5: OK
402034_ITS_KP69D_TGACCTCC-ACGACGTG_S81_L001_R2.fastq.gz: OK
402034_ITS_KP69D_TGACCTCC-ACGACGTG_S81_L001_I1.fastq.gz: OK
402034_ITS_KP69D_TGACCTCC-ACGACGTG_S81_L001_I2.fastq.gz: OK
402035_ITS_KP69D_TGACCTCC-ATATACAC_S82_L001_R1.fastq.gz: OK
402035_ITS_KP69D_TGACCTCC-ATATACAC_S82_L001_I2.fastq.gz: OK
AM_ITS_UNSW_KP69D_checksums.md5: OK
402035_ITS_KP69D_TGACCTCC-ATATACAC_S82_L001_R2.fastq.gz: OK
402035_ITS_KP69D_TGACCTCC-ATATACAC_S82_L001_I1.fastq.gz: OK
AM_ITS_UNSW_KP69D_checksums.md5: OK
402036_ITS_KP69D_TGACCTCC-CGTCGCTA_S83_L001_I2.fastq.gz: OK
402036_ITS_KP69D_TGACCTCC-CGTCGCTA_S83_L001_R2.fastq.gz: OK
402036_ITS_KP69D_TGACCTCC-CGTCGCTA_S83_L001_R1.fastq.gz: OK
402036_ITS_KP69D_TGACCTCC-CGTCGCTA_S83_L001_I1.fastq.gz: OK
402037_ITS_KP69D_TGACCTCC-CTAGAGCT_S84_L001_R2.fastq.gz: OK
402037_ITS_KP69D_TGACCTCC-CTAGAGCT_S84_L001_R1.fastq.gz: OK
402037_ITS_KP69D_TGACCTCC-CTAGAGCT_S84_L001_I2.fastq.gz: OK
402037_ITS_KP69D_TGACCTCC-CTAGAGCT_S84_L001_I1.fastq.gz: OK
AM_ITS_UNSW_KP69D_checksums.md5: OK
402038_ITS_KP69D_TGACCTCC-GCTCTAGT_S85_L001_R1.fastq.gz: OK
402038_ITS_KP69D_TGACCTCC-GCTCTAGT_S85_L001_R2.fastq.gz: OK
AM_ITS_UNSW_KP69D_checksums.md5: OK
402038_ITS_KP69D_TGACCTCC-GCTCTAGT_S85_L001_I2.fastq.gz: OK
402038_ITS_KP69D_TGACCTCC-GCTCTAGT_S85_L001_I1.fastq.gz: OK
402039_ITS_KP69D_TGACCTCC-GACACTGA_S86_L001_I1.fastq.gz: OK
AM_ITS_UNSW_KP69D_checksums.md5: OK
402039_ITS_KP69D_TGACCTCC-GACACTGA_S86_L001_R2.fastq.gz: OK
402039_ITS_KP69D_TGACCTCC-GACACTGA_S86_L001_I2.fastq.gz: OK
402039_ITS_KP69D_TGACCTCC-GACACTGA_S86_L001_R1.fastq.gz: OK
402040_ITS_KP69D_TGACCTCC-TGCGTACG_S87_L001_I2.fastq.gz: OK
402040_ITS_KP69D_TGACCTCC-TGCGTACG_S87_L001_I1.fastq.gz: OK
402040_ITS_KP69D_TGACCTCC-TGCGTACG_S87_L001_R1.fastq.gz: OK
402040_ITS_KP69D_TGACCTCC-TGCGTACG_S87_L001_R2.fastq.gz: OK
AM_ITS_UNSW_KP69D_checksums.md5: OK
402041_ITS_KP69D_TGACCTCC-TAGTGTAG_S88_L001_I2.fastq.gz: OK
AM_ITS_UNSW_KP69D_checksums.md5: OK
402041_ITS_KP69D_TGACCTCC-TAGTGTAG_S88_L001_I1.fastq.gz: OK
402041_ITS_KP69D_TGACCTCC-TAGTGTAG_S88_L001_R2.fastq.gz: OK
402041_ITS_KP69D_TGACCTCC-TAGTGTAG_S88_L001_R1.fastq.gz: OK
AM_ITS_UNSW_KP69D_checksums.md5: OK
402042_ITS_KP69D_ACAAGGAG-ACGACGTG_S89_L001_R2.fastq.gz: OK
402042_ITS_KP69D_ACAAGGAG-ACGACGTG_S89_L001_R1.fastq.gz: OK
402042_ITS_KP69D_ACAAGGAG-ACGACGTG_S89_L001_I1.fastq.gz: OK
402042_ITS_KP69D_ACAAGGAG-ACGACGTG_S89_L001_I2.fastq.gz: OK
402043_ITS_KP69D_ACAAGGAG-ATATACAC_S90_L001_R1.fastq.gz: OK
402043_ITS_KP69D_ACAAGGAG-ATATACAC_S90_L001_I2.fastq.gz: OK
402043_ITS_KP69D_ACAAGGAG-ATATACAC_S90_L001_R2.fastq.gz: OK
AM_ITS_UNSW_KP69D_checksums.md5: OK
402043_ITS_KP69D_ACAAGGAG-ATATACAC_S90_L001_I1.fastq.gz: OK
AM_ITS_UNSW_KP69D_checksums.md5: OK
402044_ITS_KP69D_ACAAGGAG-CGTCGCTA_S91_L001_R2.fastq.gz: OK
402044_ITS_KP69D_ACAAGGAG-CGTCGCTA_S91_L001_I1.fastq.gz: OK
402044_ITS_KP69D_ACAAGGAG-CGTCGCTA_S91_L001_I2.fastq.gz: OK
402044_ITS_KP69D_ACAAGGAG-CGTCGCTA_S91_L001_R1.fastq.gz: OK
402045_ITS_KP69D_ACAAGGAG-CTAGAGCT_S92_L001_R1.fastq.gz: OK
402045_ITS_KP69D_ACAAGGAG-CTAGAGCT_S92_L001_I2.fastq.gz: OK
AM_ITS_UNSW_KP69D_checksums.md5: OK
402045_ITS_KP69D_ACAAGGAG-CTAGAGCT_S92_L001_I1.fastq.gz: OK
402045_ITS_KP69D_ACAAGGAG-CTAGAGCT_S92_L001_R2.fastq.gz: OK
402046_ITS_KP69D_ACAAGGAG-GCTCTAGT_S93_L001_I1.fastq.gz: OK
402046_ITS_KP69D_ACAAGGAG-GCTCTAGT_S93_L001_R2.fastq.gz: OK
AM_ITS_UNSW_KP69D_checksums.md5: OK
402046_ITS_KP69D_ACAAGGAG-GCTCTAGT_S93_L001_R1.fastq.gz: OK
402046_ITS_KP69D_ACAAGGAG-GCTCTAGT_S93_L001_I2.fastq.gz: OK
402146_ITS_KP69D_TATCAGGT-ACGACGTG_S94_L001_R2.fastq.gz: OK
402146_ITS_KP69D_TATCAGGT-ACGACGTG_S94_L001_I2.fastq.gz: OK
AM_ITS_UNSW_KP69D_checksums.md5: OK
402146_ITS_KP69D_TATCAGGT-ACGACGTG_S94_L001_I1.fastq.gz: OK
402146_ITS_KP69D_TATCAGGT-ACGACGTG_S94_L001_R1.fastq.gz: OK
402147_ITS_KP69D_TATCAGGT-ATATACAC_S95_L001_R2.fastq.gz: OK
402147_ITS_KP69D_TATCAGGT-ATATACAC_S95_L001_R1.fastq.gz: OK
AM_ITS_UNSW_KP69D_checksums.md5: OK
402147_ITS_KP69D_TATCAGGT-ATATACAC_S95_L001_I2.fastq.gz: OK
402147_ITS_KP69D_TATCAGGT-ATATACAC_S95_L001_I1.fastq.gz: OK
AM_ITS_UNSW_KP69D_checksums.md5: OK
402148_ITS_KP69D_TATCAGGT-CGTCGCTA_S96_L001_I1.fastq.gz: OK
402148_ITS_KP69D_TATCAGGT-CGTCGCTA_S96_L001_R1.fastq.gz: OK
402148_ITS_KP69D_TATCAGGT-CGTCGCTA_S96_L001_R2.fastq.gz: OK
402148_ITS_KP69D_TATCAGGT-CGTCGCTA_S96_L001_I2.fastq.gz: OK
402149_ITS_KP69D_TATCAGGT-CTAGAGCT_S97_L001_I1.fastq.gz: OK
402149_ITS_KP69D_TATCAGGT-CTAGAGCT_S97_L001_R1.fastq.gz: OK
402149_ITS_KP69D_TATCAGGT-CTAGAGCT_S97_L001_R2.fastq.gz: OK
402149_ITS_KP69D_TATCAGGT-CTAGAGCT_S97_L001_I2.fastq.gz: OK
AM_ITS_UNSW_KP69D_checksums.md5: OK
402150_ITS_KP69D_TATCAGGT-GCTCTAGT_S98_L001_R1.fastq.gz: OK
402150_ITS_KP69D_TATCAGGT-GCTCTAGT_S98_L001_I2.fastq.gz: OK
AM_ITS_UNSW_KP69D_checksums.md5: OK
402150_ITS_KP69D_TATCAGGT-GCTCTAGT_S98_L001_R2.fastq.gz: OK
402150_ITS_KP69D_TATCAGGT-GCTCTAGT_S98_L001_I1.fastq.gz: OK
AM_ITS_UNSW_KP69D_checksums.md5: OK
402151_ITS_KP69D_TATCAGGT-GACACTGA_S99_L001_I1.fastq.gz: OK
402151_ITS_KP69D_TATCAGGT-GACACTGA_S99_L001_I2.fastq.gz: OK
402151_ITS_KP69D_TATCAGGT-GACACTGA_S99_L001_R1.fastq.gz: OK
402151_ITS_KP69D_TATCAGGT-GACACTGA_S99_L001_R2.fastq.gz: OK
AM_ITS_UNSW_KP69D_checksums.md5: OK
402152_ITS_KP69D_TATCAGGT-TGCGTACG_S100_L001_R1.fastq.gz: OK
402152_ITS_KP69D_TATCAGGT-TGCGTACG_S100_L001_R2.fastq.gz: OK
402152_ITS_KP69D_TATCAGGT-TGCGTACG_S100_L001_I1.fastq.gz: OK
402152_ITS_KP69D_TATCAGGT-TGCGTACG_S100_L001_I2.fastq.gz: OK
402153_ITS_KP69D_TATCAGGT-TAGTGTAG_S101_L001_I2.fastq.gz: OK
AM_ITS_UNSW_KP69D_checksums.md5: OK
402153_ITS_KP69D_TATCAGGT-TAGTGTAG_S101_L001_R2.fastq.gz: OK
402153_ITS_KP69D_TATCAGGT-TAGTGTAG_S101_L001_R1.fastq.gz: OK
402153_ITS_KP69D_TATCAGGT-TAGTGTAG_S101_L001_I1.fastq.gz: OK
402154_ITS_KP69D_TGTAATTG-ACGACGTG_S102_L001_I1.fastq.gz: OK
402154_ITS_KP69D_TGTAATTG-ACGACGTG_S102_L001_R2.fastq.gz: OK
AM_ITS_UNSW_KP69D_checksums.md5: OK
402154_ITS_KP69D_TGTAATTG-ACGACGTG_S102_L001_R1.fastq.gz: OK
402154_ITS_KP69D_TGTAATTG-ACGACGTG_S102_L001_I2.fastq.gz: OK
402155_ITS_KP69D_TGTAATTG-ATATACAC_S103_L001_R1.fastq.gz: OK
402155_ITS_KP69D_TGTAATTG-ATATACAC_S103_L001_R2.fastq.gz: OK
402155_ITS_KP69D_TGTAATTG-ATATACAC_S103_L001_I2.fastq.gz: OK
AM_ITS_UNSW_KP69D_checksums.md5: OK
402155_ITS_KP69D_TGTAATTG-ATATACAC_S103_L001_I1.fastq.gz: OK
402156_ITS_KP69D_TGTAATTG-CGTCGCTA_S104_L001_I1.fastq.gz: OK
AM_ITS_UNSW_KP69D_checksums.md5: OK
402156_ITS_KP69D_TGTAATTG-CGTCGCTA_S104_L001_R2.fastq.gz: OK
402156_ITS_KP69D_TGTAATTG-CGTCGCTA_S104_L001_I2.fastq.gz: OK
402156_ITS_KP69D_TGTAATTG-CGTCGCTA_S104_L001_R1.fastq.gz: OK
402157_ITS_KP69D_TGTAATTG-CTAGAGCT_S105_L001_R1.fastq.gz: OK
402157_ITS_KP69D_TGTAATTG-CTAGAGCT_S105_L001_I1.fastq.gz: OK
402157_ITS_KP69D_TGTAATTG-CTAGAGCT_S105_L001_I2.fastq.gz: OK
402157_ITS_KP69D_TGTAATTG-CTAGAGCT_S105_L001_R2.fastq.gz: OK
AM_ITS_UNSW_KP69D_checksums.md5: OK
AM_ITS_UNSW_KP69D_checksums.md5: OK
402158_ITS_KP69D_TGTAATTG-GCTCTAGT_S106_L001_R1.fastq.gz: OK
402158_ITS_KP69D_TGTAATTG-GCTCTAGT_S106_L001_I1.fastq.gz: OK
402158_ITS_KP69D_TGTAATTG-GCTCTAGT_S106_L001_I2.fastq.gz: OK
402158_ITS_KP69D_TGTAATTG-GCTCTAGT_S106_L001_R2.fastq.gz: OK
AM_ITS_UNSW_KP69D_checksums.md5: OK
402159_ITS_KP69D_TGTAATTG-GACACTGA_S107_L001_I2.fastq.gz: OK
402159_ITS_KP69D_TGTAATTG-GACACTGA_S107_L001_R2.fastq.gz: OK
402159_ITS_KP69D_TGTAATTG-GACACTGA_S107_L001_I1.fastq.gz: OK
402159_ITS_KP69D_TGTAATTG-GACACTGA_S107_L001_R1.fastq.gz: OK
AM_ITS_UNSW_KP69D_checksums.md5: OK
402160_ITS_KP69D_TGTAATTG-TGCGTACG_S108_L001_I2.fastq.gz: OK
402160_ITS_KP69D_TGTAATTG-TGCGTACG_S108_L001_I1.fastq.gz: OK
402160_ITS_KP69D_TGTAATTG-TGCGTACG_S108_L001_R1.fastq.gz: OK
402160_ITS_KP69D_TGTAATTG-TGCGTACG_S108_L001_R2.fastq.gz: OK
402161_ITS_KP69D_TGTAATTG-TAGTGTAG_S109_L001_I1.fastq.gz: OK
402161_ITS_KP69D_TGTAATTG-TAGTGTAG_S109_L001_R2.fastq.gz: OK
AM_ITS_UNSW_KP69D_checksums.md5: OK
402161_ITS_KP69D_TGTAATTG-TAGTGTAG_S109_L001_I2.fastq.gz: OK
402161_ITS_KP69D_TGTAATTG-TAGTGTAG_S109_L001_R1.fastq.gz: OK
402162_ITS_KP69D_AATGGAGC-ACGACGTG_S110_L001_R2.fastq.gz: OK
402162_ITS_KP69D_AATGGAGC-ACGACGTG_S110_L001_I1.fastq.gz: OK
402162_ITS_KP69D_AATGGAGC-ACGACGTG_S110_L001_R1.fastq.gz: OK
402162_ITS_KP69D_AATGGAGC-ACGACGTG_S110_L001_I2.fastq.gz: OK
AM_ITS_UNSW_KP69D_checksums.md5: OK
