Starting at: Sun Sep 17 18:35:22 AEST 2023
mkdir: cannot create directory ‘/data/group/frankslab/project/LFlorence/MycorrhizasAustralianForests/data/AusMicrobiome/ITS/02.ITS_extracted’: File exists
mkdir: cannot create directory ‘/data/group/frankslab/project/LFlorence/MycorrhizasAustralianForests/data/AusMicrobiome/ITS/03.Quality_trimmed’: File exists

Run 15: Extract ITS1 and quality truncate reads
2023-09-17 18:35:26,102: INFO     Verifying the input sequences.
2023-09-17 18:35:38,171: INFO     Sequences are assumed to be single-end.
2023-09-17 18:35:38,172: INFO     Temporary directory is: /tmp/itsxpress_2_004sud
2023-09-17 18:35:38,172: INFO     Unique sequences are being written to a temporary FASTA file with Vsearch.
2023-09-17 18:35:40,877: INFO     vsearch v2.22.1_linux_x86_64, 376.1GB RAM, 96 cores
https://github.com/torognes/vsearch

Dereplicating file MockCommunityAC988_S72_L001_R1.fastq.gz 100%
140795753 nt in 469218 seqs, min 207, max 301, avg 300
Sorting 100%
187775 unique sequences, avg cluster 2.5, median 1, max 52539
Writing FASTA output file 100%
Writing uc file, first part 100%
Writing uc file, second part 100%

2023-09-17 18:35:40,877: INFO     Searching for ITS start and stop sites using HMMSearch. This step takes a while.
2023-09-17 19:37:09,464: INFO     Parsing HMM results.
2023-09-17 19:39:43,322: INFO     Counting reads after trimming.
2023-09-17 19:39:45,059: INFO     Total number of reads in file MockCommunityAC988_S72_L001_R1.fastq.gz is 469218.
2023-09-17 19:39:46,023: INFO     Total number of reads in file /data/group/frankslab/project/LFlorence/MycorrhizasAustralianForests/data/AusMicrobiome/ITS/02.ITS_extracted/run15/MockCommunityAC988_S72_L001_R1.fastq.gz is 458150.
2023-09-17 19:39:46,023: INFO     ITSxpress ran in 01:04:19
No module named 'q2_types'.Could not initialize the Qiime plugin portion of ITSxpress. Command line ITSxpress will still work normally. If you wish to use the Qiime2 ITSxpress plugin, you need to install Qiime2 first into your environment.

2023-09-17 19:39:48,249: INFO     Verifying the input sequences.
2023-09-17 19:39:53,067: INFO     Sequences are assumed to be single-end.
2023-09-17 19:39:53,067: INFO     Temporary directory is: /tmp/itsxpress_661r1u_m
2023-09-17 19:39:53,067: INFO     Unique sequences are being written to a temporary FASTA file with Vsearch.
2023-09-17 19:39:54,168: INFO     vsearch v2.22.1_linux_x86_64, 376.1GB RAM, 96 cores
https://github.com/torognes/vsearch

Dereplicating file PositiveControlAC988_S84_L001_R1.fastq.gz 100%
54410748 nt in 181019 seqs, min 291, max 301, avg 301
Sorting 100%
109745 unique sequences, avg cluster 1.6, median 1, max 2295
Writing FASTA output file 100%
Writing uc file, first part 100%
Writing uc file, second part 100%

2023-09-17 19:39:54,168: INFO     Searching for ITS start and stop sites using HMMSearch. This step takes a while.
2023-09-17 20:14:16,516: INFO     Parsing HMM results.
2023-09-17 20:15:35,502: INFO     Counting reads after trimming.
2023-09-17 20:15:36,328: INFO     Total number of reads in file PositiveControlAC988_S84_L001_R1.fastq.gz is 181019.
2023-09-17 20:15:36,689: INFO     Total number of reads in file /data/group/frankslab/project/LFlorence/MycorrhizasAustralianForests/data/AusMicrobiome/ITS/02.ITS_extracted/run15/PositiveControlAC988_S84_L001_R1.fastq.gz is 142501.
2023-09-17 20:15:36,689: INFO     ITSxpress ran in 00:35:48
No module named 'q2_types'.Could not initialize the Qiime plugin portion of ITSxpress. Command line ITSxpress will still work normally. If you wish to use the Qiime2 ITSxpress plugin, you need to install Qiime2 first into your environment.

2023-09-17 20:15:54,519: INFO     Verifying the input sequences.
2023-09-17 20:16:03,676: INFO     Sequences are assumed to be single-end.
2023-09-17 20:16:03,676: INFO     Temporary directory is: /tmp/itsxpress_mlj75elw
2023-09-17 20:16:03,676: INFO     Unique sequences are being written to a temporary FASTA file with Vsearch.
2023-09-17 20:16:05,636: INFO     vsearch v2.22.1_linux_x86_64, 376.1GB RAM, 96 cores
https://github.com/torognes/vsearch

Dereplicating file s10617_1_ITS_UNSW_TACGGTATGTCT_AC988_S18_L001_R1.fastq.gz 100%
90256002 nt in 300138 seqs, min 293, max 301, avg 301
Sorting 100%
173478 unique sequences, avg cluster 1.7, median 1, max 7824
Writing FASTA output file 100%
Writing uc file, first part 100%
Writing uc file, second part 100%

2023-09-17 20:16:05,636: INFO     Searching for ITS start and stop sites using HMMSearch. This step takes a while.
2023-09-17 21:11:15,075: INFO     Parsing HMM results.
2023-09-17 21:13:23,799: INFO     Counting reads after trimming.
2023-09-17 21:13:25,023: INFO     Total number of reads in file s10617_1_ITS_UNSW_TACGGTATGTCT_AC988_S18_L001_R1.fastq.gz is 300138.
2023-09-17 21:13:25,650: INFO     Total number of reads in file /data/group/frankslab/project/LFlorence/MycorrhizasAustralianForests/data/AusMicrobiome/ITS/02.ITS_extracted/run15/s10617_1_ITS_UNSW_TACGGTATGTCT_AC988_S18_L001_R1.fastq.gz is 258505.
2023-09-17 21:13:25,650: INFO     ITSxpress ran in 00:57:31
No module named 'q2_types'.Could not initialize the Qiime plugin portion of ITSxpress. Command line ITSxpress will still work normally. If you wish to use the Qiime2 ITSxpress plugin, you need to install Qiime2 first into your environment.

2023-09-17 21:13:27,843: INFO     Verifying the input sequences.
2023-09-17 21:13:27,925: INFO     Sequences are assumed to be single-end.
2023-09-17 21:13:27,926: INFO     Temporary directory is: /tmp/itsxpress_i0k54b7c
2023-09-17 21:13:27,926: INFO     Unique sequences are being written to a temporary FASTA file with Vsearch.
2023-09-17 21:13:27,948: INFO     vsearch v2.22.1_linux_x86_64, 376.1GB RAM, 96 cores
https://github.com/torognes/vsearch

Dereplicating file s10618_1_ITS_UNSW_ATGTCGAGAGAA_AC988_S30_L001_R1.fastq.gz 100%
367712 nt in 1222 seqs, min 297, max 301, avg 301
Sorting 100%
905 unique sequences, avg cluster 1.4, median 1, max 162
Writing FASTA output file 100%
Writing uc file, first part 100%
Writing uc file, second part 100%

2023-09-17 21:13:27,948: INFO     Searching for ITS start and stop sites using HMMSearch. This step takes a while.
2023-09-17 21:13:50,545: INFO     Parsing HMM results.
2023-09-17 21:13:51,066: INFO     Counting reads after trimming.
2023-09-17 21:13:51,073: INFO     Total number of reads in file s10618_1_ITS_UNSW_ATGTCGAGAGAA_AC988_S30_L001_R1.fastq.gz is 1222.
2023-09-17 21:13:51,078: INFO     Total number of reads in file /data/group/frankslab/project/LFlorence/MycorrhizasAustralianForests/data/AusMicrobiome/ITS/02.ITS_extracted/run15/s10618_1_ITS_UNSW_ATGTCGAGAGAA_AC988_S30_L001_R1.fastq.gz is 1101.
2023-09-17 21:13:51,078: INFO     ITSxpress ran in 00:00:23
No module named 'q2_types'.Could not initialize the Qiime plugin portion of ITSxpress. Command line ITSxpress will still work normally. If you wish to use the Qiime2 ITSxpress plugin, you need to install Qiime2 first into your environment.

2023-09-17 21:13:52,341: INFO     Verifying the input sequences.
2023-09-17 21:13:53,085: INFO     Sequences are assumed to be single-end.
2023-09-17 21:13:53,085: INFO     Temporary directory is: /tmp/itsxpress_c6pqbvqg
2023-09-17 21:13:53,085: INFO     Unique sequences are being written to a temporary FASTA file with Vsearch.
2023-09-17 21:13:53,256: INFO     vsearch v2.22.1_linux_x86_64, 376.1GB RAM, 96 cores
https://github.com/torognes/vsearch

Dereplicating file s10619_1_ITS_UNSW_GACACATTTCTG_AC988_S42_L001_R1.fastq.gz 100%
8333396 nt in 27726 seqs, min 297, max 301, avg 301
Sorting 100%
15904 unique sequences, avg cluster 1.7, median 1, max 912
Writing FASTA output file 100%
Writing uc file, first part 100%
Writing uc file, second part 100%

2023-09-17 21:13:53,256: INFO     Searching for ITS start and stop sites using HMMSearch. This step takes a while.
2023-09-17 21:19:00,191: INFO     Parsing HMM results.
2023-09-17 21:19:09,956: INFO     Counting reads after trimming.
2023-09-17 21:19:10,065: INFO     Total number of reads in file s10619_1_ITS_UNSW_GACACATTTCTG_AC988_S42_L001_R1.fastq.gz is 27726.
2023-09-17 21:19:10,118: INFO     Total number of reads in file /data/group/frankslab/project/LFlorence/MycorrhizasAustralianForests/data/AusMicrobiome/ITS/02.ITS_extracted/run15/s10619_1_ITS_UNSW_GACACATTTCTG_AC988_S42_L001_R1.fastq.gz is 24155.
2023-09-17 21:19:10,118: INFO     ITSxpress ran in 00:05:17
No module named 'q2_types'.Could not initialize the Qiime plugin portion of ITSxpress. Command line ITSxpress will still work normally. If you wish to use the Qiime2 ITSxpress plugin, you need to install Qiime2 first into your environment.

2023-09-17 21:19:11,439: INFO     Verifying the input sequences.
2023-09-17 21:19:17,015: INFO     Sequences are assumed to be single-end.
2023-09-17 21:19:17,016: INFO     Temporary directory is: /tmp/itsxpress_f7whyy10
2023-09-17 21:19:17,016: INFO     Unique sequences are being written to a temporary FASTA file with Vsearch.
2023-09-17 21:19:18,346: INFO     vsearch v2.22.1_linux_x86_64, 376.1GB RAM, 96 cores
https://github.com/torognes/vsearch

Dereplicating file s10621_1_ITS_UNSW_TAAACCGCGTGT_AC988_S66_L001_R1.fastq.gz 100%
62385958 nt in 207544 seqs, min 211, max 301, avg 301
Sorting 100%
122016 unique sequences, avg cluster 1.7, median 1, max 6729
Writing FASTA output file 100%
Writing uc file, first part 100%
Writing uc file, second part 100%

2023-09-17 21:19:18,346: INFO     Searching for ITS start and stop sites using HMMSearch. This step takes a while.
2023-09-17 21:58:16,736: INFO     Parsing HMM results.
2023-09-17 21:59:44,783: INFO     Counting reads after trimming.
2023-09-17 21:59:45,615: INFO     Total number of reads in file s10621_1_ITS_UNSW_TAAACCGCGTGT_AC988_S66_L001_R1.fastq.gz is 207544.
2023-09-17 21:59:46,009: INFO     Total number of reads in file /data/group/frankslab/project/LFlorence/MycorrhizasAustralianForests/data/AusMicrobiome/ITS/02.ITS_extracted/run15/s10621_1_ITS_UNSW_TAAACCGCGTGT_AC988_S66_L001_R1.fastq.gz is 171553.
2023-09-17 21:59:46,009: INFO     ITSxpress ran in 00:40:34
No module named 'q2_types'.Could not initialize the Qiime plugin portion of ITSxpress. Command line ITSxpress will still work normally. If you wish to use the Qiime2 ITSxpress plugin, you need to install Qiime2 first into your environment.

2023-09-17 21:59:48,006: INFO     Verifying the input sequences.
2023-09-17 21:59:52,051: INFO     Sequences are assumed to be single-end.
2023-09-17 21:59:52,051: INFO     Temporary directory is: /tmp/itsxpress_4y8ak0dd
2023-09-17 21:59:52,051: INFO     Unique sequences are being written to a temporary FASTA file with Vsearch.
2023-09-17 21:59:52,966: INFO     vsearch v2.22.1_linux_x86_64, 376.1GB RAM, 96 cores
https://github.com/torognes/vsearch

Dereplicating file s10622_1_ITS_UNSW_AGAGCCTACGTT_AC988_S78_L001_R1.fastq.gz 100%
46824563 nt in 155696 seqs, min 295, max 301, avg 301
Sorting 100%
82651 unique sequences, avg cluster 1.9, median 1, max 10963
Writing FASTA output file 100%
Writing uc file, first part 100%
Writing uc file, second part 100%

2023-09-17 21:59:52,966: INFO     Searching for ITS start and stop sites using HMMSearch. This step takes a while.
2023-09-17 22:26:41,570: INFO     Parsing HMM results.
2023-09-17 22:27:42,840: INFO     Counting reads after trimming.
2023-09-17 22:27:43,450: INFO     Total number of reads in file s10622_1_ITS_UNSW_AGAGCCTACGTT_AC988_S78_L001_R1.fastq.gz is 155696.
2023-09-17 22:27:43,752: INFO     Total number of reads in file /data/group/frankslab/project/LFlorence/MycorrhizasAustralianForests/data/AusMicrobiome/ITS/02.ITS_extracted/run15/s10622_1_ITS_UNSW_AGAGCCTACGTT_AC988_S78_L001_R1.fastq.gz is 135738.
2023-09-17 22:27:43,753: INFO     ITSxpress ran in 00:27:55
No module named 'q2_types'.Could not initialize the Qiime plugin portion of ITSxpress. Command line ITSxpress will still work normally. If you wish to use the Qiime2 ITSxpress plugin, you need to install Qiime2 first into your environment.

2023-09-17 22:27:45,762: INFO     Verifying the input sequences.
2023-09-17 22:27:49,951: INFO     Sequences are assumed to be single-end.
2023-09-17 22:27:49,951: INFO     Temporary directory is: /tmp/itsxpress_mrkuzevk
2023-09-17 22:27:49,951: INFO     Unique sequences are being written to a temporary FASTA file with Vsearch.
2023-09-17 22:27:50,934: INFO     vsearch v2.22.1_linux_x86_64, 376.1GB RAM, 96 cores
https://github.com/torognes/vsearch

Dereplicating file s10623_1_ITS_UNSW_ATGGACCGAACC_AC988_S90_L001_R1.fastq.gz 100%
47988539 nt in 159589 seqs, min 295, max 301, avg 301
Sorting 100%
96531 unique sequences, avg cluster 1.7, median 1, max 4163
Writing FASTA output file 100%
Writing uc file, first part 100%
Writing uc file, second part 100%

2023-09-17 22:27:50,934: INFO     Searching for ITS start and stop sites using HMMSearch. This step takes a while.
2023-09-17 22:59:54,484: INFO     Parsing HMM results.
2023-09-17 23:01:05,636: INFO     Counting reads after trimming.
2023-09-17 23:01:06,273: INFO     Total number of reads in file s10623_1_ITS_UNSW_ATGGACCGAACC_AC988_S90_L001_R1.fastq.gz is 159589.
2023-09-17 23:01:06,600: INFO     Total number of reads in file /data/group/frankslab/project/LFlorence/MycorrhizasAustralianForests/data/AusMicrobiome/ITS/02.ITS_extracted/run15/s10623_1_ITS_UNSW_ATGGACCGAACC_AC988_S90_L001_R1.fastq.gz is 139032.
2023-09-17 23:01:06,600: INFO     ITSxpress ran in 00:33:20
No module named 'q2_types'.Could not initialize the Qiime plugin portion of ITSxpress. Command line ITSxpress will still work normally. If you wish to use the Qiime2 ITSxpress plugin, you need to install Qiime2 first into your environment.

2023-09-17 23:01:08,591: INFO     Verifying the input sequences.
2023-09-17 23:01:09,376: INFO     Sequences are assumed to be single-end.
2023-09-17 23:01:09,376: INFO     Temporary directory is: /tmp/itsxpress_cyusalvf
2023-09-17 23:01:09,376: INFO     Unique sequences are being written to a temporary FASTA file with Vsearch.
2023-09-17 23:01:09,556: INFO     vsearch v2.22.1_linux_x86_64, 376.1GB RAM, 96 cores
https://github.com/torognes/vsearch

Dereplicating file s10624_1_ITS_UNSW_AATGTCCGTGAC_AC988_S7_L001_R1.fastq.gz 100%
8612026 nt in 28627 seqs, min 297, max 301, avg 301
Sorting 100%
16763 unique sequences, avg cluster 1.7, median 1, max 1106
Writing FASTA output file 100%
Writing uc file, first part 100%
Writing uc file, second part 100%

2023-09-17 23:01:09,556: INFO     Searching for ITS start and stop sites using HMMSearch. This step takes a while.
2023-09-17 23:06:32,483: INFO     Parsing HMM results.
2023-09-17 23:06:43,151: INFO     Counting reads after trimming.
2023-09-17 23:06:43,267: INFO     Total number of reads in file s10624_1_ITS_UNSW_AATGTCCGTGAC_AC988_S7_L001_R1.fastq.gz is 28627.
2023-09-17 23:06:43,327: INFO     Total number of reads in file /data/group/frankslab/project/LFlorence/MycorrhizasAustralianForests/data/AusMicrobiome/ITS/02.ITS_extracted/run15/s10624_1_ITS_UNSW_AATGTCCGTGAC_AC988_S7_L001_R1.fastq.gz is 25280.
2023-09-17 23:06:43,327: INFO     ITSxpress ran in 00:05:34
No module named 'q2_types'.Could not initialize the Qiime plugin portion of ITSxpress. Command line ITSxpress will still work normally. If you wish to use the Qiime2 ITSxpress plugin, you need to install Qiime2 first into your environment.

2023-09-17 23:06:45,098: INFO     Verifying the input sequences.
2023-09-17 23:06:49,751: INFO     Sequences are assumed to be single-end.
2023-09-17 23:06:49,751: INFO     Temporary directory is: /tmp/itsxpress_0r_72wwv
2023-09-17 23:06:49,751: INFO     Unique sequences are being written to a temporary FASTA file with Vsearch.
2023-09-17 23:06:50,857: INFO     vsearch v2.22.1_linux_x86_64, 376.1GB RAM, 96 cores
https://github.com/torognes/vsearch

Dereplicating file s12501_1_ITS_UNSW_ACGATGCGACCA_AC988_S93_L001_R1.fastq.gz 100%
52793959 nt in 175738 seqs, min 294, max 301, avg 300
Sorting 100%
109958 unique sequences, avg cluster 1.6, median 1, max 6235
Writing FASTA output file 100%
Writing uc file, first part 100%
Writing uc file, second part 100%

2023-09-17 23:06:50,857: INFO     Searching for ITS start and stop sites using HMMSearch. This step takes a while.
2023-09-17 23:41:34,456: INFO     Parsing HMM results.
2023-09-17 23:42:49,945: INFO     Counting reads after trimming.
2023-09-17 23:42:50,623: INFO     Total number of reads in file s12501_1_ITS_UNSW_ACGATGCGACCA_AC988_S93_L001_R1.fastq.gz is 175738.
2023-09-17 23:42:50,977: INFO     Total number of reads in file /data/group/frankslab/project/LFlorence/MycorrhizasAustralianForests/data/AusMicrobiome/ITS/02.ITS_extracted/run15/s12501_1_ITS_UNSW_ACGATGCGACCA_AC988_S93_L001_R1.fastq.gz is 160050.
2023-09-17 23:42:50,977: INFO     ITSxpress ran in 00:36:05
No module named 'q2_types'.Could not initialize the Qiime plugin portion of ITSxpress. Command line ITSxpress will still work normally. If you wish to use the Qiime2 ITSxpress plugin, you need to install Qiime2 first into your environment.

2023-09-17 23:42:53,019: INFO     Verifying the input sequences.
2023-09-17 23:43:00,915: INFO     Sequences are assumed to be single-end.
2023-09-17 23:43:00,916: INFO     Temporary directory is: /tmp/itsxpress__944nsu9
2023-09-17 23:43:00,916: INFO     Unique sequences are being written to a temporary FASTA file with Vsearch.
2023-09-17 23:43:02,819: INFO     vsearch v2.22.1_linux_x86_64, 376.1GB RAM, 96 cores
https://github.com/torognes/vsearch

Dereplicating file s12502_1_ITS_UNSW_CTTACACCAAGT_AC988_S10_L001_R1.fastq.gz 100%
91540495 nt in 304563 seqs, min 291, max 301, avg 301
Sorting 100%
172954 unique sequences, avg cluster 1.8, median 1, max 7883
Writing FASTA output file 100%
Writing uc file, first part 100%
Writing uc file, second part 100%

2023-09-17 23:43:02,819: INFO     Searching for ITS start and stop sites using HMMSearch. This step takes a while.
2023-09-18 00:37:08,267: INFO     Parsing HMM results.
2023-09-18 00:39:12,276: INFO     Counting reads after trimming.
2023-09-18 00:39:13,539: INFO     Total number of reads in file s12502_1_ITS_UNSW_CTTACACCAAGT_AC988_S10_L001_R1.fastq.gz is 304563.
2023-09-18 00:39:14,119: INFO     Total number of reads in file /data/group/frankslab/project/LFlorence/MycorrhizasAustralianForests/data/AusMicrobiome/ITS/02.ITS_extracted/run15/s12502_1_ITS_UNSW_CTTACACCAAGT_AC988_S10_L001_R1.fastq.gz is 247111.
2023-09-18 00:39:14,119: INFO     ITSxpress ran in 00:56:21
No module named 'q2_types'.Could not initialize the Qiime plugin portion of ITSxpress. Command line ITSxpress will still work normally. If you wish to use the Qiime2 ITSxpress plugin, you need to install Qiime2 first into your environment.

2023-09-18 00:39:16,389: INFO     Verifying the input sequences.
2023-09-18 00:39:20,689: INFO     Sequences are assumed to be single-end.
2023-09-18 00:39:20,690: INFO     Temporary directory is: /tmp/itsxpress_ngo4bcpe
2023-09-18 00:39:20,690: INFO     Unique sequences are being written to a temporary FASTA file with Vsearch.
2023-09-18 00:39:21,732: INFO     vsearch v2.22.1_linux_x86_64, 376.1GB RAM, 96 cores
https://github.com/torognes/vsearch

Dereplicating file s12503_1_ITS_UNSW_CGTCCGAAATAC_AC988_S22_L001_R1.fastq.gz 100%
49486044 nt in 164640 seqs, min 294, max 301, avg 301
Sorting 100%
99457 unique sequences, avg cluster 1.7, median 1, max 4359
Writing FASTA output file 100%
Writing uc file, first part 100%
Writing uc file, second part 100%

2023-09-18 00:39:21,732: INFO     Searching for ITS start and stop sites using HMMSearch. This step takes a while.
2023-09-18 01:11:16,044: INFO     Parsing HMM results.
2023-09-18 01:12:25,291: INFO     Counting reads after trimming.
2023-09-18 01:12:25,947: INFO     Total number of reads in file s12503_1_ITS_UNSW_CGTCCGAAATAC_AC988_S22_L001_R1.fastq.gz is 164640.
2023-09-18 01:12:26,259: INFO     Total number of reads in file /data/group/frankslab/project/LFlorence/MycorrhizasAustralianForests/data/AusMicrobiome/ITS/02.ITS_extracted/run15/s12503_1_ITS_UNSW_CGTCCGAAATAC_AC988_S22_L001_R1.fastq.gz is 138844.
2023-09-18 01:12:26,259: INFO     ITSxpress ran in 00:33:09
No module named 'q2_types'.Could not initialize the Qiime plugin portion of ITSxpress. Command line ITSxpress will still work normally. If you wish to use the Qiime2 ITSxpress plugin, you need to install Qiime2 first into your environment.

2023-09-18 01:12:28,261: INFO     Verifying the input sequences.
2023-09-18 01:12:29,419: INFO     Sequences are assumed to be single-end.
2023-09-18 01:12:29,419: INFO     Temporary directory is: /tmp/itsxpress_hwwncjx_
2023-09-18 01:12:29,419: INFO     Unique sequences are being written to a temporary FASTA file with Vsearch.
2023-09-18 01:12:29,681: INFO     vsearch v2.22.1_linux_x86_64, 376.1GB RAM, 96 cores
https://github.com/torognes/vsearch

Dereplicating file s12504_1_ITS_UNSW_CGTGACAATGTC_AC988_S34_L001_R1.fastq.gz 100%
12856353 nt in 42769 seqs, min 292, max 301, avg 301
Sorting 100%
26703 unique sequences, avg cluster 1.6, median 1, max 1167
Writing FASTA output file 100%
Writing uc file, first part 100%
Writing uc file, second part 100%

2023-09-18 01:12:29,682: INFO     Searching for ITS start and stop sites using HMMSearch. This step takes a while.
2023-09-18 01:20:07,624: INFO     Parsing HMM results.
2023-09-18 01:20:22,537: INFO     Counting reads after trimming.
2023-09-18 01:20:22,705: INFO     Total number of reads in file s12504_1_ITS_UNSW_CGTGACAATGTC_AC988_S34_L001_R1.fastq.gz is 42769.
2023-09-18 01:20:22,779: INFO     Total number of reads in file /data/group/frankslab/project/LFlorence/MycorrhizasAustralianForests/data/AusMicrobiome/ITS/02.ITS_extracted/run15/s12504_1_ITS_UNSW_CGTGACAATGTC_AC988_S34_L001_R1.fastq.gz is 31642.
2023-09-18 01:20:22,779: INFO     ITSxpress ran in 00:07:54
No module named 'q2_types'.Could not initialize the Qiime plugin portion of ITSxpress. Command line ITSxpress will still work normally. If you wish to use the Qiime2 ITSxpress plugin, you need to install Qiime2 first into your environment.

2023-09-18 01:20:24,530: INFO     Verifying the input sequences.
2023-09-18 01:20:29,629: INFO     Sequences are assumed to be single-end.
2023-09-18 01:20:29,630: INFO     Temporary directory is: /tmp/itsxpress_hpmqc2mv
2023-09-18 01:20:29,630: INFO     Unique sequences are being written to a temporary FASTA file with Vsearch.
2023-09-18 01:20:30,791: INFO     vsearch v2.22.1_linux_x86_64, 376.1GB RAM, 96 cores
https://github.com/torognes/vsearch

Dereplicating file s12505_1_ITS_UNSW_GTATTACGATCC_AC988_S46_L001_R1.fastq.gz 100%
58183961 nt in 193659 seqs, min 293, max 301, avg 300
Sorting 100%
104948 unique sequences, avg cluster 1.8, median 1, max 9478
Writing FASTA output file 100%
Writing uc file, first part 100%
Writing uc file, second part 100%

2023-09-18 01:20:30,791: INFO     Searching for ITS start and stop sites using HMMSearch. This step takes a while.
2023-09-18 01:54:41,555: INFO     Parsing HMM results.
2023-09-18 01:55:57,999: INFO     Counting reads after trimming.
2023-09-18 01:55:58,759: INFO     Total number of reads in file s12505_1_ITS_UNSW_GTATTACGATCC_AC988_S46_L001_R1.fastq.gz is 193659.
2023-09-18 01:55:59,125: INFO     Total number of reads in file /data/group/frankslab/project/LFlorence/MycorrhizasAustralianForests/data/AusMicrobiome/ITS/02.ITS_extracted/run15/s12505_1_ITS_UNSW_GTATTACGATCC_AC988_S46_L001_R1.fastq.gz is 160259.
2023-09-18 01:55:59,125: INFO     ITSxpress ran in 00:35:34
No module named 'q2_types'.Could not initialize the Qiime plugin portion of ITSxpress. Command line ITSxpress will still work normally. If you wish to use the Qiime2 ITSxpress plugin, you need to install Qiime2 first into your environment.

2023-09-18 01:56:01,142: INFO     Verifying the input sequences.
2023-09-18 01:56:08,514: INFO     Sequences are assumed to be single-end.
2023-09-18 01:56:08,515: INFO     Temporary directory is: /tmp/itsxpress_9lflsjtm
2023-09-18 01:56:08,515: INFO     Unique sequences are being written to a temporary FASTA file with Vsearch.
2023-09-18 01:56:10,243: INFO     vsearch v2.22.1_linux_x86_64, 376.1GB RAM, 96 cores
https://github.com/torognes/vsearch

Dereplicating file s12506_1_ITS_UNSW_GTGGGATGTTTC_AC988_S58_L001_R1.fastq.gz 100%
82222678 nt in 273535 seqs, min 295, max 301, avg 301
Sorting 100%
153789 unique sequences, avg cluster 1.8, median 1, max 4423
Writing FASTA output file 100%
Writing uc file, first part 100%
Writing uc file, second part 100%

2023-09-18 01:56:10,243: INFO     Searching for ITS start and stop sites using HMMSearch. This step takes a while.
2023-09-18 02:44:28,341: INFO     Parsing HMM results.
2023-09-18 02:46:18,176: INFO     Counting reads after trimming.
2023-09-18 02:46:19,282: INFO     Total number of reads in file s12506_1_ITS_UNSW_GTGGGATGTTTC_AC988_S58_L001_R1.fastq.gz is 273535.
2023-09-18 02:46:19,781: INFO     Total number of reads in file /data/group/frankslab/project/LFlorence/MycorrhizasAustralianForests/data/AusMicrobiome/ITS/02.ITS_extracted/run15/s12506_1_ITS_UNSW_GTGGGATGTTTC_AC988_S58_L001_R1.fastq.gz is 218400.
2023-09-18 02:46:19,781: INFO     ITSxpress ran in 00:50:18
No module named 'q2_types'.Could not initialize the Qiime plugin portion of ITSxpress. Command line ITSxpress will still work normally. If you wish to use the Qiime2 ITSxpress plugin, you need to install Qiime2 first into your environment.

2023-09-18 02:46:21,588: INFO     Verifying the input sequences.
2023-09-18 02:46:22,099: INFO     Sequences are assumed to be single-end.
2023-09-18 02:46:22,100: INFO     Temporary directory is: /tmp/itsxpress_ys7pmqqj
2023-09-18 02:46:22,100: INFO     Unique sequences are being written to a temporary FASTA file with Vsearch.
2023-09-18 02:46:22,220: INFO     vsearch v2.22.1_linux_x86_64, 376.1GB RAM, 96 cores
https://github.com/torognes/vsearch

Dereplicating file s12507_1_ITS_UNSW_TGGCATACGGCA_AC988_S70_L001_R1.fastq.gz 100%
5487098 nt in 18260 seqs, min 295, max 301, avg 300
Sorting 100%
11610 unique sequences, avg cluster 1.6, median 1, max 1481
Writing FASTA output file 100%
Writing uc file, first part 100%
Writing uc file, second part 100%

2023-09-18 02:46:22,220: INFO     Searching for ITS start and stop sites using HMMSearch. This step takes a while.
2023-09-18 02:49:46,533: INFO     Parsing HMM results.
2023-09-18 02:49:52,752: INFO     Counting reads after trimming.
2023-09-18 02:49:52,827: INFO     Total number of reads in file s12507_1_ITS_UNSW_TGGCATACGGCA_AC988_S70_L001_R1.fastq.gz is 18260.
2023-09-18 02:49:52,857: INFO     Total number of reads in file /data/group/frankslab/project/LFlorence/MycorrhizasAustralianForests/data/AusMicrobiome/ITS/02.ITS_extracted/run15/s12507_1_ITS_UNSW_TGGCATACGGCA_AC988_S70_L001_R1.fastq.gz is 13996.
2023-09-18 02:49:52,857: INFO     ITSxpress ran in 00:03:31
No module named 'q2_types'.Could not initialize the Qiime plugin portion of ITSxpress. Command line ITSxpress will still work normally. If you wish to use the Qiime2 ITSxpress plugin, you need to install Qiime2 first into your environment.

2023-09-18 02:49:54,499: INFO     Verifying the input sequences.
2023-09-18 02:50:01,962: INFO     Sequences are assumed to be single-end.
2023-09-18 02:50:01,962: INFO     Temporary directory is: /tmp/itsxpress_jd5ey1ez
2023-09-18 02:50:01,962: INFO     Unique sequences are being written to a temporary FASTA file with Vsearch.
2023-09-18 02:50:03,764: INFO     vsearch v2.22.1_linux_x86_64, 376.1GB RAM, 96 cores
https://github.com/torognes/vsearch

Dereplicating file s12508_1_ITS_UNSW_CTACCGGATCAA_AC988_S82_L001_R1.fastq.gz 100%
86101722 nt in 286399 seqs, min 207, max 301, avg 301
Sorting 100%
156529 unique sequences, avg cluster 1.8, median 1, max 10297
Writing FASTA output file 100%
Writing uc file, first part 100%
Writing uc file, second part 100%

2023-09-18 02:50:03,764: INFO     Searching for ITS start and stop sites using HMMSearch. This step takes a while.
2023-09-18 03:42:38,661: INFO     Parsing HMM results.
2023-09-18 03:44:39,929: INFO     Counting reads after trimming.
2023-09-18 03:44:41,075: INFO     Total number of reads in file s12508_1_ITS_UNSW_CTACCGGATCAA_AC988_S82_L001_R1.fastq.gz is 286399.
2023-09-18 03:44:41,644: INFO     Total number of reads in file /data/group/frankslab/project/LFlorence/MycorrhizasAustralianForests/data/AusMicrobiome/ITS/02.ITS_extracted/run15/s12508_1_ITS_UNSW_CTACCGGATCAA_AC988_S82_L001_R1.fastq.gz is 249974.
2023-09-18 03:44:41,644: INFO     ITSxpress ran in 00:54:47
No module named 'q2_types'.Could not initialize the Qiime plugin portion of ITSxpress. Command line ITSxpress will still work normally. If you wish to use the Qiime2 ITSxpress plugin, you need to install Qiime2 first into your environment.

2023-09-18 03:44:43,846: INFO     Verifying the input sequences.
2023-09-18 03:44:47,640: INFO     Sequences are assumed to be single-end.
2023-09-18 03:44:47,640: INFO     Temporary directory is: /tmp/itsxpress_avxfxvce
2023-09-18 03:44:47,640: INFO     Unique sequences are being written to a temporary FASTA file with Vsearch.
2023-09-18 03:44:48,512: INFO     vsearch v2.22.1_linux_x86_64, 376.1GB RAM, 96 cores
https://github.com/torognes/vsearch

Dereplicating file s12509_1_ITS_UNSW_CCAAGTCTTACA_AC988_S94_L001_R1.fastq.gz 100%
43090002 nt in 143356 seqs, min 207, max 301, avg 301
Sorting 100%
83720 unique sequences, avg cluster 1.7, median 1, max 2066
Writing FASTA output file 100%
Writing uc file, first part 100%
Writing uc file, second part 100%

2023-09-18 03:44:48,513: INFO     Searching for ITS start and stop sites using HMMSearch. This step takes a while.
2023-09-18 04:12:55,510: INFO     Parsing HMM results.
2023-09-18 04:13:55,977: INFO     Counting reads after trimming.
2023-09-18 04:13:56,542: INFO     Total number of reads in file s12509_1_ITS_UNSW_CCAAGTCTTACA_AC988_S94_L001_R1.fastq.gz is 143356.
2023-09-18 04:13:56,834: INFO     Total number of reads in file /data/group/frankslab/project/LFlorence/MycorrhizasAustralianForests/data/AusMicrobiome/ITS/02.ITS_extracted/run15/s12509_1_ITS_UNSW_CCAAGTCTTACA_AC988_S94_L001_R1.fastq.gz is 129024.
2023-09-18 04:13:56,834: INFO     ITSxpress ran in 00:29:12
No module named 'q2_types'.Could not initialize the Qiime plugin portion of ITSxpress. Command line ITSxpress will still work normally. If you wish to use the Qiime2 ITSxpress plugin, you need to install Qiime2 first into your environment.

2023-09-18 04:13:58,758: INFO     Verifying the input sequences.
2023-09-18 04:14:05,624: INFO     Sequences are assumed to be single-end.
2023-09-18 04:14:05,624: INFO     Temporary directory is: /tmp/itsxpress_xawmwfth
2023-09-18 04:14:05,624: INFO     Unique sequences are being written to a temporary FASTA file with Vsearch.
2023-09-18 04:14:07,251: INFO     vsearch v2.22.1_linux_x86_64, 376.1GB RAM, 96 cores
https://github.com/torognes/vsearch

Dereplicating file s12510_1_ITS_UNSW_TGACCTCCAAGA_AC988_S11_L001_R1.fastq.gz 100%
79087492 nt in 263021 seqs, min 290, max 301, avg 301
Sorting 100%
145072 unique sequences, avg cluster 1.8, median 1, max 4842
Writing FASTA output file 100%
Writing uc file, first part 100%
Writing uc file, second part 100%

2023-09-18 04:14:07,251: INFO     Searching for ITS start and stop sites using HMMSearch. This step takes a while.
2023-09-18 05:01:07,908: INFO     Parsing HMM results.
2023-09-18 05:02:53,350: INFO     Counting reads after trimming.
2023-09-18 05:02:54,409: INFO     Total number of reads in file s12510_1_ITS_UNSW_TGACCTCCAAGA_AC988_S11_L001_R1.fastq.gz is 263021.
2023-09-18 05:02:54,868: INFO     Total number of reads in file /data/group/frankslab/project/LFlorence/MycorrhizasAustralianForests/data/AusMicrobiome/ITS/02.ITS_extracted/run15/s12510_1_ITS_UNSW_TGACCTCCAAGA_AC988_S11_L001_R1.fastq.gz is 211434.
2023-09-18 05:02:54,868: INFO     ITSxpress ran in 00:48:56
No module named 'q2_types'.Could not initialize the Qiime plugin portion of ITSxpress. Command line ITSxpress will still work normally. If you wish to use the Qiime2 ITSxpress plugin, you need to install Qiime2 first into your environment.

2023-09-18 05:02:56,982: INFO     Verifying the input sequences.
2023-09-18 05:02:58,469: INFO     Sequences are assumed to be single-end.
2023-09-18 05:02:58,470: INFO     Temporary directory is: /tmp/itsxpress_9wqrvxq0
2023-09-18 05:02:58,470: INFO     Unique sequences are being written to a temporary FASTA file with Vsearch.
2023-09-18 05:02:58,784: INFO     vsearch v2.22.1_linux_x86_64, 376.1GB RAM, 96 cores
https://github.com/torognes/vsearch

Dereplicating file s12511_1_ITS_UNSW_GCAGGATAGATA_AC988_S23_L001_R1.fastq.gz 100%
16111128 nt in 53565 seqs, min 296, max 301, avg 301
Sorting 100%
30634 unique sequences, avg cluster 1.7, median 1, max 1589
Writing FASTA output file 100%
Writing uc file, first part 100%
Writing uc file, second part 100%

2023-09-18 05:02:58,784: INFO     Searching for ITS start and stop sites using HMMSearch. This step takes a while.
2023-09-18 05:12:23,613: INFO     Parsing HMM results.
2023-09-18 05:12:42,491: INFO     Counting reads after trimming.
2023-09-18 05:12:42,700: INFO     Total number of reads in file s12511_1_ITS_UNSW_GCAGGATAGATA_AC988_S23_L001_R1.fastq.gz is 53565.
2023-09-18 05:12:42,795: INFO     Total number of reads in file /data/group/frankslab/project/LFlorence/MycorrhizasAustralianForests/data/AusMicrobiome/ITS/02.ITS_extracted/run15/s12511_1_ITS_UNSW_GCAGGATAGATA_AC988_S23_L001_R1.fastq.gz is 43359.
2023-09-18 05:12:42,795: INFO     ITSxpress ran in 00:09:45
No module named 'q2_types'.Could not initialize the Qiime plugin portion of ITSxpress. Command line ITSxpress will still work normally. If you wish to use the Qiime2 ITSxpress plugin, you need to install Qiime2 first into your environment.

2023-09-18 05:12:44,886: INFO     Verifying the input sequences.
2023-09-18 05:12:51,849: INFO     Sequences are assumed to be single-end.
2023-09-18 05:12:51,849: INFO     Temporary directory is: /tmp/itsxpress_puixyt36
2023-09-18 05:12:51,849: INFO     Unique sequences are being written to a temporary FASTA file with Vsearch.
2023-09-18 05:12:53,508: INFO     vsearch v2.22.1_linux_x86_64, 376.1GB RAM, 96 cores
https://github.com/torognes/vsearch

Dereplicating file s12512_1_ITS_UNSW_ATGGTTGTTGGC_AC988_S35_L001_R1.fastq.gz 100%
79169698 nt in 263353 seqs, min 290, max 301, avg 301
Sorting 100%
144104 unique sequences, avg cluster 1.8, median 1, max 4798
Writing FASTA output file 100%
Writing uc file, first part 100%
Writing uc file, second part 100%

2023-09-18 05:12:53,508: INFO     Searching for ITS start and stop sites using HMMSearch. This step takes a while.
2023-09-18 05:58:15,612: INFO     Parsing HMM results.
2023-09-18 05:59:57,886: INFO     Counting reads after trimming.
2023-09-18 05:59:58,943: INFO     Total number of reads in file s12512_1_ITS_UNSW_ATGGTTGTTGGC_AC988_S35_L001_R1.fastq.gz is 263353.
2023-09-18 05:59:59,406: INFO     Total number of reads in file /data/group/frankslab/project/LFlorence/MycorrhizasAustralianForests/data/AusMicrobiome/ITS/02.ITS_extracted/run15/s12512_1_ITS_UNSW_ATGGTTGTTGGC_AC988_S35_L001_R1.fastq.gz is 209264.
2023-09-18 05:59:59,406: INFO     ITSxpress ran in 00:47:14
No module named 'q2_types'.Could not initialize the Qiime plugin portion of ITSxpress. Command line ITSxpress will still work normally. If you wish to use the Qiime2 ITSxpress plugin, you need to install Qiime2 first into your environment.

2023-09-18 06:00:01,556: INFO     Verifying the input sequences.
2023-09-18 06:00:01,865: INFO     Sequences are assumed to be single-end.
2023-09-18 06:00:01,865: INFO     Temporary directory is: /tmp/itsxpress_ngjvksc7
2023-09-18 06:00:01,865: INFO     Unique sequences are being written to a temporary FASTA file with Vsearch.
2023-09-18 06:00:01,934: INFO     vsearch v2.22.1_linux_x86_64, 376.1GB RAM, 96 cores
https://github.com/torognes/vsearch

Dereplicating file s12513_1_ITS_UNSW_TTGATGCTATGC_AC988_S47_L001_R1.fastq.gz 100%
2832537 nt in 9425 seqs, min 295, max 301, avg 301
Sorting 100%
6153 unique sequences, avg cluster 1.5, median 1, max 419
Writing FASTA output file 100%
Writing uc file, first part 100%
Writing uc file, second part 100%

2023-09-18 06:00:01,934: INFO     Searching for ITS start and stop sites using HMMSearch. This step takes a while.
2023-09-18 06:01:47,145: INFO     Parsing HMM results.
2023-09-18 06:01:50,342: INFO     Counting reads after trimming.
2023-09-18 06:01:50,382: INFO     Total number of reads in file s12513_1_ITS_UNSW_TTGATGCTATGC_AC988_S47_L001_R1.fastq.gz is 9425.
2023-09-18 06:01:50,400: INFO     Total number of reads in file /data/group/frankslab/project/LFlorence/MycorrhizasAustralianForests/data/AusMicrobiome/ITS/02.ITS_extracted/run15/s12513_1_ITS_UNSW_TTGATGCTATGC_AC988_S47_L001_R1.fastq.gz is 7470.
2023-09-18 06:01:50,400: INFO     ITSxpress ran in 00:01:48
No module named 'q2_types'.Could not initialize the Qiime plugin portion of ITSxpress. Command line ITSxpress will still work normally. If you wish to use the Qiime2 ITSxpress plugin, you need to install Qiime2 first into your environment.

2023-09-18 06:01:52,050: INFO     Verifying the input sequences.
2023-09-18 06:01:59,684: INFO     Sequences are assumed to be single-end.
2023-09-18 06:01:59,685: INFO     Temporary directory is: /tmp/itsxpress_93bus5x0
2023-09-18 06:01:59,685: INFO     Unique sequences are being written to a temporary FASTA file with Vsearch.
2023-09-18 06:02:01,475: INFO     vsearch v2.22.1_linux_x86_64, 376.1GB RAM, 96 cores
https://github.com/torognes/vsearch

Dereplicating file s12514_1_ITS_UNSW_CTCGAGAGTACG_AC988_S59_L001_R1.fastq.gz 100%
88242478 nt in 293636 seqs, min 207, max 301, avg 301
Sorting 100%
159786 unique sequences, avg cluster 1.8, median 1, max 9734
Writing FASTA output file 100%
Writing uc file, first part 100%
Writing uc file, second part 100%

2023-09-18 06:02:01,475: INFO     Searching for ITS start and stop sites using HMMSearch. This step takes a while.
2023-09-18 06:54:15,284: INFO     Parsing HMM results.
2023-09-18 06:56:14,979: INFO     Counting reads after trimming.
2023-09-18 06:56:16,149: INFO     Total number of reads in file s12514_1_ITS_UNSW_CTCGAGAGTACG_AC988_S59_L001_R1.fastq.gz is 293636.
2023-09-18 06:56:16,708: INFO     Total number of reads in file /data/group/frankslab/project/LFlorence/MycorrhizasAustralianForests/data/AusMicrobiome/ITS/02.ITS_extracted/run15/s12514_1_ITS_UNSW_CTCGAGAGTACG_AC988_S59_L001_R1.fastq.gz is 246886.
2023-09-18 06:56:16,708: INFO     ITSxpress ran in 00:54:24
No module named 'q2_types'.Could not initialize the Qiime plugin portion of ITSxpress. Command line ITSxpress will still work normally. If you wish to use the Qiime2 ITSxpress plugin, you need to install Qiime2 first into your environment.

2023-09-18 06:56:18,918: INFO     Verifying the input sequences.
2023-09-18 06:56:25,453: INFO     Sequences are assumed to be single-end.
2023-09-18 06:56:25,453: INFO     Temporary directory is: /tmp/itsxpress_4jms4u1g
2023-09-18 06:56:25,454: INFO     Unique sequences are being written to a temporary FASTA file with Vsearch.
2023-09-18 06:56:26,971: INFO     vsearch v2.22.1_linux_x86_64, 376.1GB RAM, 96 cores
https://github.com/torognes/vsearch

Dereplicating file s12515_1_ITS_UNSW_ACTATTGTCACG_AC988_S71_L001_R1.fastq.gz 100%
73167184 nt in 243408 seqs, min 295, max 301, avg 301
Sorting 100%
141622 unique sequences, avg cluster 1.7, median 1, max 9131
Writing FASTA output file 100%
Writing uc file, first part 100%
Writing uc file, second part 100%

2023-09-18 06:56:26,971: INFO     Searching for ITS start and stop sites using HMMSearch. This step takes a while.
2023-09-18 07:41:58,463: INFO     Parsing HMM results.
2023-09-18 07:43:40,902: INFO     Counting reads after trimming.
2023-09-18 07:43:41,871: INFO     Total number of reads in file s12515_1_ITS_UNSW_ACTATTGTCACG_AC988_S71_L001_R1.fastq.gz is 243408.
2023-09-18 07:43:42,339: INFO     Total number of reads in file /data/group/frankslab/project/LFlorence/MycorrhizasAustralianForests/data/AusMicrobiome/ITS/02.ITS_extracted/run15/s12515_1_ITS_UNSW_ACTATTGTCACG_AC988_S71_L001_R1.fastq.gz is 206435.
2023-09-18 07:43:42,339: INFO     ITSxpress ran in 00:47:23
No module named 'q2_types'.Could not initialize the Qiime plugin portion of ITSxpress. Command line ITSxpress will still work normally. If you wish to use the Qiime2 ITSxpress plugin, you need to install Qiime2 first into your environment.

2023-09-18 07:43:44,422: INFO     Verifying the input sequences.
2023-09-18 07:43:44,652: INFO     Sequences are assumed to be single-end.
2023-09-18 07:43:44,652: INFO     Temporary directory is: /tmp/itsxpress_jvaud6y0
2023-09-18 07:43:44,652: INFO     Unique sequences are being written to a temporary FASTA file with Vsearch.
2023-09-18 07:43:44,708: INFO     vsearch v2.22.1_linux_x86_64, 376.1GB RAM, 96 cores
https://github.com/torognes/vsearch

Dereplicating file s12516_1_ITS_UNSW_AGCAAACACCCG_AC988_S83_L001_R1.fastq.gz 100%
2046869 nt in 6809 seqs, min 294, max 301, avg 301
Sorting 100%
5391 unique sequences, avg cluster 1.3, median 1, max 178
Writing FASTA output file 100%
Writing uc file, first part 100%
Writing uc file, second part 100%

2023-09-18 07:43:44,708: INFO     Searching for ITS start and stop sites using HMMSearch. This step takes a while.
2023-09-18 07:44:59,441: INFO     Parsing HMM results.
2023-09-18 07:45:01,584: INFO     Counting reads after trimming.
2023-09-18 07:45:01,613: INFO     Total number of reads in file s12516_1_ITS_UNSW_AGCAAACACCCG_AC988_S83_L001_R1.fastq.gz is 6809.
2023-09-18 07:45:01,624: INFO     Total number of reads in file /data/group/frankslab/project/LFlorence/MycorrhizasAustralianForests/data/AusMicrobiome/ITS/02.ITS_extracted/run15/s12516_1_ITS_UNSW_AGCAAACACCCG_AC988_S83_L001_R1.fastq.gz is 3702.
2023-09-18 07:45:01,624: INFO     ITSxpress ran in 00:01:17
No module named 'q2_types'.Could not initialize the Qiime plugin portion of ITSxpress. Command line ITSxpress will still work normally. If you wish to use the Qiime2 ITSxpress plugin, you need to install Qiime2 first into your environment.

2023-09-18 07:45:03,225: INFO     Verifying the input sequences.
2023-09-18 07:45:06,243: INFO     Sequences are assumed to be single-end.
2023-09-18 07:45:06,244: INFO     Temporary directory is: /tmp/itsxpress_l1s037qq
2023-09-18 07:45:06,244: INFO     Unique sequences are being written to a temporary FASTA file with Vsearch.
2023-09-18 07:45:06,941: INFO     vsearch v2.22.1_linux_x86_64, 376.1GB RAM, 96 cores
https://github.com/torognes/vsearch

Dereplicating file s12517_1_ITS_UNSW_ACACTAGATCCG_AC988_S95_L001_R1.fastq.gz 100%
34870334 nt in 116049 seqs, min 290, max 301, avg 300
Sorting 100%
65859 unique sequences, avg cluster 1.8, median 1, max 2860
Writing FASTA output file 100%
Writing uc file, first part 100%
Writing uc file, second part 100%

2023-09-18 07:45:06,941: INFO     Searching for ITS start and stop sites using HMMSearch. This step takes a while.
2023-09-18 08:07:49,352: INFO     Parsing HMM results.
2023-09-18 08:08:36,745: INFO     Counting reads after trimming.
2023-09-18 08:08:37,193: INFO     Total number of reads in file s12517_1_ITS_UNSW_ACACTAGATCCG_AC988_S95_L001_R1.fastq.gz is 116049.
2023-09-18 08:08:37,421: INFO     Total number of reads in file /data/group/frankslab/project/LFlorence/MycorrhizasAustralianForests/data/AusMicrobiome/ITS/02.ITS_extracted/run15/s12517_1_ITS_UNSW_ACACTAGATCCG_AC988_S95_L001_R1.fastq.gz is 104434.
2023-09-18 08:08:37,421: INFO     ITSxpress ran in 00:23:34
No module named 'q2_types'.Could not initialize the Qiime plugin portion of ITSxpress. Command line ITSxpress will still work normally. If you wish to use the Qiime2 ITSxpress plugin, you need to install Qiime2 first into your environment.

2023-09-18 08:08:39,296: INFO     Verifying the input sequences.
2023-09-18 08:08:39,450: INFO     Sequences are assumed to be single-end.
2023-09-18 08:08:39,450: INFO     Temporary directory is: /tmp/itsxpress_qmfc40bb
2023-09-18 08:08:39,450: INFO     Unique sequences are being written to a temporary FASTA file with Vsearch.
2023-09-18 08:08:39,488: INFO     vsearch v2.22.1_linux_x86_64, 376.1GB RAM, 96 cores
https://github.com/torognes/vsearch

Dereplicating file s12518_1_ITS_UNSW_ACAAGGAGGTGA_AC988_S12_L001_R1.fastq.gz 100%
1161137 nt in 3862 seqs, min 290, max 301, avg 301
Sorting 100%
2716 unique sequences, avg cluster 1.4, median 1, max 56
Writing FASTA output file 100%
Writing uc file, first part 100%
Writing uc file, second part 100%

2023-09-18 08:08:39,488: INFO     Searching for ITS start and stop sites using HMMSearch. This step takes a while.
2023-09-18 08:09:29,729: INFO     Parsing HMM results.
2023-09-18 08:09:31,202: INFO     Counting reads after trimming.
2023-09-18 08:09:31,220: INFO     Total number of reads in file s12518_1_ITS_UNSW_ACAAGGAGGTGA_AC988_S12_L001_R1.fastq.gz is 3862.
2023-09-18 08:09:31,228: INFO     Total number of reads in file /data/group/frankslab/project/LFlorence/MycorrhizasAustralianForests/data/AusMicrobiome/ITS/02.ITS_extracted/run15/s12518_1_ITS_UNSW_ACAAGGAGGTGA_AC988_S12_L001_R1.fastq.gz is 2859.
2023-09-18 08:09:31,228: INFO     ITSxpress ran in 00:00:51
No module named 'q2_types'.Could not initialize the Qiime plugin portion of ITSxpress. Command line ITSxpress will still work normally. If you wish to use the Qiime2 ITSxpress plugin, you need to install Qiime2 first into your environment.

2023-09-18 08:09:32,474: INFO     Verifying the input sequences.
2023-09-18 08:09:32,906: INFO     Sequences are assumed to be single-end.
2023-09-18 08:09:32,906: INFO     Temporary directory is: /tmp/itsxpress_red2il3p
2023-09-18 08:09:32,906: INFO     Unique sequences are being written to a temporary FASTA file with Vsearch.
2023-09-18 08:09:33,007: INFO     vsearch v2.22.1_linux_x86_64, 376.1GB RAM, 96 cores
https://github.com/torognes/vsearch

Dereplicating file s12519_1_ITS_UNSW_GACTCTTGGCAA_AC988_S24_L001_R1.fastq.gz 100%
4613610 nt in 15345 seqs, min 295, max 301, avg 301
Sorting 100%
9422 unique sequences, avg cluster 1.6, median 1, max 706
Writing FASTA output file 100%
Writing uc file, first part 100%
Writing uc file, second part 100%

2023-09-18 08:09:33,007: INFO     Searching for ITS start and stop sites using HMMSearch. This step takes a while.
2023-09-18 08:12:14,248: INFO     Parsing HMM results.
2023-09-18 08:12:19,194: INFO     Counting reads after trimming.
2023-09-18 08:12:19,256: INFO     Total number of reads in file s12519_1_ITS_UNSW_GACTCTTGGCAA_AC988_S24_L001_R1.fastq.gz is 15345.
2023-09-18 08:12:19,283: INFO     Total number of reads in file /data/group/frankslab/project/LFlorence/MycorrhizasAustralianForests/data/AusMicrobiome/ITS/02.ITS_extracted/run15/s12519_1_ITS_UNSW_GACTCTTGGCAA_AC988_S24_L001_R1.fastq.gz is 11996.
2023-09-18 08:12:19,283: INFO     ITSxpress ran in 00:02:46
No module named 'q2_types'.Could not initialize the Qiime plugin portion of ITSxpress. Command line ITSxpress will still work normally. If you wish to use the Qiime2 ITSxpress plugin, you need to install Qiime2 first into your environment.

2023-09-18 08:12:20,914: INFO     Verifying the input sequences.
2023-09-18 08:12:28,550: INFO     Sequences are assumed to be single-end.
2023-09-18 08:12:28,550: INFO     Temporary directory is: /tmp/itsxpress_rj1cqmnf
2023-09-18 08:12:28,550: INFO     Unique sequences are being written to a temporary FASTA file with Vsearch.
2023-09-18 08:12:30,343: INFO     vsearch v2.22.1_linux_x86_64, 376.1GB RAM, 96 cores
https://github.com/torognes/vsearch

Dereplicating file s12520_1_ITS_UNSW_CCTAGTACTGAT_AC988_S36_L001_R1.fastq.gz 100%
89551450 nt in 298062 seqs, min 295, max 301, avg 300
Sorting 100%
142678 unique sequences, avg cluster 2.1, median 1, max 36123
Writing FASTA output file 100%
Writing uc file, first part 100%
Writing uc file, second part 100%

2023-09-18 08:12:30,343: INFO     Searching for ITS start and stop sites using HMMSearch. This step takes a while.
2023-09-18 08:54:16,724: INFO     Parsing HMM results.
2023-09-18 08:55:49,978: INFO     Counting reads after trimming.
2023-09-18 08:55:51,141: INFO     Total number of reads in file s12520_1_ITS_UNSW_CCTAGTACTGAT_AC988_S36_L001_R1.fastq.gz is 298062.
2023-09-18 08:55:51,545: INFO     Total number of reads in file /data/group/frankslab/project/LFlorence/MycorrhizasAustralianForests/data/AusMicrobiome/ITS/02.ITS_extracted/run15/s12520_1_ITS_UNSW_CCTAGTACTGAT_AC988_S36_L001_R1.fastq.gz is 176829.
2023-09-18 08:55:51,545: INFO     ITSxpress ran in 00:43:30
No module named 'q2_types'.Could not initialize the Qiime plugin portion of ITSxpress. Command line ITSxpress will still work normally. If you wish to use the Qiime2 ITSxpress plugin, you need to install Qiime2 first into your environment.

2023-09-18 08:55:53,617: INFO     Verifying the input sequences.
2023-09-18 08:55:58,491: INFO     Sequences are assumed to be single-end.
2023-09-18 08:55:58,492: INFO     Temporary directory is: /tmp/itsxpress_5b_6lskf
2023-09-18 08:55:58,492: INFO     Unique sequences are being written to a temporary FASTA file with Vsearch.
2023-09-18 08:55:59,609: INFO     vsearch v2.22.1_linux_x86_64, 376.1GB RAM, 96 cores
https://github.com/torognes/vsearch

Dereplicating file s12521_1_ITS_UNSW_CACATCTAACAC_AC988_S48_L001_R1.fastq.gz 100%
53581617 nt in 178235 seqs, min 294, max 301, avg 301
Sorting 100%
106329 unique sequences, avg cluster 1.7, median 1, max 2875
Writing FASTA output file 100%
Writing uc file, first part 100%
Writing uc file, second part 100%

2023-09-18 08:55:59,609: INFO     Searching for ITS start and stop sites using HMMSearch. This step takes a while.
2023-09-18 09:30:54,177: INFO     Parsing HMM results.
2023-09-18 09:32:10,741: INFO     Counting reads after trimming.
2023-09-18 09:32:11,445: INFO     Total number of reads in file s12521_1_ITS_UNSW_CACATCTAACAC_AC988_S48_L001_R1.fastq.gz is 178235.
2023-09-18 09:32:11,798: INFO     Total number of reads in file /data/group/frankslab/project/LFlorence/MycorrhizasAustralianForests/data/AusMicrobiome/ITS/02.ITS_extracted/run15/s12521_1_ITS_UNSW_CACATCTAACAC_AC988_S48_L001_R1.fastq.gz is 157577.
2023-09-18 09:32:11,798: INFO     ITSxpress ran in 00:36:18
No module named 'q2_types'.Could not initialize the Qiime plugin portion of ITSxpress. Command line ITSxpress will still work normally. If you wish to use the Qiime2 ITSxpress plugin, you need to install Qiime2 first into your environment.

2023-09-18 09:32:13,813: INFO     Verifying the input sequences.
2023-09-18 09:32:19,126: INFO     Sequences are assumed to be single-end.
2023-09-18 09:32:19,127: INFO     Temporary directory is: /tmp/itsxpress_0njawmvp
2023-09-18 09:32:19,127: INFO     Unique sequences are being written to a temporary FASTA file with Vsearch.
2023-09-18 09:32:20,355: INFO     vsearch v2.22.1_linux_x86_64, 376.1GB RAM, 96 cores
https://github.com/torognes/vsearch

Dereplicating file s12522_1_ITS_UNSW_AACGAGAACTGA_AC988_S60_L001_R1.fastq.gz 100%
60134031 nt in 200078 seqs, min 290, max 301, avg 301
Sorting 100%
113304 unique sequences, avg cluster 1.8, median 1, max 3945
Writing FASTA output file 100%
Writing uc file, first part 100%
Writing uc file, second part 100%

2023-09-18 09:32:20,355: INFO     Searching for ITS start and stop sites using HMMSearch. This step takes a while.
2023-09-18 10:08:42,751: INFO     Parsing HMM results.
2023-09-18 10:10:03,180: INFO     Counting reads after trimming.
2023-09-18 10:10:03,968: INFO     Total number of reads in file s12522_1_ITS_UNSW_AACGAGAACTGA_AC988_S60_L001_R1.fastq.gz is 200078.
2023-09-18 10:10:04,340: INFO     Total number of reads in file /data/group/frankslab/project/LFlorence/MycorrhizasAustralianForests/data/AusMicrobiome/ITS/02.ITS_extracted/run15/s12522_1_ITS_UNSW_AACGAGAACTGA_AC988_S60_L001_R1.fastq.gz is 167546.
2023-09-18 10:10:04,340: INFO     ITSxpress ran in 00:37:50
No module named 'q2_types'.Could not initialize the Qiime plugin portion of ITSxpress. Command line ITSxpress will still work normally. If you wish to use the Qiime2 ITSxpress plugin, you need to install Qiime2 first into your environment.

2023-09-18 10:10:06,631: INFO     Verifying the input sequences.
2023-09-18 10:10:10,235: INFO     Sequences are assumed to be single-end.
2023-09-18 10:10:10,235: INFO     Temporary directory is: /tmp/itsxpress_m_d4melm
2023-09-18 10:10:10,235: INFO     Unique sequences are being written to a temporary FASTA file with Vsearch.
2023-09-18 10:10:11,079: INFO     vsearch v2.22.1_linux_x86_64, 376.1GB RAM, 96 cores
https://github.com/torognes/vsearch

Dereplicating file s12560_1_ITS_UNSW_GCCTGAATTTAC_AC988_S64_L001_R1.fastq.gz 100%
42765316 nt in 142264 seqs, min 294, max 301, avg 301
Sorting 100%
81153 unique sequences, avg cluster 1.8, median 1, max 3952
Writing FASTA output file 100%
Writing uc file, first part 100%
Writing uc file, second part 100%

2023-09-18 10:10:11,079: INFO     Searching for ITS start and stop sites using HMMSearch. This step takes a while.
2023-09-18 10:39:08,462: INFO     Parsing HMM results.
2023-09-18 10:40:11,887: INFO     Counting reads after trimming.
2023-09-18 10:40:12,442: INFO     Total number of reads in file s12560_1_ITS_UNSW_GCCTGAATTTAC_AC988_S64_L001_R1.fastq.gz is 142264.
2023-09-18 10:40:12,729: INFO     Total number of reads in file /data/group/frankslab/project/LFlorence/MycorrhizasAustralianForests/data/AusMicrobiome/ITS/02.ITS_extracted/run15/s12560_1_ITS_UNSW_GCCTGAATTTAC_AC988_S64_L001_R1.fastq.gz is 131939.
2023-09-18 10:40:12,729: INFO     ITSxpress ran in 00:30:06
No module named 'q2_types'.Could not initialize the Qiime plugin portion of ITSxpress. Command line ITSxpress will still work normally. If you wish to use the Qiime2 ITSxpress plugin, you need to install Qiime2 first into your environment.

2023-09-18 10:40:14,677: INFO     Verifying the input sequences.
2023-09-18 10:40:19,574: INFO     Sequences are assumed to be single-end.
2023-09-18 10:40:19,575: INFO     Temporary directory is: /tmp/itsxpress_9mn2_mk6
2023-09-18 10:40:19,575: INFO     Unique sequences are being written to a temporary FASTA file with Vsearch.
2023-09-18 10:40:20,645: INFO     vsearch v2.22.1_linux_x86_64, 376.1GB RAM, 96 cores
https://github.com/torognes/vsearch

Dereplicating file s12561_1_ITS_UNSW_ATGTGGGACCCA_AC988_S76_L001_R1.fastq.gz 100%
54971244 nt in 182838 seqs, min 295, max 301, avg 301
Sorting 100%
98201 unique sequences, avg cluster 1.9, median 1, max 9920
Writing FASTA output file 100%
Writing uc file, first part 100%
Writing uc file, second part 100%

2023-09-18 10:40:20,645: INFO     Searching for ITS start and stop sites using HMMSearch. This step takes a while.
2023-09-18 11:14:50,356: INFO     Parsing HMM results.
2023-09-18 11:16:08,661: INFO     Counting reads after trimming.
2023-09-18 11:16:09,378: INFO     Total number of reads in file s12561_1_ITS_UNSW_ATGTGGGACCCA_AC988_S76_L001_R1.fastq.gz is 182838.
2023-09-18 11:16:09,771: INFO     Total number of reads in file /data/group/frankslab/project/LFlorence/MycorrhizasAustralianForests/data/AusMicrobiome/ITS/02.ITS_extracted/run15/s12561_1_ITS_UNSW_ATGTGGGACCCA_AC988_S76_L001_R1.fastq.gz is 169217.
2023-09-18 11:16:09,771: INFO     ITSxpress ran in 00:35:55
No module named 'q2_types'.Could not initialize the Qiime plugin portion of ITSxpress. Command line ITSxpress will still work normally. If you wish to use the Qiime2 ITSxpress plugin, you need to install Qiime2 first into your environment.

2023-09-18 11:16:11,779: INFO     Verifying the input sequences.
2023-09-18 11:16:15,198: INFO     Sequences are assumed to be single-end.
2023-09-18 11:16:15,199: INFO     Temporary directory is: /tmp/itsxpress_hddh689l
2023-09-18 11:16:15,199: INFO     Unique sequences are being written to a temporary FASTA file with Vsearch.
2023-09-18 11:16:15,931: INFO     vsearch v2.22.1_linux_x86_64, 376.1GB RAM, 96 cores
https://github.com/torognes/vsearch

Dereplicating file s12562_1_ITS_UNSW_GGTCACTGACAG_AC988_S88_L001_R1.fastq.gz 100%
36762685 nt in 122342 seqs, min 294, max 301, avg 300
Sorting 100%
71731 unique sequences, avg cluster 1.7, median 1, max 4271
Writing FASTA output file 100%
Writing uc file, first part 100%
Writing uc file, second part 100%

2023-09-18 11:16:15,931: INFO     Searching for ITS start and stop sites using HMMSearch. This step takes a while.
