Starting at: Sun Sep 17 18:46:08 AEST 2023
mkdir: cannot create directory ‘/data/group/frankslab/project/LFlorence/MycorrhizasAustralianForests/data/AusMicrobiome/ITS/02.ITS_extracted’: File exists
mkdir: cannot create directory ‘/data/group/frankslab/project/LFlorence/MycorrhizasAustralianForests/data/AusMicrobiome/ITS/02.ITS_extracted/run22’: File exists
mkdir: cannot create directory ‘/data/group/frankslab/project/LFlorence/MycorrhizasAustralianForests/data/AusMicrobiome/ITS/02.ITS_extracted/run23’: File exists
mkdir: cannot create directory ‘/data/group/frankslab/project/LFlorence/MycorrhizasAustralianForests/data/AusMicrobiome/ITS/02.ITS_extracted/run24’: File exists
mkdir: cannot create directory ‘/data/group/frankslab/project/LFlorence/MycorrhizasAustralianForests/data/AusMicrobiome/ITS/02.ITS_extracted/run25’: File exists
mkdir: cannot create directory ‘/data/group/frankslab/project/LFlorence/MycorrhizasAustralianForests/data/AusMicrobiome/ITS/02.ITS_extracted/run26’: File exists
mkdir: cannot create directory ‘/data/group/frankslab/project/LFlorence/MycorrhizasAustralianForests/data/AusMicrobiome/ITS/02.ITS_extracted/run27’: File exists
mkdir: cannot create directory ‘/data/group/frankslab/project/LFlorence/MycorrhizasAustralianForests/data/AusMicrobiome/ITS/02.ITS_extracted/run28’: File exists
mkdir: cannot create directory ‘/data/group/frankslab/project/LFlorence/MycorrhizasAustralianForests/data/AusMicrobiome/ITS/03.Quality_trimmed’: File exists
mkdir: cannot create directory ‘/data/group/frankslab/project/LFlorence/MycorrhizasAustralianForests/data/AusMicrobiome/ITS/03.Quality_trimmed/run22’: File exists
mkdir: cannot create directory ‘/data/group/frankslab/project/LFlorence/MycorrhizasAustralianForests/data/AusMicrobiome/ITS/03.Quality_trimmed/run23’: File exists
mkdir: cannot create directory ‘/data/group/frankslab/project/LFlorence/MycorrhizasAustralianForests/data/AusMicrobiome/ITS/03.Quality_trimmed/run24’: File exists
mkdir: cannot create directory ‘/data/group/frankslab/project/LFlorence/MycorrhizasAustralianForests/data/AusMicrobiome/ITS/03.Quality_trimmed/run25’: File exists
mkdir: cannot create directory ‘/data/group/frankslab/project/LFlorence/MycorrhizasAustralianForests/data/AusMicrobiome/ITS/03.Quality_trimmed/run26’: File exists
mkdir: cannot create directory ‘/data/group/frankslab/project/LFlorence/MycorrhizasAustralianForests/data/AusMicrobiome/ITS/03.Quality_trimmed/run27’: File exists
mkdir: cannot create directory ‘/data/group/frankslab/project/LFlorence/MycorrhizasAustralianForests/data/AusMicrobiome/ITS/03.Quality_trimmed/run28’: File exists

 Run 22: Extract ITS1 and quality truncate reads
2023-09-17 18:46:11,223: INFO     Verifying the input sequences.
2023-09-17 18:46:19,058: INFO     Sequences are assumed to be single-end.
2023-09-17 18:46:19,060: INFO     Temporary directory is: /tmp/itsxpress_7bg9wp7d
2023-09-17 18:46:19,060: INFO     Unique sequences are being written to a temporary FASTA file with Vsearch.
2023-09-17 18:46:20,697: INFO     vsearch v2.22.1_linux_x86_64, 376.1GB RAM, 96 cores
https://github.com/torognes/vsearch

Dereplicating file MockCommunityAAUF6_S71_L001_R1.fastq.gz 100%
95436707 nt in 318069 seqs, min 113, max 301, avg 300
Sorting 100%
122976 unique sequences, avg cluster 2.6, median 1, max 37364
Writing FASTA output file 100%
Writing uc file, first part 100%
Writing uc file, second part 100%

2023-09-17 18:46:20,697: INFO     Searching for ITS start and stop sites using HMMSearch. This step takes a while.
2023-09-17 19:25:45,110: INFO     Parsing HMM results.
2023-09-17 19:27:20,405: INFO     Counting reads after trimming.
2023-09-17 19:27:21,541: INFO     Total number of reads in file MockCommunityAAUF6_S71_L001_R1.fastq.gz is 318069.
2023-09-17 19:27:22,140: INFO     Total number of reads in file /data/group/frankslab/project/LFlorence/MycorrhizasAustralianForests/data/AusMicrobiome/ITS/02.ITS_extracted/run22/MockCommunityAAUF6_S71_L001_R1.fastq.gz is 310509.
2023-09-17 19:27:22,140: INFO     ITSxpress ran in 00:41:10
No module named 'q2_types'.Could not initialize the Qiime plugin portion of ITSxpress. Command line ITSxpress will still work normally. If you wish to use the Qiime2 ITSxpress plugin, you need to install Qiime2 first into your environment.

2023-09-17 19:27:24,147: INFO     Verifying the input sequences.
2023-09-17 19:27:30,641: INFO     Sequences are assumed to be single-end.
2023-09-17 19:27:30,641: INFO     Temporary directory is: /tmp/itsxpress_d31znlr9
2023-09-17 19:27:30,641: INFO     Unique sequences are being written to a temporary FASTA file with Vsearch.
2023-09-17 19:27:32,169: INFO     vsearch v2.22.1_linux_x86_64, 376.1GB RAM, 96 cores
https://github.com/torognes/vsearch

Dereplicating file PositiveControlAAUF6_S70_L001_R1.fastq.gz 100%
75162975 nt in 250088 seqs, min 116, max 301, avg 301
Sorting 100%
135985 unique sequences, avg cluster 1.8, median 1, max 3499
Writing FASTA output file 100%
Writing uc file, first part 100%
Writing uc file, second part 100%

2023-09-17 19:27:32,169: INFO     Searching for ITS start and stop sites using HMMSearch. This step takes a while.
2023-09-17 20:09:02,247: INFO     Parsing HMM results.
2023-09-17 20:10:35,356: INFO     Counting reads after trimming.
2023-09-17 20:10:36,334: INFO     Total number of reads in file PositiveControlAAUF6_S70_L001_R1.fastq.gz is 250088.
2023-09-17 20:10:36,782: INFO     Total number of reads in file /data/group/frankslab/project/LFlorence/MycorrhizasAustralianForests/data/AusMicrobiome/ITS/02.ITS_extracted/run22/PositiveControlAAUF6_S70_L001_R1.fastq.gz is 188100.
2023-09-17 20:10:36,782: INFO     ITSxpress ran in 00:43:12
No module named 'q2_types'.Could not initialize the Qiime plugin portion of ITSxpress. Command line ITSxpress will still work normally. If you wish to use the Qiime2 ITSxpress plugin, you need to install Qiime2 first into your environment.

2023-09-17 20:10:41,163: INFO     Verifying the input sequences.
2023-09-17 20:10:47,566: INFO     Sequences are assumed to be single-end.
2023-09-17 20:10:47,567: INFO     Temporary directory is: /tmp/itsxpress_dmzrkn83
2023-09-17 20:10:47,567: INFO     Unique sequences are being written to a temporary FASTA file with Vsearch.
2023-09-17 20:10:48,718: INFO     vsearch v2.22.1_linux_x86_64, 376.1GB RAM, 96 cores
https://github.com/torognes/vsearch

Dereplicating file s12832_1_ITS_UNSW_CCTAGTACTGAT_AAUF6_S27_L001_R1.fastq.gz 100%
57261206 nt in 190479 seqs, min 127, max 301, avg 301
Sorting 100%
101000 unique sequences, avg cluster 1.9, median 1, max 4835
Writing FASTA output file 100%
Writing uc file, first part 100%
Writing uc file, second part 100%

2023-09-17 20:10:48,718: INFO     Searching for ITS start and stop sites using HMMSearch. This step takes a while.
2023-09-17 20:43:52,714: INFO     Parsing HMM results.
2023-09-17 20:45:04,417: INFO     Counting reads after trimming.
2023-09-17 20:45:05,156: INFO     Total number of reads in file s12832_1_ITS_UNSW_CCTAGTACTGAT_AAUF6_S27_L001_R1.fastq.gz is 190479.
2023-09-17 20:45:05,504: INFO     Total number of reads in file /data/group/frankslab/project/LFlorence/MycorrhizasAustralianForests/data/AusMicrobiome/ITS/02.ITS_extracted/run22/s12832_1_ITS_UNSW_CCTAGTACTGAT_AAUF6_S27_L001_R1.fastq.gz is 163984.
2023-09-17 20:45:05,504: INFO     ITSxpress ran in 00:34:24
No module named 'q2_types'.Could not initialize the Qiime plugin portion of ITSxpress. Command line ITSxpress will still work normally. If you wish to use the Qiime2 ITSxpress plugin, you need to install Qiime2 first into your environment.

2023-09-17 20:45:07,542: INFO     Verifying the input sequences.
2023-09-17 20:45:10,916: INFO     Sequences are assumed to be single-end.
2023-09-17 20:45:10,916: INFO     Temporary directory is: /tmp/itsxpress_kr7reonm
2023-09-17 20:45:10,916: INFO     Unique sequences are being written to a temporary FASTA file with Vsearch.
2023-09-17 20:45:11,683: INFO     vsearch v2.22.1_linux_x86_64, 376.1GB RAM, 96 cores
https://github.com/torognes/vsearch

Dereplicating file s12833_1_ITS_UNSW_CACATCTAACAC_AAUF6_S36_L001_R1.fastq.gz 100%
39151779 nt in 130359 seqs, min 120, max 301, avg 300
Sorting 100%
67209 unique sequences, avg cluster 1.9, median 1, max 5934
Writing FASTA output file 100%
Writing uc file, first part 100%
Writing uc file, second part 100%

2023-09-17 20:45:11,683: INFO     Searching for ITS start and stop sites using HMMSearch. This step takes a while.
2023-09-17 21:06:55,498: INFO     Parsing HMM results.
2023-09-17 21:07:39,670: INFO     Counting reads after trimming.
2023-09-17 21:07:40,161: INFO     Total number of reads in file s12833_1_ITS_UNSW_CACATCTAACAC_AAUF6_S36_L001_R1.fastq.gz is 130359.
2023-09-17 21:07:40,370: INFO     Total number of reads in file /data/group/frankslab/project/LFlorence/MycorrhizasAustralianForests/data/AusMicrobiome/ITS/02.ITS_extracted/run22/s12833_1_ITS_UNSW_CACATCTAACAC_AAUF6_S36_L001_R1.fastq.gz is 108476.
2023-09-17 21:07:40,370: INFO     ITSxpress ran in 00:22:32
No module named 'q2_types'.Could not initialize the Qiime plugin portion of ITSxpress. Command line ITSxpress will still work normally. If you wish to use the Qiime2 ITSxpress plugin, you need to install Qiime2 first into your environment.

2023-09-17 21:07:42,179: INFO     Verifying the input sequences.
2023-09-17 21:07:47,596: INFO     Sequences are assumed to be single-end.
2023-09-17 21:07:47,597: INFO     Temporary directory is: /tmp/itsxpress_fz0ntjlr
2023-09-17 21:07:47,597: INFO     Unique sequences are being written to a temporary FASTA file with Vsearch.
2023-09-17 21:07:48,799: INFO     vsearch v2.22.1_linux_x86_64, 376.1GB RAM, 96 cores
https://github.com/torognes/vsearch

Dereplicating file s12834_1_ITS_UNSW_AACGAGAACTGA_AAUF6_S46_L001_R1.fastq.gz 100%
62549089 nt in 207988 seqs, min 126, max 301, avg 301
Sorting 100%
110499 unique sequences, avg cluster 1.9, median 1, max 8858
Writing FASTA output file 100%
Writing uc file, first part 100%
Writing uc file, second part 100%

2023-09-17 21:07:48,800: INFO     Searching for ITS start and stop sites using HMMSearch. This step takes a while.
2023-09-17 21:46:10,136: INFO     Parsing HMM results.
2023-09-17 21:47:35,208: INFO     Counting reads after trimming.
2023-09-17 21:47:36,018: INFO     Total number of reads in file s12834_1_ITS_UNSW_AACGAGAACTGA_AAUF6_S46_L001_R1.fastq.gz is 207988.
2023-09-17 21:47:36,422: INFO     Total number of reads in file /data/group/frankslab/project/LFlorence/MycorrhizasAustralianForests/data/AusMicrobiome/ITS/02.ITS_extracted/run22/s12834_1_ITS_UNSW_AACGAGAACTGA_AAUF6_S46_L001_R1.fastq.gz is 183738.
2023-09-17 21:47:36,422: INFO     ITSxpress ran in 00:39:54
No module named 'q2_types'.Could not initialize the Qiime plugin portion of ITSxpress. Command line ITSxpress will still work normally. If you wish to use the Qiime2 ITSxpress plugin, you need to install Qiime2 first into your environment.

2023-09-17 21:47:38,550: INFO     Verifying the input sequences.
2023-09-17 21:47:47,027: INFO     Sequences are assumed to be single-end.
2023-09-17 21:47:47,027: INFO     Temporary directory is: /tmp/itsxpress_p5m87oo8
2023-09-17 21:47:47,027: INFO     Unique sequences are being written to a temporary FASTA file with Vsearch.
2023-09-17 21:47:49,008: INFO     vsearch v2.22.1_linux_x86_64, 376.1GB RAM, 96 cores
https://github.com/torognes/vsearch

Dereplicating file s12835_1_ITS_UNSW_CGAGTTGTAGCG_AAUF6_S56_L001_R1.fastq.gz 100%
98746361 nt in 328362 seqs, min 121, max 301, avg 301
Sorting 100%
162373 unique sequences, avg cluster 2.0, median 1, max 16354
Writing FASTA output file 100%
Writing uc file, first part 100%
Writing uc file, second part 100%

2023-09-17 21:47:49,008: INFO     Searching for ITS start and stop sites using HMMSearch. This step takes a while.
2023-09-17 22:43:29,594: INFO     Parsing HMM results.
2023-09-17 22:45:34,710: INFO     Counting reads after trimming.
2023-09-17 22:45:35,990: INFO     Total number of reads in file s12835_1_ITS_UNSW_CGAGTTGTAGCG_AAUF6_S56_L001_R1.fastq.gz is 328362.
2023-09-17 22:45:36,564: INFO     Total number of reads in file /data/group/frankslab/project/LFlorence/MycorrhizasAustralianForests/data/AusMicrobiome/ITS/02.ITS_extracted/run22/s12835_1_ITS_UNSW_CGAGTTGTAGCG_AAUF6_S56_L001_R1.fastq.gz is 279162.
2023-09-17 22:45:36,564: INFO     ITSxpress ran in 00:57:58
No module named 'q2_types'.Could not initialize the Qiime plugin portion of ITSxpress. Command line ITSxpress will still work normally. If you wish to use the Qiime2 ITSxpress plugin, you need to install Qiime2 first into your environment.

2023-09-17 22:45:38,950: INFO     Verifying the input sequences.
2023-09-17 22:45:44,701: INFO     Sequences are assumed to be single-end.
2023-09-17 22:45:44,702: INFO     Temporary directory is: /tmp/itsxpress_bf5i9ncv
2023-09-17 22:45:44,702: INFO     Unique sequences are being written to a temporary FASTA file with Vsearch.
2023-09-17 22:45:46,077: INFO     vsearch v2.22.1_linux_x86_64, 376.1GB RAM, 96 cores
https://github.com/torognes/vsearch

Dereplicating file s12836_1_ITS_UNSW_AACCGCGGTCAA_AAUF6_S63_L001_R1.fastq.gz 100%
68306654 nt in 227155 seqs, min 153, max 301, avg 301
Sorting 100%
120663 unique sequences, avg cluster 1.9, median 1, max 6135
Writing FASTA output file 100%
Writing uc file, first part 100%
Writing uc file, second part 100%

2023-09-17 22:45:46,077: INFO     Searching for ITS start and stop sites using HMMSearch. This step takes a while.
2023-09-17 23:28:15,494: INFO     Parsing HMM results.
2023-09-17 23:29:49,221: INFO     Counting reads after trimming.
2023-09-17 23:29:50,100: INFO     Total number of reads in file s12836_1_ITS_UNSW_AACCGCGGTCAA_AAUF6_S63_L001_R1.fastq.gz is 227155.
2023-09-17 23:29:50,530: INFO     Total number of reads in file /data/group/frankslab/project/LFlorence/MycorrhizasAustralianForests/data/AusMicrobiome/ITS/02.ITS_extracted/run22/s12836_1_ITS_UNSW_AACCGCGGTCAA_AAUF6_S63_L001_R1.fastq.gz is 203664.
2023-09-17 23:29:50,530: INFO     ITSxpress ran in 00:44:11
No module named 'q2_types'.Could not initialize the Qiime plugin portion of ITSxpress. Command line ITSxpress will still work normally. If you wish to use the Qiime2 ITSxpress plugin, you need to install Qiime2 first into your environment.

2023-09-17 23:29:52,794: INFO     Verifying the input sequences.
2023-09-17 23:30:00,571: INFO     Sequences are assumed to be single-end.
2023-09-17 23:30:00,572: INFO     Temporary directory is: /tmp/itsxpress_p5e0z9_u
2023-09-17 23:30:00,572: INFO     Unique sequences are being written to a temporary FASTA file with Vsearch.
2023-09-17 23:30:02,496: INFO     vsearch v2.22.1_linux_x86_64, 376.1GB RAM, 96 cores
https://github.com/torognes/vsearch

Dereplicating file s13265_1_ITS_UNSW_TAGCGGATCACG_AAUF6_S32_L001_R1.fastq.gz 100%
92529492 nt in 307784 seqs, min 113, max 301, avg 301
Sorting 100%
159423 unique sequences, avg cluster 1.9, median 1, max 10438
Writing FASTA output file 100%
Writing uc file, first part 100%
Writing uc file, second part 100%

2023-09-17 23:30:02,496: INFO     Searching for ITS start and stop sites using HMMSearch. This step takes a while.
2023-09-18 00:21:25,238: INFO     Parsing HMM results.
2023-09-18 00:23:29,028: INFO     Counting reads after trimming.
2023-09-18 00:23:30,239: INFO     Total number of reads in file s13265_1_ITS_UNSW_TAGCGGATCACG_AAUF6_S32_L001_R1.fastq.gz is 307784.
2023-09-18 00:23:30,851: INFO     Total number of reads in file /data/group/frankslab/project/LFlorence/MycorrhizasAustralianForests/data/AusMicrobiome/ITS/02.ITS_extracted/run22/s13265_1_ITS_UNSW_TAGCGGATCACG_AAUF6_S32_L001_R1.fastq.gz is 282047.
2023-09-18 00:23:30,851: INFO     ITSxpress ran in 00:53:38
No module named 'q2_types'.Could not initialize the Qiime plugin portion of ITSxpress. Command line ITSxpress will still work normally. If you wish to use the Qiime2 ITSxpress plugin, you need to install Qiime2 first into your environment.

2023-09-18 00:23:33,234: INFO     Verifying the input sequences.
2023-09-18 00:23:37,940: INFO     Sequences are assumed to be single-end.
2023-09-18 00:23:37,941: INFO     Temporary directory is: /tmp/itsxpress_7ml5vth4
2023-09-18 00:23:37,941: INFO     Unique sequences are being written to a temporary FASTA file with Vsearch.
2023-09-18 00:23:39,084: INFO     vsearch v2.22.1_linux_x86_64, 376.1GB RAM, 96 cores
https://github.com/torognes/vsearch

Dereplicating file s13266_1_ITS_UNSW_CCATACATAGCT_AAUF6_S42_L001_R1.fastq.gz 100%
57979141 nt in 193097 seqs, min 116, max 301, avg 300
Sorting 100%
92561 unique sequences, avg cluster 2.1, median 1, max 22665
Writing FASTA output file 100%
Writing uc file, first part 100%
Writing uc file, second part 100%

2023-09-18 00:23:39,084: INFO     Searching for ITS start and stop sites using HMMSearch. This step takes a while.
2023-09-18 00:56:01,474: INFO     Parsing HMM results.
2023-09-18 00:57:12,492: INFO     Counting reads after trimming.
2023-09-18 00:57:13,228: INFO     Total number of reads in file s13266_1_ITS_UNSW_CCATACATAGCT_AAUF6_S42_L001_R1.fastq.gz is 193097.
2023-09-18 00:57:13,580: INFO     Total number of reads in file /data/group/frankslab/project/LFlorence/MycorrhizasAustralianForests/data/AusMicrobiome/ITS/02.ITS_extracted/run22/s13266_1_ITS_UNSW_CCATACATAGCT_AAUF6_S42_L001_R1.fastq.gz is 181658.
2023-09-18 00:57:13,580: INFO     ITSxpress ran in 00:33:40
No module named 'q2_types'.Could not initialize the Qiime plugin portion of ITSxpress. Command line ITSxpress will still work normally. If you wish to use the Qiime2 ITSxpress plugin, you need to install Qiime2 first into your environment.

2023-09-18 00:57:15,774: INFO     Verifying the input sequences.
2023-09-18 00:57:19,567: INFO     Sequences are assumed to be single-end.
2023-09-18 00:57:19,568: INFO     Temporary directory is: /tmp/itsxpress_vgk_4l_6
2023-09-18 00:57:19,568: INFO     Unique sequences are being written to a temporary FASTA file with Vsearch.
2023-09-18 00:57:20,495: INFO     vsearch v2.22.1_linux_x86_64, 376.1GB RAM, 96 cores
https://github.com/torognes/vsearch

Dereplicating file s13267_1_ITS_UNSW_TAAGGTAAGGTG_AAUF6_S52_L001_R1.fastq.gz 100%
44880132 nt in 149284 seqs, min 124, max 301, avg 301
Sorting 100%
76920 unique sequences, avg cluster 1.9, median 1, max 3469
Writing FASTA output file 100%
Writing uc file, first part 100%
Writing uc file, second part 100%

2023-09-18 00:57:20,495: INFO     Searching for ITS start and stop sites using HMMSearch. This step takes a while.
2023-09-18 01:24:38,162: INFO     Parsing HMM results.
2023-09-18 01:25:37,879: INFO     Counting reads after trimming.
2023-09-18 01:25:38,454: INFO     Total number of reads in file s13267_1_ITS_UNSW_TAAGGTAAGGTG_AAUF6_S52_L001_R1.fastq.gz is 149284.
2023-09-18 01:25:38,728: INFO     Total number of reads in file /data/group/frankslab/project/LFlorence/MycorrhizasAustralianForests/data/AusMicrobiome/ITS/02.ITS_extracted/run22/s13267_1_ITS_UNSW_TAAGGTAAGGTG_AAUF6_S52_L001_R1.fastq.gz is 135503.
2023-09-18 01:25:38,728: INFO     ITSxpress ran in 00:28:22
No module named 'q2_types'.Could not initialize the Qiime plugin portion of ITSxpress. Command line ITSxpress will still work normally. If you wish to use the Qiime2 ITSxpress plugin, you need to install Qiime2 first into your environment.

2023-09-18 01:25:40,784: INFO     Verifying the input sequences.
2023-09-18 01:25:44,773: INFO     Sequences are assumed to be single-end.
2023-09-18 01:25:44,774: INFO     Temporary directory is: /tmp/itsxpress_sagufdgt
2023-09-18 01:25:44,774: INFO     Unique sequences are being written to a temporary FASTA file with Vsearch.
2023-09-18 01:25:45,744: INFO     vsearch v2.22.1_linux_x86_64, 376.1GB RAM, 96 cores
https://github.com/torognes/vsearch

Dereplicating file s13268_1_ITS_UNSW_CGGGTTTGACGA_AAUF6_S59_L001_R1.fastq.gz 100%
47645281 nt in 158509 seqs, min 125, max 301, avg 301
Sorting 100%
81921 unique sequences, avg cluster 1.9, median 1, max 7153
Writing FASTA output file 100%
Writing uc file, first part 100%
Writing uc file, second part 100%

2023-09-18 01:25:45,744: INFO     Searching for ITS start and stop sites using HMMSearch. This step takes a while.
2023-09-18 01:55:23,146: INFO     Parsing HMM results.
2023-09-18 01:56:29,125: INFO     Counting reads after trimming.
2023-09-18 01:56:29,737: INFO     Total number of reads in file s13268_1_ITS_UNSW_CGGGTTTGACGA_AAUF6_S59_L001_R1.fastq.gz is 158509.
2023-09-18 01:56:30,025: INFO     Total number of reads in file /data/group/frankslab/project/LFlorence/MycorrhizasAustralianForests/data/AusMicrobiome/ITS/02.ITS_extracted/run22/s13268_1_ITS_UNSW_CGGGTTTGACGA_AAUF6_S59_L001_R1.fastq.gz is 146162.
2023-09-18 01:56:30,025: INFO     ITSxpress ran in 00:30:49
No module named 'q2_types'.Could not initialize the Qiime plugin portion of ITSxpress. Command line ITSxpress will still work normally. If you wish to use the Qiime2 ITSxpress plugin, you need to install Qiime2 first into your environment.

2023-09-18 01:56:32,166: INFO     Verifying the input sequences.
2023-09-18 01:56:53,285: INFO     Sequences are assumed to be single-end.
2023-09-18 01:56:53,285: INFO     Temporary directory is: /tmp/itsxpress__go0g1yf
2023-09-18 01:56:53,285: INFO     Unique sequences are being written to a temporary FASTA file with Vsearch.
2023-09-18 01:56:58,542: INFO     vsearch v2.22.1_linux_x86_64, 376.1GB RAM, 96 cores
https://github.com/torognes/vsearch

Dereplicating file s13269_1_ITS_UNSW_AGCCGGCACATA_AAUF6_S68_L001_R1.fastq.gz 100%
252009859 nt in 838103 seqs, min 114, max 301, avg 301
Sorting 100%
350475 unique sequences, avg cluster 2.4, median 1, max 25535
Writing FASTA output file 100%
Writing uc file, first part 100%
Writing uc file, second part 100%

2023-09-18 01:56:58,542: INFO     Searching for ITS start and stop sites using HMMSearch. This step takes a while.
2023-09-18 04:04:08,480: INFO     Parsing HMM results.
2023-09-18 04:09:01,959: INFO     Counting reads after trimming.
2023-09-18 04:09:05,214: INFO     Total number of reads in file s13269_1_ITS_UNSW_AGCCGGCACATA_AAUF6_S68_L001_R1.fastq.gz is 838103.
2023-09-18 04:09:06,621: INFO     Total number of reads in file /data/group/frankslab/project/LFlorence/MycorrhizasAustralianForests/data/AusMicrobiome/ITS/02.ITS_extracted/run22/s13269_1_ITS_UNSW_AGCCGGCACATA_AAUF6_S68_L001_R1.fastq.gz is 778274.
2023-09-18 04:09:06,621: INFO     ITSxpress ran in 02:12:34
No module named 'q2_types'.Could not initialize the Qiime plugin portion of ITSxpress. Command line ITSxpress will still work normally. If you wish to use the Qiime2 ITSxpress plugin, you need to install Qiime2 first into your environment.

2023-09-18 04:09:09,674: INFO     Verifying the input sequences.
2023-09-18 04:09:13,231: INFO     Sequences are assumed to be single-end.
2023-09-18 04:09:13,232: INFO     Temporary directory is: /tmp/itsxpress_os82bidq
2023-09-18 04:09:13,232: INFO     Unique sequences are being written to a temporary FASTA file with Vsearch.
2023-09-18 04:09:14,025: INFO     vsearch v2.22.1_linux_x86_64, 376.1GB RAM, 96 cores
https://github.com/torognes/vsearch

Dereplicating file s13270_1_ITS_UNSW_GCTTCGGTAGAT_AAUF6_S7_L001_R1.fastq.gz 100%
41441492 nt in 137970 seqs, min 114, max 301, avg 300
Sorting 100%
71118 unique sequences, avg cluster 1.9, median 1, max 3975
Writing FASTA output file 100%
Writing uc file, first part 100%
Writing uc file, second part 100%

2023-09-18 04:09:14,026: INFO     Searching for ITS start and stop sites using HMMSearch. This step takes a while.
2023-09-18 04:32:52,143: INFO     Parsing HMM results.
2023-09-18 04:33:42,472: INFO     Counting reads after trimming.
2023-09-18 04:33:42,990: INFO     Total number of reads in file s13270_1_ITS_UNSW_GCTTCGGTAGAT_AAUF6_S7_L001_R1.fastq.gz is 137970.
2023-09-18 04:33:43,241: INFO     Total number of reads in file /data/group/frankslab/project/LFlorence/MycorrhizasAustralianForests/data/AusMicrobiome/ITS/02.ITS_extracted/run22/s13270_1_ITS_UNSW_GCTTCGGTAGAT_AAUF6_S7_L001_R1.fastq.gz is 124121.
2023-09-18 04:33:43,241: INFO     ITSxpress ran in 00:24:33
No module named 'q2_types'.Could not initialize the Qiime plugin portion of ITSxpress. Command line ITSxpress will still work normally. If you wish to use the Qiime2 ITSxpress plugin, you need to install Qiime2 first into your environment.

2023-09-18 04:33:45,191: INFO     Verifying the input sequences.
2023-09-18 04:33:47,992: INFO     Sequences are assumed to be single-end.
2023-09-18 04:33:47,993: INFO     Temporary directory is: /tmp/itsxpress_4k6myg1k
2023-09-18 04:33:47,993: INFO     Unique sequences are being written to a temporary FASTA file with Vsearch.
2023-09-18 04:33:48,609: INFO     vsearch v2.22.1_linux_x86_64, 376.1GB RAM, 96 cores
https://github.com/torognes/vsearch

Dereplicating file s13271_1_ITS_UNSW_GAATGATGAGTG_AAUF6_S15_L001_R1.fastq.gz 100%
33143436 nt in 110383 seqs, min 126, max 301, avg 300
Sorting 100%
57704 unique sequences, avg cluster 1.9, median 1, max 5154
Writing FASTA output file 100%
Writing uc file, first part 100%
Writing uc file, second part 100%

2023-09-18 04:33:48,609: INFO     Searching for ITS start and stop sites using HMMSearch. This step takes a while.
2023-09-18 04:52:59,155: INFO     Parsing HMM results.
2023-09-18 04:53:38,434: INFO     Counting reads after trimming.
2023-09-18 04:53:38,852: INFO     Total number of reads in file s13271_1_ITS_UNSW_GAATGATGAGTG_AAUF6_S15_L001_R1.fastq.gz is 110383.
2023-09-18 04:53:39,062: INFO     Total number of reads in file /data/group/frankslab/project/LFlorence/MycorrhizasAustralianForests/data/AusMicrobiome/ITS/02.ITS_extracted/run22/s13271_1_ITS_UNSW_GAATGATGAGTG_AAUF6_S15_L001_R1.fastq.gz is 99127.
2023-09-18 04:53:39,062: INFO     ITSxpress ran in 00:19:53
No module named 'q2_types'.Could not initialize the Qiime plugin portion of ITSxpress. Command line ITSxpress will still work normally. If you wish to use the Qiime2 ITSxpress plugin, you need to install Qiime2 first into your environment.

2023-09-18 04:53:41,267: INFO     Verifying the input sequences.
2023-09-18 04:53:46,438: INFO     Sequences are assumed to be single-end.
2023-09-18 04:53:46,439: INFO     Temporary directory is: /tmp/itsxpress_uh95cfh4
2023-09-18 04:53:46,439: INFO     Unique sequences are being written to a temporary FASTA file with Vsearch.
2023-09-18 04:53:47,600: INFO     vsearch v2.22.1_linux_x86_64, 376.1GB RAM, 96 cores
https://github.com/torognes/vsearch

Dereplicating file s13272_1_ITS_UNSW_ACGGCATGGCAT_AAUF6_S24_L001_R1.fastq.gz 100%
61097185 nt in 203248 seqs, min 127, max 301, avg 301
Sorting 100%
101841 unique sequences, avg cluster 2.0, median 1, max 6433
Writing FASTA output file 100%
Writing uc file, first part 100%
Writing uc file, second part 100%

2023-09-18 04:53:47,600: INFO     Searching for ITS start and stop sites using HMMSearch. This step takes a while.
2023-09-18 05:28:54,966: INFO     Parsing HMM results.
2023-09-18 05:30:12,678: INFO     Counting reads after trimming.
2023-09-18 05:30:13,446: INFO     Total number of reads in file s13272_1_ITS_UNSW_ACGGCATGGCAT_AAUF6_S24_L001_R1.fastq.gz is 203248.
2023-09-18 05:30:13,838: INFO     Total number of reads in file /data/group/frankslab/project/LFlorence/MycorrhizasAustralianForests/data/AusMicrobiome/ITS/02.ITS_extracted/run22/s13272_1_ITS_UNSW_ACGGCATGGCAT_AAUF6_S24_L001_R1.fastq.gz is 194632.
2023-09-18 05:30:13,838: INFO     ITSxpress ran in 00:36:32
No module named 'q2_types'.Could not initialize the Qiime plugin portion of ITSxpress. Command line ITSxpress will still work normally. If you wish to use the Qiime2 ITSxpress plugin, you need to install Qiime2 first into your environment.

2023-09-18 05:30:15,920: INFO     Verifying the input sequences.
2023-09-18 05:30:22,810: INFO     Sequences are assumed to be single-end.
2023-09-18 05:30:22,811: INFO     Temporary directory is: /tmp/itsxpress_khflcdtt
2023-09-18 05:30:22,811: INFO     Unique sequences are being written to a temporary FASTA file with Vsearch.
2023-09-18 05:30:24,403: INFO     vsearch v2.22.1_linux_x86_64, 376.1GB RAM, 96 cores
https://github.com/torognes/vsearch

Dereplicating file s13273_1_ITS_UNSW_CGCCAAATAACC_AAUF6_S33_L001_R1.fastq.gz 100%
80911300 nt in 269189 seqs, min 114, max 301, avg 301
Sorting 100%
133299 unique sequences, avg cluster 2.0, median 1, max 8657
Writing FASTA output file 100%
Writing uc file, first part 100%
Writing uc file, second part 100%

2023-09-18 05:30:24,403: INFO     Searching for ITS start and stop sites using HMMSearch. This step takes a while.
2023-09-18 06:16:18,850: INFO     Parsing HMM results.
2023-09-18 06:18:02,140: INFO     Counting reads after trimming.
2023-09-18 06:18:03,176: INFO     Total number of reads in file s13273_1_ITS_UNSW_CGCCAAATAACC_AAUF6_S33_L001_R1.fastq.gz is 269189.
2023-09-18 06:18:03,698: INFO     Total number of reads in file /data/group/frankslab/project/LFlorence/MycorrhizasAustralianForests/data/AusMicrobiome/ITS/02.ITS_extracted/run22/s13273_1_ITS_UNSW_CGCCAAATAACC_AAUF6_S33_L001_R1.fastq.gz is 251538.
2023-09-18 06:18:03,699: INFO     ITSxpress ran in 00:47:47
No module named 'q2_types'.Could not initialize the Qiime plugin portion of ITSxpress. Command line ITSxpress will still work normally. If you wish to use the Qiime2 ITSxpress plugin, you need to install Qiime2 first into your environment.

2023-09-18 06:18:05,832: INFO     Verifying the input sequences.
2023-09-18 06:18:14,950: INFO     Sequences are assumed to be single-end.
2023-09-18 06:18:14,951: INFO     Temporary directory is: /tmp/itsxpress_ofej9nrs
2023-09-18 06:18:14,951: INFO     Unique sequences are being written to a temporary FASTA file with Vsearch.
2023-09-18 06:18:17,095: INFO     vsearch v2.22.1_linux_x86_64, 376.1GB RAM, 96 cores
https://github.com/torognes/vsearch

Dereplicating file s13274_1_ITS_UNSW_ATGATGACCCGT_AAUF6_S43_L001_R1.fastq.gz 100%
107844551 nt in 359003 seqs, min 70, max 301, avg 300
Sorting 100%
178089 unique sequences, avg cluster 2.0, median 1, max 23239
Writing FASTA output file 100%
Writing uc file, first part 100%
Writing uc file, second part 100%

2023-09-18 06:18:17,095: INFO     Searching for ITS start and stop sites using HMMSearch. This step takes a while.
2023-09-18 07:20:26,301: INFO     Parsing HMM results.
2023-09-18 07:22:48,868: INFO     Counting reads after trimming.
2023-09-18 07:22:50,246: INFO     Total number of reads in file s13274_1_ITS_UNSW_ATGATGACCCGT_AAUF6_S43_L001_R1.fastq.gz is 359003.
2023-09-18 07:22:50,938: INFO     Total number of reads in file /data/group/frankslab/project/LFlorence/MycorrhizasAustralianForests/data/AusMicrobiome/ITS/02.ITS_extracted/run22/s13274_1_ITS_UNSW_ATGATGACCCGT_AAUF6_S43_L001_R1.fastq.gz is 339507.
2023-09-18 07:22:50,938: INFO     ITSxpress ran in 01:04:45
No module named 'q2_types'.Could not initialize the Qiime plugin portion of ITSxpress. Command line ITSxpress will still work normally. If you wish to use the Qiime2 ITSxpress plugin, you need to install Qiime2 first into your environment.

2023-09-18 07:22:53,293: INFO     Verifying the input sequences.
2023-09-18 07:22:59,419: INFO     Sequences are assumed to be single-end.
2023-09-18 07:22:59,419: INFO     Temporary directory is: /tmp/itsxpress_6dpakf3k
2023-09-18 07:22:59,419: INFO     Unique sequences are being written to a temporary FASTA file with Vsearch.
2023-09-18 07:23:00,818: INFO     vsearch v2.22.1_linux_x86_64, 376.1GB RAM, 96 cores
https://github.com/torognes/vsearch

Dereplicating file s13275_1_ITS_UNSW_CAGGAAGGTTAA_AAUF6_S53_L001_R1.fastq.gz 100%
73938226 nt in 245830 seqs, min 114, max 301, avg 301
Sorting 100%
118959 unique sequences, avg cluster 2.1, median 1, max 7674
Writing FASTA output file 100%
Writing uc file, first part 100%
Writing uc file, second part 100%

2023-09-18 07:23:00,819: INFO     Searching for ITS start and stop sites using HMMSearch. This step takes a while.
2023-09-18 08:04:17,943: INFO     Parsing HMM results.
2023-09-18 08:05:50,851: INFO     Counting reads after trimming.
2023-09-18 08:05:51,776: INFO     Total number of reads in file s13275_1_ITS_UNSW_CAGGAAGGTTAA_AAUF6_S53_L001_R1.fastq.gz is 245830.
2023-09-18 08:05:52,255: INFO     Total number of reads in file /data/group/frankslab/project/LFlorence/MycorrhizasAustralianForests/data/AusMicrobiome/ITS/02.ITS_extracted/run22/s13275_1_ITS_UNSW_CAGGAAGGTTAA_AAUF6_S53_L001_R1.fastq.gz is 230042.
2023-09-18 08:05:52,255: INFO     ITSxpress ran in 00:42:58
No module named 'q2_types'.Could not initialize the Qiime plugin portion of ITSxpress. Command line ITSxpress will still work normally. If you wish to use the Qiime2 ITSxpress plugin, you need to install Qiime2 first into your environment.

2023-09-18 08:05:54,266: INFO     Verifying the input sequences.
2023-09-18 08:05:59,420: INFO     Sequences are assumed to be single-end.
2023-09-18 08:05:59,421: INFO     Temporary directory is: /tmp/itsxpress_xajlbcr3
2023-09-18 08:05:59,421: INFO     Unique sequences are being written to a temporary FASTA file with Vsearch.
2023-09-18 08:06:00,609: INFO     vsearch v2.22.1_linux_x86_64, 376.1GB RAM, 96 cores
https://github.com/torognes/vsearch

Dereplicating file s13276_1_ITS_UNSW_TGGCACCGATTA_AAUF6_S60_L001_R1.fastq.gz 100%
60581914 nt in 201503 seqs, min 147, max 301, avg 301
Sorting 100%
105764 unique sequences, avg cluster 1.9, median 1, max 3918
Writing FASTA output file 100%
Writing uc file, first part 100%
Writing uc file, second part 100%

2023-09-18 08:06:00,610: INFO     Searching for ITS start and stop sites using HMMSearch. This step takes a while.
2023-09-18 08:41:32,907: INFO     Parsing HMM results.
2023-09-18 08:42:56,006: INFO     Counting reads after trimming.
2023-09-18 08:42:56,785: INFO     Total number of reads in file s13276_1_ITS_UNSW_TGGCACCGATTA_AAUF6_S60_L001_R1.fastq.gz is 201503.
2023-09-18 08:42:57,203: INFO     Total number of reads in file /data/group/frankslab/project/LFlorence/MycorrhizasAustralianForests/data/AusMicrobiome/ITS/02.ITS_extracted/run22/s13276_1_ITS_UNSW_TGGCACCGATTA_AAUF6_S60_L001_R1.fastq.gz is 185860.
2023-09-18 08:42:57,203: INFO     ITSxpress ran in 00:37:02
No module named 'q2_types'.Could not initialize the Qiime plugin portion of ITSxpress. Command line ITSxpress will still work normally. If you wish to use the Qiime2 ITSxpress plugin, you need to install Qiime2 first into your environment.

2023-09-18 08:42:59,130: INFO     Verifying the input sequences.
2023-09-18 08:43:03,759: INFO     Sequences are assumed to be single-end.
2023-09-18 08:43:03,760: INFO     Temporary directory is: /tmp/itsxpress_2hnl3l1m
2023-09-18 08:43:03,760: INFO     Unique sequences are being written to a temporary FASTA file with Vsearch.
2023-09-18 08:43:04,843: INFO     vsearch v2.22.1_linux_x86_64, 376.1GB RAM, 96 cores
https://github.com/torognes/vsearch

Dereplicating file s13277_1_ITS_UNSW_ACGATGCGACCA_AAUF6_S69_L001_R1.fastq.gz 100%
55068441 nt in 183134 seqs, min 116, max 301, avg 301
Sorting 100%
97950 unique sequences, avg cluster 1.9, median 1, max 3534
Writing FASTA output file 100%
Writing uc file, first part 100%
Writing uc file, second part 100%

2023-09-18 08:43:04,843: INFO     Searching for ITS start and stop sites using HMMSearch. This step takes a while.
2023-09-18 09:16:37,923: INFO     Parsing HMM results.
2023-09-18 09:17:51,686: INFO     Counting reads after trimming.
2023-09-18 09:17:52,388: INFO     Total number of reads in file s13277_1_ITS_UNSW_ACGATGCGACCA_AAUF6_S69_L001_R1.fastq.gz is 183134.
2023-09-18 09:17:52,751: INFO     Total number of reads in file /data/group/frankslab/project/LFlorence/MycorrhizasAustralianForests/data/AusMicrobiome/ITS/02.ITS_extracted/run22/s13277_1_ITS_UNSW_ACGATGCGACCA_AAUF6_S69_L001_R1.fastq.gz is 167951.
2023-09-18 09:17:52,751: INFO     ITSxpress ran in 00:34:53
No module named 'q2_types'.Could not initialize the Qiime plugin portion of ITSxpress. Command line ITSxpress will still work normally. If you wish to use the Qiime2 ITSxpress plugin, you need to install Qiime2 first into your environment.

2023-09-18 09:17:54,659: INFO     Verifying the input sequences.
2023-09-18 09:18:01,245: INFO     Sequences are assumed to be single-end.
2023-09-18 09:18:01,246: INFO     Temporary directory is: /tmp/itsxpress_0mgzxty3
2023-09-18 09:18:01,246: INFO     Unique sequences are being written to a temporary FASTA file with Vsearch.
2023-09-18 09:18:02,777: INFO     vsearch v2.22.1_linux_x86_64, 376.1GB RAM, 96 cores
https://github.com/torognes/vsearch

Dereplicating file s13278_1_ITS_UNSW_CTTACACCAAGT_AAUF6_S8_L001_R1.fastq.gz 100%
77167098 nt in 256683 seqs, min 126, max 301, avg 301
Sorting 100%
131865 unique sequences, avg cluster 1.9, median 1, max 5763
Writing FASTA output file 100%
Writing uc file, first part 100%
Writing uc file, second part 100%

2023-09-18 09:18:02,778: INFO     Searching for ITS start and stop sites using HMMSearch. This step takes a while.
2023-09-18 10:02:16,094: INFO     Parsing HMM results.
2023-09-18 10:03:55,763: INFO     Counting reads after trimming.
2023-09-18 10:03:56,757: INFO     Total number of reads in file s13278_1_ITS_UNSW_CTTACACCAAGT_AAUF6_S8_L001_R1.fastq.gz is 256683.
2023-09-18 10:03:57,263: INFO     Total number of reads in file /data/group/frankslab/project/LFlorence/MycorrhizasAustralianForests/data/AusMicrobiome/ITS/02.ITS_extracted/run22/s13278_1_ITS_UNSW_CTTACACCAAGT_AAUF6_S8_L001_R1.fastq.gz is 232919.
2023-09-18 10:03:57,263: INFO     ITSxpress ran in 00:46:02
No module named 'q2_types'.Could not initialize the Qiime plugin portion of ITSxpress. Command line ITSxpress will still work normally. If you wish to use the Qiime2 ITSxpress plugin, you need to install Qiime2 first into your environment.

2023-09-18 10:03:59,290: INFO     Verifying the input sequences.
2023-09-18 10:04:03,804: INFO     Sequences are assumed to be single-end.
2023-09-18 10:04:03,804: INFO     Temporary directory is: /tmp/itsxpress_167dy0vv
2023-09-18 10:04:03,804: INFO     Unique sequences are being written to a temporary FASTA file with Vsearch.
2023-09-18 10:04:04,730: INFO     vsearch v2.22.1_linux_x86_64, 376.1GB RAM, 96 cores
https://github.com/torognes/vsearch

Dereplicating file s13279_1_ITS_UNSW_CGTCCGAAATAC_AAUF6_S16_L001_R1.fastq.gz 100%
48613191 nt in 161650 seqs, min 115, max 301, avg 301
Sorting 100%
83802 unique sequences, avg cluster 1.9, median 1, max 6700
Writing FASTA output file 100%
Writing uc file, first part 100%
Writing uc file, second part 100%

2023-09-18 10:04:04,731: INFO     Searching for ITS start and stop sites using HMMSearch. This step takes a while.
2023-09-18 10:32:53,336: INFO     Parsing HMM results.
2023-09-18 10:33:58,837: INFO     Counting reads after trimming.
2023-09-18 10:33:59,471: INFO     Total number of reads in file s13279_1_ITS_UNSW_CGTCCGAAATAC_AAUF6_S16_L001_R1.fastq.gz is 161650.
2023-09-18 10:33:59,789: INFO     Total number of reads in file /data/group/frankslab/project/LFlorence/MycorrhizasAustralianForests/data/AusMicrobiome/ITS/02.ITS_extracted/run22/s13279_1_ITS_UNSW_CGTCCGAAATAC_AAUF6_S16_L001_R1.fastq.gz is 145946.
2023-09-18 10:33:59,790: INFO     ITSxpress ran in 00:30:00
No module named 'q2_types'.Could not initialize the Qiime plugin portion of ITSxpress. Command line ITSxpress will still work normally. If you wish to use the Qiime2 ITSxpress plugin, you need to install Qiime2 first into your environment.

2023-09-18 10:34:01,778: INFO     Verifying the input sequences.
2023-09-18 10:34:09,935: INFO     Sequences are assumed to be single-end.
2023-09-18 10:34:09,935: INFO     Temporary directory is: /tmp/itsxpress_bbdn3ed4
2023-09-18 10:34:09,935: INFO     Unique sequences are being written to a temporary FASTA file with Vsearch.
2023-09-18 10:34:11,917: INFO     vsearch v2.22.1_linux_x86_64, 376.1GB RAM, 96 cores
https://github.com/torognes/vsearch

Dereplicating file s13280_1_ITS_UNSW_CGTGACAATGTC_AAUF6_S25_L001_R1.fastq.gz 100%
93564108 nt in 311139 seqs, min 116, max 301, avg 301
Sorting 100%
155948 unique sequences, avg cluster 2.0, median 1, max 6577
Writing FASTA output file 100%
Writing uc file, first part 100%
Writing uc file, second part 100%

2023-09-18 10:34:11,917: INFO     Searching for ITS start and stop sites using HMMSearch. This step takes a while.
