402050_16S_KN482_GTCAATTG-AAGCAGCA_S1_L001_R1.fastq.gz: OK
402050_16S_KN482_GTCAATTG-AAGCAGCA_S1_L001_R2.fastq.gz: OK
402050_16S_KN482_GTCAATTG-AAGCAGCA_S1_L001_I2.fastq.gz: OK
AM_16S_UNSW_KN482_checksums.md5: OK
402050_16S_KN482_GTCAATTG-AAGCAGCA_S1_L001_I1.fastq.gz: OK
402051_16S_KN482_GTCAATTG-ACGCGTGA_S2_L001_R2.fastq.gz: OK
402051_16S_KN482_GTCAATTG-ACGCGTGA_S2_L001_I2.fastq.gz: OK
402051_16S_KN482_GTCAATTG-ACGCGTGA_S2_L001_I1.fastq.gz: OK
402051_16S_KN482_GTCAATTG-ACGCGTGA_S2_L001_R1.fastq.gz: OK
AM_16S_UNSW_KN482_checksums.md5: OK
402052_16S_KN482_GTCAATTG-CGATCTAC_S3_L001_I2.fastq.gz: OK
402052_16S_KN482_GTCAATTG-CGATCTAC_S3_L001_R1.fastq.gz: OK
402052_16S_KN482_GTCAATTG-CGATCTAC_S3_L001_R2.fastq.gz: OK
402052_16S_KN482_GTCAATTG-CGATCTAC_S3_L001_I1.fastq.gz: OK
AM_16S_UNSW_KN482_checksums.md5: OK
AM_16S_UNSW_KN482_checksums.md5: OK
402053_16S_KN482_GTCAATTG-ACGACGTG_S4_L001_I2.fastq.gz: OK
402053_16S_KN482_GTCAATTG-ACGACGTG_S4_L001_R2.fastq.gz: OK
402053_16S_KN482_GTCAATTG-ACGACGTG_S4_L001_I1.fastq.gz: OK
402053_16S_KN482_GTCAATTG-ACGACGTG_S4_L001_R1.fastq.gz: OK
402054_16S_KN482_GTCAATTG-GTCTAGTG_S5_L001_R2.fastq.gz: OK
AM_16S_UNSW_KN482_checksums.md5: OK
402054_16S_KN482_GTCAATTG-GTCTAGTG_S5_L001_I1.fastq.gz: OK
402054_16S_KN482_GTCAATTG-GTCTAGTG_S5_L001_I2.fastq.gz: OK
402054_16S_KN482_GTCAATTG-GTCTAGTG_S5_L001_R1.fastq.gz: OK
402055_16S_KN482_GTCAATTG-CTAGTATG_S6_L001_I1.fastq.gz: OK
AM_16S_UNSW_KN482_checksums.md5: OK
402055_16S_KN482_GTCAATTG-CTAGTATG_S6_L001_R2.fastq.gz: OK
402055_16S_KN482_GTCAATTG-CTAGTATG_S6_L001_I2.fastq.gz: OK
402055_16S_KN482_GTCAATTG-CTAGTATG_S6_L001_R1.fastq.gz: OK
402056_16S_KN482_GTCAATTG-GATAGCGT_S7_L001_I1.fastq.gz: OK
402056_16S_KN482_GTCAATTG-GATAGCGT_S7_L001_R2.fastq.gz: OK
402056_16S_KN482_GTCAATTG-GATAGCGT_S7_L001_R1.fastq.gz: OK
402056_16S_KN482_GTCAATTG-GATAGCGT_S7_L001_I2.fastq.gz: OK
AM_16S_UNSW_KN482_checksums.md5: OK
402057_16S_KN482_GTCAATTG-TCTACACT_S8_L001_I1.fastq.gz: OK
402057_16S_KN482_GTCAATTG-TCTACACT_S8_L001_R1.fastq.gz: OK
402057_16S_KN482_GTCAATTG-TCTACACT_S8_L001_I2.fastq.gz: OK
402057_16S_KN482_GTCAATTG-TCTACACT_S8_L001_R2.fastq.gz: OK
AM_16S_UNSW_KN482_checksums.md5: OK
402058_16S_KN482_ATGAGACT-AAGCAGCA_S9_L001_I1.fastq.gz: OK
402058_16S_KN482_ATGAGACT-AAGCAGCA_S9_L001_R1.fastq.gz: OK
402058_16S_KN482_ATGAGACT-AAGCAGCA_S9_L001_R2.fastq.gz: OK
AM_16S_UNSW_KN482_checksums.md5: OK
402058_16S_KN482_ATGAGACT-AAGCAGCA_S9_L001_I2.fastq.gz: OK
402059_16S_KN482_ATGAGACT-ACGCGTGA_S10_L001_R1.fastq.gz: OK
402059_16S_KN482_ATGAGACT-ACGCGTGA_S10_L001_I2.fastq.gz: OK
AM_16S_UNSW_KN482_checksums.md5: OK
402059_16S_KN482_ATGAGACT-ACGCGTGA_S10_L001_R2.fastq.gz: OK
402059_16S_KN482_ATGAGACT-ACGCGTGA_S10_L001_I1.fastq.gz: OK
402060_16S_KN482_ATGAGACT-CGATCTAC_S11_L001_R1.fastq.gz: OK
AM_16S_UNSW_KN482_checksums.md5: OK
402060_16S_KN482_ATGAGACT-CGATCTAC_S11_L001_R2.fastq.gz: OK
402060_16S_KN482_ATGAGACT-CGATCTAC_S11_L001_I1.fastq.gz: OK
402060_16S_KN482_ATGAGACT-CGATCTAC_S11_L001_I2.fastq.gz: OK
402061_16S_KN482_ATGAGACT-ACGACGTG_S12_L001_I2.fastq.gz: OK
AM_16S_UNSW_KN482_checksums.md5: OK
402061_16S_KN482_ATGAGACT-ACGACGTG_S12_L001_I1.fastq.gz: OK
402061_16S_KN482_ATGAGACT-ACGACGTG_S12_L001_R2.fastq.gz: OK
402061_16S_KN482_ATGAGACT-ACGACGTG_S12_L001_R1.fastq.gz: OK
402062_16S_KN482_ATGAGACT-GTCTAGTG_S13_L001_R1.fastq.gz: OK
402062_16S_KN482_ATGAGACT-GTCTAGTG_S13_L001_R2.fastq.gz: OK
AM_16S_UNSW_KN482_checksums.md5: OK
402062_16S_KN482_ATGAGACT-GTCTAGTG_S13_L001_I2.fastq.gz: OK
402062_16S_KN482_ATGAGACT-GTCTAGTG_S13_L001_I1.fastq.gz: OK
AM_16S_UNSW_KN482_checksums.md5: OK
402063_16S_KN482_ATGAGACT-CTAGTATG_S14_L001_I1.fastq.gz: OK
402063_16S_KN482_ATGAGACT-CTAGTATG_S14_L001_R1.fastq.gz: OK
402063_16S_KN482_ATGAGACT-CTAGTATG_S14_L001_I2.fastq.gz: OK
402063_16S_KN482_ATGAGACT-CTAGTATG_S14_L001_R2.fastq.gz: OK
402064_16S_KN482_ATGAGACT-GATAGCGT_S15_L001_I1.fastq.gz: OK
402064_16S_KN482_ATGAGACT-GATAGCGT_S15_L001_R1.fastq.gz: OK
402064_16S_KN482_ATGAGACT-GATAGCGT_S15_L001_I2.fastq.gz: OK
AM_16S_UNSW_KN482_checksums.md5: OK
402064_16S_KN482_ATGAGACT-GATAGCGT_S15_L001_R2.fastq.gz: OK
402065_16S_KN482_ATGAGACT-TCTACACT_S16_L001_R1.fastq.gz: OK
402065_16S_KN482_ATGAGACT-TCTACACT_S16_L001_I2.fastq.gz: OK
402065_16S_KN482_ATGAGACT-TCTACACT_S16_L001_R2.fastq.gz: OK
402065_16S_KN482_ATGAGACT-TCTACACT_S16_L001_I1.fastq.gz: OK
AM_16S_UNSW_KN482_checksums.md5: OK
402066_16S_KN482_GAATCTTC-AAGCAGCA_S17_L001_R1.fastq.gz: OK
402066_16S_KN482_GAATCTTC-AAGCAGCA_S17_L001_I2.fastq.gz: OK
402066_16S_KN482_GAATCTTC-AAGCAGCA_S17_L001_I1.fastq.gz: OK
402066_16S_KN482_GAATCTTC-AAGCAGCA_S17_L001_R2.fastq.gz: OK
AM_16S_UNSW_KN482_checksums.md5: OK
402067_16S_KN482_GAATCTTC-ACGCGTGA_S18_L001_I2.fastq.gz: OK
402067_16S_KN482_GAATCTTC-ACGCGTGA_S18_L001_R1.fastq.gz: OK
402067_16S_KN482_GAATCTTC-ACGCGTGA_S18_L001_R2.fastq.gz: OK
AM_16S_UNSW_KN482_checksums.md5: OK
402067_16S_KN482_GAATCTTC-ACGCGTGA_S18_L001_I1.fastq.gz: OK
402068_16S_KN482_GAATCTTC-CGATCTAC_S19_L001_I2.fastq.gz: OK
AM_16S_UNSW_KN482_checksums.md5: OK
402068_16S_KN482_GAATCTTC-CGATCTAC_S19_L001_R1.fastq.gz: OK
402068_16S_KN482_GAATCTTC-CGATCTAC_S19_L001_R2.fastq.gz: OK
402068_16S_KN482_GAATCTTC-CGATCTAC_S19_L001_I1.fastq.gz: OK
AM_16S_UNSW_KN482_checksums.md5: OK
402069_16S_KN482_GAATCTTC-ACGACGTG_S20_L001_I2.fastq.gz: OK
402069_16S_KN482_GAATCTTC-ACGACGTG_S20_L001_R2.fastq.gz: OK
402069_16S_KN482_GAATCTTC-ACGACGTG_S20_L001_I1.fastq.gz: OK
402069_16S_KN482_GAATCTTC-ACGACGTG_S20_L001_R1.fastq.gz: OK
402070_16S_KN482_GAATCTTC-GTCTAGTG_S21_L001_I2.fastq.gz: OK
402070_16S_KN482_GAATCTTC-GTCTAGTG_S21_L001_I1.fastq.gz: OK
402070_16S_KN482_GAATCTTC-GTCTAGTG_S21_L001_R2.fastq.gz: OK
AM_16S_UNSW_KN482_checksums.md5: OK
402070_16S_KN482_GAATCTTC-GTCTAGTG_S21_L001_R1.fastq.gz: OK
402071_16S_KN482_GAATCTTC-CTAGTATG_S22_L001_I2.fastq.gz: OK
402071_16S_KN482_GAATCTTC-CTAGTATG_S22_L001_R2.fastq.gz: OK
402071_16S_KN482_GAATCTTC-CTAGTATG_S22_L001_R1.fastq.gz: OK
AM_16S_UNSW_KN482_checksums.md5: OK
402071_16S_KN482_GAATCTTC-CTAGTATG_S22_L001_I1.fastq.gz: OK
402072_16S_KN482_GAATCTTC-GATAGCGT_S23_L001_R1.fastq.gz: OK
402072_16S_KN482_GAATCTTC-GATAGCGT_S23_L001_R2.fastq.gz: OK
402072_16S_KN482_GAATCTTC-GATAGCGT_S23_L001_I1.fastq.gz: OK
AM_16S_UNSW_KN482_checksums.md5: OK
402072_16S_KN482_GAATCTTC-GATAGCGT_S23_L001_I2.fastq.gz: OK
402073_16S_KN482_CCAGTGTA-ACGCGTGA_S24_L001_R1.fastq.gz: OK
402073_16S_KN482_CCAGTGTA-ACGCGTGA_S24_L001_I1.fastq.gz: OK
402073_16S_KN482_CCAGTGTA-ACGCGTGA_S24_L001_I2.fastq.gz: OK
402073_16S_KN482_CCAGTGTA-ACGCGTGA_S24_L001_R2.fastq.gz: OK
AM_16S_UNSW_KN482_checksums.md5: OK
402074_16S_KN482_ACACGTAA-AAGCAGCA_S25_L001_I2.fastq.gz: OK
402074_16S_KN482_ACACGTAA-AAGCAGCA_S25_L001_I1.fastq.gz: OK
402074_16S_KN482_ACACGTAA-AAGCAGCA_S25_L001_R2.fastq.gz: OK
402074_16S_KN482_ACACGTAA-AAGCAGCA_S25_L001_R1.fastq.gz: OK
AM_16S_UNSW_KN482_checksums.md5: OK
402075_16S_KN482_ACACGTAA-ACGCGTGA_S26_L001_I2.fastq.gz: OK
AM_16S_UNSW_KN482_checksums.md5: OK
402075_16S_KN482_ACACGTAA-ACGCGTGA_S26_L001_R1.fastq.gz: OK
402075_16S_KN482_ACACGTAA-ACGCGTGA_S26_L001_R2.fastq.gz: OK
402075_16S_KN482_ACACGTAA-ACGCGTGA_S26_L001_I1.fastq.gz: OK
402076_16S_KN482_ACACGTAA-CGATCTAC_S27_L001_I2.fastq.gz: OK
AM_16S_UNSW_KN482_checksums.md5: OK
402076_16S_KN482_ACACGTAA-CGATCTAC_S27_L001_R1.fastq.gz: OK
402076_16S_KN482_ACACGTAA-CGATCTAC_S27_L001_R2.fastq.gz: OK
402076_16S_KN482_ACACGTAA-CGATCTAC_S27_L001_I1.fastq.gz: OK
402077_16S_KN482_ACACGTAA-ACGACGTG_S28_L001_I2.fastq.gz: OK
402077_16S_KN482_ACACGTAA-ACGACGTG_S28_L001_R1.fastq.gz: OK
AM_16S_UNSW_KN482_checksums.md5: OK
402077_16S_KN482_ACACGTAA-ACGACGTG_S28_L001_R2.fastq.gz: OK
402077_16S_KN482_ACACGTAA-ACGACGTG_S28_L001_I1.fastq.gz: OK
402078_16S_KN482_ACACGTAA-GTCTAGTG_S29_L001_I1.fastq.gz: OK
AM_16S_UNSW_KN482_checksums.md5: OK
402078_16S_KN482_ACACGTAA-GTCTAGTG_S29_L001_R2.fastq.gz: OK
402078_16S_KN482_ACACGTAA-GTCTAGTG_S29_L001_R1.fastq.gz: OK
402078_16S_KN482_ACACGTAA-GTCTAGTG_S29_L001_I2.fastq.gz: OK
AM_16S_UNSW_KN482_checksums.md5: OK
402079_16S_KN482_ACACGTAA-CTAGTATG_S30_L001_I1.fastq.gz: OK
402079_16S_KN482_ACACGTAA-CTAGTATG_S30_L001_R2.fastq.gz: OK
402079_16S_KN482_ACACGTAA-CTAGTATG_S30_L001_I2.fastq.gz: OK
402079_16S_KN482_ACACGTAA-CTAGTATG_S30_L001_R1.fastq.gz: OK
AM_16S_UNSW_KN482_checksums.md5: OK
402080_16S_KN482_ACACGTAA-GATAGCGT_S31_L001_R2.fastq.gz: OK
402080_16S_KN482_ACACGTAA-GATAGCGT_S31_L001_I1.fastq.gz: OK
402080_16S_KN482_ACACGTAA-GATAGCGT_S31_L001_R1.fastq.gz: OK
402080_16S_KN482_ACACGTAA-GATAGCGT_S31_L001_I2.fastq.gz: OK
402081_16S_KN482_ACACGTAA-TCTACACT_S32_L001_R2.fastq.gz: OK
402081_16S_KN482_ACACGTAA-TCTACACT_S32_L001_I2.fastq.gz: OK
402081_16S_KN482_ACACGTAA-TCTACACT_S32_L001_R1.fastq.gz: OK
AM_16S_UNSW_KN482_checksums.md5: OK
402081_16S_KN482_ACACGTAA-TCTACACT_S32_L001_I1.fastq.gz: OK
402082_16S_KN482_GAGTGGTA-AAGCAGCA_S33_L001_R1.fastq.gz: OK
402082_16S_KN482_GAGTGGTA-AAGCAGCA_S33_L001_I1.fastq.gz: OK
AM_16S_UNSW_KN482_checksums.md5: OK
402082_16S_KN482_GAGTGGTA-AAGCAGCA_S33_L001_I2.fastq.gz: OK
402082_16S_KN482_GAGTGGTA-AAGCAGCA_S33_L001_R2.fastq.gz: OK
402083_16S_KN482_GAGTGGTA-ACGCGTGA_S34_L001_I1.fastq.gz: OK
402083_16S_KN482_GAGTGGTA-ACGCGTGA_S34_L001_I2.fastq.gz: OK
AM_16S_UNSW_KN482_checksums.md5: OK
402083_16S_KN482_GAGTGGTA-ACGCGTGA_S34_L001_R1.fastq.gz: OK
402083_16S_KN482_GAGTGGTA-ACGCGTGA_S34_L001_R2.fastq.gz: OK
402084_16S_KN482_GAGTGGTA-CGATCTAC_S35_L001_I2.fastq.gz: OK
AM_16S_UNSW_KN482_checksums.md5: OK
402084_16S_KN482_GAGTGGTA-CGATCTAC_S35_L001_I1.fastq.gz: OK
402084_16S_KN482_GAGTGGTA-CGATCTAC_S35_L001_R1.fastq.gz: OK
402084_16S_KN482_GAGTGGTA-CGATCTAC_S35_L001_R2.fastq.gz: OK
AM_16S_UNSW_KN482_checksums.md5: OK
402085_16S_KN482_GAGTGGTA-ACGACGTG_S36_L001_R1.fastq.gz: OK
402085_16S_KN482_GAGTGGTA-ACGACGTG_S36_L001_I2.fastq.gz: OK
402085_16S_KN482_GAGTGGTA-ACGACGTG_S36_L001_I1.fastq.gz: OK
402085_16S_KN482_GAGTGGTA-ACGACGTG_S36_L001_R2.fastq.gz: OK
402086_16S_KN482_GAGTGGTA-GTCTAGTG_S37_L001_I2.fastq.gz: OK
AM_16S_UNSW_KN482_checksums.md5: OK
402086_16S_KN482_GAGTGGTA-GTCTAGTG_S37_L001_I1.fastq.gz: OK
402086_16S_KN482_GAGTGGTA-GTCTAGTG_S37_L001_R1.fastq.gz: OK
402086_16S_KN482_GAGTGGTA-GTCTAGTG_S37_L001_R2.fastq.gz: OK
402087_16S_KN482_GAGTGGTA-CTAGTATG_S38_L001_I1.fastq.gz: OK
402087_16S_KN482_GAGTGGTA-CTAGTATG_S38_L001_I2.fastq.gz: OK
402087_16S_KN482_GAGTGGTA-CTAGTATG_S38_L001_R1.fastq.gz: OK
402087_16S_KN482_GAGTGGTA-CTAGTATG_S38_L001_R2.fastq.gz: OK
AM_16S_UNSW_KN482_checksums.md5: OK
402088_16S_KN482_GAGTGGTA-GATAGCGT_S39_L001_R2.fastq.gz: OK
402088_16S_KN482_GAGTGGTA-GATAGCGT_S39_L001_I1.fastq.gz: OK
402088_16S_KN482_GAGTGGTA-GATAGCGT_S39_L001_R1.fastq.gz: OK
402088_16S_KN482_GAGTGGTA-GATAGCGT_S39_L001_I2.fastq.gz: OK
AM_16S_UNSW_KN482_checksums.md5: OK
402089_16S_KN482_GAGTGGTA-TCTACACT_S40_L001_R2.fastq.gz: OK
402089_16S_KN482_GAGTGGTA-TCTACACT_S40_L001_I1.fastq.gz: OK
402089_16S_KN482_GAGTGGTA-TCTACACT_S40_L001_R1.fastq.gz: OK
AM_16S_UNSW_KN482_checksums.md5: OK
402089_16S_KN482_GAGTGGTA-TCTACACT_S40_L001_I2.fastq.gz: OK
402090_16S_KN482_GAAGTTGG-AAGCAGCA_S41_L001_R2.fastq.gz: OK
402090_16S_KN482_GAAGTTGG-AAGCAGCA_S41_L001_I1.fastq.gz: OK
AM_16S_UNSW_KN482_checksums.md5: OK
402090_16S_KN482_GAAGTTGG-AAGCAGCA_S41_L001_R1.fastq.gz: OK
402090_16S_KN482_GAAGTTGG-AAGCAGCA_S41_L001_I2.fastq.gz: OK
402091_16S_KN482_GAAGTTGG-ACGCGTGA_S42_L001_I1.fastq.gz: OK
402091_16S_KN482_GAAGTTGG-ACGCGTGA_S42_L001_I2.fastq.gz: OK
AM_16S_UNSW_KN482_checksums.md5: OK
402091_16S_KN482_GAAGTTGG-ACGCGTGA_S42_L001_R1.fastq.gz: OK
402091_16S_KN482_GAAGTTGG-ACGCGTGA_S42_L001_R2.fastq.gz: OK
402092_16S_KN482_GAAGTTGG-CGATCTAC_S43_L001_I1.fastq.gz: OK
402092_16S_KN482_GAAGTTGG-CGATCTAC_S43_L001_R2.fastq.gz: OK
AM_16S_UNSW_KN482_checksums.md5: OK
402092_16S_KN482_GAAGTTGG-CGATCTAC_S43_L001_R1.fastq.gz: OK
402092_16S_KN482_GAAGTTGG-CGATCTAC_S43_L001_I2.fastq.gz: OK
402093_16S_KN482_GAAGTTGG-ACGACGTG_S44_L001_R2.fastq.gz: OK
402093_16S_KN482_GAAGTTGG-ACGACGTG_S44_L001_R1.fastq.gz: OK
AM_16S_UNSW_KN482_checksums.md5: OK
402093_16S_KN482_GAAGTTGG-ACGACGTG_S44_L001_I2.fastq.gz: OK
402093_16S_KN482_GAAGTTGG-ACGACGTG_S44_L001_I1.fastq.gz: OK
402094_16S_KN482_GAAGTTGG-GTCTAGTG_S45_L001_I1.fastq.gz: OK
402094_16S_KN482_GAAGTTGG-GTCTAGTG_S45_L001_R2.fastq.gz: OK
402094_16S_KN482_GAAGTTGG-GTCTAGTG_S45_L001_R1.fastq.gz: OK
402094_16S_KN482_GAAGTTGG-GTCTAGTG_S45_L001_I2.fastq.gz: OK
AM_16S_UNSW_KN482_checksums.md5: OK
402095_16S_KN482_GAAGTTGG-CTAGTATG_S46_L001_I2.fastq.gz: OK
402095_16S_KN482_GAAGTTGG-CTAGTATG_S46_L001_R2.fastq.gz: OK
AM_16S_UNSW_KN482_checksums.md5: OK
402095_16S_KN482_GAAGTTGG-CTAGTATG_S46_L001_I1.fastq.gz: OK
402095_16S_KN482_GAAGTTGG-CTAGTATG_S46_L001_R1.fastq.gz: OK
AM_16S_UNSW_KN482_checksums.md5: OK
402096_16S_KN482_GAAGTTGG-GATAGCGT_S47_L001_R1.fastq.gz: OK
402096_16S_KN482_GAAGTTGG-GATAGCGT_S47_L001_R2.fastq.gz: OK
402096_16S_KN482_GAAGTTGG-GATAGCGT_S47_L001_I1.fastq.gz: OK
402096_16S_KN482_GAAGTTGG-GATAGCGT_S47_L001_I2.fastq.gz: OK
AM_16S_UNSW_KN482_checksums.md5: OK
402097_16S_KN482_GAAGTTGG-TCTACACT_S48_L001_I1.fastq.gz: OK
402097_16S_KN482_GAAGTTGG-TCTACACT_S48_L001_I2.fastq.gz: OK
402097_16S_KN482_GAAGTTGG-TCTACACT_S48_L001_R1.fastq.gz: OK
402097_16S_KN482_GAAGTTGG-TCTACACT_S48_L001_R2.fastq.gz: OK
402098_16S_KN482_TTCCTAGG-AAGCAGCA_S49_L001_R2.fastq.gz: OK
402098_16S_KN482_TTCCTAGG-AAGCAGCA_S49_L001_R1.fastq.gz: OK
402098_16S_KN482_TTCCTAGG-AAGCAGCA_S49_L001_I2.fastq.gz: OK
AM_16S_UNSW_KN482_checksums.md5: OK
402098_16S_KN482_TTCCTAGG-AAGCAGCA_S49_L001_I1.fastq.gz: OK
402099_16S_KN482_TTCCTAGG-ACGCGTGA_S50_L001_I2.fastq.gz: OK
402099_16S_KN482_TTCCTAGG-ACGCGTGA_S50_L001_R1.fastq.gz: OK
402099_16S_KN482_TTCCTAGG-ACGCGTGA_S50_L001_R2.fastq.gz: OK
402099_16S_KN482_TTCCTAGG-ACGCGTGA_S50_L001_I1.fastq.gz: OK
AM_16S_UNSW_KN482_checksums.md5: OK
402100_16S_KN482_CCAGTGTA-CGATCTAC_S51_L001_I1.fastq.gz: OK
402100_16S_KN482_CCAGTGTA-CGATCTAC_S51_L001_I2.fastq.gz: OK
402100_16S_KN482_CCAGTGTA-CGATCTAC_S51_L001_R2.fastq.gz: OK
402100_16S_KN482_CCAGTGTA-CGATCTAC_S51_L001_R1.fastq.gz: OK
AM_16S_UNSW_KN482_checksums.md5: OK
AM_16S_UNSW_KN482_checksums.md5: OK
402101_16S_KN482_TTCCTAGG-ACGACGTG_S52_L001_R1.fastq.gz: OK
402101_16S_KN482_TTCCTAGG-ACGACGTG_S52_L001_R2.fastq.gz: OK
402101_16S_KN482_TTCCTAGG-ACGACGTG_S52_L001_I1.fastq.gz: OK
402101_16S_KN482_TTCCTAGG-ACGACGTG_S52_L001_I2.fastq.gz: OK
AM_16S_UNSW_KN482_checksums.md5: OK
402102_16S_KN482_TTCCTAGG-GTCTAGTG_S53_L001_R1.fastq.gz: OK
402102_16S_KN482_TTCCTAGG-GTCTAGTG_S53_L001_R2.fastq.gz: OK
402102_16S_KN482_TTCCTAGG-GTCTAGTG_S53_L001_I1.fastq.gz: OK
402102_16S_KN482_TTCCTAGG-GTCTAGTG_S53_L001_I2.fastq.gz: OK
402103_16S_KN482_TTCCTAGG-CTAGTATG_S54_L001_R1.fastq.gz: OK
402103_16S_KN482_TTCCTAGG-CTAGTATG_S54_L001_I2.fastq.gz: OK
402103_16S_KN482_TTCCTAGG-CTAGTATG_S54_L001_I1.fastq.gz: OK
402103_16S_KN482_TTCCTAGG-CTAGTATG_S54_L001_R2.fastq.gz: OK
AM_16S_UNSW_KN482_checksums.md5: OK
402104_16S_KN482_TTCCTAGG-GATAGCGT_S55_L001_I1.fastq.gz: OK
402104_16S_KN482_TTCCTAGG-GATAGCGT_S55_L001_R2.fastq.gz: OK
AM_16S_UNSW_KN482_checksums.md5: OK
402104_16S_KN482_TTCCTAGG-GATAGCGT_S55_L001_I2.fastq.gz: OK
402104_16S_KN482_TTCCTAGG-GATAGCGT_S55_L001_R1.fastq.gz: OK
402105_16S_KN482_TTCCTAGG-TCTACACT_S56_L001_R2.fastq.gz: OK
402105_16S_KN482_TTCCTAGG-TCTACACT_S56_L001_R1.fastq.gz: OK
402105_16S_KN482_TTCCTAGG-TCTACACT_S56_L001_I1.fastq.gz: OK
AM_16S_UNSW_KN482_checksums.md5: OK
402105_16S_KN482_TTCCTAGG-TCTACACT_S56_L001_I2.fastq.gz: OK
AM_16S_UNSW_KN482_checksums.md5: OK
402106_16S_KN482_GCACGACA-AAGCAGCA_S57_L001_R1.fastq.gz: OK
402106_16S_KN482_GCACGACA-AAGCAGCA_S57_L001_I2.fastq.gz: OK
402106_16S_KN482_GCACGACA-AAGCAGCA_S57_L001_I1.fastq.gz: OK
402106_16S_KN482_GCACGACA-AAGCAGCA_S57_L001_R2.fastq.gz: OK
402107_16S_KN482_GCACGACA-ACGCGTGA_S58_L001_I2.fastq.gz: OK
AM_16S_UNSW_KN482_checksums.md5: OK
402107_16S_KN482_GCACGACA-ACGCGTGA_S58_L001_I1.fastq.gz: OK
402107_16S_KN482_GCACGACA-ACGCGTGA_S58_L001_R2.fastq.gz: OK
402107_16S_KN482_GCACGACA-ACGCGTGA_S58_L001_R1.fastq.gz: OK
402108_16S_KN482_GCACGACA-CGATCTAC_S59_L001_I1.fastq.gz: OK
402108_16S_KN482_GCACGACA-CGATCTAC_S59_L001_R1.fastq.gz: OK
402108_16S_KN482_GCACGACA-CGATCTAC_S59_L001_I2.fastq.gz: OK
AM_16S_UNSW_KN482_checksums.md5: OK
402108_16S_KN482_GCACGACA-CGATCTAC_S59_L001_R2.fastq.gz: OK
402109_16S_KN482_GCACGACA-ACGACGTG_S60_L001_R1.fastq.gz: OK
402109_16S_KN482_GCACGACA-ACGACGTG_S60_L001_R2.fastq.gz: OK
402109_16S_KN482_GCACGACA-ACGACGTG_S60_L001_I2.fastq.gz: OK
402109_16S_KN482_GCACGACA-ACGACGTG_S60_L001_I1.fastq.gz: OK
AM_16S_UNSW_KN482_checksums.md5: OK
AM_16S_UNSW_KN482_checksums.md5: OK
402110_16S_KN482_GCACGACA-GTCTAGTG_S61_L001_R2.fastq.gz: OK
402110_16S_KN482_GCACGACA-GTCTAGTG_S61_L001_I1.fastq.gz: OK
402110_16S_KN482_GCACGACA-GTCTAGTG_S61_L001_I2.fastq.gz: OK
402110_16S_KN482_GCACGACA-GTCTAGTG_S61_L001_R1.fastq.gz: OK
402111_16S_KN482_GCACGACA-CTAGTATG_S62_L001_R1.fastq.gz: OK
AM_16S_UNSW_KN482_checksums.md5: OK
402111_16S_KN482_GCACGACA-CTAGTATG_S62_L001_I2.fastq.gz: OK
402111_16S_KN482_GCACGACA-CTAGTATG_S62_L001_I1.fastq.gz: OK
402111_16S_KN482_GCACGACA-CTAGTATG_S62_L001_R2.fastq.gz: OK
AM_16S_UNSW_KN482_checksums.md5: OK
402112_16S_KN482_GCACGACA-GATAGCGT_S63_L001_I2.fastq.gz: OK
402112_16S_KN482_GCACGACA-GATAGCGT_S63_L001_R2.fastq.gz: OK
402112_16S_KN482_GCACGACA-GATAGCGT_S63_L001_R1.fastq.gz: OK
402112_16S_KN482_GCACGACA-GATAGCGT_S63_L001_I1.fastq.gz: OK
402113_16S_KN482_GCACGACA-TCTACACT_S64_L001_I1.fastq.gz: OK
402113_16S_KN482_GCACGACA-TCTACACT_S64_L001_R1.fastq.gz: OK
402113_16S_KN482_GCACGACA-TCTACACT_S64_L001_I2.fastq.gz: OK
AM_16S_UNSW_KN482_checksums.md5: OK
402113_16S_KN482_GCACGACA-TCTACACT_S64_L001_R2.fastq.gz: OK
402114_16S_KN482_ATCGATCT-AAGCAGCA_S65_L001_I1.fastq.gz: OK
402114_16S_KN482_ATCGATCT-AAGCAGCA_S65_L001_R1.fastq.gz: OK
AM_16S_UNSW_KN482_checksums.md5: OK
402114_16S_KN482_ATCGATCT-AAGCAGCA_S65_L001_R2.fastq.gz: OK
402114_16S_KN482_ATCGATCT-AAGCAGCA_S65_L001_I2.fastq.gz: OK
402115_16S_KN482_ATCGATCT-ACGCGTGA_S66_L001_I1.fastq.gz: OK
402115_16S_KN482_ATCGATCT-ACGCGTGA_S66_L001_I2.fastq.gz: OK
402115_16S_KN482_ATCGATCT-ACGCGTGA_S66_L001_R2.fastq.gz: OK
AM_16S_UNSW_KN482_checksums.md5: OK
402115_16S_KN482_ATCGATCT-ACGCGTGA_S66_L001_R1.fastq.gz: OK
402116_16S_KN482_ATCGATCT-CGATCTAC_S67_L001_R1.fastq.gz: OK
402116_16S_KN482_ATCGATCT-CGATCTAC_S67_L001_R2.fastq.gz: OK
402116_16S_KN482_ATCGATCT-CGATCTAC_S67_L001_I1.fastq.gz: OK
AM_16S_UNSW_KN482_checksums.md5: OK
402116_16S_KN482_ATCGATCT-CGATCTAC_S67_L001_I2.fastq.gz: OK
AM_16S_UNSW_KN482_checksums.md5: OK
402117_16S_KN482_ATCGATCT-ACGACGTG_S68_L001_I2.fastq.gz: OK
402117_16S_KN482_ATCGATCT-ACGACGTG_S68_L001_R2.fastq.gz: OK
402117_16S_KN482_ATCGATCT-ACGACGTG_S68_L001_R1.fastq.gz: OK
402117_16S_KN482_ATCGATCT-ACGACGTG_S68_L001_I1.fastq.gz: OK
402118_16S_KN482_ATCGATCT-GTCTAGTG_S69_L001_I2.fastq.gz: OK
AM_16S_UNSW_KN482_checksums.md5: OK
402118_16S_KN482_ATCGATCT-GTCTAGTG_S69_L001_R2.fastq.gz: OK
402118_16S_KN482_ATCGATCT-GTCTAGTG_S69_L001_R1.fastq.gz: OK
402118_16S_KN482_ATCGATCT-GTCTAGTG_S69_L001_I1.fastq.gz: OK
402119_16S_KN482_ATCGATCT-CTAGTATG_S70_L001_R1.fastq.gz: OK
AM_16S_UNSW_KN482_checksums.md5: OK
402119_16S_KN482_ATCGATCT-CTAGTATG_S70_L001_I1.fastq.gz: OK
402119_16S_KN482_ATCGATCT-CTAGTATG_S70_L001_R2.fastq.gz: OK
402119_16S_KN482_ATCGATCT-CTAGTATG_S70_L001_I2.fastq.gz: OK
402120_16S_KN482_ATCGATCT-GATAGCGT_S71_L001_R1.fastq.gz: OK
402120_16S_KN482_ATCGATCT-GATAGCGT_S71_L001_I2.fastq.gz: OK
402120_16S_KN482_ATCGATCT-GATAGCGT_S71_L001_I1.fastq.gz: OK
402120_16S_KN482_ATCGATCT-GATAGCGT_S71_L001_R2.fastq.gz: OK
AM_16S_UNSW_KN482_checksums.md5: OK
402121_16S_KN482_ATCGATCT-TCTACACT_S72_L001_R1.fastq.gz: OK
402121_16S_KN482_ATCGATCT-TCTACACT_S72_L001_I1.fastq.gz: OK
402121_16S_KN482_ATCGATCT-TCTACACT_S72_L001_I2.fastq.gz: OK
402121_16S_KN482_ATCGATCT-TCTACACT_S72_L001_R2.fastq.gz: OK
AM_16S_UNSW_KN482_checksums.md5: OK
402122_16S_KN482_CTTGTGTC-AAGCAGCA_S73_L001_R2.fastq.gz: OK
AM_16S_UNSW_KN482_checksums.md5: OK
402122_16S_KN482_CTTGTGTC-AAGCAGCA_S73_L001_I2.fastq.gz: OK
402122_16S_KN482_CTTGTGTC-AAGCAGCA_S73_L001_R1.fastq.gz: OK
402122_16S_KN482_CTTGTGTC-AAGCAGCA_S73_L001_I1.fastq.gz: OK
402123_16S_KN482_CTTGTGTC-ACGCGTGA_S74_L001_R2.fastq.gz: OK
AM_16S_UNSW_KN482_checksums.md5: OK
402123_16S_KN482_CTTGTGTC-ACGCGTGA_S74_L001_R1.fastq.gz: OK
402123_16S_KN482_CTTGTGTC-ACGCGTGA_S74_L001_I2.fastq.gz: OK
402123_16S_KN482_CTTGTGTC-ACGCGTGA_S74_L001_I1.fastq.gz: OK
AM_16S_UNSW_KN482_checksums.md5: OK
402124_16S_KN482_CTTGTGTC-CGATCTAC_S75_L001_I1.fastq.gz: OK
402124_16S_KN482_CTTGTGTC-CGATCTAC_S75_L001_I2.fastq.gz: OK
402124_16S_KN482_CTTGTGTC-CGATCTAC_S75_L001_R2.fastq.gz: OK
402124_16S_KN482_CTTGTGTC-CGATCTAC_S75_L001_R1.fastq.gz: OK
AM_16S_UNSW_KN482_checksums.md5: OK
402125_16S_KN482_CTTGTGTC-ACGACGTG_S76_L001_I1.fastq.gz: OK
402125_16S_KN482_CTTGTGTC-ACGACGTG_S76_L001_I2.fastq.gz: OK
402125_16S_KN482_CTTGTGTC-ACGACGTG_S76_L001_R1.fastq.gz: OK
402125_16S_KN482_CTTGTGTC-ACGACGTG_S76_L001_R2.fastq.gz: OK
402126_16S_KN482_CTTGTGTC-GTCTAGTG_S77_L001_I1.fastq.gz: OK
402126_16S_KN482_CTTGTGTC-GTCTAGTG_S77_L001_R1.fastq.gz: OK
402126_16S_KN482_CTTGTGTC-GTCTAGTG_S77_L001_R2.fastq.gz: OK
402126_16S_KN482_CTTGTGTC-GTCTAGTG_S77_L001_I2.fastq.gz: OK
AM_16S_UNSW_KN482_checksums.md5: OK
402127_16S_KN482_CTTGTGTC-CTAGTATG_S78_L001_I2.fastq.gz: OK
402127_16S_KN482_CTTGTGTC-CTAGTATG_S78_L001_I1.fastq.gz: OK
AM_16S_UNSW_KN482_checksums.md5: OK
402127_16S_KN482_CTTGTGTC-CTAGTATG_S78_L001_R1.fastq.gz: OK
402127_16S_KN482_CTTGTGTC-CTAGTATG_S78_L001_R2.fastq.gz: OK
402128_16S_KN482_CTTGTGTC-GATAGCGT_S79_L001_I1.fastq.gz: OK
402128_16S_KN482_CTTGTGTC-GATAGCGT_S79_L001_I2.fastq.gz: OK
402128_16S_KN482_CTTGTGTC-GATAGCGT_S79_L001_R2.fastq.gz: OK
402128_16S_KN482_CTTGTGTC-GATAGCGT_S79_L001_R1.fastq.gz: OK
AM_16S_UNSW_KN482_checksums.md5: OK
402129_16S_KN482_CTTGTGTC-TCTACACT_S80_L001_R1.fastq.gz: OK
402129_16S_KN482_CTTGTGTC-TCTACACT_S80_L001_I1.fastq.gz: OK
402129_16S_KN482_CTTGTGTC-TCTACACT_S80_L001_R2.fastq.gz: OK
AM_16S_UNSW_KN482_checksums.md5: OK
402129_16S_KN482_CTTGTGTC-TCTACACT_S80_L001_I2.fastq.gz: OK
AM_16S_UNSW_KN482_checksums.md5: OK
402130_16S_KN482_TGAGCCGG-AAGCAGCA_S81_L001_I2.fastq.gz: OK
402130_16S_KN482_TGAGCCGG-AAGCAGCA_S81_L001_I1.fastq.gz: OK
402130_16S_KN482_TGAGCCGG-AAGCAGCA_S81_L001_R2.fastq.gz: OK
402130_16S_KN482_TGAGCCGG-AAGCAGCA_S81_L001_R1.fastq.gz: OK
402131_16S_KN482_TGAGCCGG-ACGCGTGA_S82_L001_R1.fastq.gz: OK
402131_16S_KN482_TGAGCCGG-ACGCGTGA_S82_L001_I2.fastq.gz: OK
402131_16S_KN482_TGAGCCGG-ACGCGTGA_S82_L001_R2.fastq.gz: OK
402131_16S_KN482_TGAGCCGG-ACGCGTGA_S82_L001_I1.fastq.gz: OK
AM_16S_UNSW_KN482_checksums.md5: OK
402132_16S_KN482_TGAGCCGG-CGATCTAC_S83_L001_R1.fastq.gz: OK
402132_16S_KN482_TGAGCCGG-CGATCTAC_S83_L001_I1.fastq.gz: OK
402132_16S_KN482_TGAGCCGG-CGATCTAC_S83_L001_R2.fastq.gz: OK
AM_16S_UNSW_KN482_checksums.md5: OK
402132_16S_KN482_TGAGCCGG-CGATCTAC_S83_L001_I2.fastq.gz: OK
402133_16S_KN482_TGAGCCGG-ACGACGTG_S84_L001_I2.fastq.gz: OK
402133_16S_KN482_TGAGCCGG-ACGACGTG_S84_L001_I1.fastq.gz: OK
AM_16S_UNSW_KN482_checksums.md5: OK
402133_16S_KN482_TGAGCCGG-ACGACGTG_S84_L001_R2.fastq.gz: OK
402133_16S_KN482_TGAGCCGG-ACGACGTG_S84_L001_R1.fastq.gz: OK
402134_16S_KN482_TGAGCCGG-GTCTAGTG_S85_L001_R1.fastq.gz: OK
AM_16S_UNSW_KN482_checksums.md5: OK
402134_16S_KN482_TGAGCCGG-GTCTAGTG_S85_L001_R2.fastq.gz: OK
402134_16S_KN482_TGAGCCGG-GTCTAGTG_S85_L001_I2.fastq.gz: OK
402134_16S_KN482_TGAGCCGG-GTCTAGTG_S85_L001_I1.fastq.gz: OK
AM_16S_UNSW_KN482_checksums.md5: OK
402135_16S_KN482_TGAGCCGG-CTAGTATG_S86_L001_I1.fastq.gz: OK
402135_16S_KN482_TGAGCCGG-CTAGTATG_S86_L001_R2.fastq.gz: OK
402135_16S_KN482_TGAGCCGG-CTAGTATG_S86_L001_R1.fastq.gz: OK
402135_16S_KN482_TGAGCCGG-CTAGTATG_S86_L001_I2.fastq.gz: OK
AM_16S_UNSW_KN482_checksums.md5: OK
402136_16S_KN482_TGAGCCGG-GATAGCGT_S87_L001_R2.fastq.gz: OK
402136_16S_KN482_TGAGCCGG-GATAGCGT_S87_L001_I1.fastq.gz: OK
402136_16S_KN482_TGAGCCGG-GATAGCGT_S87_L001_I2.fastq.gz: OK
402136_16S_KN482_TGAGCCGG-GATAGCGT_S87_L001_R1.fastq.gz: OK
AM_16S_UNSW_KN482_checksums.md5: OK
402137_16S_KN482_TGAGCCGG-TCTACACT_S88_L001_R2.fastq.gz: OK
402137_16S_KN482_TGAGCCGG-TCTACACT_S88_L001_I1.fastq.gz: OK
402137_16S_KN482_TGAGCCGG-TCTACACT_S88_L001_R1.fastq.gz: OK
402137_16S_KN482_TGAGCCGG-TCTACACT_S88_L001_I2.fastq.gz: OK
AM_16S_UNSW_KN482_checksums.md5: OK
402138_16S_KN482_GCGGCAAT-AAGCAGCA_S89_L001_R1.fastq.gz: OK
402138_16S_KN482_GCGGCAAT-AAGCAGCA_S89_L001_I2.fastq.gz: OK
402138_16S_KN482_GCGGCAAT-AAGCAGCA_S89_L001_I1.fastq.gz: OK
402138_16S_KN482_GCGGCAAT-AAGCAGCA_S89_L001_R2.fastq.gz: OK
402139_16S_KN482_GCGGCAAT-ACGCGTGA_S90_L001_I1.fastq.gz: OK
402139_16S_KN482_GCGGCAAT-ACGCGTGA_S90_L001_R2.fastq.gz: OK
402139_16S_KN482_GCGGCAAT-ACGCGTGA_S90_L001_R1.fastq.gz: OK
AM_16S_UNSW_KN482_checksums.md5: OK
402139_16S_KN482_GCGGCAAT-ACGCGTGA_S90_L001_I2.fastq.gz: OK
402140_16S_KN482_GCGGCAAT-CGATCTAC_S91_L001_R1.fastq.gz: OK
402140_16S_KN482_GCGGCAAT-CGATCTAC_S91_L001_I1.fastq.gz: OK
402140_16S_KN482_GCGGCAAT-CGATCTAC_S91_L001_I2.fastq.gz: OK
402140_16S_KN482_GCGGCAAT-CGATCTAC_S91_L001_R2.fastq.gz: OK
AM_16S_UNSW_KN482_checksums.md5: OK
402141_16S_KN482_GCGGCAAT-ACGACGTG_S92_L001_R2.fastq.gz: OK
402141_16S_KN482_GCGGCAAT-ACGACGTG_S92_L001_I1.fastq.gz: OK
AM_16S_UNSW_KN482_checksums.md5: OK
402141_16S_KN482_GCGGCAAT-ACGACGTG_S92_L001_R1.fastq.gz: OK
402141_16S_KN482_GCGGCAAT-ACGACGTG_S92_L001_I2.fastq.gz: OK
AM_16S_UNSW_KN482_checksums.md5: OK
402142_16S_KN482_GCGGCAAT-GTCTAGTG_S93_L001_R2.fastq.gz: OK
402142_16S_KN482_GCGGCAAT-GTCTAGTG_S93_L001_I1.fastq.gz: OK
402142_16S_KN482_GCGGCAAT-GTCTAGTG_S93_L001_R1.fastq.gz: OK
402142_16S_KN482_GCGGCAAT-GTCTAGTG_S93_L001_I2.fastq.gz: OK
402143_16S_KN482_ATTCCTGT-ACGACGTG_S94_L001_I1.fastq.gz: OK
402143_16S_KN482_ATTCCTGT-ACGACGTG_S94_L001_R1.fastq.gz: OK
AM_16S_UNSW_KN482_checksums.md5: OK
402143_16S_KN482_ATTCCTGT-ACGACGTG_S94_L001_R2.fastq.gz: OK
402143_16S_KN482_ATTCCTGT-ACGACGTG_S94_L001_I2.fastq.gz: OK
402144_16S_KN482_ATTCCTGT-GTCTAGTG_S95_L001_R1.fastq.gz: OK
402144_16S_KN482_ATTCCTGT-GTCTAGTG_S95_L001_I2.fastq.gz: OK
402144_16S_KN482_ATTCCTGT-GTCTAGTG_S95_L001_R2.fastq.gz: OK
AM_16S_UNSW_KN482_checksums.md5: OK
402144_16S_KN482_ATTCCTGT-GTCTAGTG_S95_L001_I1.fastq.gz: OK
AM_16S_UNSW_KN482_checksums.md5: OK
402145_16S_KN482_ATTCCTGT-CTAGTATG_S96_L001_R2.fastq.gz: OK
402145_16S_KN482_ATTCCTGT-CTAGTATG_S96_L001_I1.fastq.gz: OK
402145_16S_KN482_ATTCCTGT-CTAGTATG_S96_L001_I2.fastq.gz: OK
402145_16S_KN482_ATTCCTGT-CTAGTATG_S96_L001_R1.fastq.gz: OK
402162_16S_KN482_CTAGCGAA-AAGCAGCA_S97_L001_I1.fastq.gz: OK
AM_16S_UNSW_KN482_checksums.md5: OK
402162_16S_KN482_CTAGCGAA-AAGCAGCA_S97_L001_I2.fastq.gz: OK
402162_16S_KN482_CTAGCGAA-AAGCAGCA_S97_L001_R1.fastq.gz: OK
402162_16S_KN482_CTAGCGAA-AAGCAGCA_S97_L001_R2.fastq.gz: OK
402163_16S_KN482_CTAGCGAA-ACGCGTGA_S98_L001_R2.fastq.gz: OK
402163_16S_KN482_CTAGCGAA-ACGCGTGA_S98_L001_I1.fastq.gz: OK
402163_16S_KN482_CTAGCGAA-ACGCGTGA_S98_L001_R1.fastq.gz: OK
402163_16S_KN482_CTAGCGAA-ACGCGTGA_S98_L001_I2.fastq.gz: OK
AM_16S_UNSW_KN482_checksums.md5: OK
AM_16S_UNSW_KN482_checksums.md5: OK
402164_16S_KN482_CTAGCGAA-CGATCTAC_S99_L001_R2.fastq.gz: OK
402164_16S_KN482_CTAGCGAA-CGATCTAC_S99_L001_R1.fastq.gz: OK
402164_16S_KN482_CTAGCGAA-CGATCTAC_S99_L001_I1.fastq.gz: OK
402164_16S_KN482_CTAGCGAA-CGATCTAC_S99_L001_I2.fastq.gz: OK
402165_16S_KN482_CTAGCGAA-ACGACGTG_S100_L001_I2.fastq.gz: OK
402165_16S_KN482_CTAGCGAA-ACGACGTG_S100_L001_R1.fastq.gz: OK
402165_16S_KN482_CTAGCGAA-ACGACGTG_S100_L001_I1.fastq.gz: OK
AM_16S_UNSW_KN482_checksums.md5: OK
402165_16S_KN482_CTAGCGAA-ACGACGTG_S100_L001_R2.fastq.gz: OK
59000_16S_KN482_GACAGGAG-AAGCAGCA_S101_L001_R1.fastq.gz: OK
AM_16S_UNSW_KN482_checksums.md5: OK
59000_16S_KN482_GACAGGAG-AAGCAGCA_S101_L001_I2.fastq.gz: OK
59000_16S_KN482_GACAGGAG-AAGCAGCA_S101_L001_R2.fastq.gz: OK
59000_16S_KN482_GACAGGAG-AAGCAGCA_S101_L001_I1.fastq.gz: OK
59001_16S_KN482_GACAGGAG-ACGCGTGA_S102_L001_R2.fastq.gz: OK
AM_16S_UNSW_KN482_checksums.md5: OK
59001_16S_KN482_GACAGGAG-ACGCGTGA_S102_L001_I2.fastq.gz: OK
59001_16S_KN482_GACAGGAG-ACGCGTGA_S102_L001_I1.fastq.gz: OK
59001_16S_KN482_GACAGGAG-ACGCGTGA_S102_L001_R1.fastq.gz: OK
59002_16S_KN482_GACAGGAG-CGATCTAC_S103_L001_I2.fastq.gz: OK
AM_16S_UNSW_KN482_checksums.md5: OK
59002_16S_KN482_GACAGGAG-CGATCTAC_S103_L001_R1.fastq.gz: OK
59002_16S_KN482_GACAGGAG-CGATCTAC_S103_L001_I1.fastq.gz: OK
59002_16S_KN482_GACAGGAG-CGATCTAC_S103_L001_R2.fastq.gz: OK
59003_16S_KN482_GACAGGAG-ACGACGTG_S104_L001_I1.fastq.gz: OK
59003_16S_KN482_GACAGGAG-ACGACGTG_S104_L001_R2.fastq.gz: OK
59003_16S_KN482_GACAGGAG-ACGACGTG_S104_L001_I2.fastq.gz: OK
59003_16S_KN482_GACAGGAG-ACGACGTG_S104_L001_R1.fastq.gz: OK
AM_16S_UNSW_KN482_checksums.md5: OK
59004_16S_KN482_GACAGGAG-GTCTAGTG_S105_L001_R1.fastq.gz: OK
59004_16S_KN482_GACAGGAG-GTCTAGTG_S105_L001_I1.fastq.gz: OK
59004_16S_KN482_GACAGGAG-GTCTAGTG_S105_L001_R2.fastq.gz: OK
AM_16S_UNSW_KN482_checksums.md5: OK
59004_16S_KN482_GACAGGAG-GTCTAGTG_S105_L001_I2.fastq.gz: OK
59005_16S_KN482_GACAGGAG-CTAGTATG_S106_L001_R2.fastq.gz: OK
59005_16S_KN482_GACAGGAG-CTAGTATG_S106_L001_I1.fastq.gz: OK
59005_16S_KN482_GACAGGAG-CTAGTATG_S106_L001_R1.fastq.gz: OK
59005_16S_KN482_GACAGGAG-CTAGTATG_S106_L001_I2.fastq.gz: OK
AM_16S_UNSW_KN482_checksums.md5: OK
59006_16S_KN482_GACAGGAG-GATAGCGT_S107_L001_R2.fastq.gz: OK
AM_16S_UNSW_KN482_checksums.md5: OK
59006_16S_KN482_GACAGGAG-GATAGCGT_S107_L001_I2.fastq.gz: OK
59006_16S_KN482_GACAGGAG-GATAGCGT_S107_L001_R1.fastq.gz: OK
59006_16S_KN482_GACAGGAG-GATAGCGT_S107_L001_I1.fastq.gz: OK
59007_16S_KN482_GACAGGAG-TCTACACT_S108_L001_R1.fastq.gz: OK
59007_16S_KN482_GACAGGAG-TCTACACT_S108_L001_I1.fastq.gz: OK
AM_16S_UNSW_KN482_checksums.md5: OK
59007_16S_KN482_GACAGGAG-TCTACACT_S108_L001_R2.fastq.gz: OK
59007_16S_KN482_GACAGGAG-TCTACACT_S108_L001_I2.fastq.gz: OK
ATCC1002MOCK_16S_KN482_TACACGAT-AAGCAGCA_S111_L001_R1.fastq.gz: OK
Soil_DNA_16S_KN482_GCGGCAAT-GATAGCGT_S116_L001_R1.fastq.gz: OK
ATCC1002MOCK_16S_KN482_GCGGCAAT-CTAGTATG_S110_L001_R1.fastq.gz: OK
ATCC1002MOCK_16S_KN482_TACACGAT-AAGCAGCA_S111_L001_I1.fastq.gz: OK
ATCC1002MOCK_16S_KN482_TACACGAT-AAGCAGCA_S111_L001_I2.fastq.gz: OK
Soil_DNA_16S_KN482_CTAGCGAA-CTAGTATG_S115_L001_I1.fastq.gz: OK
ATCC1002MOCK_16S_KN482_GCGGCAAT-CTAGTATG_S110_L001_R2.fastq.gz: OK
ATCC1002MOCK_16S_KN482_CTAGCGAA-GTCTAGTG_S109_L001_I2.fastq.gz: OK
Soil_DNA_16S_KN482_GCGGCAAT-GATAGCGT_S116_L001_I2.fastq.gz: OK
No_Template_Control_16S_KN482_CTAGCGAA-GATAGCGT_S112_L001_I1.fastq.gz: OK
AM_16S_UNSW_KN482_checksums.md5: OK
Soil_DNA_16S_KN482_TACACGAT-ACGCGTGA_S117_L001_I1.fastq.gz: OK
ATCC1002MOCK_16S_KN482_TACACGAT-AAGCAGCA_S111_L001_R2.fastq.gz: OK
ATCC1002MOCK_16S_KN482_CTAGCGAA-GTCTAGTG_S109_L001_R1.fastq.gz: OK
Soil_DNA_16S_KN482_CTAGCGAA-CTAGTATG_S115_L001_R2.fastq.gz: OK
ATCC1002MOCK_16S_KN482_CTAGCGAA-GTCTAGTG_S109_L001_R2.fastq.gz: OK
No_Template_Control_16S_KN482_TACACGAT-ACGACGTG_S114_L001_R2.fastq.gz: OK
No_Template_Control_16S_KN482_TACACGAT-ACGACGTG_S114_L001_R1.fastq.gz: OK
No_Template_Control_16S_KN482_TACACGAT-ACGACGTG_S114_L001_I2.fastq.gz: OK
Soil_DNA_16S_KN482_GCGGCAAT-GATAGCGT_S116_L001_I1.fastq.gz: OK
No_Template_Control_16S_KN482_CTAGCGAA-GATAGCGT_S112_L001_R2.fastq.gz: OK
Soil_DNA_16S_KN482_TACACGAT-ACGCGTGA_S117_L001_R2.fastq.gz: OK
ATCC1002MOCK_16S_KN482_GCGGCAAT-CTAGTATG_S110_L001_I2.fastq.gz: OK
No_Template_Control_16S_KN482_GCGGCAAT-TCTACACT_S113_L001_I2.fastq.gz: OK
Soil_DNA_16S_KN482_TACACGAT-ACGCGTGA_S117_L001_I2.fastq.gz: OK
Soil_DNA_16S_KN482_CTAGCGAA-CTAGTATG_S115_L001_R1.fastq.gz: OK
No_Template_Control_16S_KN482_TACACGAT-ACGACGTG_S114_L001_I1.fastq.gz: OK
No_Template_Control_16S_KN482_GCGGCAAT-TCTACACT_S113_L001_R1.fastq.gz: OK
Soil_DNA_16S_KN482_CTAGCGAA-CTAGTATG_S115_L001_I2.fastq.gz: OK
ATCC1002MOCK_16S_KN482_CTAGCGAA-GTCTAGTG_S109_L001_I1.fastq.gz: OK
Soil_DNA_16S_KN482_GCGGCAAT-GATAGCGT_S116_L001_R2.fastq.gz: OK
No_Template_Control_16S_KN482_GCGGCAAT-TCTACACT_S113_L001_I1.fastq.gz: OK
Soil_DNA_16S_KN482_TACACGAT-ACGCGTGA_S117_L001_R1.fastq.gz: OK
ATCC1002MOCK_16S_KN482_GCGGCAAT-CTAGTATG_S110_L001_I1.fastq.gz: OK
No_Template_Control_16S_KN482_CTAGCGAA-GATAGCGT_S112_L001_I2.fastq.gz: OK
No_Template_Control_16S_KN482_CTAGCGAA-GATAGCGT_S112_L001_R1.fastq.gz: OK
No_Template_Control_16S_KN482_GCGGCAAT-TCTACACT_S113_L001_R2.fastq.gz: OK
