401954_16S_KN48L_GAACTAGT-AAGCAGCA_S1_L001_I1.fastq.gz: OK
401954_16S_KN48L_GAACTAGT-AAGCAGCA_S1_L001_R2.fastq.gz: OK
401954_16S_KN48L_GAACTAGT-AAGCAGCA_S1_L001_I2.fastq.gz: OK
AM_16S_UNSW_KN48L_checksums.md5: OK
401954_16S_KN48L_GAACTAGT-AAGCAGCA_S1_L001_R1.fastq.gz: OK
401955_16S_KN48L_GAACTAGT-ACGCGTGA_S2_L001_I2.fastq.gz: OK
401955_16S_KN48L_GAACTAGT-ACGCGTGA_S2_L001_R2.fastq.gz: OK
401955_16S_KN48L_GAACTAGT-ACGCGTGA_S2_L001_I1.fastq.gz: OK
AM_16S_UNSW_KN48L_checksums.md5: OK
401955_16S_KN48L_GAACTAGT-ACGCGTGA_S2_L001_R1.fastq.gz: OK
401956_16S_KN48L_GAACTAGT-CGATCTAC_S3_L001_R2.fastq.gz: OK
401956_16S_KN48L_GAACTAGT-CGATCTAC_S3_L001_R1.fastq.gz: OK
401956_16S_KN48L_GAACTAGT-CGATCTAC_S3_L001_I1.fastq.gz: OK
AM_16S_UNSW_KN48L_checksums.md5: OK
401956_16S_KN48L_GAACTAGT-CGATCTAC_S3_L001_I2.fastq.gz: OK
401957_16S_KN48L_GAACTAGT-ACGACGTG_S4_L001_I1.fastq.gz: OK
401957_16S_KN48L_GAACTAGT-ACGACGTG_S4_L001_I2.fastq.gz: OK
401957_16S_KN48L_GAACTAGT-ACGACGTG_S4_L001_R1.fastq.gz: OK
401957_16S_KN48L_GAACTAGT-ACGACGTG_S4_L001_R2.fastq.gz: OK
AM_16S_UNSW_KN48L_checksums.md5: OK
AM_16S_UNSW_KN48L_checksums.md5: OK
401958_16S_KN48L_GAACTAGT-GTCTAGTG_S5_L001_R2.fastq.gz: OK
401958_16S_KN48L_GAACTAGT-GTCTAGTG_S5_L001_R1.fastq.gz: OK
401958_16S_KN48L_GAACTAGT-GTCTAGTG_S5_L001_I2.fastq.gz: OK
401958_16S_KN48L_GAACTAGT-GTCTAGTG_S5_L001_I1.fastq.gz: OK
AM_16S_UNSW_KN48L_checksums.md5: OK
401959_16S_KN48L_GAACTAGT-CTAGTATG_S6_L001_I2.fastq.gz: OK
401959_16S_KN48L_GAACTAGT-CTAGTATG_S6_L001_R2.fastq.gz: OK
401959_16S_KN48L_GAACTAGT-CTAGTATG_S6_L001_I1.fastq.gz: OK
401959_16S_KN48L_GAACTAGT-CTAGTATG_S6_L001_R1.fastq.gz: OK
401960_16S_KN48L_GAACTAGT-GATAGCGT_S7_L001_I1.fastq.gz: OK
AM_16S_UNSW_KN48L_checksums.md5: OK
401960_16S_KN48L_GAACTAGT-GATAGCGT_S7_L001_R2.fastq.gz: OK
401960_16S_KN48L_GAACTAGT-GATAGCGT_S7_L001_R1.fastq.gz: OK
401960_16S_KN48L_GAACTAGT-GATAGCGT_S7_L001_I2.fastq.gz: OK
401961_16S_KN48L_GAACTAGT-TCTACACT_S8_L001_R1.fastq.gz: OK
401961_16S_KN48L_GAACTAGT-TCTACACT_S8_L001_R2.fastq.gz: OK
401961_16S_KN48L_GAACTAGT-TCTACACT_S8_L001_I2.fastq.gz: OK
401961_16S_KN48L_GAACTAGT-TCTACACT_S8_L001_I1.fastq.gz: OK
AM_16S_UNSW_KN48L_checksums.md5: OK
401962_16S_KN48L_GACGGAAC-AAGCAGCA_S9_L001_I1.fastq.gz: OK
401962_16S_KN48L_GACGGAAC-AAGCAGCA_S9_L001_R2.fastq.gz: OK
401962_16S_KN48L_GACGGAAC-AAGCAGCA_S9_L001_I2.fastq.gz: OK
AM_16S_UNSW_KN48L_checksums.md5: OK
401962_16S_KN48L_GACGGAAC-AAGCAGCA_S9_L001_R1.fastq.gz: OK
AM_16S_UNSW_KN48L_checksums.md5: OK
401963_16S_KN48L_GACGGAAC-ACGCGTGA_S10_L001_R2.fastq.gz: OK
401963_16S_KN48L_GACGGAAC-ACGCGTGA_S10_L001_I1.fastq.gz: OK
401963_16S_KN48L_GACGGAAC-ACGCGTGA_S10_L001_I2.fastq.gz: OK
401963_16S_KN48L_GACGGAAC-ACGCGTGA_S10_L001_R1.fastq.gz: OK
401964_16S_KN48L_GACGGAAC-CGATCTAC_S11_L001_I1.fastq.gz: OK
AM_16S_UNSW_KN48L_checksums.md5: OK
401964_16S_KN48L_GACGGAAC-CGATCTAC_S11_L001_I2.fastq.gz: OK
401964_16S_KN48L_GACGGAAC-CGATCTAC_S11_L001_R2.fastq.gz: OK
401964_16S_KN48L_GACGGAAC-CGATCTAC_S11_L001_R1.fastq.gz: OK
401965_16S_KN48L_GACGGAAC-ACGACGTG_S12_L001_I2.fastq.gz: OK
401965_16S_KN48L_GACGGAAC-ACGACGTG_S12_L001_I1.fastq.gz: OK
401965_16S_KN48L_GACGGAAC-ACGACGTG_S12_L001_R1.fastq.gz: OK
AM_16S_UNSW_KN48L_checksums.md5: OK
401965_16S_KN48L_GACGGAAC-ACGACGTG_S12_L001_R2.fastq.gz: OK
401966_16S_KN48L_GACGGAAC-GTCTAGTG_S13_L001_I1.fastq.gz: OK
401966_16S_KN48L_GACGGAAC-GTCTAGTG_S13_L001_I2.fastq.gz: OK
AM_16S_UNSW_KN48L_checksums.md5: OK
401966_16S_KN48L_GACGGAAC-GTCTAGTG_S13_L001_R1.fastq.gz: OK
401966_16S_KN48L_GACGGAAC-GTCTAGTG_S13_L001_R2.fastq.gz: OK
401967_16S_KN48L_GACGGAAC-CTAGTATG_S14_L001_I2.fastq.gz: OK
401967_16S_KN48L_GACGGAAC-CTAGTATG_S14_L001_R1.fastq.gz: OK
AM_16S_UNSW_KN48L_checksums.md5: OK
401967_16S_KN48L_GACGGAAC-CTAGTATG_S14_L001_R2.fastq.gz: OK
401967_16S_KN48L_GACGGAAC-CTAGTATG_S14_L001_I1.fastq.gz: OK
AM_16S_UNSW_KN48L_checksums.md5: OK
401968_16S_KN48L_GACGGAAC-GATAGCGT_S15_L001_R2.fastq.gz: OK
401968_16S_KN48L_GACGGAAC-GATAGCGT_S15_L001_R1.fastq.gz: OK
401968_16S_KN48L_GACGGAAC-GATAGCGT_S15_L001_I1.fastq.gz: OK
401968_16S_KN48L_GACGGAAC-GATAGCGT_S15_L001_I2.fastq.gz: OK
401969_16S_KN48L_GACGGAAC-TCTACACT_S16_L001_I2.fastq.gz: OK
401969_16S_KN48L_GACGGAAC-TCTACACT_S16_L001_I1.fastq.gz: OK
AM_16S_UNSW_KN48L_checksums.md5: OK
401969_16S_KN48L_GACGGAAC-TCTACACT_S16_L001_R2.fastq.gz: OK
401969_16S_KN48L_GACGGAAC-TCTACACT_S16_L001_R1.fastq.gz: OK
401970_16S_KN48L_CAAGCATG-AAGCAGCA_S17_L001_R1.fastq.gz: OK
401970_16S_KN48L_CAAGCATG-AAGCAGCA_S17_L001_I1.fastq.gz: OK
401970_16S_KN48L_CAAGCATG-AAGCAGCA_S17_L001_I2.fastq.gz: OK
401970_16S_KN48L_CAAGCATG-AAGCAGCA_S17_L001_R2.fastq.gz: OK
AM_16S_UNSW_KN48L_checksums.md5: OK
401971_16S_KN48L_CAAGCATG-ACGCGTGA_S18_L001_R1.fastq.gz: OK
AM_16S_UNSW_KN48L_checksums.md5: OK
401971_16S_KN48L_CAAGCATG-ACGCGTGA_S18_L001_I2.fastq.gz: OK
401971_16S_KN48L_CAAGCATG-ACGCGTGA_S18_L001_I1.fastq.gz: OK
401971_16S_KN48L_CAAGCATG-ACGCGTGA_S18_L001_R2.fastq.gz: OK
401972_16S_KN48L_CAAGCATG-CGATCTAC_S19_L001_I2.fastq.gz: OK
401972_16S_KN48L_CAAGCATG-CGATCTAC_S19_L001_I1.fastq.gz: OK
401972_16S_KN48L_CAAGCATG-CGATCTAC_S19_L001_R1.fastq.gz: OK
401972_16S_KN48L_CAAGCATG-CGATCTAC_S19_L001_R2.fastq.gz: OK
AM_16S_UNSW_KN48L_checksums.md5: OK
AM_16S_UNSW_KN48L_checksums.md5: OK
401973_16S_KN48L_CAAGCATG-ACGACGTG_S20_L001_R2.fastq.gz: OK
401973_16S_KN48L_CAAGCATG-ACGACGTG_S20_L001_R1.fastq.gz: OK
401973_16S_KN48L_CAAGCATG-ACGACGTG_S20_L001_I1.fastq.gz: OK
401973_16S_KN48L_CAAGCATG-ACGACGTG_S20_L001_I2.fastq.gz: OK
401974_16S_KN48L_CAAGCATG-GTCTAGTG_S21_L001_R1.fastq.gz: OK
401974_16S_KN48L_CAAGCATG-GTCTAGTG_S21_L001_I1.fastq.gz: OK
401974_16S_KN48L_CAAGCATG-GTCTAGTG_S21_L001_I2.fastq.gz: OK
401974_16S_KN48L_CAAGCATG-GTCTAGTG_S21_L001_R2.fastq.gz: OK
AM_16S_UNSW_KN48L_checksums.md5: OK
401975_16S_KN48L_CAAGCATG-CTAGTATG_S22_L001_R1.fastq.gz: OK
401975_16S_KN48L_CAAGCATG-CTAGTATG_S22_L001_R2.fastq.gz: OK
AM_16S_UNSW_KN48L_checksums.md5: OK
401975_16S_KN48L_CAAGCATG-CTAGTATG_S22_L001_I2.fastq.gz: OK
401975_16S_KN48L_CAAGCATG-CTAGTATG_S22_L001_I1.fastq.gz: OK
AM_16S_UNSW_KN48L_checksums.md5: OK
401976_16S_KN48L_CAAGCATG-GATAGCGT_S23_L001_R2.fastq.gz: OK
401976_16S_KN48L_CAAGCATG-GATAGCGT_S23_L001_R1.fastq.gz: OK
401976_16S_KN48L_CAAGCATG-GATAGCGT_S23_L001_I2.fastq.gz: OK
401976_16S_KN48L_CAAGCATG-GATAGCGT_S23_L001_I1.fastq.gz: OK
401977_16S_KN48L_CAAGCATG-TCTACACT_S24_L001_R2.fastq.gz: OK
401977_16S_KN48L_CAAGCATG-TCTACACT_S24_L001_R1.fastq.gz: OK
AM_16S_UNSW_KN48L_checksums.md5: OK
401977_16S_KN48L_CAAGCATG-TCTACACT_S24_L001_I2.fastq.gz: OK
401977_16S_KN48L_CAAGCATG-TCTACACT_S24_L001_I1.fastq.gz: OK
401978_16S_KN48L_CCTGAACT-AAGCAGCA_S25_L001_R1.fastq.gz: OK
401978_16S_KN48L_CCTGAACT-AAGCAGCA_S25_L001_I1.fastq.gz: OK
401978_16S_KN48L_CCTGAACT-AAGCAGCA_S25_L001_R2.fastq.gz: OK
AM_16S_UNSW_KN48L_checksums.md5: OK
401978_16S_KN48L_CCTGAACT-AAGCAGCA_S25_L001_I2.fastq.gz: OK
401979_16S_KN48L_CCTGAACT-ACGCGTGA_S26_L001_R2.fastq.gz: OK
AM_16S_UNSW_KN48L_checksums.md5: OK
401979_16S_KN48L_CCTGAACT-ACGCGTGA_S26_L001_I2.fastq.gz: OK
401979_16S_KN48L_CCTGAACT-ACGCGTGA_S26_L001_I1.fastq.gz: OK
401979_16S_KN48L_CCTGAACT-ACGCGTGA_S26_L001_R1.fastq.gz: OK
401980_16S_KN48L_CCTGAACT-CGATCTAC_S27_L001_R1.fastq.gz: OK
401980_16S_KN48L_CCTGAACT-CGATCTAC_S27_L001_I1.fastq.gz: OK
401980_16S_KN48L_CCTGAACT-CGATCTAC_S27_L001_R2.fastq.gz: OK
401980_16S_KN48L_CCTGAACT-CGATCTAC_S27_L001_I2.fastq.gz: OK
AM_16S_UNSW_KN48L_checksums.md5: OK
401981_16S_KN48L_CCTGAACT-ACGACGTG_S28_L001_I1.fastq.gz: OK
AM_16S_UNSW_KN48L_checksums.md5: OK
401981_16S_KN48L_CCTGAACT-ACGACGTG_S28_L001_I2.fastq.gz: OK
401981_16S_KN48L_CCTGAACT-ACGACGTG_S28_L001_R2.fastq.gz: OK
401981_16S_KN48L_CCTGAACT-ACGACGTG_S28_L001_R1.fastq.gz: OK
401982_16S_KN48L_CCTGAACT-GTCTAGTG_S29_L001_R2.fastq.gz: OK
401982_16S_KN48L_CCTGAACT-GTCTAGTG_S29_L001_I2.fastq.gz: OK
401982_16S_KN48L_CCTGAACT-GTCTAGTG_S29_L001_I1.fastq.gz: OK
401982_16S_KN48L_CCTGAACT-GTCTAGTG_S29_L001_R1.fastq.gz: OK
AM_16S_UNSW_KN48L_checksums.md5: OK
401983_16S_KN48L_CCTGAACT-CTAGTATG_S30_L001_R2.fastq.gz: OK
401983_16S_KN48L_CCTGAACT-CTAGTATG_S30_L001_R1.fastq.gz: OK
401983_16S_KN48L_CCTGAACT-CTAGTATG_S30_L001_I1.fastq.gz: OK
AM_16S_UNSW_KN48L_checksums.md5: OK
401983_16S_KN48L_CCTGAACT-CTAGTATG_S30_L001_I2.fastq.gz: OK
401984_16S_KN48L_CCTGAACT-GATAGCGT_S31_L001_I2.fastq.gz: OK
AM_16S_UNSW_KN48L_checksums.md5: OK
401984_16S_KN48L_CCTGAACT-GATAGCGT_S31_L001_I1.fastq.gz: OK
401984_16S_KN48L_CCTGAACT-GATAGCGT_S31_L001_R1.fastq.gz: OK
401984_16S_KN48L_CCTGAACT-GATAGCGT_S31_L001_R2.fastq.gz: OK
AM_16S_UNSW_KN48L_checksums.md5: OK
401985_16S_KN48L_CCTGAACT-TCTACACT_S32_L001_R1.fastq.gz: OK
401985_16S_KN48L_CCTGAACT-TCTACACT_S32_L001_I2.fastq.gz: OK
401985_16S_KN48L_CCTGAACT-TCTACACT_S32_L001_R2.fastq.gz: OK
401985_16S_KN48L_CCTGAACT-TCTACACT_S32_L001_I1.fastq.gz: OK
401986_16S_KN48L_CTTCGGCA-AAGCAGCA_S33_L001_R1.fastq.gz: OK
401986_16S_KN48L_CTTCGGCA-AAGCAGCA_S33_L001_I2.fastq.gz: OK
AM_16S_UNSW_KN48L_checksums.md5: OK
401986_16S_KN48L_CTTCGGCA-AAGCAGCA_S33_L001_R2.fastq.gz: OK
401986_16S_KN48L_CTTCGGCA-AAGCAGCA_S33_L001_I1.fastq.gz: OK
401987_16S_KN48L_CTTCGGCA-ACGCGTGA_S34_L001_I1.fastq.gz: OK
AM_16S_UNSW_KN48L_checksums.md5: OK
401987_16S_KN48L_CTTCGGCA-ACGCGTGA_S34_L001_R1.fastq.gz: OK
401987_16S_KN48L_CTTCGGCA-ACGCGTGA_S34_L001_R2.fastq.gz: OK
401987_16S_KN48L_CTTCGGCA-ACGCGTGA_S34_L001_I2.fastq.gz: OK
401988_16S_KN48L_CTTCGGCA-CGATCTAC_S35_L001_I2.fastq.gz: OK
401988_16S_KN48L_CTTCGGCA-CGATCTAC_S35_L001_I1.fastq.gz: OK
AM_16S_UNSW_KN48L_checksums.md5: OK
401988_16S_KN48L_CTTCGGCA-CGATCTAC_S35_L001_R2.fastq.gz: OK
401988_16S_KN48L_CTTCGGCA-CGATCTAC_S35_L001_R1.fastq.gz: OK
401989_16S_KN48L_CTTCGGCA-ACGACGTG_S36_L001_I2.fastq.gz: OK
401989_16S_KN48L_CTTCGGCA-ACGACGTG_S36_L001_R1.fastq.gz: OK
AM_16S_UNSW_KN48L_checksums.md5: OK
401989_16S_KN48L_CTTCGGCA-ACGACGTG_S36_L001_I1.fastq.gz: OK
401989_16S_KN48L_CTTCGGCA-ACGACGTG_S36_L001_R2.fastq.gz: OK
AM_16S_UNSW_KN48L_checksums.md5: OK
401990_16S_KN48L_CTTCGGCA-GTCTAGTG_S37_L001_R1.fastq.gz: OK
401990_16S_KN48L_CTTCGGCA-GTCTAGTG_S37_L001_I1.fastq.gz: OK
401990_16S_KN48L_CTTCGGCA-GTCTAGTG_S37_L001_R2.fastq.gz: OK
401990_16S_KN48L_CTTCGGCA-GTCTAGTG_S37_L001_I2.fastq.gz: OK
AM_16S_UNSW_KN48L_checksums.md5: OK
401991_16S_KN48L_CTTCGGCA-CTAGTATG_S38_L001_I2.fastq.gz: OK
401991_16S_KN48L_CTTCGGCA-CTAGTATG_S38_L001_I1.fastq.gz: OK
401991_16S_KN48L_CTTCGGCA-CTAGTATG_S38_L001_R1.fastq.gz: OK
401991_16S_KN48L_CTTCGGCA-CTAGTATG_S38_L001_R2.fastq.gz: OK
401992_16S_KN48L_CTTCGGCA-GATAGCGT_S39_L001_R2.fastq.gz: OK
AM_16S_UNSW_KN48L_checksums.md5: OK
401992_16S_KN48L_CTTCGGCA-GATAGCGT_S39_L001_I2.fastq.gz: OK
401992_16S_KN48L_CTTCGGCA-GATAGCGT_S39_L001_I1.fastq.gz: OK
401992_16S_KN48L_CTTCGGCA-GATAGCGT_S39_L001_R1.fastq.gz: OK
401993_16S_KN48L_CTTCGGCA-TCTACACT_S40_L001_I1.fastq.gz: OK
401993_16S_KN48L_CTTCGGCA-TCTACACT_S40_L001_I2.fastq.gz: OK
401993_16S_KN48L_CTTCGGCA-TCTACACT_S40_L001_R1.fastq.gz: OK
AM_16S_UNSW_KN48L_checksums.md5: OK
401993_16S_KN48L_CTTCGGCA-TCTACACT_S40_L001_R2.fastq.gz: OK
AM_16S_UNSW_KN48L_checksums.md5: OK
401994_16S_KN48L_ACGGGACA-AAGCAGCA_S41_L001_I2.fastq.gz: OK
401994_16S_KN48L_ACGGGACA-AAGCAGCA_S41_L001_I1.fastq.gz: OK
401994_16S_KN48L_ACGGGACA-AAGCAGCA_S41_L001_R2.fastq.gz: OK
401994_16S_KN48L_ACGGGACA-AAGCAGCA_S41_L001_R1.fastq.gz: OK
401995_16S_KN48L_ACGGGACA-ACGCGTGA_S42_L001_R2.fastq.gz: OK
401995_16S_KN48L_ACGGGACA-ACGCGTGA_S42_L001_I2.fastq.gz: OK
401995_16S_KN48L_ACGGGACA-ACGCGTGA_S42_L001_I1.fastq.gz: OK
401995_16S_KN48L_ACGGGACA-ACGCGTGA_S42_L001_R1.fastq.gz: OK
AM_16S_UNSW_KN48L_checksums.md5: OK
401996_16S_KN48L_ACGGGACA-CGATCTAC_S43_L001_R2.fastq.gz: OK
401996_16S_KN48L_ACGGGACA-CGATCTAC_S43_L001_I1.fastq.gz: OK
401996_16S_KN48L_ACGGGACA-CGATCTAC_S43_L001_R1.fastq.gz: OK
AM_16S_UNSW_KN48L_checksums.md5: OK
401996_16S_KN48L_ACGGGACA-CGATCTAC_S43_L001_I2.fastq.gz: OK
AM_16S_UNSW_KN48L_checksums.md5: OK
401997_16S_KN48L_ACGGGACA-ACGACGTG_S44_L001_R1.fastq.gz: OK
401997_16S_KN48L_ACGGGACA-ACGACGTG_S44_L001_R2.fastq.gz: OK
401997_16S_KN48L_ACGGGACA-ACGACGTG_S44_L001_I2.fastq.gz: OK
401997_16S_KN48L_ACGGGACA-ACGACGTG_S44_L001_I1.fastq.gz: OK
AM_16S_UNSW_KN48L_checksums.md5: OK
401998_16S_KN48L_ACGGGACA-GTCTAGTG_S45_L001_R1.fastq.gz: OK
401998_16S_KN48L_ACGGGACA-GTCTAGTG_S45_L001_R2.fastq.gz: OK
401998_16S_KN48L_ACGGGACA-GTCTAGTG_S45_L001_I1.fastq.gz: OK
401998_16S_KN48L_ACGGGACA-GTCTAGTG_S45_L001_I2.fastq.gz: OK
AM_16S_UNSW_KN48L_checksums.md5: OK
401999_16S_KN48L_ACGGGACA-CTAGTATG_S46_L001_R2.fastq.gz: OK
401999_16S_KN48L_ACGGGACA-CTAGTATG_S46_L001_I2.fastq.gz: OK
401999_16S_KN48L_ACGGGACA-CTAGTATG_S46_L001_I1.fastq.gz: OK
401999_16S_KN48L_ACGGGACA-CTAGTATG_S46_L001_R1.fastq.gz: OK
402000_16S_KN48L_ACGGGACA-GATAGCGT_S47_L001_I1.fastq.gz: OK
402000_16S_KN48L_ACGGGACA-GATAGCGT_S47_L001_R1.fastq.gz: OK
402000_16S_KN48L_ACGGGACA-GATAGCGT_S47_L001_I2.fastq.gz: OK
AM_16S_UNSW_KN48L_checksums.md5: OK
402000_16S_KN48L_ACGGGACA-GATAGCGT_S47_L001_R2.fastq.gz: OK
402001_16S_KN48L_ACGGGACA-TCTACACT_S48_L001_R2.fastq.gz: OK
402001_16S_KN48L_ACGGGACA-TCTACACT_S48_L001_I1.fastq.gz: OK
402001_16S_KN48L_ACGGGACA-TCTACACT_S48_L001_R1.fastq.gz: OK
AM_16S_UNSW_KN48L_checksums.md5: OK
402001_16S_KN48L_ACGGGACA-TCTACACT_S48_L001_I2.fastq.gz: OK
402002_16S_KN48L_GTCATATC-AAGCAGCA_S49_L001_R1.fastq.gz: OK
AM_16S_UNSW_KN48L_checksums.md5: OK
402002_16S_KN48L_GTCATATC-AAGCAGCA_S49_L001_I2.fastq.gz: OK
402002_16S_KN48L_GTCATATC-AAGCAGCA_S49_L001_I1.fastq.gz: OK
402002_16S_KN48L_GTCATATC-AAGCAGCA_S49_L001_R2.fastq.gz: OK
402003_16S_KN48L_GTCATATC-ACGCGTGA_S50_L001_R2.fastq.gz: OK
402003_16S_KN48L_GTCATATC-ACGCGTGA_S50_L001_I2.fastq.gz: OK
402003_16S_KN48L_GTCATATC-ACGCGTGA_S50_L001_I1.fastq.gz: OK
AM_16S_UNSW_KN48L_checksums.md5: OK
402003_16S_KN48L_GTCATATC-ACGCGTGA_S50_L001_R1.fastq.gz: OK
402004_16S_KN48L_GTCATATC-CGATCTAC_S51_L001_I2.fastq.gz: OK
402004_16S_KN48L_GTCATATC-CGATCTAC_S51_L001_R2.fastq.gz: OK
402004_16S_KN48L_GTCATATC-CGATCTAC_S51_L001_I1.fastq.gz: OK
402004_16S_KN48L_GTCATATC-CGATCTAC_S51_L001_R1.fastq.gz: OK
AM_16S_UNSW_KN48L_checksums.md5: OK
AM_16S_UNSW_KN48L_checksums.md5: OK
402005_16S_KN48L_GTCATATC-ACGACGTG_S52_L001_I2.fastq.gz: OK
402005_16S_KN48L_GTCATATC-ACGACGTG_S52_L001_R1.fastq.gz: OK
402005_16S_KN48L_GTCATATC-ACGACGTG_S52_L001_I1.fastq.gz: OK
402005_16S_KN48L_GTCATATC-ACGACGTG_S52_L001_R2.fastq.gz: OK
402006_16S_KN48L_GTCATATC-GTCTAGTG_S53_L001_I2.fastq.gz: OK
AM_16S_UNSW_KN48L_checksums.md5: OK
402006_16S_KN48L_GTCATATC-GTCTAGTG_S53_L001_R2.fastq.gz: OK
402006_16S_KN48L_GTCATATC-GTCTAGTG_S53_L001_I1.fastq.gz: OK
402006_16S_KN48L_GTCATATC-GTCTAGTG_S53_L001_R1.fastq.gz: OK
402007_16S_KN48L_GTCATATC-CTAGTATG_S54_L001_I2.fastq.gz: OK
402007_16S_KN48L_GTCATATC-CTAGTATG_S54_L001_I1.fastq.gz: OK
402007_16S_KN48L_GTCATATC-CTAGTATG_S54_L001_R2.fastq.gz: OK
402007_16S_KN48L_GTCATATC-CTAGTATG_S54_L001_R1.fastq.gz: OK
AM_16S_UNSW_KN48L_checksums.md5: OK
402008_16S_KN48L_GTCATATC-GATAGCGT_S55_L001_R2.fastq.gz: OK
402008_16S_KN48L_GTCATATC-GATAGCGT_S55_L001_I2.fastq.gz: OK
AM_16S_UNSW_KN48L_checksums.md5: OK
402008_16S_KN48L_GTCATATC-GATAGCGT_S55_L001_I1.fastq.gz: OK
402008_16S_KN48L_GTCATATC-GATAGCGT_S55_L001_R1.fastq.gz: OK
402009_16S_KN48L_GTCATATC-TCTACACT_S56_L001_I2.fastq.gz: OK
402009_16S_KN48L_GTCATATC-TCTACACT_S56_L001_I1.fastq.gz: OK
AM_16S_UNSW_KN48L_checksums.md5: OK
402009_16S_KN48L_GTCATATC-TCTACACT_S56_L001_R2.fastq.gz: OK
402009_16S_KN48L_GTCATATC-TCTACACT_S56_L001_R1.fastq.gz: OK
402010_16S_KN48L_GGAAACCA-AAGCAGCA_S57_L001_I1.fastq.gz: OK
402010_16S_KN48L_GGAAACCA-AAGCAGCA_S57_L001_R1.fastq.gz: OK
402010_16S_KN48L_GGAAACCA-AAGCAGCA_S57_L001_I2.fastq.gz: OK
AM_16S_UNSW_KN48L_checksums.md5: OK
402010_16S_KN48L_GGAAACCA-AAGCAGCA_S57_L001_R2.fastq.gz: OK
402011_16S_KN48L_GGAAACCA-ACGCGTGA_S58_L001_I1.fastq.gz: OK
AM_16S_UNSW_KN48L_checksums.md5: OK
402011_16S_KN48L_GGAAACCA-ACGCGTGA_S58_L001_R2.fastq.gz: OK
402011_16S_KN48L_GGAAACCA-ACGCGTGA_S58_L001_I2.fastq.gz: OK
402011_16S_KN48L_GGAAACCA-ACGCGTGA_S58_L001_R1.fastq.gz: OK
402012_16S_KN48L_GGAAACCA-CGATCTAC_S59_L001_I2.fastq.gz: OK
402012_16S_KN48L_GGAAACCA-CGATCTAC_S59_L001_R2.fastq.gz: OK
402012_16S_KN48L_GGAAACCA-CGATCTAC_S59_L001_I1.fastq.gz: OK
AM_16S_UNSW_KN48L_checksums.md5: OK
402012_16S_KN48L_GGAAACCA-CGATCTAC_S59_L001_R1.fastq.gz: OK
402013_16S_KN48L_GGAAACCA-ACGACGTG_S60_L001_R1.fastq.gz: OK
402013_16S_KN48L_GGAAACCA-ACGACGTG_S60_L001_I2.fastq.gz: OK
402013_16S_KN48L_GGAAACCA-ACGACGTG_S60_L001_I1.fastq.gz: OK
402013_16S_KN48L_GGAAACCA-ACGACGTG_S60_L001_R2.fastq.gz: OK
AM_16S_UNSW_KN48L_checksums.md5: OK
402014_16S_KN48L_GGAAACCA-GTCTAGTG_S61_L001_R2.fastq.gz: OK
402014_16S_KN48L_GGAAACCA-GTCTAGTG_S61_L001_I2.fastq.gz: OK
402014_16S_KN48L_GGAAACCA-GTCTAGTG_S61_L001_I1.fastq.gz: OK
402014_16S_KN48L_GGAAACCA-GTCTAGTG_S61_L001_R1.fastq.gz: OK
AM_16S_UNSW_KN48L_checksums.md5: OK
402015_16S_KN48L_GGAAACCA-CTAGTATG_S62_L001_R1.fastq.gz: OK
402015_16S_KN48L_GGAAACCA-CTAGTATG_S62_L001_I2.fastq.gz: OK
402015_16S_KN48L_GGAAACCA-CTAGTATG_S62_L001_I1.fastq.gz: OK
402015_16S_KN48L_GGAAACCA-CTAGTATG_S62_L001_R2.fastq.gz: OK
AM_16S_UNSW_KN48L_checksums.md5: OK
AM_16S_UNSW_KN48L_checksums.md5: OK
402016_16S_KN48L_GGAAACCA-GATAGCGT_S63_L001_I2.fastq.gz: OK
402016_16S_KN48L_GGAAACCA-GATAGCGT_S63_L001_R2.fastq.gz: OK
402016_16S_KN48L_GGAAACCA-GATAGCGT_S63_L001_I1.fastq.gz: OK
402016_16S_KN48L_GGAAACCA-GATAGCGT_S63_L001_R1.fastq.gz: OK
402017_16S_KN48L_GGAAACCA-TCTACACT_S64_L001_R1.fastq.gz: OK
AM_16S_UNSW_KN48L_checksums.md5: OK
402017_16S_KN48L_GGAAACCA-TCTACACT_S64_L001_R2.fastq.gz: OK
402017_16S_KN48L_GGAAACCA-TCTACACT_S64_L001_I2.fastq.gz: OK
402017_16S_KN48L_GGAAACCA-TCTACACT_S64_L001_I1.fastq.gz: OK
402018_16S_KN48L_TTGCGCAT-AAGCAGCA_S65_L001_R1.fastq.gz: OK
402018_16S_KN48L_TTGCGCAT-AAGCAGCA_S65_L001_R2.fastq.gz: OK
402018_16S_KN48L_TTGCGCAT-AAGCAGCA_S65_L001_I2.fastq.gz: OK
402018_16S_KN48L_TTGCGCAT-AAGCAGCA_S65_L001_I1.fastq.gz: OK
AM_16S_UNSW_KN48L_checksums.md5: OK
AM_16S_UNSW_KN48L_checksums.md5: OK
402019_16S_KN48L_TTGCGCAT-ACGCGTGA_S66_L001_I2.fastq.gz: OK
402019_16S_KN48L_TTGCGCAT-ACGCGTGA_S66_L001_I1.fastq.gz: OK
402019_16S_KN48L_TTGCGCAT-ACGCGTGA_S66_L001_R2.fastq.gz: OK
402019_16S_KN48L_TTGCGCAT-ACGCGTGA_S66_L001_R1.fastq.gz: OK
402020_16S_KN48L_TTGCGCAT-CGATCTAC_S67_L001_R2.fastq.gz: OK
402020_16S_KN48L_TTGCGCAT-CGATCTAC_S67_L001_I1.fastq.gz: OK
402020_16S_KN48L_TTGCGCAT-CGATCTAC_S67_L001_R1.fastq.gz: OK
402020_16S_KN48L_TTGCGCAT-CGATCTAC_S67_L001_I2.fastq.gz: OK
AM_16S_UNSW_KN48L_checksums.md5: OK
402021_16S_KN48L_TTGCGCAT-ACGACGTG_S68_L001_R2.fastq.gz: OK
AM_16S_UNSW_KN48L_checksums.md5: OK
402021_16S_KN48L_TTGCGCAT-ACGACGTG_S68_L001_I1.fastq.gz: OK
402021_16S_KN48L_TTGCGCAT-ACGACGTG_S68_L001_I2.fastq.gz: OK
402021_16S_KN48L_TTGCGCAT-ACGACGTG_S68_L001_R1.fastq.gz: OK
402022_16S_KN48L_TTGCGCAT-GTCTAGTG_S69_L001_I2.fastq.gz: OK
AM_16S_UNSW_KN48L_checksums.md5: OK
402022_16S_KN48L_TTGCGCAT-GTCTAGTG_S69_L001_R1.fastq.gz: OK
402022_16S_KN48L_TTGCGCAT-GTCTAGTG_S69_L001_I1.fastq.gz: OK
402022_16S_KN48L_TTGCGCAT-GTCTAGTG_S69_L001_R2.fastq.gz: OK
AM_16S_UNSW_KN48L_checksums.md5: OK
402023_16S_KN48L_TTGCGCAT-CTAGTATG_S70_L001_I1.fastq.gz: OK
402023_16S_KN48L_TTGCGCAT-CTAGTATG_S70_L001_I2.fastq.gz: OK
402023_16S_KN48L_TTGCGCAT-CTAGTATG_S70_L001_R1.fastq.gz: OK
402023_16S_KN48L_TTGCGCAT-CTAGTATG_S70_L001_R2.fastq.gz: OK
AM_16S_UNSW_KN48L_checksums.md5: OK
402024_16S_KN48L_TTGCGCAT-GATAGCGT_S71_L001_I2.fastq.gz: OK
402024_16S_KN48L_TTGCGCAT-GATAGCGT_S71_L001_R2.fastq.gz: OK
402024_16S_KN48L_TTGCGCAT-GATAGCGT_S71_L001_I1.fastq.gz: OK
402024_16S_KN48L_TTGCGCAT-GATAGCGT_S71_L001_R1.fastq.gz: OK
402025_16S_KN48L_TTGCGCAT-TCTACACT_S72_L001_R2.fastq.gz: OK
402025_16S_KN48L_TTGCGCAT-TCTACACT_S72_L001_I1.fastq.gz: OK
402025_16S_KN48L_TTGCGCAT-TCTACACT_S72_L001_R1.fastq.gz: OK
AM_16S_UNSW_KN48L_checksums.md5: OK
402025_16S_KN48L_TTGCGCAT-TCTACACT_S72_L001_I2.fastq.gz: OK
402026_16S_KN48L_ACATTCAG-AAGCAGCA_S73_L001_I1.fastq.gz: OK
AM_16S_UNSW_KN48L_checksums.md5: OK
402026_16S_KN48L_ACATTCAG-AAGCAGCA_S73_L001_R1.fastq.gz: OK
402026_16S_KN48L_ACATTCAG-AAGCAGCA_S73_L001_I2.fastq.gz: OK
402026_16S_KN48L_ACATTCAG-AAGCAGCA_S73_L001_R2.fastq.gz: OK
AM_16S_UNSW_KN48L_checksums.md5: OK
402027_16S_KN48L_ACATTCAG-ACGCGTGA_S74_L001_I1.fastq.gz: OK
402027_16S_KN48L_ACATTCAG-ACGCGTGA_S74_L001_I2.fastq.gz: OK
402027_16S_KN48L_ACATTCAG-ACGCGTGA_S74_L001_R2.fastq.gz: OK
402027_16S_KN48L_ACATTCAG-ACGCGTGA_S74_L001_R1.fastq.gz: OK
AM_16S_UNSW_KN48L_checksums.md5: OK
402028_16S_KN48L_ACATTCAG-CGATCTAC_S75_L001_R1.fastq.gz: OK
402028_16S_KN48L_ACATTCAG-CGATCTAC_S75_L001_R2.fastq.gz: OK
402028_16S_KN48L_ACATTCAG-CGATCTAC_S75_L001_I1.fastq.gz: OK
402028_16S_KN48L_ACATTCAG-CGATCTAC_S75_L001_I2.fastq.gz: OK
402029_16S_KN48L_ACATTCAG-ACGACGTG_S76_L001_R2.fastq.gz: OK
402029_16S_KN48L_ACATTCAG-ACGACGTG_S76_L001_I1.fastq.gz: OK
402029_16S_KN48L_ACATTCAG-ACGACGTG_S76_L001_I2.fastq.gz: OK
AM_16S_UNSW_KN48L_checksums.md5: OK
402029_16S_KN48L_ACATTCAG-ACGACGTG_S76_L001_R1.fastq.gz: OK
402030_16S_KN48L_ACATTCAG-GTCTAGTG_S77_L001_R1.fastq.gz: OK
402030_16S_KN48L_ACATTCAG-GTCTAGTG_S77_L001_I2.fastq.gz: OK
402030_16S_KN48L_ACATTCAG-GTCTAGTG_S77_L001_R2.fastq.gz: OK
AM_16S_UNSW_KN48L_checksums.md5: OK
402030_16S_KN48L_ACATTCAG-GTCTAGTG_S77_L001_I1.fastq.gz: OK
AM_16S_UNSW_KN48L_checksums.md5: OK
402031_16S_KN48L_ACATTCAG-CTAGTATG_S78_L001_I1.fastq.gz: OK
402031_16S_KN48L_ACATTCAG-CTAGTATG_S78_L001_I2.fastq.gz: OK
402031_16S_KN48L_ACATTCAG-CTAGTATG_S78_L001_R2.fastq.gz: OK
402031_16S_KN48L_ACATTCAG-CTAGTATG_S78_L001_R1.fastq.gz: OK
402032_16S_KN48L_ACATTCAG-GATAGCGT_S79_L001_I1.fastq.gz: OK
AM_16S_UNSW_KN48L_checksums.md5: OK
402032_16S_KN48L_ACATTCAG-GATAGCGT_S79_L001_R1.fastq.gz: OK
402032_16S_KN48L_ACATTCAG-GATAGCGT_S79_L001_I2.fastq.gz: OK
402032_16S_KN48L_ACATTCAG-GATAGCGT_S79_L001_R2.fastq.gz: OK
402033_16S_KN48L_ACATTCAG-TCTACACT_S80_L001_R2.fastq.gz: OK
AM_16S_UNSW_KN48L_checksums.md5: OK
402033_16S_KN48L_ACATTCAG-TCTACACT_S80_L001_I1.fastq.gz: OK
402033_16S_KN48L_ACATTCAG-TCTACACT_S80_L001_R1.fastq.gz: OK
402033_16S_KN48L_ACATTCAG-TCTACACT_S80_L001_I2.fastq.gz: OK
AM_16S_UNSW_KN48L_checksums.md5: OK
402034_16S_KN48L_ACTGACAG-AAGCAGCA_S81_L001_R1.fastq.gz: OK
402034_16S_KN48L_ACTGACAG-AAGCAGCA_S81_L001_R2.fastq.gz: OK
402034_16S_KN48L_ACTGACAG-AAGCAGCA_S81_L001_I1.fastq.gz: OK
402034_16S_KN48L_ACTGACAG-AAGCAGCA_S81_L001_I2.fastq.gz: OK
402035_16S_KN48L_ACTGACAG-ACGCGTGA_S82_L001_I2.fastq.gz: OK
402035_16S_KN48L_ACTGACAG-ACGCGTGA_S82_L001_I1.fastq.gz: OK
402035_16S_KN48L_ACTGACAG-ACGCGTGA_S82_L001_R1.fastq.gz: OK
AM_16S_UNSW_KN48L_checksums.md5: OK
402035_16S_KN48L_ACTGACAG-ACGCGTGA_S82_L001_R2.fastq.gz: OK
402036_16S_KN48L_ACTGACAG-CGATCTAC_S83_L001_R2.fastq.gz: OK
AM_16S_UNSW_KN48L_checksums.md5: OK
402036_16S_KN48L_ACTGACAG-CGATCTAC_S83_L001_I1.fastq.gz: OK
402036_16S_KN48L_ACTGACAG-CGATCTAC_S83_L001_R1.fastq.gz: OK
402036_16S_KN48L_ACTGACAG-CGATCTAC_S83_L001_I2.fastq.gz: OK
402037_16S_KN48L_ACTGACAG-ACGACGTG_S84_L001_I2.fastq.gz: OK
402037_16S_KN48L_ACTGACAG-ACGACGTG_S84_L001_R2.fastq.gz: OK
402037_16S_KN48L_ACTGACAG-ACGACGTG_S84_L001_I1.fastq.gz: OK
AM_16S_UNSW_KN48L_checksums.md5: OK
402037_16S_KN48L_ACTGACAG-ACGACGTG_S84_L001_R1.fastq.gz: OK
402038_16S_KN48L_ACTGACAG-GTCTAGTG_S85_L001_R2.fastq.gz: OK
402038_16S_KN48L_ACTGACAG-GTCTAGTG_S85_L001_I2.fastq.gz: OK
AM_16S_UNSW_KN48L_checksums.md5: OK
402038_16S_KN48L_ACTGACAG-GTCTAGTG_S85_L001_R1.fastq.gz: OK
402038_16S_KN48L_ACTGACAG-GTCTAGTG_S85_L001_I1.fastq.gz: OK
402039_16S_KN48L_ACTGACAG-CTAGTATG_S86_L001_I2.fastq.gz: OK
402039_16S_KN48L_ACTGACAG-CTAGTATG_S86_L001_R2.fastq.gz: OK
402039_16S_KN48L_ACTGACAG-CTAGTATG_S86_L001_R1.fastq.gz: OK
402039_16S_KN48L_ACTGACAG-CTAGTATG_S86_L001_I1.fastq.gz: OK
AM_16S_UNSW_KN48L_checksums.md5: OK
402040_16S_KN48L_ACTGACAG-GATAGCGT_S87_L001_I1.fastq.gz: OK
402040_16S_KN48L_ACTGACAG-GATAGCGT_S87_L001_R1.fastq.gz: OK
402040_16S_KN48L_ACTGACAG-GATAGCGT_S87_L001_R2.fastq.gz: OK
AM_16S_UNSW_KN48L_checksums.md5: OK
402040_16S_KN48L_ACTGACAG-GATAGCGT_S87_L001_I2.fastq.gz: OK
402041_16S_KN48L_ACTGACAG-TCTACACT_S88_L001_I2.fastq.gz: OK
402041_16S_KN48L_ACTGACAG-TCTACACT_S88_L001_R2.fastq.gz: OK
AM_16S_UNSW_KN48L_checksums.md5: OK
402041_16S_KN48L_ACTGACAG-TCTACACT_S88_L001_I1.fastq.gz: OK
402041_16S_KN48L_ACTGACAG-TCTACACT_S88_L001_R1.fastq.gz: OK
402042_16S_KN48L_CGAGAAGA-AAGCAGCA_S89_L001_R2.fastq.gz: OK
402042_16S_KN48L_CGAGAAGA-AAGCAGCA_S89_L001_R1.fastq.gz: OK
402042_16S_KN48L_CGAGAAGA-AAGCAGCA_S89_L001_I2.fastq.gz: OK
AM_16S_UNSW_KN48L_checksums.md5: OK
402042_16S_KN48L_CGAGAAGA-AAGCAGCA_S89_L001_I1.fastq.gz: OK
402043_16S_KN48L_CGAGAAGA-ACGCGTGA_S90_L001_R2.fastq.gz: OK
AM_16S_UNSW_KN48L_checksums.md5: OK
402043_16S_KN48L_CGAGAAGA-ACGCGTGA_S90_L001_I1.fastq.gz: OK
402043_16S_KN48L_CGAGAAGA-ACGCGTGA_S90_L001_R1.fastq.gz: OK
402043_16S_KN48L_CGAGAAGA-ACGCGTGA_S90_L001_I2.fastq.gz: OK
402044_16S_KN48L_CGAGAAGA-CGATCTAC_S91_L001_R1.fastq.gz: OK
402044_16S_KN48L_CGAGAAGA-CGATCTAC_S91_L001_I1.fastq.gz: OK
AM_16S_UNSW_KN48L_checksums.md5: OK
402044_16S_KN48L_CGAGAAGA-CGATCTAC_S91_L001_I2.fastq.gz: OK
402044_16S_KN48L_CGAGAAGA-CGATCTAC_S91_L001_R2.fastq.gz: OK
AM_16S_UNSW_KN48L_checksums.md5: OK
402045_16S_KN48L_CGAGAAGA-ACGACGTG_S92_L001_I1.fastq.gz: OK
402045_16S_KN48L_CGAGAAGA-ACGACGTG_S92_L001_I2.fastq.gz: OK
402045_16S_KN48L_CGAGAAGA-ACGACGTG_S92_L001_R2.fastq.gz: OK
402045_16S_KN48L_CGAGAAGA-ACGACGTG_S92_L001_R1.fastq.gz: OK
402046_16S_KN48L_CGAGAAGA-GTCTAGTG_S93_L001_R1.fastq.gz: OK
402046_16S_KN48L_CGAGAAGA-GTCTAGTG_S93_L001_R2.fastq.gz: OK
402046_16S_KN48L_CGAGAAGA-GTCTAGTG_S93_L001_I1.fastq.gz: OK
AM_16S_UNSW_KN48L_checksums.md5: OK
402046_16S_KN48L_CGAGAAGA-GTCTAGTG_S93_L001_I2.fastq.gz: OK
AM_16S_UNSW_KN48L_checksums.md5: OK
402047_16S_KN48L_ATTCCTGT-AAGCAGCA_S94_L001_I1.fastq.gz: OK
402047_16S_KN48L_ATTCCTGT-AAGCAGCA_S94_L001_R2.fastq.gz: OK
402047_16S_KN48L_ATTCCTGT-AAGCAGCA_S94_L001_I2.fastq.gz: OK
402047_16S_KN48L_ATTCCTGT-AAGCAGCA_S94_L001_R1.fastq.gz: OK
402048_16S_KN48L_ATTCCTGT-ACGCGTGA_S95_L001_I2.fastq.gz: OK
402048_16S_KN48L_ATTCCTGT-ACGCGTGA_S95_L001_R2.fastq.gz: OK
AM_16S_UNSW_KN48L_checksums.md5: OK
402048_16S_KN48L_ATTCCTGT-ACGCGTGA_S95_L001_R1.fastq.gz: OK
402048_16S_KN48L_ATTCCTGT-ACGCGTGA_S95_L001_I1.fastq.gz: OK
402049_16S_KN48L_ATTCCTGT-CGATCTAC_S96_L001_R1.fastq.gz: OK
402049_16S_KN48L_ATTCCTGT-CGATCTAC_S96_L001_I1.fastq.gz: OK
402049_16S_KN48L_ATTCCTGT-CGATCTAC_S96_L001_R2.fastq.gz: OK
402049_16S_KN48L_ATTCCTGT-CGATCTAC_S96_L001_I2.fastq.gz: OK
AM_16S_UNSW_KN48L_checksums.md5: OK
402146_16S_KN48L_GGCCACGT-AAGCAGCA_S97_L001_R1.fastq.gz: OK
402146_16S_KN48L_GGCCACGT-AAGCAGCA_S97_L001_I2.fastq.gz: OK
402146_16S_KN48L_GGCCACGT-AAGCAGCA_S97_L001_I1.fastq.gz: OK
AM_16S_UNSW_KN48L_checksums.md5: OK
402146_16S_KN48L_GGCCACGT-AAGCAGCA_S97_L001_R2.fastq.gz: OK
402147_16S_KN48L_GGCCACGT-ACGCGTGA_S98_L001_I1.fastq.gz: OK
402147_16S_KN48L_GGCCACGT-ACGCGTGA_S98_L001_R1.fastq.gz: OK
AM_16S_UNSW_KN48L_checksums.md5: OK
402147_16S_KN48L_GGCCACGT-ACGCGTGA_S98_L001_I2.fastq.gz: OK
402147_16S_KN48L_GGCCACGT-ACGCGTGA_S98_L001_R2.fastq.gz: OK
402148_16S_KN48L_GGCCACGT-CGATCTAC_S99_L001_R1.fastq.gz: OK
402148_16S_KN48L_GGCCACGT-CGATCTAC_S99_L001_I1.fastq.gz: OK
AM_16S_UNSW_KN48L_checksums.md5: OK
402148_16S_KN48L_GGCCACGT-CGATCTAC_S99_L001_I2.fastq.gz: OK
402148_16S_KN48L_GGCCACGT-CGATCTAC_S99_L001_R2.fastq.gz: OK
402149_16S_KN48L_GGCCACGT-ACGACGTG_S100_L001_R2.fastq.gz: OK
402149_16S_KN48L_GGCCACGT-ACGACGTG_S100_L001_R1.fastq.gz: OK
402149_16S_KN48L_GGCCACGT-ACGACGTG_S100_L001_I2.fastq.gz: OK
402149_16S_KN48L_GGCCACGT-ACGACGTG_S100_L001_I1.fastq.gz: OK
AM_16S_UNSW_KN48L_checksums.md5: OK
402150_16S_KN48L_GGCCACGT-GTCTAGTG_S101_L001_I2.fastq.gz: OK
402150_16S_KN48L_GGCCACGT-GTCTAGTG_S101_L001_I1.fastq.gz: OK
402150_16S_KN48L_GGCCACGT-GTCTAGTG_S101_L001_R2.fastq.gz: OK
402150_16S_KN48L_GGCCACGT-GTCTAGTG_S101_L001_R1.fastq.gz: OK
AM_16S_UNSW_KN48L_checksums.md5: OK
402151_16S_KN48L_GGCCACGT-CTAGTATG_S102_L001_R1.fastq.gz: OK
402151_16S_KN48L_GGCCACGT-CTAGTATG_S102_L001_I2.fastq.gz: OK
402151_16S_KN48L_GGCCACGT-CTAGTATG_S102_L001_R2.fastq.gz: OK
402151_16S_KN48L_GGCCACGT-CTAGTATG_S102_L001_I1.fastq.gz: OK
AM_16S_UNSW_KN48L_checksums.md5: OK
AM_16S_UNSW_KN48L_checksums.md5: OK
402152_16S_KN48L_GGCCACGT-GATAGCGT_S103_L001_R2.fastq.gz: OK
402152_16S_KN48L_GGCCACGT-GATAGCGT_S103_L001_R1.fastq.gz: OK
402152_16S_KN48L_GGCCACGT-GATAGCGT_S103_L001_I1.fastq.gz: OK
402152_16S_KN48L_GGCCACGT-GATAGCGT_S103_L001_I2.fastq.gz: OK
402153_16S_KN48L_GGCCACGT-TCTACACT_S104_L001_R2.fastq.gz: OK
AM_16S_UNSW_KN48L_checksums.md5: OK
402153_16S_KN48L_GGCCACGT-TCTACACT_S104_L001_I1.fastq.gz: OK
402153_16S_KN48L_GGCCACGT-TCTACACT_S104_L001_I2.fastq.gz: OK
402153_16S_KN48L_GGCCACGT-TCTACACT_S104_L001_R1.fastq.gz: OK
402154_16S_KN48L_TAGGAACT-AAGCAGCA_S105_L001_I1.fastq.gz: OK
402154_16S_KN48L_TAGGAACT-AAGCAGCA_S105_L001_I2.fastq.gz: OK
402154_16S_KN48L_TAGGAACT-AAGCAGCA_S105_L001_R2.fastq.gz: OK
AM_16S_UNSW_KN48L_checksums.md5: OK
402154_16S_KN48L_TAGGAACT-AAGCAGCA_S105_L001_R1.fastq.gz: OK
AM_16S_UNSW_KN48L_checksums.md5: OK
402155_16S_KN48L_TAGGAACT-ACGCGTGA_S106_L001_R2.fastq.gz: OK
402155_16S_KN48L_TAGGAACT-ACGCGTGA_S106_L001_I2.fastq.gz: OK
402155_16S_KN48L_TAGGAACT-ACGCGTGA_S106_L001_I1.fastq.gz: OK
402155_16S_KN48L_TAGGAACT-ACGCGTGA_S106_L001_R1.fastq.gz: OK
402156_16S_KN48L_TAGGAACT-CGATCTAC_S107_L001_R1.fastq.gz: OK
AM_16S_UNSW_KN48L_checksums.md5: OK
402156_16S_KN48L_TAGGAACT-CGATCTAC_S107_L001_I2.fastq.gz: OK
402156_16S_KN48L_TAGGAACT-CGATCTAC_S107_L001_I1.fastq.gz: OK
402156_16S_KN48L_TAGGAACT-CGATCTAC_S107_L001_R2.fastq.gz: OK
AM_16S_UNSW_KN48L_checksums.md5: OK
402157_16S_KN48L_TAGGAACT-ACGACGTG_S108_L001_I2.fastq.gz: OK
402157_16S_KN48L_TAGGAACT-ACGACGTG_S108_L001_R2.fastq.gz: OK
402157_16S_KN48L_TAGGAACT-ACGACGTG_S108_L001_I1.fastq.gz: OK
402157_16S_KN48L_TAGGAACT-ACGACGTG_S108_L001_R1.fastq.gz: OK
402158_16S_KN48L_TAGGAACT-GTCTAGTG_S109_L001_R1.fastq.gz: OK
402158_16S_KN48L_TAGGAACT-GTCTAGTG_S109_L001_R2.fastq.gz: OK
AM_16S_UNSW_KN48L_checksums.md5: OK
402158_16S_KN48L_TAGGAACT-GTCTAGTG_S109_L001_I1.fastq.gz: OK
402158_16S_KN48L_TAGGAACT-GTCTAGTG_S109_L001_I2.fastq.gz: OK
402159_16S_KN48L_TAGGAACT-CTAGTATG_S110_L001_R1.fastq.gz: OK
402159_16S_KN48L_TAGGAACT-CTAGTATG_S110_L001_I2.fastq.gz: OK
AM_16S_UNSW_KN48L_checksums.md5: OK
402159_16S_KN48L_TAGGAACT-CTAGTATG_S110_L001_R2.fastq.gz: OK
402159_16S_KN48L_TAGGAACT-CTAGTATG_S110_L001_I1.fastq.gz: OK
AM_16S_UNSW_KN48L_checksums.md5: OK
402160_16S_KN48L_TAGGAACT-GATAGCGT_S111_L001_I2.fastq.gz: OK
402160_16S_KN48L_TAGGAACT-GATAGCGT_S111_L001_I1.fastq.gz: OK
402160_16S_KN48L_TAGGAACT-GATAGCGT_S111_L001_R2.fastq.gz: OK
402160_16S_KN48L_TAGGAACT-GATAGCGT_S111_L001_R1.fastq.gz: OK
402161_16S_KN48L_TAGGAACT-TCTACACT_S112_L001_I2.fastq.gz: OK
402161_16S_KN48L_TAGGAACT-TCTACACT_S112_L001_R1.fastq.gz: OK
AM_16S_UNSW_KN48L_checksums.md5: OK
402161_16S_KN48L_TAGGAACT-TCTACACT_S112_L001_I1.fastq.gz: OK
402161_16S_KN48L_TAGGAACT-TCTACACT_S112_L001_R2.fastq.gz: OK
No_Template_Control_16S_KN48L_CGAGAAGA-TCTACACT_S114_L001_I2.fastq.gz: OK
ATCC1002MOCK_16S_KN48L_CGAGAAGA-CTAGTATG_S113_L001_I1.fastq.gz: OK
ATCC1002MOCK_16S_KN48L_CGAGAAGA-CTAGTATG_S113_L001_I2.fastq.gz: OK
AM_16S_UNSW_KN48L_checksums.md5: OK
Soil_DNA_16S_KN48L_CGAGAAGA-GATAGCGT_S115_L001_I1.fastq.gz: OK
Soil_DNA_16S_KN48L_CGAGAAGA-GATAGCGT_S115_L001_R1.fastq.gz: OK
Soil_DNA_16S_KN48L_CGAGAAGA-GATAGCGT_S115_L001_R2.fastq.gz: OK
No_Template_Control_16S_KN48L_CGAGAAGA-TCTACACT_S114_L001_R1.fastq.gz: OK
Soil_DNA_16S_KN48L_CGAGAAGA-GATAGCGT_S115_L001_I2.fastq.gz: OK
No_Template_Control_16S_KN48L_CGAGAAGA-TCTACACT_S114_L001_I1.fastq.gz: OK
ATCC1002MOCK_16S_KN48L_CGAGAAGA-CTAGTATG_S113_L001_R2.fastq.gz: OK
ATCC1002MOCK_16S_KN48L_CGAGAAGA-CTAGTATG_S113_L001_R1.fastq.gz: OK
No_Template_Control_16S_KN48L_CGAGAAGA-TCTACACT_S114_L001_R2.fastq.gz: OK
