138511_16S_K39YG_GGTGTCTA-AAGCAGCA_S21_L001_R1.fastq.gz: OK
138511_16S_K39YG_GGTGTCTA-AAGCAGCA_S21_L001_I1.fastq.gz: OK
AM_16S_UNSW_K39YG_checksums.md5: OK
138511_16S_K39YG_GGTGTCTA-AAGCAGCA_S21_L001_R2.fastq.gz: OK
138511_16S_K39YG_GGTGTCTA-AAGCAGCA_S21_L001_I2.fastq.gz: OK
138512_16S_K39YG_GGTGTCTA-ACGCGTGA_S22_L001_R1.fastq.gz: OK
138512_16S_K39YG_GGTGTCTA-ACGCGTGA_S22_L001_I1.fastq.gz: OK
138512_16S_K39YG_GGTGTCTA-ACGCGTGA_S22_L001_R2.fastq.gz: OK
AM_16S_UNSW_K39YG_checksums.md5: OK
138512_16S_K39YG_GGTGTCTA-ACGCGTGA_S22_L001_I2.fastq.gz: OK
138513_16S_K39YG_GGTGTCTA-CGATCTAC_S23_L001_R1.fastq.gz: OK
138513_16S_K39YG_GGTGTCTA-CGATCTAC_S23_L001_I1.fastq.gz: OK
138513_16S_K39YG_GGTGTCTA-CGATCTAC_S23_L001_R2.fastq.gz: OK
AM_16S_UNSW_K39YG_checksums.md5: OK
138513_16S_K39YG_GGTGTCTA-CGATCTAC_S23_L001_I2.fastq.gz: OK
AM_16S_UNSW_K39YG_checksums.md5: OK
138514_16S_K39YG_GGTGTCTA-ACGACGTG_S24_L001_I1.fastq.gz: OK
138514_16S_K39YG_GGTGTCTA-ACGACGTG_S24_L001_R1.fastq.gz: OK
138514_16S_K39YG_GGTGTCTA-ACGACGTG_S24_L001_R2.fastq.gz: OK
138514_16S_K39YG_GGTGTCTA-ACGACGTG_S24_L001_I2.fastq.gz: OK
138515_16S_K39YG_GGTGTCTA-GTCTAGTG_S25_L001_R1.fastq.gz: OK
138515_16S_K39YG_GGTGTCTA-GTCTAGTG_S25_L001_I1.fastq.gz: OK
138515_16S_K39YG_GGTGTCTA-GTCTAGTG_S25_L001_R2.fastq.gz: OK
AM_16S_UNSW_K39YG_checksums.md5: OK
138515_16S_K39YG_GGTGTCTA-GTCTAGTG_S25_L001_I2.fastq.gz: OK
AM_16S_UNSW_K39YG_checksums.md5: OK
138516_16S_K39YG_GGTGTCTA-CTAGTATG_S26_L001_R2.fastq.gz: OK
138516_16S_K39YG_GGTGTCTA-CTAGTATG_S26_L001_R1.fastq.gz: OK
138516_16S_K39YG_GGTGTCTA-CTAGTATG_S26_L001_I1.fastq.gz: OK
138516_16S_K39YG_GGTGTCTA-CTAGTATG_S26_L001_I2.fastq.gz: OK
138524_16S_K39YG_AGTAGAGG-AAGCAGCA_S1_L001_I1.fastq.gz: OK
138524_16S_K39YG_AGTAGAGG-AAGCAGCA_S1_L001_R1.fastq.gz: OK
138524_16S_K39YG_AGTAGAGG-AAGCAGCA_S1_L001_R2.fastq.gz: OK
138524_16S_K39YG_AGTAGAGG-AAGCAGCA_S1_L001_I2.fastq.gz: OK
AM_16S_UNSW_K39YG_checksums.md5: OK
138525_16S_K39YG_AGTAGAGG-ACGCGTGA_S2_L001_I1.fastq.gz: OK
138525_16S_K39YG_AGTAGAGG-ACGCGTGA_S2_L001_R1.fastq.gz: OK
138525_16S_K39YG_AGTAGAGG-ACGCGTGA_S2_L001_I2.fastq.gz: OK
138525_16S_K39YG_AGTAGAGG-ACGCGTGA_S2_L001_R2.fastq.gz: OK
AM_16S_UNSW_K39YG_checksums.md5: OK
AM_16S_UNSW_K39YG_checksums.md5: OK
138526_16S_K39YG_AGTAGAGG-CGATCTAC_S3_L001_R1.fastq.gz: OK
138526_16S_K39YG_AGTAGAGG-CGATCTAC_S3_L001_I2.fastq.gz: OK
138526_16S_K39YG_AGTAGAGG-CGATCTAC_S3_L001_R2.fastq.gz: OK
138526_16S_K39YG_AGTAGAGG-CGATCTAC_S3_L001_I1.fastq.gz: OK
138527_16S_K39YG_AGTAGAGG-ACGACGTG_S4_L001_R2.fastq.gz: OK
138527_16S_K39YG_AGTAGAGG-ACGACGTG_S4_L001_I2.fastq.gz: OK
138527_16S_K39YG_AGTAGAGG-ACGACGTG_S4_L001_I1.fastq.gz: OK
AM_16S_UNSW_K39YG_checksums.md5: OK
138527_16S_K39YG_AGTAGAGG-ACGACGTG_S4_L001_R1.fastq.gz: OK
AM_16S_UNSW_K39YG_checksums.md5: OK
138528_16S_K39YG_AGTAGAGG-GTCTAGTG_S5_L001_R2.fastq.gz: OK
138528_16S_K39YG_AGTAGAGG-GTCTAGTG_S5_L001_I2.fastq.gz: OK
138528_16S_K39YG_AGTAGAGG-GTCTAGTG_S5_L001_I1.fastq.gz: OK
138528_16S_K39YG_AGTAGAGG-GTCTAGTG_S5_L001_R1.fastq.gz: OK
138529_16S_K39YG_AGTAGAGG-CTAGTATG_S6_L001_R2.fastq.gz: OK
138529_16S_K39YG_AGTAGAGG-CTAGTATG_S6_L001_I2.fastq.gz: OK
138529_16S_K39YG_AGTAGAGG-CTAGTATG_S6_L001_I1.fastq.gz: OK
AM_16S_UNSW_K39YG_checksums.md5: OK
138529_16S_K39YG_AGTAGAGG-CTAGTATG_S6_L001_R1.fastq.gz: OK
138530_16S_K39YG_AGTAGAGG-GATAGCGT_S7_L001_I2.fastq.gz: OK
138530_16S_K39YG_AGTAGAGG-GATAGCGT_S7_L001_I1.fastq.gz: OK
AM_16S_UNSW_K39YG_checksums.md5: OK
138530_16S_K39YG_AGTAGAGG-GATAGCGT_S7_L001_R1.fastq.gz: OK
138530_16S_K39YG_AGTAGAGG-GATAGCGT_S7_L001_R2.fastq.gz: OK
138531_16S_K39YG_AGTAGAGG-TCTACACT_S8_L001_R2.fastq.gz: OK
AM_16S_UNSW_K39YG_checksums.md5: OK
138531_16S_K39YG_AGTAGAGG-TCTACACT_S8_L001_R1.fastq.gz: OK
138531_16S_K39YG_AGTAGAGG-TCTACACT_S8_L001_I2.fastq.gz: OK
138531_16S_K39YG_AGTAGAGG-TCTACACT_S8_L001_I1.fastq.gz: OK
138532_16S_K39YG_CGCAGCGG-AAGCAGCA_S9_L001_I1.fastq.gz: OK
138532_16S_K39YG_CGCAGCGG-AAGCAGCA_S9_L001_R2.fastq.gz: OK
138532_16S_K39YG_CGCAGCGG-AAGCAGCA_S9_L001_I2.fastq.gz: OK
AM_16S_UNSW_K39YG_checksums.md5: OK
138532_16S_K39YG_CGCAGCGG-AAGCAGCA_S9_L001_R1.fastq.gz: OK
AM_16S_UNSW_K39YG_checksums.md5: OK
138533_16S_K39YG_CGCAGCGG-ACGCGTGA_S10_L001_I1.fastq.gz: OK
138533_16S_K39YG_CGCAGCGG-ACGCGTGA_S10_L001_I2.fastq.gz: OK
138533_16S_K39YG_CGCAGCGG-ACGCGTGA_S10_L001_R2.fastq.gz: OK
138533_16S_K39YG_CGCAGCGG-ACGCGTGA_S10_L001_R1.fastq.gz: OK
138534_16S_K39YG_CGCAGCGG-CGATCTAC_S11_L001_I1.fastq.gz: OK
138534_16S_K39YG_CGCAGCGG-CGATCTAC_S11_L001_R1.fastq.gz: OK
AM_16S_UNSW_K39YG_checksums.md5: OK
138534_16S_K39YG_CGCAGCGG-CGATCTAC_S11_L001_I2.fastq.gz: OK
138534_16S_K39YG_CGCAGCGG-CGATCTAC_S11_L001_R2.fastq.gz: OK
138535_16S_K39YG_CGCAGCGG-ACGACGTG_S12_L001_I1.fastq.gz: OK
138535_16S_K39YG_CGCAGCGG-ACGACGTG_S12_L001_I2.fastq.gz: OK
AM_16S_UNSW_K39YG_checksums.md5: OK
138535_16S_K39YG_CGCAGCGG-ACGACGTG_S12_L001_R1.fastq.gz: OK
138535_16S_K39YG_CGCAGCGG-ACGACGTG_S12_L001_R2.fastq.gz: OK
138536_16S_K39YG_CGCAGCGG-GTCTAGTG_S13_L001_I1.fastq.gz: OK
138536_16S_K39YG_CGCAGCGG-GTCTAGTG_S13_L001_I2.fastq.gz: OK
138536_16S_K39YG_CGCAGCGG-GTCTAGTG_S13_L001_R2.fastq.gz: OK
138536_16S_K39YG_CGCAGCGG-GTCTAGTG_S13_L001_R1.fastq.gz: OK
AM_16S_UNSW_K39YG_checksums.md5: OK
AM_16S_UNSW_K39YG_checksums.md5: OK
138537_16S_K39YG_CGCAGCGG-CTAGTATG_S14_L001_R1.fastq.gz: OK
138537_16S_K39YG_CGCAGCGG-CTAGTATG_S14_L001_R2.fastq.gz: OK
138537_16S_K39YG_CGCAGCGG-CTAGTATG_S14_L001_I1.fastq.gz: OK
138537_16S_K39YG_CGCAGCGG-CTAGTATG_S14_L001_I2.fastq.gz: OK
138538_16S_K39YG_CGCAGCGG-GATAGCGT_S15_L001_I2.fastq.gz: OK
138538_16S_K39YG_CGCAGCGG-GATAGCGT_S15_L001_I1.fastq.gz: OK
138538_16S_K39YG_CGCAGCGG-GATAGCGT_S15_L001_R1.fastq.gz: OK
AM_16S_UNSW_K39YG_checksums.md5: OK
138538_16S_K39YG_CGCAGCGG-GATAGCGT_S15_L001_R2.fastq.gz: OK
138539_16S_K39YG_CGCAGCGG-TCTACACT_S16_L001_I2.fastq.gz: OK
138539_16S_K39YG_CGCAGCGG-TCTACACT_S16_L001_R2.fastq.gz: OK
138539_16S_K39YG_CGCAGCGG-TCTACACT_S16_L001_R1.fastq.gz: OK
138539_16S_K39YG_CGCAGCGG-TCTACACT_S16_L001_I1.fastq.gz: OK
AM_16S_UNSW_K39YG_checksums.md5: OK
138543_16S_K39YG_AATGCCTC-AAGCAGCA_S17_L001_R1.fastq.gz: OK
138543_16S_K39YG_AATGCCTC-AAGCAGCA_S17_L001_R2.fastq.gz: OK
138543_16S_K39YG_AATGCCTC-AAGCAGCA_S17_L001_I1.fastq.gz: OK
AM_16S_UNSW_K39YG_checksums.md5: OK
138543_16S_K39YG_AATGCCTC-AAGCAGCA_S17_L001_I2.fastq.gz: OK
AM_16S_UNSW_K39YG_checksums.md5: OK
138544_16S_K39YG_AATGCCTC-ACGCGTGA_S18_L001_I2.fastq.gz: OK
138544_16S_K39YG_AATGCCTC-ACGCGTGA_S18_L001_I1.fastq.gz: OK
138544_16S_K39YG_AATGCCTC-ACGCGTGA_S18_L001_R2.fastq.gz: OK
138544_16S_K39YG_AATGCCTC-ACGCGTGA_S18_L001_R1.fastq.gz: OK
138545_16S_K39YG_AATGCCTC-CGATCTAC_S19_L001_R1.fastq.gz: OK
138545_16S_K39YG_AATGCCTC-CGATCTAC_S19_L001_R2.fastq.gz: OK
138545_16S_K39YG_AATGCCTC-CGATCTAC_S19_L001_I2.fastq.gz: OK
138545_16S_K39YG_AATGCCTC-CGATCTAC_S19_L001_I1.fastq.gz: OK
AM_16S_UNSW_K39YG_checksums.md5: OK
138546_16S_K39YG_AATGCCTC-ACGACGTG_S20_L001_R2.fastq.gz: OK
138546_16S_K39YG_AATGCCTC-ACGACGTG_S20_L001_I1.fastq.gz: OK
138546_16S_K39YG_AATGCCTC-ACGACGTG_S20_L001_I2.fastq.gz: OK
138546_16S_K39YG_AATGCCTC-ACGACGTG_S20_L001_R1.fastq.gz: OK
AM_16S_UNSW_K39YG_checksums.md5: OK
