ATCC1010MOCK_ITS_KP8LM_CGTCCGAA-CTAGAGCT_S112_L001_R2.fastq.gz: OK
No_Template_Control_ITS_KP8LM_ACAAGGAG-TAGTGTAG_S113_L001_I2.fastq.gz: OK
ATCC1010MOCK_ITS_KP8LM_ACAAGGAG-GACACTGA_S111_L001_I1.fastq.gz: OK
No_Template_Control_ITS_KP8LM_ACAAGGAG-TAGTGTAG_S113_L001_R1.fastq.gz: OK
No_Template_Control_ITS_KP8LM_CGTCCGAA-GACACTGA_S114_L001_R2.fastq.gz: OK
Soil_DNA_ITS_KP8LM_ACAAGGAG-TGCGTACG_S115_L001_I2.fastq.gz: OK
AM_ITS_UNSW_KP8LM_checksums.md5: OK
Soil_DNA_ITS_KP8LM_ACAAGGAG-TGCGTACG_S115_L001_I1.fastq.gz: OK
Soil_DNA_ITS_KP8LM_CGTCCGAA-GCTCTAGT_S116_L001_R2.fastq.gz: OK
ATCC1010MOCK_ITS_KP8LM_CGTCCGAA-CTAGAGCT_S112_L001_I1.fastq.gz: OK
Soil_DNA_ITS_KP8LM_CGTCCGAA-GCTCTAGT_S116_L001_I2.fastq.gz: OK
Soil_DNA_ITS_KP8LM_ACAAGGAG-TGCGTACG_S115_L001_R2.fastq.gz: OK
ATCC1010MOCK_ITS_KP8LM_ACAAGGAG-GACACTGA_S111_L001_I2.fastq.gz: OK
No_Template_Control_ITS_KP8LM_CGTCCGAA-GACACTGA_S114_L001_I2.fastq.gz: OK
ATCC1010MOCK_ITS_KP8LM_ACAAGGAG-GACACTGA_S111_L001_R1.fastq.gz: OK
No_Template_Control_ITS_KP8LM_ACAAGGAG-TAGTGTAG_S113_L001_R2.fastq.gz: OK
Soil_DNA_ITS_KP8LM_CGTCCGAA-GCTCTAGT_S116_L001_R1.fastq.gz: OK
ATCC1010MOCK_ITS_KP8LM_CGTCCGAA-CTAGAGCT_S112_L001_I2.fastq.gz: OK
ATCC1010MOCK_ITS_KP8LM_CGTCCGAA-CTAGAGCT_S112_L001_R1.fastq.gz: OK
ATCC1010MOCK_ITS_KP8LM_ACAAGGAG-GACACTGA_S111_L001_R2.fastq.gz: OK
Soil_DNA_ITS_KP8LM_CGTCCGAA-GCTCTAGT_S116_L001_I1.fastq.gz: OK
Soil_DNA_ITS_KP8LM_ACAAGGAG-TGCGTACG_S115_L001_R1.fastq.gz: OK
No_Template_Control_ITS_KP8LM_CGTCCGAA-GACACTGA_S114_L001_I1.fastq.gz: OK
No_Template_Control_ITS_KP8LM_CGTCCGAA-GACACTGA_S114_L001_R1.fastq.gz: OK
No_Template_Control_ITS_KP8LM_ACAAGGAG-TAGTGTAG_S113_L001_I1.fastq.gz: OK
402047_ITS_KP8LM_TCTGTTGC-ACGACGTG_S1_L001_I2.fastq.gz: OK
402047_ITS_KP8LM_TCTGTTGC-ACGACGTG_S1_L001_R2.fastq.gz: OK
402047_ITS_KP8LM_TCTGTTGC-ACGACGTG_S1_L001_I1.fastq.gz: OK
AM_ITS_UNSW_KP8LM_checksums.md5: OK
402047_ITS_KP8LM_TCTGTTGC-ACGACGTG_S1_L001_R1.fastq.gz: OK
402048_ITS_KP8LM_TCTGTTGC-ATATACAC_S2_L001_R1.fastq.gz: OK
402048_ITS_KP8LM_TCTGTTGC-ATATACAC_S2_L001_I1.fastq.gz: OK
402048_ITS_KP8LM_TCTGTTGC-ATATACAC_S2_L001_R2.fastq.gz: OK
AM_ITS_UNSW_KP8LM_checksums.md5: OK
402048_ITS_KP8LM_TCTGTTGC-ATATACAC_S2_L001_I2.fastq.gz: OK
402049_ITS_KP8LM_TCTGTTGC-CGTCGCTA_S3_L001_R1.fastq.gz: OK
402049_ITS_KP8LM_TCTGTTGC-CGTCGCTA_S3_L001_R2.fastq.gz: OK
402049_ITS_KP8LM_TCTGTTGC-CGTCGCTA_S3_L001_I1.fastq.gz: OK
AM_ITS_UNSW_KP8LM_checksums.md5: OK
402049_ITS_KP8LM_TCTGTTGC-CGTCGCTA_S3_L001_I2.fastq.gz: OK
402050_ITS_KP8LM_GAAGAAGC-ACGACGTG_S4_L001_R1.fastq.gz: OK
402050_ITS_KP8LM_GAAGAAGC-ACGACGTG_S4_L001_I2.fastq.gz: OK
AM_ITS_UNSW_KP8LM_checksums.md5: OK
402050_ITS_KP8LM_GAAGAAGC-ACGACGTG_S4_L001_I1.fastq.gz: OK
402050_ITS_KP8LM_GAAGAAGC-ACGACGTG_S4_L001_R2.fastq.gz: OK
402051_ITS_KP8LM_GACTCTTG-ACGACGTG_S5_L001_R2.fastq.gz: OK
402051_ITS_KP8LM_GACTCTTG-ACGACGTG_S5_L001_I1.fastq.gz: OK
402051_ITS_KP8LM_GACTCTTG-ACGACGTG_S5_L001_I2.fastq.gz: OK
AM_ITS_UNSW_KP8LM_checksums.md5: OK
402051_ITS_KP8LM_GACTCTTG-ACGACGTG_S5_L001_R1.fastq.gz: OK
402052_ITS_KP8LM_GAAGAAGC-CGTCGCTA_S6_L001_R2.fastq.gz: OK
402052_ITS_KP8LM_GAAGAAGC-CGTCGCTA_S6_L001_R1.fastq.gz: OK
AM_ITS_UNSW_KP8LM_checksums.md5: OK
402052_ITS_KP8LM_GAAGAAGC-CGTCGCTA_S6_L001_I1.fastq.gz: OK
402052_ITS_KP8LM_GAAGAAGC-CGTCGCTA_S6_L001_I2.fastq.gz: OK
AM_ITS_UNSW_KP8LM_checksums.md5: OK
402053_ITS_KP8LM_GAAGAAGC-CTAGAGCT_S7_L001_I2.fastq.gz: OK
402053_ITS_KP8LM_GAAGAAGC-CTAGAGCT_S7_L001_R1.fastq.gz: OK
402053_ITS_KP8LM_GAAGAAGC-CTAGAGCT_S7_L001_I1.fastq.gz: OK
402053_ITS_KP8LM_GAAGAAGC-CTAGAGCT_S7_L001_R2.fastq.gz: OK
402054_ITS_KP8LM_GAAGAAGC-GCTCTAGT_S8_L001_R2.fastq.gz: OK
402054_ITS_KP8LM_GAAGAAGC-GCTCTAGT_S8_L001_I1.fastq.gz: OK
AM_ITS_UNSW_KP8LM_checksums.md5: OK
402054_ITS_KP8LM_GAAGAAGC-GCTCTAGT_S8_L001_I2.fastq.gz: OK
402054_ITS_KP8LM_GAAGAAGC-GCTCTAGT_S8_L001_R1.fastq.gz: OK
402055_ITS_KP8LM_GAAGAAGC-GACACTGA_S9_L001_I1.fastq.gz: OK
402055_ITS_KP8LM_GAAGAAGC-GACACTGA_S9_L001_R2.fastq.gz: OK
AM_ITS_UNSW_KP8LM_checksums.md5: OK
402055_ITS_KP8LM_GAAGAAGC-GACACTGA_S9_L001_I2.fastq.gz: OK
402055_ITS_KP8LM_GAAGAAGC-GACACTGA_S9_L001_R1.fastq.gz: OK
402056_ITS_KP8LM_GAAGAAGC-TGCGTACG_S10_L001_R2.fastq.gz: OK
AM_ITS_UNSW_KP8LM_checksums.md5: OK
402056_ITS_KP8LM_GAAGAAGC-TGCGTACG_S10_L001_I1.fastq.gz: OK
402056_ITS_KP8LM_GAAGAAGC-TGCGTACG_S10_L001_I2.fastq.gz: OK
402056_ITS_KP8LM_GAAGAAGC-TGCGTACG_S10_L001_R1.fastq.gz: OK
402057_ITS_KP8LM_GACTCTTG-ATATACAC_S11_L001_I1.fastq.gz: OK
402057_ITS_KP8LM_GACTCTTG-ATATACAC_S11_L001_R2.fastq.gz: OK
402057_ITS_KP8LM_GACTCTTG-ATATACAC_S11_L001_I2.fastq.gz: OK
AM_ITS_UNSW_KP8LM_checksums.md5: OK
402057_ITS_KP8LM_GACTCTTG-ATATACAC_S11_L001_R1.fastq.gz: OK
402058_ITS_KP8LM_GAGAGAAT-ACGACGTG_S12_L001_R2.fastq.gz: OK
402058_ITS_KP8LM_GAGAGAAT-ACGACGTG_S12_L001_R1.fastq.gz: OK
402058_ITS_KP8LM_GAGAGAAT-ACGACGTG_S12_L001_I2.fastq.gz: OK
AM_ITS_UNSW_KP8LM_checksums.md5: OK
402058_ITS_KP8LM_GAGAGAAT-ACGACGTG_S12_L001_I1.fastq.gz: OK
402059_ITS_KP8LM_GACTCTTG-CGTCGCTA_S13_L001_I2.fastq.gz: OK
402059_ITS_KP8LM_GACTCTTG-CGTCGCTA_S13_L001_R2.fastq.gz: OK
402059_ITS_KP8LM_GACTCTTG-CGTCGCTA_S13_L001_R1.fastq.gz: OK
AM_ITS_UNSW_KP8LM_checksums.md5: OK
402059_ITS_KP8LM_GACTCTTG-CGTCGCTA_S13_L001_I1.fastq.gz: OK
402060_ITS_KP8LM_GAGAGAAT-CGTCGCTA_S14_L001_R2.fastq.gz: OK
402060_ITS_KP8LM_GAGAGAAT-CGTCGCTA_S14_L001_I1.fastq.gz: OK
AM_ITS_UNSW_KP8LM_checksums.md5: OK
402060_ITS_KP8LM_GAGAGAAT-CGTCGCTA_S14_L001_R1.fastq.gz: OK
402060_ITS_KP8LM_GAGAGAAT-CGTCGCTA_S14_L001_I2.fastq.gz: OK
402061_ITS_KP8LM_GAGAGAAT-CTAGAGCT_S15_L001_R2.fastq.gz: OK
402061_ITS_KP8LM_GAGAGAAT-CTAGAGCT_S15_L001_I2.fastq.gz: OK
402061_ITS_KP8LM_GAGAGAAT-CTAGAGCT_S15_L001_R1.fastq.gz: OK
402061_ITS_KP8LM_GAGAGAAT-CTAGAGCT_S15_L001_I1.fastq.gz: OK
AM_ITS_UNSW_KP8LM_checksums.md5: OK
402062_ITS_KP8LM_GAGAGAAT-GCTCTAGT_S16_L001_I1.fastq.gz: OK
AM_ITS_UNSW_KP8LM_checksums.md5: OK
402062_ITS_KP8LM_GAGAGAAT-GCTCTAGT_S16_L001_R1.fastq.gz: OK
402062_ITS_KP8LM_GAGAGAAT-GCTCTAGT_S16_L001_I2.fastq.gz: OK
402062_ITS_KP8LM_GAGAGAAT-GCTCTAGT_S16_L001_R2.fastq.gz: OK
402063_ITS_KP8LM_GAGAGAAT-GACACTGA_S17_L001_R1.fastq.gz: OK
402063_ITS_KP8LM_GAGAGAAT-GACACTGA_S17_L001_I1.fastq.gz: OK
402063_ITS_KP8LM_GAGAGAAT-GACACTGA_S17_L001_R2.fastq.gz: OK
402063_ITS_KP8LM_GAGAGAAT-GACACTGA_S17_L001_I2.fastq.gz: OK
AM_ITS_UNSW_KP8LM_checksums.md5: OK
402064_ITS_KP8LM_GAGAGAAT-TGCGTACG_S18_L001_R1.fastq.gz: OK
AM_ITS_UNSW_KP8LM_checksums.md5: OK
402064_ITS_KP8LM_GAGAGAAT-TGCGTACG_S18_L001_I1.fastq.gz: OK
402064_ITS_KP8LM_GAGAGAAT-TGCGTACG_S18_L001_I2.fastq.gz: OK
402064_ITS_KP8LM_GAGAGAAT-TGCGTACG_S18_L001_R2.fastq.gz: OK
402065_ITS_KP8LM_GAGAGAAT-TAGTGTAG_S19_L001_R1.fastq.gz: OK
402065_ITS_KP8LM_GAGAGAAT-TAGTGTAG_S19_L001_I1.fastq.gz: OK
AM_ITS_UNSW_KP8LM_checksums.md5: OK
402065_ITS_KP8LM_GAGAGAAT-TAGTGTAG_S19_L001_R2.fastq.gz: OK
402065_ITS_KP8LM_GAGAGAAT-TAGTGTAG_S19_L001_I2.fastq.gz: OK
402066_ITS_KP8LM_TCGTCGAT-ACGACGTG_S20_L001_I2.fastq.gz: OK
AM_ITS_UNSW_KP8LM_checksums.md5: OK
402066_ITS_KP8LM_TCGTCGAT-ACGACGTG_S20_L001_R1.fastq.gz: OK
402066_ITS_KP8LM_TCGTCGAT-ACGACGTG_S20_L001_I1.fastq.gz: OK
402066_ITS_KP8LM_TCGTCGAT-ACGACGTG_S20_L001_R2.fastq.gz: OK
402067_ITS_KP8LM_TCGTCGAT-ATATACAC_S21_L001_I1.fastq.gz: OK
402067_ITS_KP8LM_TCGTCGAT-ATATACAC_S21_L001_R1.fastq.gz: OK
402067_ITS_KP8LM_TCGTCGAT-ATATACAC_S21_L001_I2.fastq.gz: OK
AM_ITS_UNSW_KP8LM_checksums.md5: OK
402067_ITS_KP8LM_TCGTCGAT-ATATACAC_S21_L001_R2.fastq.gz: OK
402068_ITS_KP8LM_TCGTCGAT-CGTCGCTA_S22_L001_I2.fastq.gz: OK
402068_ITS_KP8LM_TCGTCGAT-CGTCGCTA_S22_L001_R2.fastq.gz: OK
402068_ITS_KP8LM_TCGTCGAT-CGTCGCTA_S22_L001_R1.fastq.gz: OK
AM_ITS_UNSW_KP8LM_checksums.md5: OK
402068_ITS_KP8LM_TCGTCGAT-CGTCGCTA_S22_L001_I1.fastq.gz: OK
402069_ITS_KP8LM_TCGTCGAT-CTAGAGCT_S23_L001_R1.fastq.gz: OK
AM_ITS_UNSW_KP8LM_checksums.md5: OK
402069_ITS_KP8LM_TCGTCGAT-CTAGAGCT_S23_L001_I1.fastq.gz: OK
402069_ITS_KP8LM_TCGTCGAT-CTAGAGCT_S23_L001_R2.fastq.gz: OK
402069_ITS_KP8LM_TCGTCGAT-CTAGAGCT_S23_L001_I2.fastq.gz: OK
402070_ITS_KP8LM_TCGTCGAT-GCTCTAGT_S24_L001_R2.fastq.gz: OK
AM_ITS_UNSW_KP8LM_checksums.md5: OK
402070_ITS_KP8LM_TCGTCGAT-GCTCTAGT_S24_L001_R1.fastq.gz: OK
402070_ITS_KP8LM_TCGTCGAT-GCTCTAGT_S24_L001_I1.fastq.gz: OK
402070_ITS_KP8LM_TCGTCGAT-GCTCTAGT_S24_L001_I2.fastq.gz: OK
402071_ITS_KP8LM_GACTCTTG-GCTCTAGT_S25_L001_R1.fastq.gz: OK
402071_ITS_KP8LM_GACTCTTG-GCTCTAGT_S25_L001_R2.fastq.gz: OK
402071_ITS_KP8LM_GACTCTTG-GCTCTAGT_S25_L001_I2.fastq.gz: OK
402071_ITS_KP8LM_GACTCTTG-GCTCTAGT_S25_L001_I1.fastq.gz: OK
AM_ITS_UNSW_KP8LM_checksums.md5: OK
402072_ITS_KP8LM_TCGTCGAT-TGCGTACG_S26_L001_I2.fastq.gz: OK
402072_ITS_KP8LM_TCGTCGAT-TGCGTACG_S26_L001_R2.fastq.gz: OK
402072_ITS_KP8LM_TCGTCGAT-TGCGTACG_S26_L001_I1.fastq.gz: OK
402072_ITS_KP8LM_TCGTCGAT-TGCGTACG_S26_L001_R1.fastq.gz: OK
AM_ITS_UNSW_KP8LM_checksums.md5: OK
402073_ITS_KP8LM_GACTCTTG-GACACTGA_S27_L001_R1.fastq.gz: OK
402073_ITS_KP8LM_GACTCTTG-GACACTGA_S27_L001_R2.fastq.gz: OK
AM_ITS_UNSW_KP8LM_checksums.md5: OK
402073_ITS_KP8LM_GACTCTTG-GACACTGA_S27_L001_I1.fastq.gz: OK
402073_ITS_KP8LM_GACTCTTG-GACACTGA_S27_L001_I2.fastq.gz: OK
402074_ITS_KP8LM_ATTGGGCT-ACGACGTG_S28_L001_R2.fastq.gz: OK
402074_ITS_KP8LM_ATTGGGCT-ACGACGTG_S28_L001_I1.fastq.gz: OK
AM_ITS_UNSW_KP8LM_checksums.md5: OK
402074_ITS_KP8LM_ATTGGGCT-ACGACGTG_S28_L001_I2.fastq.gz: OK
402074_ITS_KP8LM_ATTGGGCT-ACGACGTG_S28_L001_R1.fastq.gz: OK
AM_ITS_UNSW_KP8LM_checksums.md5: OK
402075_ITS_KP8LM_GACTCTTG-TGCGTACG_S29_L001_R1.fastq.gz: OK
402075_ITS_KP8LM_GACTCTTG-TGCGTACG_S29_L001_I1.fastq.gz: OK
402075_ITS_KP8LM_GACTCTTG-TGCGTACG_S29_L001_R2.fastq.gz: OK
402075_ITS_KP8LM_GACTCTTG-TGCGTACG_S29_L001_I2.fastq.gz: OK
402076_ITS_KP8LM_ATTGGGCT-CGTCGCTA_S30_L001_I1.fastq.gz: OK
AM_ITS_UNSW_KP8LM_checksums.md5: OK
402076_ITS_KP8LM_ATTGGGCT-CGTCGCTA_S30_L001_R1.fastq.gz: OK
402076_ITS_KP8LM_ATTGGGCT-CGTCGCTA_S30_L001_R2.fastq.gz: OK
402076_ITS_KP8LM_ATTGGGCT-CGTCGCTA_S30_L001_I2.fastq.gz: OK
AM_ITS_UNSW_KP8LM_checksums.md5: OK
402077_ITS_KP8LM_GACTCTTG-TAGTGTAG_S31_L001_I1.fastq.gz: OK
402077_ITS_KP8LM_GACTCTTG-TAGTGTAG_S31_L001_I2.fastq.gz: OK
402077_ITS_KP8LM_GACTCTTG-TAGTGTAG_S31_L001_R2.fastq.gz: OK
402077_ITS_KP8LM_GACTCTTG-TAGTGTAG_S31_L001_R1.fastq.gz: OK
402078_ITS_KP8LM_ATTGGGCT-GCTCTAGT_S32_L001_R1.fastq.gz: OK
402078_ITS_KP8LM_ATTGGGCT-GCTCTAGT_S32_L001_R2.fastq.gz: OK
402078_ITS_KP8LM_ATTGGGCT-GCTCTAGT_S32_L001_I2.fastq.gz: OK
AM_ITS_UNSW_KP8LM_checksums.md5: OK
402078_ITS_KP8LM_ATTGGGCT-GCTCTAGT_S32_L001_I1.fastq.gz: OK
402079_ITS_KP8LM_ATTGGGCT-GACACTGA_S33_L001_R2.fastq.gz: OK
AM_ITS_UNSW_KP8LM_checksums.md5: OK
402079_ITS_KP8LM_ATTGGGCT-GACACTGA_S33_L001_I1.fastq.gz: OK
402079_ITS_KP8LM_ATTGGGCT-GACACTGA_S33_L001_R1.fastq.gz: OK
402079_ITS_KP8LM_ATTGGGCT-GACACTGA_S33_L001_I2.fastq.gz: OK
402080_ITS_KP8LM_ATTGGGCT-TGCGTACG_S34_L001_R1.fastq.gz: OK
AM_ITS_UNSW_KP8LM_checksums.md5: OK
402080_ITS_KP8LM_ATTGGGCT-TGCGTACG_S34_L001_R2.fastq.gz: OK
402080_ITS_KP8LM_ATTGGGCT-TGCGTACG_S34_L001_I1.fastq.gz: OK
402080_ITS_KP8LM_ATTGGGCT-TGCGTACG_S34_L001_I2.fastq.gz: OK
402081_ITS_KP8LM_GCAGGATA-ACGACGTG_S35_L001_R1.fastq.gz: OK
402081_ITS_KP8LM_GCAGGATA-ACGACGTG_S35_L001_R2.fastq.gz: OK
402081_ITS_KP8LM_GCAGGATA-ACGACGTG_S35_L001_I2.fastq.gz: OK
AM_ITS_UNSW_KP8LM_checksums.md5: OK
402081_ITS_KP8LM_GCAGGATA-ACGACGTG_S35_L001_I1.fastq.gz: OK
402082_ITS_KP8LM_ACCACATA-ACGACGTG_S36_L001_R1.fastq.gz: OK
402082_ITS_KP8LM_ACCACATA-ACGACGTG_S36_L001_R2.fastq.gz: OK
AM_ITS_UNSW_KP8LM_checksums.md5: OK
402082_ITS_KP8LM_ACCACATA-ACGACGTG_S36_L001_I1.fastq.gz: OK
402082_ITS_KP8LM_ACCACATA-ACGACGTG_S36_L001_I2.fastq.gz: OK
402083_ITS_KP8LM_ACCACATA-ATATACAC_S37_L001_R1.fastq.gz: OK
402083_ITS_KP8LM_ACCACATA-ATATACAC_S37_L001_I2.fastq.gz: OK
402083_ITS_KP8LM_ACCACATA-ATATACAC_S37_L001_I1.fastq.gz: OK
AM_ITS_UNSW_KP8LM_checksums.md5: OK
402083_ITS_KP8LM_ACCACATA-ATATACAC_S37_L001_R2.fastq.gz: OK
402084_ITS_KP8LM_ACCACATA-CGTCGCTA_S38_L001_R2.fastq.gz: OK
AM_ITS_UNSW_KP8LM_checksums.md5: OK
402084_ITS_KP8LM_ACCACATA-CGTCGCTA_S38_L001_I1.fastq.gz: OK
402084_ITS_KP8LM_ACCACATA-CGTCGCTA_S38_L001_R1.fastq.gz: OK
402084_ITS_KP8LM_ACCACATA-CGTCGCTA_S38_L001_I2.fastq.gz: OK
402085_ITS_KP8LM_ACCACATA-CTAGAGCT_S39_L001_I2.fastq.gz: OK
AM_ITS_UNSW_KP8LM_checksums.md5: OK
402085_ITS_KP8LM_ACCACATA-CTAGAGCT_S39_L001_I1.fastq.gz: OK
402085_ITS_KP8LM_ACCACATA-CTAGAGCT_S39_L001_R2.fastq.gz: OK
402085_ITS_KP8LM_ACCACATA-CTAGAGCT_S39_L001_R1.fastq.gz: OK
AM_ITS_UNSW_KP8LM_checksums.md5: OK
402086_ITS_KP8LM_ACCACATA-GCTCTAGT_S40_L001_R2.fastq.gz: OK
402086_ITS_KP8LM_ACCACATA-GCTCTAGT_S40_L001_I2.fastq.gz: OK
402086_ITS_KP8LM_ACCACATA-GCTCTAGT_S40_L001_R1.fastq.gz: OK
402086_ITS_KP8LM_ACCACATA-GCTCTAGT_S40_L001_I1.fastq.gz: OK
AM_ITS_UNSW_KP8LM_checksums.md5: OK
402087_ITS_KP8LM_GCAGGATA-CGTCGCTA_S41_L001_R2.fastq.gz: OK
402087_ITS_KP8LM_GCAGGATA-CGTCGCTA_S41_L001_I2.fastq.gz: OK
402087_ITS_KP8LM_GCAGGATA-CGTCGCTA_S41_L001_I1.fastq.gz: OK
402087_ITS_KP8LM_GCAGGATA-CGTCGCTA_S41_L001_R1.fastq.gz: OK
402088_ITS_KP8LM_ACCACATA-TGCGTACG_S42_L001_I2.fastq.gz: OK
402088_ITS_KP8LM_ACCACATA-TGCGTACG_S42_L001_R1.fastq.gz: OK
402088_ITS_KP8LM_ACCACATA-TGCGTACG_S42_L001_I1.fastq.gz: OK
AM_ITS_UNSW_KP8LM_checksums.md5: OK
402088_ITS_KP8LM_ACCACATA-TGCGTACG_S42_L001_R2.fastq.gz: OK
402089_ITS_KP8LM_ACCACATA-TAGTGTAG_S43_L001_I2.fastq.gz: OK
402089_ITS_KP8LM_ACCACATA-TAGTGTAG_S43_L001_R2.fastq.gz: OK
AM_ITS_UNSW_KP8LM_checksums.md5: OK
402089_ITS_KP8LM_ACCACATA-TAGTGTAG_S43_L001_R1.fastq.gz: OK
402089_ITS_KP8LM_ACCACATA-TAGTGTAG_S43_L001_I1.fastq.gz: OK
AM_ITS_UNSW_KP8LM_checksums.md5: OK
402090_ITS_KP8LM_GCAGGATA-GCTCTAGT_S44_L001_R2.fastq.gz: OK
402090_ITS_KP8LM_GCAGGATA-GCTCTAGT_S44_L001_I2.fastq.gz: OK
402090_ITS_KP8LM_GCAGGATA-GCTCTAGT_S44_L001_R1.fastq.gz: OK
402090_ITS_KP8LM_GCAGGATA-GCTCTAGT_S44_L001_I1.fastq.gz: OK
402091_ITS_KP8LM_GCAGGATA-GACACTGA_S45_L001_I1.fastq.gz: OK
402091_ITS_KP8LM_GCAGGATA-GACACTGA_S45_L001_I2.fastq.gz: OK
402091_ITS_KP8LM_GCAGGATA-GACACTGA_S45_L001_R1.fastq.gz: OK
402091_ITS_KP8LM_GCAGGATA-GACACTGA_S45_L001_R2.fastq.gz: OK
AM_ITS_UNSW_KP8LM_checksums.md5: OK
AM_ITS_UNSW_KP8LM_checksums.md5: OK
402092_ITS_KP8LM_AACACAAG-CGTCGCTA_S46_L001_R1.fastq.gz: OK
402092_ITS_KP8LM_AACACAAG-CGTCGCTA_S46_L001_R2.fastq.gz: OK
402092_ITS_KP8LM_AACACAAG-CGTCGCTA_S46_L001_I2.fastq.gz: OK
402092_ITS_KP8LM_AACACAAG-CGTCGCTA_S46_L001_I1.fastq.gz: OK
402093_ITS_KP8LM_GCAGGATA-TGCGTACG_S47_L001_I2.fastq.gz: OK
402093_ITS_KP8LM_GCAGGATA-TGCGTACG_S47_L001_I1.fastq.gz: OK
402093_ITS_KP8LM_GCAGGATA-TGCGTACG_S47_L001_R2.fastq.gz: OK
AM_ITS_UNSW_KP8LM_checksums.md5: OK
402093_ITS_KP8LM_GCAGGATA-TGCGTACG_S47_L001_R1.fastq.gz: OK
402094_ITS_KP8LM_AACACAAG-GCTCTAGT_S48_L001_R2.fastq.gz: OK
402094_ITS_KP8LM_AACACAAG-GCTCTAGT_S48_L001_R1.fastq.gz: OK
AM_ITS_UNSW_KP8LM_checksums.md5: OK
402094_ITS_KP8LM_AACACAAG-GCTCTAGT_S48_L001_I2.fastq.gz: OK
402094_ITS_KP8LM_AACACAAG-GCTCTAGT_S48_L001_I1.fastq.gz: OK
402095_ITS_KP8LM_GCAGGATA-TAGTGTAG_S49_L001_R1.fastq.gz: OK
402095_ITS_KP8LM_GCAGGATA-TAGTGTAG_S49_L001_I2.fastq.gz: OK
AM_ITS_UNSW_KP8LM_checksums.md5: OK
402095_ITS_KP8LM_GCAGGATA-TAGTGTAG_S49_L001_I1.fastq.gz: OK
402095_ITS_KP8LM_GCAGGATA-TAGTGTAG_S49_L001_R2.fastq.gz: OK
AM_ITS_UNSW_KP8LM_checksums.md5: OK
402096_ITS_KP8LM_AACACAAG-TGCGTACG_S50_L001_R1.fastq.gz: OK
402096_ITS_KP8LM_AACACAAG-TGCGTACG_S50_L001_I2.fastq.gz: OK
402096_ITS_KP8LM_AACACAAG-TGCGTACG_S50_L001_I1.fastq.gz: OK
402096_ITS_KP8LM_AACACAAG-TGCGTACG_S50_L001_R2.fastq.gz: OK
402097_ITS_KP8LM_AACACAAG-TAGTGTAG_S51_L001_R2.fastq.gz: OK
402097_ITS_KP8LM_AACACAAG-TAGTGTAG_S51_L001_I1.fastq.gz: OK
402097_ITS_KP8LM_AACACAAG-TAGTGTAG_S51_L001_I2.fastq.gz: OK
402097_ITS_KP8LM_AACACAAG-TAGTGTAG_S51_L001_R1.fastq.gz: OK
AM_ITS_UNSW_KP8LM_checksums.md5: OK
402098_ITS_KP8LM_AATGTCCG-ACGACGTG_S52_L001_I1.fastq.gz: OK
402098_ITS_KP8LM_AATGTCCG-ACGACGTG_S52_L001_R2.fastq.gz: OK
AM_ITS_UNSW_KP8LM_checksums.md5: OK
402098_ITS_KP8LM_AATGTCCG-ACGACGTG_S52_L001_I2.fastq.gz: OK
402098_ITS_KP8LM_AATGTCCG-ACGACGTG_S52_L001_R1.fastq.gz: OK
402099_ITS_KP8LM_AATGTCCG-ATATACAC_S53_L001_I1.fastq.gz: OK
402099_ITS_KP8LM_AATGTCCG-ATATACAC_S53_L001_R2.fastq.gz: OK
AM_ITS_UNSW_KP8LM_checksums.md5: OK
402099_ITS_KP8LM_AATGTCCG-ATATACAC_S53_L001_I2.fastq.gz: OK
402099_ITS_KP8LM_AATGTCCG-ATATACAC_S53_L001_R1.fastq.gz: OK
402100_ITS_KP8LM_AATGTCCG-CGTCGCTA_S54_L001_R1.fastq.gz: OK
402100_ITS_KP8LM_AATGTCCG-CGTCGCTA_S54_L001_R2.fastq.gz: OK
402100_ITS_KP8LM_AATGTCCG-CGTCGCTA_S54_L001_I1.fastq.gz: OK
AM_ITS_UNSW_KP8LM_checksums.md5: OK
402100_ITS_KP8LM_AATGTCCG-CGTCGCTA_S54_L001_I2.fastq.gz: OK
AM_ITS_UNSW_KP8LM_checksums.md5: OK
402101_ITS_KP8LM_CGTCCGAA-ACGACGTG_S55_L001_R2.fastq.gz: OK
402101_ITS_KP8LM_CGTCCGAA-ACGACGTG_S55_L001_I2.fastq.gz: OK
402101_ITS_KP8LM_CGTCCGAA-ACGACGTG_S55_L001_R1.fastq.gz: OK
402101_ITS_KP8LM_CGTCCGAA-ACGACGTG_S55_L001_I1.fastq.gz: OK
402102_ITS_KP8LM_AATGTCCG-GCTCTAGT_S56_L001_I2.fastq.gz: OK
402102_ITS_KP8LM_AATGTCCG-GCTCTAGT_S56_L001_R1.fastq.gz: OK
AM_ITS_UNSW_KP8LM_checksums.md5: OK
402102_ITS_KP8LM_AATGTCCG-GCTCTAGT_S56_L001_R2.fastq.gz: OK
402102_ITS_KP8LM_AATGTCCG-GCTCTAGT_S56_L001_I1.fastq.gz: OK
402103_ITS_KP8LM_AATGTCCG-GACACTGA_S57_L001_I1.fastq.gz: OK
402103_ITS_KP8LM_AATGTCCG-GACACTGA_S57_L001_R2.fastq.gz: OK
402103_ITS_KP8LM_AATGTCCG-GACACTGA_S57_L001_R1.fastq.gz: OK
402103_ITS_KP8LM_AATGTCCG-GACACTGA_S57_L001_I2.fastq.gz: OK
AM_ITS_UNSW_KP8LM_checksums.md5: OK
402104_ITS_KP8LM_AATGTCCG-TGCGTACG_S58_L001_R2.fastq.gz: OK
402104_ITS_KP8LM_AATGTCCG-TGCGTACG_S58_L001_R1.fastq.gz: OK
402104_ITS_KP8LM_AATGTCCG-TGCGTACG_S58_L001_I2.fastq.gz: OK
402104_ITS_KP8LM_AATGTCCG-TGCGTACG_S58_L001_I1.fastq.gz: OK
AM_ITS_UNSW_KP8LM_checksums.md5: OK
AM_ITS_UNSW_KP8LM_checksums.md5: OK
402105_ITS_KP8LM_AATGTCCG-TAGTGTAG_S59_L001_R1.fastq.gz: OK
402105_ITS_KP8LM_AATGTCCG-TAGTGTAG_S59_L001_I2.fastq.gz: OK
402105_ITS_KP8LM_AATGTCCG-TAGTGTAG_S59_L001_I1.fastq.gz: OK
402105_ITS_KP8LM_AATGTCCG-TAGTGTAG_S59_L001_R2.fastq.gz: OK
402106_ITS_KP8LM_TACTTCGC-ACGACGTG_S60_L001_I1.fastq.gz: OK
AM_ITS_UNSW_KP8LM_checksums.md5: OK
402106_ITS_KP8LM_TACTTCGC-ACGACGTG_S60_L001_I2.fastq.gz: OK
402106_ITS_KP8LM_TACTTCGC-ACGACGTG_S60_L001_R2.fastq.gz: OK
402106_ITS_KP8LM_TACTTCGC-ACGACGTG_S60_L001_R1.fastq.gz: OK
AM_ITS_UNSW_KP8LM_checksums.md5: OK
402107_ITS_KP8LM_TACTTCGC-ATATACAC_S61_L001_I1.fastq.gz: OK
402107_ITS_KP8LM_TACTTCGC-ATATACAC_S61_L001_R2.fastq.gz: OK
402107_ITS_KP8LM_TACTTCGC-ATATACAC_S61_L001_I2.fastq.gz: OK
402107_ITS_KP8LM_TACTTCGC-ATATACAC_S61_L001_R1.fastq.gz: OK
402108_ITS_KP8LM_TACTTCGC-CGTCGCTA_S62_L001_I2.fastq.gz: OK
402108_ITS_KP8LM_TACTTCGC-CGTCGCTA_S62_L001_I1.fastq.gz: OK
AM_ITS_UNSW_KP8LM_checksums.md5: OK
402108_ITS_KP8LM_TACTTCGC-CGTCGCTA_S62_L001_R2.fastq.gz: OK
402108_ITS_KP8LM_TACTTCGC-CGTCGCTA_S62_L001_R1.fastq.gz: OK
402109_ITS_KP8LM_TACTTCGC-CTAGAGCT_S63_L001_R2.fastq.gz: OK
402109_ITS_KP8LM_TACTTCGC-CTAGAGCT_S63_L001_I1.fastq.gz: OK
402109_ITS_KP8LM_TACTTCGC-CTAGAGCT_S63_L001_I2.fastq.gz: OK
402109_ITS_KP8LM_TACTTCGC-CTAGAGCT_S63_L001_R1.fastq.gz: OK
AM_ITS_UNSW_KP8LM_checksums.md5: OK
402110_ITS_KP8LM_TACTTCGC-GCTCTAGT_S64_L001_R2.fastq.gz: OK
AM_ITS_UNSW_KP8LM_checksums.md5: OK
402110_ITS_KP8LM_TACTTCGC-GCTCTAGT_S64_L001_I2.fastq.gz: OK
402110_ITS_KP8LM_TACTTCGC-GCTCTAGT_S64_L001_R1.fastq.gz: OK
402110_ITS_KP8LM_TACTTCGC-GCTCTAGT_S64_L001_I1.fastq.gz: OK
402111_ITS_KP8LM_CGTCCGAA-CGTCGCTA_S65_L001_I1.fastq.gz: OK
402111_ITS_KP8LM_CGTCCGAA-CGTCGCTA_S65_L001_R1.fastq.gz: OK
AM_ITS_UNSW_KP8LM_checksums.md5: OK
402111_ITS_KP8LM_CGTCCGAA-CGTCGCTA_S65_L001_R2.fastq.gz: OK
402111_ITS_KP8LM_CGTCCGAA-CGTCGCTA_S65_L001_I2.fastq.gz: OK
402112_ITS_KP8LM_TACTTCGC-TGCGTACG_S66_L001_R2.fastq.gz: OK
402112_ITS_KP8LM_TACTTCGC-TGCGTACG_S66_L001_I1.fastq.gz: OK
402112_ITS_KP8LM_TACTTCGC-TGCGTACG_S66_L001_R1.fastq.gz: OK
AM_ITS_UNSW_KP8LM_checksums.md5: OK
402112_ITS_KP8LM_TACTTCGC-TGCGTACG_S66_L001_I2.fastq.gz: OK
AM_ITS_UNSW_KP8LM_checksums.md5: OK
402113_ITS_KP8LM_TACTTCGC-TAGTGTAG_S67_L001_R1.fastq.gz: OK
402113_ITS_KP8LM_TACTTCGC-TAGTGTAG_S67_L001_I2.fastq.gz: OK
402113_ITS_KP8LM_TACTTCGC-TAGTGTAG_S67_L001_R2.fastq.gz: OK
402113_ITS_KP8LM_TACTTCGC-TAGTGTAG_S67_L001_I1.fastq.gz: OK
402114_ITS_KP8LM_GCTTCGGT-ACGACGTG_S68_L001_I2.fastq.gz: OK
402114_ITS_KP8LM_GCTTCGGT-ACGACGTG_S68_L001_R1.fastq.gz: OK
AM_ITS_UNSW_KP8LM_checksums.md5: OK
402114_ITS_KP8LM_GCTTCGGT-ACGACGTG_S68_L001_R2.fastq.gz: OK
402114_ITS_KP8LM_GCTTCGGT-ACGACGTG_S68_L001_I1.fastq.gz: OK
402115_ITS_KP8LM_GCTTCGGT-ATATACAC_S69_L001_I1.fastq.gz: OK
AM_ITS_UNSW_KP8LM_checksums.md5: OK
402115_ITS_KP8LM_GCTTCGGT-ATATACAC_S69_L001_R2.fastq.gz: OK
402115_ITS_KP8LM_GCTTCGGT-ATATACAC_S69_L001_I2.fastq.gz: OK
402115_ITS_KP8LM_GCTTCGGT-ATATACAC_S69_L001_R1.fastq.gz: OK
402116_ITS_KP8LM_GCTTCGGT-CGTCGCTA_S70_L001_I1.fastq.gz: OK
402116_ITS_KP8LM_GCTTCGGT-CGTCGCTA_S70_L001_I2.fastq.gz: OK
402116_ITS_KP8LM_GCTTCGGT-CGTCGCTA_S70_L001_R1.fastq.gz: OK
AM_ITS_UNSW_KP8LM_checksums.md5: OK
402116_ITS_KP8LM_GCTTCGGT-CGTCGCTA_S70_L001_R2.fastq.gz: OK
402117_ITS_KP8LM_GCTTCGGT-CTAGAGCT_S71_L001_R1.fastq.gz: OK
402117_ITS_KP8LM_GCTTCGGT-CTAGAGCT_S71_L001_I1.fastq.gz: OK
AM_ITS_UNSW_KP8LM_checksums.md5: OK
402117_ITS_KP8LM_GCTTCGGT-CTAGAGCT_S71_L001_I2.fastq.gz: OK
402117_ITS_KP8LM_GCTTCGGT-CTAGAGCT_S71_L001_R2.fastq.gz: OK
402118_ITS_KP8LM_GCTTCGGT-GCTCTAGT_S72_L001_I1.fastq.gz: OK
402118_ITS_KP8LM_GCTTCGGT-GCTCTAGT_S72_L001_R2.fastq.gz: OK
402118_ITS_KP8LM_GCTTCGGT-GCTCTAGT_S72_L001_I2.fastq.gz: OK
402118_ITS_KP8LM_GCTTCGGT-GCTCTAGT_S72_L001_R1.fastq.gz: OK
AM_ITS_UNSW_KP8LM_checksums.md5: OK
402119_ITS_KP8LM_GCTTCGGT-GACACTGA_S73_L001_R1.fastq.gz: OK
402119_ITS_KP8LM_GCTTCGGT-GACACTGA_S73_L001_I2.fastq.gz: OK
AM_ITS_UNSW_KP8LM_checksums.md5: OK
402119_ITS_KP8LM_GCTTCGGT-GACACTGA_S73_L001_I1.fastq.gz: OK
402119_ITS_KP8LM_GCTTCGGT-GACACTGA_S73_L001_R2.fastq.gz: OK
402120_ITS_KP8LM_GCTTCGGT-TGCGTACG_S74_L001_R1.fastq.gz: OK
402120_ITS_KP8LM_GCTTCGGT-TGCGTACG_S74_L001_I2.fastq.gz: OK
402120_ITS_KP8LM_GCTTCGGT-TGCGTACG_S74_L001_I1.fastq.gz: OK
402120_ITS_KP8LM_GCTTCGGT-TGCGTACG_S74_L001_R2.fastq.gz: OK
AM_ITS_UNSW_KP8LM_checksums.md5: OK
402121_ITS_KP8LM_GCTTCGGT-TAGTGTAG_S75_L001_R2.fastq.gz: OK
AM_ITS_UNSW_KP8LM_checksums.md5: OK
402121_ITS_KP8LM_GCTTCGGT-TAGTGTAG_S75_L001_I1.fastq.gz: OK
402121_ITS_KP8LM_GCTTCGGT-TAGTGTAG_S75_L001_R1.fastq.gz: OK
402121_ITS_KP8LM_GCTTCGGT-TAGTGTAG_S75_L001_I2.fastq.gz: OK
402122_ITS_KP8LM_CTTACACC-ACGACGTG_S76_L001_R1.fastq.gz: OK
402122_ITS_KP8LM_CTTACACC-ACGACGTG_S76_L001_R2.fastq.gz: OK
AM_ITS_UNSW_KP8LM_checksums.md5: OK
402122_ITS_KP8LM_CTTACACC-ACGACGTG_S76_L001_I1.fastq.gz: OK
402122_ITS_KP8LM_CTTACACC-ACGACGTG_S76_L001_I2.fastq.gz: OK
402123_ITS_KP8LM_CTTACACC-ATATACAC_S77_L001_I1.fastq.gz: OK
402123_ITS_KP8LM_CTTACACC-ATATACAC_S77_L001_I2.fastq.gz: OK
402123_ITS_KP8LM_CTTACACC-ATATACAC_S77_L001_R1.fastq.gz: OK
AM_ITS_UNSW_KP8LM_checksums.md5: OK
402123_ITS_KP8LM_CTTACACC-ATATACAC_S77_L001_R2.fastq.gz: OK
AM_ITS_UNSW_KP8LM_checksums.md5: OK
402124_ITS_KP8LM_CTTACACC-CGTCGCTA_S78_L001_I1.fastq.gz: OK
402124_ITS_KP8LM_CTTACACC-CGTCGCTA_S78_L001_R2.fastq.gz: OK
402124_ITS_KP8LM_CTTACACC-CGTCGCTA_S78_L001_I2.fastq.gz: OK
402124_ITS_KP8LM_CTTACACC-CGTCGCTA_S78_L001_R1.fastq.gz: OK
402125_ITS_KP8LM_CTTACACC-CTAGAGCT_S79_L001_R2.fastq.gz: OK
402125_ITS_KP8LM_CTTACACC-CTAGAGCT_S79_L001_I2.fastq.gz: OK
402125_ITS_KP8LM_CTTACACC-CTAGAGCT_S79_L001_I1.fastq.gz: OK
AM_ITS_UNSW_KP8LM_checksums.md5: OK
402125_ITS_KP8LM_CTTACACC-CTAGAGCT_S79_L001_R1.fastq.gz: OK
402126_ITS_KP8LM_CTTACACC-GCTCTAGT_S80_L001_I2.fastq.gz: OK
402126_ITS_KP8LM_CTTACACC-GCTCTAGT_S80_L001_R2.fastq.gz: OK
402126_ITS_KP8LM_CTTACACC-GCTCTAGT_S80_L001_I1.fastq.gz: OK
402126_ITS_KP8LM_CTTACACC-GCTCTAGT_S80_L001_R1.fastq.gz: OK
AM_ITS_UNSW_KP8LM_checksums.md5: OK
402127_ITS_KP8LM_CTTACACC-GACACTGA_S81_L001_R1.fastq.gz: OK
402127_ITS_KP8LM_CTTACACC-GACACTGA_S81_L001_R2.fastq.gz: OK
402127_ITS_KP8LM_CTTACACC-GACACTGA_S81_L001_I2.fastq.gz: OK
402127_ITS_KP8LM_CTTACACC-GACACTGA_S81_L001_I1.fastq.gz: OK
AM_ITS_UNSW_KP8LM_checksums.md5: OK
402128_ITS_KP8LM_CTTACACC-TGCGTACG_S82_L001_I1.fastq.gz: OK
AM_ITS_UNSW_KP8LM_checksums.md5: OK
402128_ITS_KP8LM_CTTACACC-TGCGTACG_S82_L001_R1.fastq.gz: OK
402128_ITS_KP8LM_CTTACACC-TGCGTACG_S82_L001_I2.fastq.gz: OK
402128_ITS_KP8LM_CTTACACC-TGCGTACG_S82_L001_R2.fastq.gz: OK
402129_ITS_KP8LM_CTTACACC-TAGTGTAG_S83_L001_I1.fastq.gz: OK
402129_ITS_KP8LM_CTTACACC-TAGTGTAG_S83_L001_I2.fastq.gz: OK
402129_ITS_KP8LM_CTTACACC-TAGTGTAG_S83_L001_R1.fastq.gz: OK
402129_ITS_KP8LM_CTTACACC-TAGTGTAG_S83_L001_R2.fastq.gz: OK
AM_ITS_UNSW_KP8LM_checksums.md5: OK
402130_ITS_KP8LM_TGACCTCC-ACGACGTG_S84_L001_I2.fastq.gz: OK
402130_ITS_KP8LM_TGACCTCC-ACGACGTG_S84_L001_R1.fastq.gz: OK
402130_ITS_KP8LM_TGACCTCC-ACGACGTG_S84_L001_I1.fastq.gz: OK
AM_ITS_UNSW_KP8LM_checksums.md5: OK
402130_ITS_KP8LM_TGACCTCC-ACGACGTG_S84_L001_R2.fastq.gz: OK
402131_ITS_KP8LM_TGACCTCC-ATATACAC_S85_L001_R2.fastq.gz: OK
AM_ITS_UNSW_KP8LM_checksums.md5: OK
402131_ITS_KP8LM_TGACCTCC-ATATACAC_S85_L001_I1.fastq.gz: OK
402131_ITS_KP8LM_TGACCTCC-ATATACAC_S85_L001_R1.fastq.gz: OK
402131_ITS_KP8LM_TGACCTCC-ATATACAC_S85_L001_I2.fastq.gz: OK
402132_ITS_KP8LM_TGACCTCC-CGTCGCTA_S86_L001_R1.fastq.gz: OK
AM_ITS_UNSW_KP8LM_checksums.md5: OK
402132_ITS_KP8LM_TGACCTCC-CGTCGCTA_S86_L001_I2.fastq.gz: OK
402132_ITS_KP8LM_TGACCTCC-CGTCGCTA_S86_L001_R2.fastq.gz: OK
402132_ITS_KP8LM_TGACCTCC-CGTCGCTA_S86_L001_I1.fastq.gz: OK
402133_ITS_KP8LM_TGACCTCC-CTAGAGCT_S87_L001_I1.fastq.gz: OK
AM_ITS_UNSW_KP8LM_checksums.md5: OK
402133_ITS_KP8LM_TGACCTCC-CTAGAGCT_S87_L001_I2.fastq.gz: OK
402133_ITS_KP8LM_TGACCTCC-CTAGAGCT_S87_L001_R1.fastq.gz: OK
402133_ITS_KP8LM_TGACCTCC-CTAGAGCT_S87_L001_R2.fastq.gz: OK
402134_ITS_KP8LM_TGACCTCC-GCTCTAGT_S88_L001_R1.fastq.gz: OK
402134_ITS_KP8LM_TGACCTCC-GCTCTAGT_S88_L001_I2.fastq.gz: OK
402134_ITS_KP8LM_TGACCTCC-GCTCTAGT_S88_L001_R2.fastq.gz: OK
402134_ITS_KP8LM_TGACCTCC-GCTCTAGT_S88_L001_I1.fastq.gz: OK
AM_ITS_UNSW_KP8LM_checksums.md5: OK
402135_ITS_KP8LM_TGACCTCC-GACACTGA_S89_L001_R2.fastq.gz: OK
402135_ITS_KP8LM_TGACCTCC-GACACTGA_S89_L001_I1.fastq.gz: OK
AM_ITS_UNSW_KP8LM_checksums.md5: OK
402135_ITS_KP8LM_TGACCTCC-GACACTGA_S89_L001_R1.fastq.gz: OK
402135_ITS_KP8LM_TGACCTCC-GACACTGA_S89_L001_I2.fastq.gz: OK
402136_ITS_KP8LM_TGACCTCC-TGCGTACG_S90_L001_I2.fastq.gz: OK
AM_ITS_UNSW_KP8LM_checksums.md5: OK
402136_ITS_KP8LM_TGACCTCC-TGCGTACG_S90_L001_I1.fastq.gz: OK
402136_ITS_KP8LM_TGACCTCC-TGCGTACG_S90_L001_R2.fastq.gz: OK
402136_ITS_KP8LM_TGACCTCC-TGCGTACG_S90_L001_R1.fastq.gz: OK
402137_ITS_KP8LM_TGACCTCC-TAGTGTAG_S91_L001_R1.fastq.gz: OK
402137_ITS_KP8LM_TGACCTCC-TAGTGTAG_S91_L001_R2.fastq.gz: OK
402137_ITS_KP8LM_TGACCTCC-TAGTGTAG_S91_L001_I2.fastq.gz: OK
AM_ITS_UNSW_KP8LM_checksums.md5: OK
402137_ITS_KP8LM_TGACCTCC-TAGTGTAG_S91_L001_I1.fastq.gz: OK
402138_ITS_KP8LM_ACAAGGAG-ACGACGTG_S92_L001_R2.fastq.gz: OK
402138_ITS_KP8LM_ACAAGGAG-ACGACGTG_S92_L001_I1.fastq.gz: OK
402138_ITS_KP8LM_ACAAGGAG-ACGACGTG_S92_L001_I2.fastq.gz: OK
402138_ITS_KP8LM_ACAAGGAG-ACGACGTG_S92_L001_R1.fastq.gz: OK
AM_ITS_UNSW_KP8LM_checksums.md5: OK
402139_ITS_KP8LM_ACAAGGAG-ATATACAC_S93_L001_I2.fastq.gz: OK
AM_ITS_UNSW_KP8LM_checksums.md5: OK
402139_ITS_KP8LM_ACAAGGAG-ATATACAC_S93_L001_R1.fastq.gz: OK
402139_ITS_KP8LM_ACAAGGAG-ATATACAC_S93_L001_I1.fastq.gz: OK
402139_ITS_KP8LM_ACAAGGAG-ATATACAC_S93_L001_R2.fastq.gz: OK
402140_ITS_KP8LM_ACAAGGAG-CGTCGCTA_S94_L001_R2.fastq.gz: OK
AM_ITS_UNSW_KP8LM_checksums.md5: OK
402140_ITS_KP8LM_ACAAGGAG-CGTCGCTA_S94_L001_R1.fastq.gz: OK
402140_ITS_KP8LM_ACAAGGAG-CGTCGCTA_S94_L001_I2.fastq.gz: OK
402140_ITS_KP8LM_ACAAGGAG-CGTCGCTA_S94_L001_I1.fastq.gz: OK
402141_ITS_KP8LM_ACAAGGAG-CTAGAGCT_S95_L001_I1.fastq.gz: OK
402141_ITS_KP8LM_ACAAGGAG-CTAGAGCT_S95_L001_I2.fastq.gz: OK
402141_ITS_KP8LM_ACAAGGAG-CTAGAGCT_S95_L001_R2.fastq.gz: OK
402141_ITS_KP8LM_ACAAGGAG-CTAGAGCT_S95_L001_R1.fastq.gz: OK
AM_ITS_UNSW_KP8LM_checksums.md5: OK
402142_ITS_KP8LM_ACAAGGAG-GCTCTAGT_S96_L001_I1.fastq.gz: OK
402142_ITS_KP8LM_ACAAGGAG-GCTCTAGT_S96_L001_I2.fastq.gz: OK
402142_ITS_KP8LM_ACAAGGAG-GCTCTAGT_S96_L001_R1.fastq.gz: OK
AM_ITS_UNSW_KP8LM_checksums.md5: OK
402142_ITS_KP8LM_ACAAGGAG-GCTCTAGT_S96_L001_R2.fastq.gz: OK
AM_ITS_UNSW_KP8LM_checksums.md5: OK
402143_ITS_KP8LM_TCTGTTGC-CTAGAGCT_S97_L001_R2.fastq.gz: OK
402143_ITS_KP8LM_TCTGTTGC-CTAGAGCT_S97_L001_I2.fastq.gz: OK
402143_ITS_KP8LM_TCTGTTGC-CTAGAGCT_S97_L001_R1.fastq.gz: OK
402143_ITS_KP8LM_TCTGTTGC-CTAGAGCT_S97_L001_I1.fastq.gz: OK
402144_ITS_KP8LM_TCTGTTGC-GCTCTAGT_S98_L001_I2.fastq.gz: OK
402144_ITS_KP8LM_TCTGTTGC-GCTCTAGT_S98_L001_I1.fastq.gz: OK
402144_ITS_KP8LM_TCTGTTGC-GCTCTAGT_S98_L001_R2.fastq.gz: OK
AM_ITS_UNSW_KP8LM_checksums.md5: OK
402144_ITS_KP8LM_TCTGTTGC-GCTCTAGT_S98_L001_R1.fastq.gz: OK
402145_ITS_KP8LM_TCTGTTGC-GACACTGA_S99_L001_I2.fastq.gz: OK
402145_ITS_KP8LM_TCTGTTGC-GACACTGA_S99_L001_R2.fastq.gz: OK
402145_ITS_KP8LM_TCTGTTGC-GACACTGA_S99_L001_R1.fastq.gz: OK
AM_ITS_UNSW_KP8LM_checksums.md5: OK
402145_ITS_KP8LM_TCTGTTGC-GACACTGA_S99_L001_I1.fastq.gz: OK
402163_ITS_KP8LM_AATGGAGC-ATATACAC_S100_L001_R2.fastq.gz: OK
402163_ITS_KP8LM_AATGGAGC-ATATACAC_S100_L001_I1.fastq.gz: OK
402163_ITS_KP8LM_AATGGAGC-ATATACAC_S100_L001_I2.fastq.gz: OK
AM_ITS_UNSW_KP8LM_checksums.md5: OK
402163_ITS_KP8LM_AATGGAGC-ATATACAC_S100_L001_R1.fastq.gz: OK
402164_ITS_KP8LM_AATGGAGC-CGTCGCTA_S101_L001_R1.fastq.gz: OK
AM_ITS_UNSW_KP8LM_checksums.md5: OK
402164_ITS_KP8LM_AATGGAGC-CGTCGCTA_S101_L001_I1.fastq.gz: OK
402164_ITS_KP8LM_AATGGAGC-CGTCGCTA_S101_L001_R2.fastq.gz: OK
402164_ITS_KP8LM_AATGGAGC-CGTCGCTA_S101_L001_I2.fastq.gz: OK
402165_ITS_KP8LM_AATGGAGC-CTAGAGCT_S102_L001_R1.fastq.gz: OK
AM_ITS_UNSW_KP8LM_checksums.md5: OK
402165_ITS_KP8LM_AATGGAGC-CTAGAGCT_S102_L001_R2.fastq.gz: OK
402165_ITS_KP8LM_AATGGAGC-CTAGAGCT_S102_L001_I2.fastq.gz: OK
402165_ITS_KP8LM_AATGGAGC-CTAGAGCT_S102_L001_I1.fastq.gz: OK
59000_ITS_KP8LM_AGCTTGAC-ACGACGTG_S103_L001_I2.fastq.gz: OK
59000_ITS_KP8LM_AGCTTGAC-ACGACGTG_S103_L001_R1.fastq.gz: OK
59000_ITS_KP8LM_AGCTTGAC-ACGACGTG_S103_L001_I1.fastq.gz: OK
59000_ITS_KP8LM_AGCTTGAC-ACGACGTG_S103_L001_R2.fastq.gz: OK
AM_ITS_UNSW_KP8LM_checksums.md5: OK
AM_ITS_UNSW_KP8LM_checksums.md5: OK
59001_ITS_KP8LM_AGCTTGAC-ATATACAC_S104_L001_I1.fastq.gz: OK
59001_ITS_KP8LM_AGCTTGAC-ATATACAC_S104_L001_R2.fastq.gz: OK
59001_ITS_KP8LM_AGCTTGAC-ATATACAC_S104_L001_I2.fastq.gz: OK
59001_ITS_KP8LM_AGCTTGAC-ATATACAC_S104_L001_R1.fastq.gz: OK
59002_ITS_KP8LM_AGCTTGAC-CGTCGCTA_S105_L001_I2.fastq.gz: OK
AM_ITS_UNSW_KP8LM_checksums.md5: OK
59002_ITS_KP8LM_AGCTTGAC-CGTCGCTA_S105_L001_R1.fastq.gz: OK
59002_ITS_KP8LM_AGCTTGAC-CGTCGCTA_S105_L001_I1.fastq.gz: OK
59002_ITS_KP8LM_AGCTTGAC-CGTCGCTA_S105_L001_R2.fastq.gz: OK
59003_ITS_KP8LM_AGCTTGAC-CTAGAGCT_S106_L001_R1.fastq.gz: OK
59003_ITS_KP8LM_AGCTTGAC-CTAGAGCT_S106_L001_I2.fastq.gz: OK
59003_ITS_KP8LM_AGCTTGAC-CTAGAGCT_S106_L001_I1.fastq.gz: OK
AM_ITS_UNSW_KP8LM_checksums.md5: OK
59003_ITS_KP8LM_AGCTTGAC-CTAGAGCT_S106_L001_R2.fastq.gz: OK
59004_ITS_KP8LM_AGCTTGAC-GCTCTAGT_S107_L001_R2.fastq.gz: OK
59004_ITS_KP8LM_AGCTTGAC-GCTCTAGT_S107_L001_I2.fastq.gz: OK
59004_ITS_KP8LM_AGCTTGAC-GCTCTAGT_S107_L001_I1.fastq.gz: OK
59004_ITS_KP8LM_AGCTTGAC-GCTCTAGT_S107_L001_R1.fastq.gz: OK
AM_ITS_UNSW_KP8LM_checksums.md5: OK
59005_ITS_KP8LM_AGCTTGAC-GACACTGA_S108_L001_R1.fastq.gz: OK
59005_ITS_KP8LM_AGCTTGAC-GACACTGA_S108_L001_R2.fastq.gz: OK
59005_ITS_KP8LM_AGCTTGAC-GACACTGA_S108_L001_I2.fastq.gz: OK
AM_ITS_UNSW_KP8LM_checksums.md5: OK
59005_ITS_KP8LM_AGCTTGAC-GACACTGA_S108_L001_I1.fastq.gz: OK
59006_ITS_KP8LM_AGCTTGAC-TGCGTACG_S109_L001_R2.fastq.gz: OK
59006_ITS_KP8LM_AGCTTGAC-TGCGTACG_S109_L001_I1.fastq.gz: OK
59006_ITS_KP8LM_AGCTTGAC-TGCGTACG_S109_L001_I2.fastq.gz: OK
59006_ITS_KP8LM_AGCTTGAC-TGCGTACG_S109_L001_R1.fastq.gz: OK
AM_ITS_UNSW_KP8LM_checksums.md5: OK
59007_ITS_KP8LM_AGCTTGAC-TAGTGTAG_S110_L001_I2.fastq.gz: OK
59007_ITS_KP8LM_AGCTTGAC-TAGTGTAG_S110_L001_R1.fastq.gz: OK
AM_ITS_UNSW_KP8LM_checksums.md5: OK
59007_ITS_KP8LM_AGCTTGAC-TAGTGTAG_S110_L001_I1.fastq.gz: OK
59007_ITS_KP8LM_AGCTTGAC-TAGTGTAG_S110_L001_R2.fastq.gz: OK
