No_Template_Control_ITS_J9FL8_GCTTCGGT-CTAGAGCT_S3_L001_R1.fastq.gz: OK
Fungal_mock_community_ITS_J9FL8_GCTTCGGT-ATATACAC_S1_L001_R1.fastq.gz: OK
Fungal_mock_community_ITS_J9FL8_GCTTCGGT-ATATACAC_S1_L001_I2.fastq.gz: OK
Soil_DNA_ITS_J9FL8_GCTTCGGT-CGTCGCTA_S2_L001_R2.fastq.gz: OK
Soil_DNA_ITS_J9FL8_GCTTCGGT-CGTCGCTA_S2_L001_I1.fastq.gz: OK
No_Template_Control_ITS_J9FL8_GCTTCGGT-CTAGAGCT_S3_L001_I1.fastq.gz: OK
Soil_DNA_ITS_J9FL8_GCTTCGGT-CGTCGCTA_S2_L001_I2.fastq.gz: OK
No_Template_Control_ITS_J9FL8_GCTTCGGT-CTAGAGCT_S3_L001_I2.fastq.gz: OK
AM_ITS_UNSW_J9FL8_checksums.md5: OK
Soil_DNA_ITS_J9FL8_GCTTCGGT-CGTCGCTA_S2_L001_R1.fastq.gz: OK
Fungal_mock_community_ITS_J9FL8_GCTTCGGT-ATATACAC_S1_L001_I1.fastq.gz: OK
No_Template_Control_ITS_J9FL8_GCTTCGGT-CTAGAGCT_S3_L001_R2.fastq.gz: OK
Fungal_mock_community_ITS_J9FL8_GCTTCGGT-ATATACAC_S1_L001_R2.fastq.gz: OK
Soil_DNA_ITS_J9GGM_ACAAGGAG-TGCGTACG_S2_L001_R1.fastq.gz: OK
Soil_DNA_ITS_J9GGM_ACAAGGAG-TGCGTACG_S2_L001_I2.fastq.gz: OK
Soil_DNA_ITS_J9GGM_ACAAGGAG-TGCGTACG_S2_L001_I1.fastq.gz: OK
No_Template_Control_ITS_J9GGM_ACAAGGAG-TAGTGTAG_S3_L001_R1.fastq.gz: OK
No_Template_Control_ITS_J9GGM_ACAAGGAG-TAGTGTAG_S3_L001_I2.fastq.gz: OK
AM_ITS_UNSW_J9GGM_checksums.md5: OK
Fungal_mock_community_ITS_J9GGM_ACAAGGAG-GACACTGA_S1_L001_R2.fastq.gz: OK
Fungal_mock_community_ITS_J9GGM_ACAAGGAG-GACACTGA_S1_L001_I2.fastq.gz: OK
Fungal_mock_community_ITS_J9GGM_ACAAGGAG-GACACTGA_S1_L001_I1.fastq.gz: OK
Fungal_mock_community_ITS_J9GGM_ACAAGGAG-GACACTGA_S1_L001_R1.fastq.gz: OK
Soil_DNA_ITS_J9GGM_ACAAGGAG-TGCGTACG_S2_L001_R2.fastq.gz: OK
No_Template_Control_ITS_J9GGM_ACAAGGAG-TAGTGTAG_S3_L001_R2.fastq.gz: OK
No_Template_Control_ITS_J9GGM_ACAAGGAG-TAGTGTAG_S3_L001_I1.fastq.gz: OK
No_Template_Control_ITS_J9GNL_AATGTCCG-TAGTGTAG_S3_L001_R1.fastq.gz: OK
Soil_DNA_ITS_J9GNL_AATGTCCG-TGCGTACG_S2_L001_R1.fastq.gz: OK
Fungal_mock_community_ITS_J9GNL_AATGTCCG-GACACTGA_S1_L001_I2.fastq.gz: OK
Fungal_mock_community_ITS_J9GNL_AATGTCCG-GACACTGA_S1_L001_I1.fastq.gz: OK
No_Template_Control_ITS_J9GNL_AATGTCCG-TAGTGTAG_S3_L001_I1.fastq.gz: OK
Fungal_mock_community_ITS_J9GNL_AATGTCCG-GACACTGA_S1_L001_R1.fastq.gz: OK
No_Template_Control_ITS_J9GNL_AATGTCCG-TAGTGTAG_S3_L001_R2.fastq.gz: OK
Soil_DNA_ITS_J9GNL_AATGTCCG-TGCGTACG_S2_L001_R2.fastq.gz: OK
Soil_DNA_ITS_J9GNL_AATGTCCG-TGCGTACG_S2_L001_I1.fastq.gz: OK
AM_ITS_UNSW_J9GNL_checksums.md5: OK
No_Template_Control_ITS_J9GNL_AATGTCCG-TAGTGTAG_S3_L001_I2.fastq.gz: OK
Soil_DNA_ITS_J9GNL_AATGTCCG-TGCGTACG_S2_L001_I2.fastq.gz: OK
Fungal_mock_community_ITS_J9GNL_AATGTCCG-GACACTGA_S1_L001_R2.fastq.gz: OK
No_Template_Control_ITS_J9TWH_TCTGTTGC-CGTCGCTA_S6_L001_R2.fastq.gz: OK
Soil_DNA_ITS_J9TWH_TCTGTTGC-ATATACAC_S4_L001_I2.fastq.gz: OK
No_Template_Control_ITS_J9TWH_GCTTCGGT-CGTCGCTA_S5_L001_I2.fastq.gz: OK
Fungal_mock_community_ITS_J9TWH_GCTTCGGT-ACGACGTG_S1_L001_R1.fastq.gz: OK
Fungal_mock_community_ITS_J9TWH_GCTTCGGT-ACGACGTG_S1_L001_I1.fastq.gz: OK
No_Template_Control_ITS_J9TWH_GCTTCGGT-CGTCGCTA_S5_L001_R2.fastq.gz: OK
Soil_DNA_ITS_J9TWH_GCTTCGGT-ATATACAC_S3_L001_R1.fastq.gz: OK
Fungal_mock_community_ITS_J9TWH_TCTGTTGC-ACGACGTG_S2_L001_R1.fastq.gz: OK
Soil_DNA_ITS_J9TWH_GCTTCGGT-ATATACAC_S3_L001_I1.fastq.gz: OK
Soil_DNA_ITS_J9TWH_GCTTCGGT-ATATACAC_S3_L001_I2.fastq.gz: OK
No_Template_Control_ITS_J9TWH_TCTGTTGC-CGTCGCTA_S6_L001_R1.fastq.gz: OK
Soil_DNA_ITS_J9TWH_GCTTCGGT-ATATACAC_S3_L001_R2.fastq.gz: OK
No_Template_Control_ITS_J9TWH_TCTGTTGC-CGTCGCTA_S6_L001_I1.fastq.gz: OK
Soil_DNA_ITS_J9TWH_TCTGTTGC-ATATACAC_S4_L001_I1.fastq.gz: OK
Fungal_mock_community_ITS_J9TWH_TCTGTTGC-ACGACGTG_S2_L001_R2.fastq.gz: OK
Fungal_mock_community_ITS_J9TWH_TCTGTTGC-ACGACGTG_S2_L001_I2.fastq.gz: OK
Soil_DNA_ITS_J9TWH_TCTGTTGC-ATATACAC_S4_L001_R1.fastq.gz: OK
Fungal_mock_community_ITS_J9TWH_GCTTCGGT-ACGACGTG_S1_L001_I2.fastq.gz: OK
Fungal_mock_community_ITS_J9TWH_GCTTCGGT-ACGACGTG_S1_L001_R2.fastq.gz: OK
Soil_DNA_ITS_J9TWH_TCTGTTGC-ATATACAC_S4_L001_R2.fastq.gz: OK
No_Template_Control_ITS_J9TWH_GCTTCGGT-CGTCGCTA_S5_L001_I1.fastq.gz: OK
AM_ITS_UNSW_J9TWH_checksums.md5: OK
Fungal_mock_community_ITS_J9TWH_TCTGTTGC-ACGACGTG_S2_L001_I1.fastq.gz: OK
No_Template_Control_ITS_J9TWH_TCTGTTGC-CGTCGCTA_S6_L001_I2.fastq.gz: OK
No_Template_Control_ITS_J9TWH_GCTTCGGT-CGTCGCTA_S5_L001_R1.fastq.gz: OK
No_Template_Control_ITS_J9YND_GCTTCGGT-CGTCGCTA_S5_L001_I2.fastq.gz: OK
Soil_DNA_ITS_J9YND_GCTTCGGT-ATATACAC_S3_L001_I2.fastq.gz: OK
No_Template_Control_ITS_J9YND_ACAAGGAG-CGTCGCTA_S6_L001_I1.fastq.gz: OK
Fungal_mock_community_ITS_J9YND_GCTTCGGT-ACGACGTG_S1_L001_I2.fastq.gz: OK
No_Template_Control_ITS_J9YND_ACAAGGAG-CGTCGCTA_S6_L001_R1.fastq.gz: OK
Soil_DNA_ITS_J9YND_GCTTCGGT-ATATACAC_S3_L001_R1.fastq.gz: OK
blank_ITS_J9YND_GAGAGAAT-GACACTGA_S12_L001_I2.fastq.gz: OK
No_Template_Control_ITS_J9YND_GCTTCGGT-CGTCGCTA_S5_L001_R2.fastq.gz: OK
blank_ITS_J9YND_ATTGGGCT-TAGTGTAG_S32_L001_I2.fastq.gz: OK
Fungal_mock_community_ITS_J9YND_GCTTCGGT-ACGACGTG_S1_L001_I1.fastq.gz: OK
Soil_DNA_ITS_J9YND_ACAAGGAG-ATATACAC_S4_L001_R2.fastq.gz: OK
blank_ITS_J9YND_ATTGGGCT-TAGTGTAG_S32_L001_R2.fastq.gz: OK
No_Template_Control_ITS_J9YND_GCTTCGGT-CGTCGCTA_S5_L001_R1.fastq.gz: OK
Fungal_mock_community_ITS_J9YND_GCTTCGGT-ACGACGTG_S1_L001_R2.fastq.gz: OK
Fungal_mock_community_ITS_J9YND_ACAAGGAG-ACGACGTG_S2_L001_I1.fastq.gz: OK
Soil_DNA_ITS_J9YND_ACAAGGAG-ATATACAC_S4_L001_I2.fastq.gz: OK
Soil_DNA_ITS_J9YND_ACAAGGAG-ATATACAC_S4_L001_I1.fastq.gz: OK
Fungal_mock_community_ITS_J9YND_ACAAGGAG-ACGACGTG_S2_L001_I2.fastq.gz: OK
blank_ITS_J9YND_GAGAGAAT-GACACTGA_S12_L001_I1.fastq.gz: OK
blank_ITS_J9YND_GAGAGAAT-GACACTGA_S12_L001_R2.fastq.gz: OK
No_Template_Control_ITS_J9YND_ACAAGGAG-CGTCGCTA_S6_L001_R2.fastq.gz: OK
Soil_DNA_ITS_J9YND_ACAAGGAG-ATATACAC_S4_L001_R1.fastq.gz: OK
Soil_DNA_ITS_J9YND_GCTTCGGT-ATATACAC_S3_L001_R2.fastq.gz: OK
No_Template_Control_ITS_J9YND_GCTTCGGT-CGTCGCTA_S5_L001_I1.fastq.gz: OK
Fungal_mock_community_ITS_J9YND_GCTTCGGT-ACGACGTG_S1_L001_R1.fastq.gz: OK
No_Template_Control_ITS_J9YND_ACAAGGAG-CGTCGCTA_S6_L001_I2.fastq.gz: OK
AM_ITS_UNSW_J9YND_checksums.md5: OK
blank_ITS_J9YND_GAGAGAAT-GACACTGA_S12_L001_R1.fastq.gz: OK
blank_ITS_J9YND_ATTGGGCT-TAGTGTAG_S32_L001_I1.fastq.gz: OK
Fungal_mock_community_ITS_J9YND_ACAAGGAG-ACGACGTG_S2_L001_R2.fastq.gz: OK
Fungal_mock_community_ITS_J9YND_ACAAGGAG-ACGACGTG_S2_L001_R1.fastq.gz: OK
blank_ITS_J9YND_ATTGGGCT-TAGTGTAG_S32_L001_R1.fastq.gz: OK
Soil_DNA_ITS_J9YND_GCTTCGGT-ATATACAC_S3_L001_I1.fastq.gz: OK
blank_ITS_JB5WJ_ATACCTTC-ATATACAC_S32_L001_R1.fastq.gz: OK
Soil_DNA_ITS_JB5WJ_GCTTCGGT-ATATACAC_S3_L001_R1.fastq.gz: OK
Soil_DNA_ITS_JB5WJ_GCTTCGGT-ATATACAC_S3_L001_I2.fastq.gz: OK
No_Template_Control_ITS_JB5WJ_GCTTCGGT-CGTCGCTA_S5_L001_I1.fastq.gz: OK
Fungal_mock_community_ITS_JB5WJ_GCTTCGGT-ACGACGTG_S1_L001_I1.fastq.gz: OK
Soil_DNA_ITS_JB5WJ_GAATGATG-ATATACAC_S4_L001_R1.fastq.gz: OK
No_Template_Control_ITS_JB5WJ_GCTTCGGT-CGTCGCTA_S5_L001_I2.fastq.gz: OK
blank_ITS_JB5WJ_ATACCTTC-ATATACAC_S32_L001_I2.fastq.gz: OK
Fungal_mock_community_ITS_JB5WJ_GAATGATG-ACGACGTG_S2_L001_I2.fastq.gz: OK
Fungal_mock_community_ITS_JB5WJ_GCTTCGGT-ACGACGTG_S1_L001_I2.fastq.gz: OK
Soil_DNA_ITS_JB5WJ_GCTTCGGT-ATATACAC_S3_L001_I1.fastq.gz: OK
No_Template_Control_ITS_JB5WJ_GAATGATG-CGTCGCTA_S6_L001_R1.fastq.gz: OK
blank_ITS_JB5WJ_AGCCTAAG-TAGTGTAG_S30_L001_R2.fastq.gz: OK
AM_ITS_UNSW_JB5WJ_checksums.md5: OK
blank_ITS_JB5WJ_AGCCTAAG-TAGTGTAG_S30_L001_R1.fastq.gz: OK
Fungal_mock_community_ITS_JB5WJ_GAATGATG-ACGACGTG_S2_L001_R1.fastq.gz: OK
Fungal_mock_community_ITS_JB5WJ_GAATGATG-ACGACGTG_S2_L001_R2.fastq.gz: OK
No_Template_Control_ITS_JB5WJ_GAATGATG-CGTCGCTA_S6_L001_I1.fastq.gz: OK
No_Template_Control_ITS_JB5WJ_GAATGATG-CGTCGCTA_S6_L001_R2.fastq.gz: OK
Soil_DNA_ITS_JB5WJ_GAATGATG-ATATACAC_S4_L001_R2.fastq.gz: OK
Soil_DNA_ITS_JB5WJ_GAATGATG-ATATACAC_S4_L001_I2.fastq.gz: OK
No_Template_Control_ITS_JB5WJ_GCTTCGGT-CGTCGCTA_S5_L001_R2.fastq.gz: OK
Fungal_mock_community_ITS_JB5WJ_GAATGATG-ACGACGTG_S2_L001_I1.fastq.gz: OK
Soil_DNA_ITS_JB5WJ_GAATGATG-ATATACAC_S4_L001_I1.fastq.gz: OK
blank_ITS_JB5WJ_AGCCTAAG-TAGTGTAG_S30_L001_I2.fastq.gz: OK
No_Template_Control_ITS_JB5WJ_GCTTCGGT-CGTCGCTA_S5_L001_R1.fastq.gz: OK
blank_ITS_JB5WJ_ATACCTTC-ATATACAC_S32_L001_R2.fastq.gz: OK
Fungal_mock_community_ITS_JB5WJ_GCTTCGGT-ACGACGTG_S1_L001_R2.fastq.gz: OK
blank_ITS_JB5WJ_ATACCTTC-ATATACAC_S32_L001_I1.fastq.gz: OK
blank_ITS_JB5WJ_AGCCTAAG-TAGTGTAG_S30_L001_I1.fastq.gz: OK
Fungal_mock_community_ITS_JB5WJ_GCTTCGGT-ACGACGTG_S1_L001_R1.fastq.gz: OK
Soil_DNA_ITS_JB5WJ_GCTTCGGT-ATATACAC_S3_L001_R2.fastq.gz: OK
No_Template_Control_ITS_JB5WJ_GAATGATG-CGTCGCTA_S6_L001_I2.fastq.gz: OK
No_Template_Control_ITS_JC328_AATGGAGC-ACGACGTG_S6_L001_R2.fastq.gz: OK
No_Template_Control_ITS_JC328_ACAAGGAG-GACACTGA_S5_L001_R2.fastq.gz: OK
Soil_DNA_ITS_JC328_TGTAATTG-TAGTGTAG_S4_L001_I2.fastq.gz: OK
No_Template_Control_ITS_JC328_AATGGAGC-ACGACGTG_S6_L001_I2.fastq.gz: OK
Fungal_mock_community_ITS_JC328_ACAAGGAG-CTAGAGCT_S1_L001_R2.fastq.gz: OK
Soil_DNA_ITS_JC328_TGTAATTG-TAGTGTAG_S4_L001_I1.fastq.gz: OK
Fungal_mock_community_ITS_JC328_TGTAATTG-TGCGTACG_S2_L001_R1.fastq.gz: OK
No_Template_Control_ITS_JC328_ACAAGGAG-GACACTGA_S5_L001_I2.fastq.gz: OK
Fungal_mock_community_ITS_JC328_ACAAGGAG-CTAGAGCT_S1_L001_I2.fastq.gz: OK
No_Template_Control_ITS_JC328_AATGGAGC-ACGACGTG_S6_L001_R1.fastq.gz: OK
No_Template_Control_ITS_JC328_ACAAGGAG-GACACTGA_S5_L001_I1.fastq.gz: OK
Soil_DNA_ITS_JC328_TGTAATTG-TAGTGTAG_S4_L001_R2.fastq.gz: OK
Soil_DNA_ITS_JC328_ACAAGGAG-GCTCTAGT_S3_L001_R1.fastq.gz: OK
AM_ITS_UNSW_JC328_checksums.md5: OK
Soil_DNA_ITS_JC328_ACAAGGAG-GCTCTAGT_S3_L001_I2.fastq.gz: OK
Fungal_mock_community_ITS_JC328_ACAAGGAG-CTAGAGCT_S1_L001_R1.fastq.gz: OK
Fungal_mock_community_ITS_JC328_TGTAATTG-TGCGTACG_S2_L001_I2.fastq.gz: OK
Fungal_mock_community_ITS_JC328_TGTAATTG-TGCGTACG_S2_L001_I1.fastq.gz: OK
Fungal_mock_community_ITS_JC328_ACAAGGAG-CTAGAGCT_S1_L001_I1.fastq.gz: OK
No_Template_Control_ITS_JC328_ACAAGGAG-GACACTGA_S5_L001_R1.fastq.gz: OK
Soil_DNA_ITS_JC328_TGTAATTG-TAGTGTAG_S4_L001_R1.fastq.gz: OK
Soil_DNA_ITS_JC328_ACAAGGAG-GCTCTAGT_S3_L001_R2.fastq.gz: OK
Fungal_mock_community_ITS_JC328_TGTAATTG-TGCGTACG_S2_L001_R2.fastq.gz: OK
No_Template_Control_ITS_JC328_AATGGAGC-ACGACGTG_S6_L001_I1.fastq.gz: OK
Soil_DNA_ITS_JC328_ACAAGGAG-GCTCTAGT_S3_L001_I1.fastq.gz: OK
Soil_DNA_ITS_JC892_TGACCTCC-ATATACAC_S3_L001_R2.fastq.gz: OK
AM_ITS_UNSW_JC892_checksums.md5: OK
Fungal_mock_community_ITS_JC892_TGACCTCC-ACGACGTG_S1_L001_R2.fastq.gz: OK
No_Template_Control_ITS_JC892_TCTGTTGC-CTAGAGCT_S6_L001_R2.fastq.gz: OK
No_Template_Control_ITS_JC892_TGACCTCC-CGTCGCTA_S5_L001_I2.fastq.gz: OK
Fungal_mock_community_ITS_JC892_TCTGTTGC-ATATACAC_S2_L001_R1.fastq.gz: OK
Soil_DNA_ITS_JC892_TCTGTTGC-CGTCGCTA_S4_L001_I2.fastq.gz: OK
No_Template_Control_ITS_JC892_TGACCTCC-CGTCGCTA_S5_L001_R1.fastq.gz: OK
Soil_DNA_ITS_JC892_TCTGTTGC-CGTCGCTA_S4_L001_R2.fastq.gz: OK
Soil_DNA_ITS_JC892_TCTGTTGC-CGTCGCTA_S4_L001_I1.fastq.gz: OK
Soil_DNA_ITS_JC892_TCTGTTGC-CGTCGCTA_S4_L001_R1.fastq.gz: OK
No_Template_Control_ITS_JC892_TCTGTTGC-CTAGAGCT_S6_L001_I1.fastq.gz: OK
Soil_DNA_ITS_JC892_TGACCTCC-ATATACAC_S3_L001_I1.fastq.gz: OK
No_Template_Control_ITS_JC892_TCTGTTGC-CTAGAGCT_S6_L001_I2.fastq.gz: OK
No_Template_Control_ITS_JC892_TGACCTCC-CGTCGCTA_S5_L001_R2.fastq.gz: OK
Fungal_mock_community_ITS_JC892_TCTGTTGC-ATATACAC_S2_L001_I2.fastq.gz: OK
Fungal_mock_community_ITS_JC892_TCTGTTGC-ATATACAC_S2_L001_I1.fastq.gz: OK
Fungal_mock_community_ITS_JC892_TGACCTCC-ACGACGTG_S1_L001_I1.fastq.gz: OK
Soil_DNA_ITS_JC892_TGACCTCC-ATATACAC_S3_L001_R1.fastq.gz: OK
Fungal_mock_community_ITS_JC892_TGACCTCC-ACGACGTG_S1_L001_I2.fastq.gz: OK
No_Template_Control_ITS_JC892_TGACCTCC-CGTCGCTA_S5_L001_I1.fastq.gz: OK
Soil_DNA_ITS_JC892_TGACCTCC-ATATACAC_S3_L001_I2.fastq.gz: OK
No_Template_Control_ITS_JC892_TCTGTTGC-CTAGAGCT_S6_L001_R1.fastq.gz: OK
Fungal_mock_community_ITS_JC892_TGACCTCC-ACGACGTG_S1_L001_R1.fastq.gz: OK
Fungal_mock_community_ITS_JC892_TCTGTTGC-ATATACAC_S2_L001_R2.fastq.gz: OK
Soil_DNA_ITS_JRK29_ACAAGGAG-GACACTGA_S95_L001_I1.fastq.gz: OK
Soil_DNA_ITS_JRK29_ACAAGGAG-GACACTGA_S95_L001_R1.fastq.gz: OK
Soil_DNA_ITS_JRK29_ACAAGGAG-GACACTGA_S95_L001_R2.fastq.gz: OK
Fungal_mock_community_ITS_JRK29_ACAAGGAG-GCTCTAGT_S93_L001_R1.fastq.gz: OK
No_Template_Control_ITS_JRK29_ACAAGGAG-TGCGTACG_S94_L001_I2.fastq.gz: OK
No_Template_Control_ITS_JRK29_ACAAGGAG-TGCGTACG_S94_L001_R2.fastq.gz: OK
No_Template_Control_ITS_JRK29_ACAAGGAG-TGCGTACG_S94_L001_R1.fastq.gz: OK
No_Template_Control_ITS_JRK29_ACAAGGAG-TGCGTACG_S94_L001_I1.fastq.gz: OK
Soil_DNA_ITS_JRK29_ACAAGGAG-GACACTGA_S95_L001_I2.fastq.gz: OK
Fungal_mock_community_ITS_JRK29_ACAAGGAG-GCTCTAGT_S93_L001_R2.fastq.gz: OK
Fungal_mock_community_ITS_JRK29_ACAAGGAG-GCTCTAGT_S93_L001_I2.fastq.gz: OK
AM_ITS_UNSW_JRK29_checksums.md5: OK
Fungal_mock_community_ITS_JRK29_ACAAGGAG-GCTCTAGT_S93_L001_I1.fastq.gz: OK
Soil_DNA_ITS_JRK2C_CTTACACC-TGCGTACG_S93_L001_R2.fastq.gz: OK
Soil_DNA_ITS_JRK2C_CTTACACC-TGCGTACG_S93_L001_I2.fastq.gz: OK
Fungal_mock_community_ITS_JRK2C_CTTACACC-GACACTGA_S91_L001_I2.fastq.gz: OK
No_Template_Control_ITS_JRK2C_CTTACACC-TAGTGTAG_S92_L001_R1.fastq.gz: OK
No_Template_Control_ITS_JRK2C_CTTACACC-TAGTGTAG_S92_L001_R2.fastq.gz: OK
Soil_DNA_ITS_JRK2C_CTTACACC-TGCGTACG_S93_L001_R1.fastq.gz: OK
No_Template_Control_ITS_JRK2C_CTTACACC-TAGTGTAG_S92_L001_I2.fastq.gz: OK
No_Template_Control_ITS_JRK2C_CTTACACC-TAGTGTAG_S92_L001_I1.fastq.gz: OK
Soil_DNA_ITS_JRK2C_CTTACACC-TGCGTACG_S93_L001_I1.fastq.gz: OK
Fungal_mock_community_ITS_JRK2C_CTTACACC-GACACTGA_S91_L001_R1.fastq.gz: OK
AM_ITS_UNSW_JRK2C_checksums.md5: OK
Fungal_mock_community_ITS_JRK2C_CTTACACC-GACACTGA_S91_L001_I1.fastq.gz: OK
Fungal_mock_community_ITS_JRK2C_CTTACACC-GACACTGA_S91_L001_R2.fastq.gz: OK
No_Template_Control_ITS_JY4PG_TATCAGGT-TAGTGTAG_S87_L001_R2.fastq.gz: OK
Soil_DNA_ITS_JY4PG_AATGTCCG-TGCGTACG_S89_L001_R1.fastq.gz: OK
Soil_DNA_ITS_JY4PG_TATCAGGT-TGCGTACG_S90_L001_I2.fastq.gz: OK
AM_ITS_UNSW_JY4PG_checksums.md5: OK
No_Template_Control_ITS_JY4PG_TATCAGGT-TAGTGTAG_S87_L001_R1.fastq.gz: OK
No_Template_Control_ITS_JY4PG_AATGTCCG-TAGTGTAG_S88_L001_I1.fastq.gz: OK
Fungal_mock_community_ITS_JY4PG_AATGTCCG-GACACTGA_S85_L001_R2.fastq.gz: OK
Soil_DNA_ITS_JY4PG_TATCAGGT-TGCGTACG_S90_L001_I1.fastq.gz: OK
No_Template_Control_ITS_JY4PG_AATGTCCG-TAGTGTAG_S88_L001_R1.fastq.gz: OK
Fungal_mock_community_ITS_JY4PG_AATGTCCG-GACACTGA_S85_L001_R1.fastq.gz: OK
No_Template_Control_ITS_JY4PG_TATCAGGT-TAGTGTAG_S87_L001_I2.fastq.gz: OK
Fungal_mock_community_ITS_JY4PG_AATGTCCG-GACACTGA_S85_L001_I2.fastq.gz: OK
No_Template_Control_ITS_JY4PG_AATGTCCG-TAGTGTAG_S88_L001_R2.fastq.gz: OK
No_Template_Control_ITS_JY4PG_TATCAGGT-TAGTGTAG_S87_L001_I1.fastq.gz: OK
Fungal_mock_community_ITS_JY4PG_AATGTCCG-GACACTGA_S85_L001_I1.fastq.gz: OK
Soil_DNA_ITS_JY4PG_AATGTCCG-TGCGTACG_S89_L001_I2.fastq.gz: OK
Soil_DNA_ITS_JY4PG_AATGTCCG-TGCGTACG_S89_L001_R2.fastq.gz: OK
Fungal_mock_community_ITS_JY4PG_TATCAGGT-GACACTGA_S86_L001_R1.fastq.gz: OK
No_Template_Control_ITS_JY4PG_AATGTCCG-TAGTGTAG_S88_L001_I2.fastq.gz: OK
Soil_DNA_ITS_JY4PG_TATCAGGT-TGCGTACG_S90_L001_R1.fastq.gz: OK
Soil_DNA_ITS_JY4PG_AATGTCCG-TGCGTACG_S89_L001_I1.fastq.gz: OK
Fungal_mock_community_ITS_JY4PG_TATCAGGT-GACACTGA_S86_L001_R2.fastq.gz: OK
Soil_DNA_ITS_JY4PG_TATCAGGT-TGCGTACG_S90_L001_R2.fastq.gz: OK
Fungal_mock_community_ITS_JY4PG_TATCAGGT-GACACTGA_S86_L001_I1.fastq.gz: OK
Fungal_mock_community_ITS_JY4PG_TATCAGGT-GACACTGA_S86_L001_I2.fastq.gz: OK
No_Template_Control_ITS_K3W8G_TACGGTAT-ACGACGTG_S107_L001_R2.fastq.gz: OK
Soil_DNA_ITS_K3W8G_TGACCTCC-GACACTGA_S79_L001_R2.fastq.gz: OK
AM_ITS_UNSW_K3W8G_checksums.md5: OK
Fungal_mock_community_ITS_K3W8G_TCTGTTGC-TGCGTACG_S105_L001_R1.fastq.gz: OK
Soil_DNA_ITS_K3W8G_TCTGTTGC-TAGTGTAG_S106_L001_I1.fastq.gz: OK
Fungal_mock_community_ITS_K3W8G_TCTGTTGC-TGCGTACG_S105_L001_R2.fastq.gz: OK
No_Template_Control_ITS_K3W8G_TACGGTAT-ACGACGTG_S107_L001_I1.fastq.gz: OK
Fungal_mock_community_ITS_K3W8G_TGACCTCC-GCTCTAGT_S77_L001_R2.fastq.gz: OK
Soil_DNA_ITS_K3W8G_TCTGTTGC-TAGTGTAG_S106_L001_I2.fastq.gz: OK
Fungal_mock_community_ITS_K3W8G_TCTGTTGC-TGCGTACG_S105_L001_I1.fastq.gz: OK
No_Template_Control_ITS_K3W8G_TGACCTCC-TGCGTACG_S78_L001_I1.fastq.gz: OK
Soil_DNA_ITS_K3W8G_TGACCTCC-GACACTGA_S79_L001_I1.fastq.gz: OK
Fungal_mock_community_ITS_K3W8G_TGACCTCC-GCTCTAGT_S77_L001_I1.fastq.gz: OK
No_Template_Control_ITS_K3W8G_TGACCTCC-TGCGTACG_S78_L001_R1.fastq.gz: OK
No_Template_Control_ITS_K3W8G_TGACCTCC-TGCGTACG_S78_L001_I2.fastq.gz: OK
No_Template_Control_ITS_K3W8G_TGACCTCC-TGCGTACG_S78_L001_R2.fastq.gz: OK
No_Template_Control_ITS_K3W8G_TACGGTAT-ACGACGTG_S107_L001_R1.fastq.gz: OK
Soil_DNA_ITS_K3W8G_TGACCTCC-GACACTGA_S79_L001_R1.fastq.gz: OK
Soil_DNA_ITS_K3W8G_TGACCTCC-GACACTGA_S79_L001_I2.fastq.gz: OK
Fungal_mock_community_ITS_K3W8G_TGACCTCC-GCTCTAGT_S77_L001_R1.fastq.gz: OK
Fungal_mock_community_ITS_K3W8G_TGACCTCC-GCTCTAGT_S77_L001_I2.fastq.gz: OK
Fungal_mock_community_ITS_K3W8G_TCTGTTGC-TGCGTACG_S105_L001_I2.fastq.gz: OK
Soil_DNA_ITS_K3W8G_TCTGTTGC-TAGTGTAG_S106_L001_R1.fastq.gz: OK
Soil_DNA_ITS_K3W8G_TCTGTTGC-TAGTGTAG_S106_L001_R2.fastq.gz: OK
No_Template_Control_ITS_K3W8G_TACGGTAT-ACGACGTG_S107_L001_I2.fastq.gz: OK
ATCC1010MOCK_ITS_KBJ9G_TGACCTCC-CTAGAGCT_S79_L001_R2.fastq.gz: OK
Soil_DNA_ITS_KBJ9G_TGACCTCC-GACACTGA_S82_L001_R1.fastq.gz: OK
Soil_DNA_ITS_KBJ9G_TGACCTCC-GACACTGA_S82_L001_I2.fastq.gz: OK
ATCC1010MOCK_ITS_KBJ9G_TGACCTCC-CTAGAGCT_S79_L001_R1.fastq.gz: OK
Fungal_mock_community_ITS_KBJ9G_TGACCTCC-GCTCTAGT_S80_L001_I1.fastq.gz: OK
AM_ITS_UNSW_KBJ9G_checksums.md5: OK
Soil_DNA_ITS_KBJ9G_TGACCTCC-GACACTGA_S82_L001_R2.fastq.gz: OK
ATCC1010MOCK_ITS_KBJ9G_TGACCTCC-CTAGAGCT_S79_L001_I2.fastq.gz: OK
No_Template_Control_ITS_KBJ9G_TGACCTCC-TGCGTACG_S81_L001_I2.fastq.gz: OK
Fungal_mock_community_ITS_KBJ9G_TGACCTCC-GCTCTAGT_S80_L001_R1.fastq.gz: OK
ATCC1010MOCK_ITS_KBJ9G_TGACCTCC-CTAGAGCT_S79_L001_I1.fastq.gz: OK
Fungal_mock_community_ITS_KBJ9G_TGACCTCC-GCTCTAGT_S80_L001_R2.fastq.gz: OK
Soil_DNA_ITS_KBJ9G_TGACCTCC-GACACTGA_S82_L001_I1.fastq.gz: OK
No_Template_Control_ITS_KBJ9G_TGACCTCC-TGCGTACG_S81_L001_I1.fastq.gz: OK
No_Template_Control_ITS_KBJ9G_TGACCTCC-TGCGTACG_S81_L001_R2.fastq.gz: OK
Fungal_mock_community_ITS_KBJ9G_TGACCTCC-GCTCTAGT_S80_L001_I2.fastq.gz: OK
No_Template_Control_ITS_KBJ9G_TGACCTCC-TGCGTACG_S81_L001_R1.fastq.gz: OK
Soil_DNA_ITS_KCVJJ_GAGAGAAT-CGTCGCTA_S100_L001_R1.fastq.gz: OK
Soil_DNA_ITS_KCVJJ_GACTCTTG-TGCGTACG_S99_L001_I2.fastq.gz: OK
AM_ITS_UNSW_KCVJJ_checksums.md5: OK
Fungal_mock_community_ITS_KCVJJ_GAGAGAAT-ATATACAC_S96_L001_R1.fastq.gz: OK
Fungal_mock_community_ITS_KCVJJ_GACTCTTG-GACACTGA_S95_L001_R1.fastq.gz: OK
ATCC1010MOCK_ITS_KCVJJ_GACTCTTG-GCTCTAGT_S93_L001_I2.fastq.gz: OK
Fungal_mock_community_ITS_KCVJJ_GAGAGAAT-ATATACAC_S96_L001_R2.fastq.gz: OK
Fungal_mock_community_ITS_KCVJJ_GACTCTTG-GACACTGA_S95_L001_I1.fastq.gz: OK
Fungal_mock_community_ITS_KCVJJ_GACTCTTG-GACACTGA_S95_L001_I2.fastq.gz: OK
Soil_DNA_ITS_KCVJJ_GACTCTTG-TGCGTACG_S99_L001_I1.fastq.gz: OK
Fungal_mock_community_ITS_KCVJJ_GAGAGAAT-ATATACAC_S96_L001_I1.fastq.gz: OK
ATCC1010MOCK_ITS_KCVJJ_GAGAGAAT-ACGACGTG_S94_L001_I2.fastq.gz: OK
ATCC1010MOCK_ITS_KCVJJ_GACTCTTG-GCTCTAGT_S93_L001_R2.fastq.gz: OK
ATCC1010MOCK_ITS_KCVJJ_GACTCTTG-GCTCTAGT_S93_L001_R1.fastq.gz: OK
No_Template_Control_ITS_KCVJJ_GACTCTTG-TAGTGTAG_S97_L001_I2.fastq.gz: OK
No_Template_Control_ITS_KCVJJ_GAGAGAAT-CTAGAGCT_S98_L001_I1.fastq.gz: OK
ATCC1010MOCK_ITS_KCVJJ_GAGAGAAT-ACGACGTG_S94_L001_I1.fastq.gz: OK
ATCC1010MOCK_ITS_KCVJJ_GAGAGAAT-ACGACGTG_S94_L001_R1.fastq.gz: OK
ATCC1010MOCK_ITS_KCVJJ_GACTCTTG-GCTCTAGT_S93_L001_I1.fastq.gz: OK
No_Template_Control_ITS_KCVJJ_GAGAGAAT-CTAGAGCT_S98_L001_R1.fastq.gz: OK
Soil_DNA_ITS_KCVJJ_GACTCTTG-TGCGTACG_S99_L001_R1.fastq.gz: OK
Soil_DNA_ITS_KCVJJ_GAGAGAAT-CGTCGCTA_S100_L001_I2.fastq.gz: OK
Soil_DNA_ITS_KCVJJ_GAGAGAAT-CGTCGCTA_S100_L001_R2.fastq.gz: OK
Soil_DNA_ITS_KCVJJ_GAGAGAAT-CGTCGCTA_S100_L001_I1.fastq.gz: OK
No_Template_Control_ITS_KCVJJ_GAGAGAAT-CTAGAGCT_S98_L001_I2.fastq.gz: OK
No_Template_Control_ITS_KCVJJ_GAGAGAAT-CTAGAGCT_S98_L001_R2.fastq.gz: OK
No_Template_Control_ITS_KCVJJ_GACTCTTG-TAGTGTAG_S97_L001_I1.fastq.gz: OK
Soil_DNA_ITS_KCVJJ_GACTCTTG-TGCGTACG_S99_L001_R2.fastq.gz: OK
Fungal_mock_community_ITS_KCVJJ_GAGAGAAT-ATATACAC_S96_L001_I2.fastq.gz: OK
Fungal_mock_community_ITS_KCVJJ_GACTCTTG-GACACTGA_S95_L001_R2.fastq.gz: OK
No_Template_Control_ITS_KCVJJ_GACTCTTG-TAGTGTAG_S97_L001_R2.fastq.gz: OK
No_Template_Control_ITS_KCVJJ_GACTCTTG-TAGTGTAG_S97_L001_R1.fastq.gz: OK
ATCC1010MOCK_ITS_KCVJJ_GAGAGAAT-ACGACGTG_S94_L001_R2.fastq.gz: OK
Soil_DNA_ITS_KG28C_ACAAGGAG-TGCGTACG_S145_L001_I2.fastq.gz: OK
ATCC1010MOCK_ITS_KG28C_ACAAGGAG-GCTCTAGT_S136_L001_R1.fastq.gz: OK
No_Template_Control_ITS_KG28C_GACTCTTG-ACGACGTG_S141_L001_I2.fastq.gz: OK
ATCC1010MOCK_ITS_KG28C_AATGTCCG-ACGACGTG_S134_L001_I1.fastq.gz: OK
Fungal_mock_community_ITS_KG28C_ACAAGGAG-GACACTGA_S139_L001_R2.fastq.gz: OK
Fungal_mock_community_ITS_KG28C_AATGTCCG-ATATACAC_S137_L001_I1.fastq.gz: OK
Soil_DNA_ITS_KG28C_ACAAGGAG-TGCGTACG_S145_L001_R2.fastq.gz: OK
Soil_DNA_ITS_KG28C_ACAAGGAG-TGCGTACG_S145_L001_I1.fastq.gz: OK
Soil_DNA_ITS_KG28C_ACAAGGAG-TGCGTACG_S145_L001_R1.fastq.gz: OK
Fungal_mock_community_ITS_KG28C_ACAAGGAG-GACACTGA_S139_L001_R1.fastq.gz: OK
No_Template_Control_ITS_KG28C_ACAAGGAG-TAGTGTAG_S142_L001_R2.fastq.gz: OK
Fungal_mock_community_ITS_KG28C_GCAGGATA-TGCGTACG_S138_L001_R2.fastq.gz: OK
Fungal_mock_community_ITS_KG28C_AATGTCCG-ATATACAC_S137_L001_I2.fastq.gz: OK
No_Template_Control_ITS_KG28C_ACAAGGAG-TAGTGTAG_S142_L001_R1.fastq.gz: OK
ATCC1010MOCK_ITS_KG28C_AATGTCCG-ACGACGTG_S134_L001_I2.fastq.gz: OK
Fungal_mock_community_ITS_KG28C_ACAAGGAG-GACACTGA_S139_L001_I2.fastq.gz: OK
Soil_DNA_ITS_KG28C_GCAGGATA-TAGTGTAG_S144_L001_R2.fastq.gz: OK
AM_ITS_UNSW_KG28C_checksums.md5: OK
Fungal_mock_community_ITS_KG28C_GCAGGATA-TGCGTACG_S138_L001_R1.fastq.gz: OK
ATCC1010MOCK_ITS_KG28C_GCAGGATA-GACACTGA_S135_L001_R1.fastq.gz: OK
ATCC1010MOCK_ITS_KG28C_GCAGGATA-GACACTGA_S135_L001_I1.fastq.gz: OK
ATCC1010MOCK_ITS_KG28C_ACAAGGAG-GCTCTAGT_S136_L001_I2.fastq.gz: OK
ATCC1010MOCK_ITS_KG28C_ACAAGGAG-GCTCTAGT_S136_L001_R2.fastq.gz: OK
No_Template_Control_ITS_KG28C_AATGTCCG-CTAGAGCT_S140_L001_I2.fastq.gz: OK
Soil_DNA_ITS_KG28C_AATGTCCG-CGTCGCTA_S143_L001_I1.fastq.gz: OK
Fungal_mock_community_ITS_KG28C_AATGTCCG-ATATACAC_S137_L001_R1.fastq.gz: OK
Fungal_mock_community_ITS_KG28C_ACAAGGAG-GACACTGA_S139_L001_I1.fastq.gz: OK
Fungal_mock_community_ITS_KG28C_GCAGGATA-TGCGTACG_S138_L001_I2.fastq.gz: OK
Soil_DNA_ITS_KG28C_AATGTCCG-CGTCGCTA_S143_L001_R2.fastq.gz: OK
No_Template_Control_ITS_KG28C_GACTCTTG-ACGACGTG_S141_L001_R2.fastq.gz: OK
No_Template_Control_ITS_KG28C_AATGTCCG-CTAGAGCT_S140_L001_I1.fastq.gz: OK
Fungal_mock_community_ITS_KG28C_GCAGGATA-TGCGTACG_S138_L001_I1.fastq.gz: OK
Soil_DNA_ITS_KG28C_GCAGGATA-TAGTGTAG_S144_L001_R1.fastq.gz: OK
No_Template_Control_ITS_KG28C_GACTCTTG-ACGACGTG_S141_L001_I1.fastq.gz: OK
Soil_DNA_ITS_KG28C_AATGTCCG-CGTCGCTA_S143_L001_I2.fastq.gz: OK
Soil_DNA_ITS_KG28C_GCAGGATA-TAGTGTAG_S144_L001_I1.fastq.gz: OK
ATCC1010MOCK_ITS_KG28C_AATGTCCG-ACGACGTG_S134_L001_R2.fastq.gz: OK
Soil_DNA_ITS_KG28C_GCAGGATA-TAGTGTAG_S144_L001_I2.fastq.gz: OK
ATCC1010MOCK_ITS_KG28C_GCAGGATA-GACACTGA_S135_L001_R2.fastq.gz: OK
ATCC1010MOCK_ITS_KG28C_ACAAGGAG-GCTCTAGT_S136_L001_I1.fastq.gz: OK
ATCC1010MOCK_ITS_KG28C_AATGTCCG-ACGACGTG_S134_L001_R1.fastq.gz: OK
No_Template_Control_ITS_KG28C_AATGTCCG-CTAGAGCT_S140_L001_R2.fastq.gz: OK
No_Template_Control_ITS_KG28C_ACAAGGAG-TAGTGTAG_S142_L001_I1.fastq.gz: OK
No_Template_Control_ITS_KG28C_AATGTCCG-CTAGAGCT_S140_L001_R1.fastq.gz: OK
Soil_DNA_ITS_KG28C_AATGTCCG-CGTCGCTA_S143_L001_R1.fastq.gz: OK
Fungal_mock_community_ITS_KG28C_AATGTCCG-ATATACAC_S137_L001_R2.fastq.gz: OK
ATCC1010MOCK_ITS_KG28C_GCAGGATA-GACACTGA_S135_L001_I2.fastq.gz: OK
No_Template_Control_ITS_KG28C_ACAAGGAG-TAGTGTAG_S142_L001_I2.fastq.gz: OK
No_Template_Control_ITS_KG28C_GACTCTTG-ACGACGTG_S141_L001_R1.fastq.gz: OK
ATCC1010MOCK_ITS_KP69D_ACAAGGAG-GACACTGA_S112_L001_I2.fastq.gz: OK
No_Template_Control_ITS_KP69D_ACAAGGAG-TAGTGTAG_S114_L001_R2.fastq.gz: OK
ATCC1010MOCK_ITS_KP69D_AATGGAGC-GCTCTAGT_S111_L001_R1.fastq.gz: OK
No_Template_Control_ITS_KP69D_ACAAGGAG-TAGTGTAG_S114_L001_I1.fastq.gz: OK
Soil_DNA_ITS_KP69D_ACAAGGAG-TGCGTACG_S116_L001_I2.fastq.gz: OK
No_Template_Control_ITS_KP69D_AATGGAGC-TGCGTACG_S113_L001_I2.fastq.gz: OK
Soil_DNA_ITS_KP69D_ACAAGGAG-TGCGTACG_S116_L001_R1.fastq.gz: OK
ATCC1010MOCK_ITS_KP69D_ACAAGGAG-GACACTGA_S112_L001_I1.fastq.gz: OK
No_Template_Control_ITS_KP69D_AATGGAGC-TGCGTACG_S113_L001_I1.fastq.gz: OK
No_Template_Control_ITS_KP69D_ACAAGGAG-TAGTGTAG_S114_L001_I2.fastq.gz: OK
AM_ITS_UNSW_KP69D_checksums.md5: OK
ATCC1010MOCK_ITS_KP69D_AATGGAGC-GCTCTAGT_S111_L001_R2.fastq.gz: OK
No_Template_Control_ITS_KP69D_AATGGAGC-TGCGTACG_S113_L001_R2.fastq.gz: OK
ATCC1010MOCK_ITS_KP69D_ACAAGGAG-GACACTGA_S112_L001_R2.fastq.gz: OK
No_Template_Control_ITS_KP69D_ACAAGGAG-TAGTGTAG_S114_L001_R1.fastq.gz: OK
ATCC1010MOCK_ITS_KP69D_ACAAGGAG-GACACTGA_S112_L001_R1.fastq.gz: OK
Soil_DNA_ITS_KP69D_AATGGAGC-GACACTGA_S115_L001_R1.fastq.gz: OK
Soil_DNA_ITS_KP69D_ACAAGGAG-TGCGTACG_S116_L001_R2.fastq.gz: OK
Soil_DNA_ITS_KP69D_AATGGAGC-GACACTGA_S115_L001_I1.fastq.gz: OK
No_Template_Control_ITS_KP69D_AATGGAGC-TGCGTACG_S113_L001_R1.fastq.gz: OK
ATCC1010MOCK_ITS_KP69D_AATGGAGC-GCTCTAGT_S111_L001_I1.fastq.gz: OK
ATCC1010MOCK_ITS_KP69D_AATGGAGC-GCTCTAGT_S111_L001_I2.fastq.gz: OK
Soil_DNA_ITS_KP69D_ACAAGGAG-TGCGTACG_S116_L001_I1.fastq.gz: OK
Soil_DNA_ITS_KP69D_AATGGAGC-GACACTGA_S115_L001_I2.fastq.gz: OK
Soil_DNA_ITS_KP69D_AATGGAGC-GACACTGA_S115_L001_R2.fastq.gz: OK
ATCC1010MOCK_ITS_KP8LM_CGTCCGAA-CTAGAGCT_S112_L001_R2.fastq.gz: OK
No_Template_Control_ITS_KP8LM_ACAAGGAG-TAGTGTAG_S113_L001_I2.fastq.gz: OK
ATCC1010MOCK_ITS_KP8LM_ACAAGGAG-GACACTGA_S111_L001_I1.fastq.gz: OK
No_Template_Control_ITS_KP8LM_ACAAGGAG-TAGTGTAG_S113_L001_R1.fastq.gz: OK
No_Template_Control_ITS_KP8LM_CGTCCGAA-GACACTGA_S114_L001_R2.fastq.gz: OK
Soil_DNA_ITS_KP8LM_ACAAGGAG-TGCGTACG_S115_L001_I2.fastq.gz: OK
AM_ITS_UNSW_KP8LM_checksums.md5: OK
Soil_DNA_ITS_KP8LM_ACAAGGAG-TGCGTACG_S115_L001_I1.fastq.gz: OK
Soil_DNA_ITS_KP8LM_CGTCCGAA-GCTCTAGT_S116_L001_R2.fastq.gz: OK
ATCC1010MOCK_ITS_KP8LM_CGTCCGAA-CTAGAGCT_S112_L001_I1.fastq.gz: OK
Soil_DNA_ITS_KP8LM_CGTCCGAA-GCTCTAGT_S116_L001_I2.fastq.gz: OK
Soil_DNA_ITS_KP8LM_ACAAGGAG-TGCGTACG_S115_L001_R2.fastq.gz: OK
ATCC1010MOCK_ITS_KP8LM_ACAAGGAG-GACACTGA_S111_L001_I2.fastq.gz: OK
No_Template_Control_ITS_KP8LM_CGTCCGAA-GACACTGA_S114_L001_I2.fastq.gz: OK
ATCC1010MOCK_ITS_KP8LM_ACAAGGAG-GACACTGA_S111_L001_R1.fastq.gz: OK
No_Template_Control_ITS_KP8LM_ACAAGGAG-TAGTGTAG_S113_L001_R2.fastq.gz: OK
Soil_DNA_ITS_KP8LM_CGTCCGAA-GCTCTAGT_S116_L001_R1.fastq.gz: OK
ATCC1010MOCK_ITS_KP8LM_CGTCCGAA-CTAGAGCT_S112_L001_I2.fastq.gz: OK
ATCC1010MOCK_ITS_KP8LM_CGTCCGAA-CTAGAGCT_S112_L001_R1.fastq.gz: OK
ATCC1010MOCK_ITS_KP8LM_ACAAGGAG-GACACTGA_S111_L001_R2.fastq.gz: OK
Soil_DNA_ITS_KP8LM_CGTCCGAA-GCTCTAGT_S116_L001_I1.fastq.gz: OK
Soil_DNA_ITS_KP8LM_ACAAGGAG-TGCGTACG_S115_L001_R1.fastq.gz: OK
No_Template_Control_ITS_KP8LM_CGTCCGAA-GACACTGA_S114_L001_I1.fastq.gz: OK
No_Template_Control_ITS_KP8LM_CGTCCGAA-GACACTGA_S114_L001_R1.fastq.gz: OK
No_Template_Control_ITS_KP8LM_ACAAGGAG-TAGTGTAG_S113_L001_I1.fastq.gz: OK
No_Template_Control_ITS_L4Y28_CGTCCGAA-CGTCGCTA_S73_L001_I1_001.fastq.gz: FAILED
No_Template_Control_ITS_L4Y28_CGTCCGAA-CGTCGCTA_S73_L001_I2_001.fastq.gz: FAILED
No_Template_Control_ITS_L4Y28_CGTCCGAA-CGTCGCTA_S73_L001_R1_001.fastq.gz: FAILED
ATCC1010MOCK_ITS_L4Y28_CGTCCGAA-ACGACGTG_S74_L001_R1_001.fastq.gz: FAILED
ATCC1010MOCK_ITS_L4Y28_CGTCCGAA-ACGACGTG_S74_L001_I2_001.fastq.gz: FAILED
Soil_DNA_ITS_L4Y28_CGTCCGAA-ATATACAC_S75_L001_R2_001.fastq.gz: FAILED
AM_ITS_UNSW_L4Y28_checksums.md5: FAILED
Soil_DNA_ITS_L4Y28_CGTCCGAA-ATATACAC_S75_L001_I2_001.fastq.gz: FAILED
ATCC1010MOCK_ITS_L4Y28_CGTCCGAA-ACGACGTG_S74_L001_I1_001.fastq.gz: FAILED
Soil_DNA_ITS_L4Y28_CGTCCGAA-ATATACAC_S75_L001_R1_001.fastq.gz: FAILED
ATCC1010MOCK_ITS_L4Y28_CGTCCGAA-ACGACGTG_S74_L001_R2_001.fastq.gz: FAILED
Soil_DNA_ITS_L4Y28_CGTCCGAA-ATATACAC_S75_L001_I1_001.fastq.gz: FAILED
No_Template_Control_ITS_L4Y28_CGTCCGAA-CGTCGCTA_S73_L001_R2_001.fastq.gz: FAILED
Fungal_mock_community_ITS_AGRF_GCTCGAAGATCG_A5P6W_S96_L001_R1.fastq.gz: FAILED
BASE_ITS_AGRF_A5P6W_checksums.md5: FAILED
Soil_DNA_ITS_AGRF_AACCGCGGTCAA_A5P6W_S84_L001_I1.fastq.gz: FAILED
Soil_DNA_ITS_AGRF_AACCGCGGTCAA_A5P6W_S84_L001_R1.fastq.gz: FAILED
Fungal_mock_community_ITS_AGRF_GCTCGAAGATCG_A5P6W_S96_L001_R2.fastq.gz: FAILED
NEG_1_ITS_AGRF_CGAGTTGTAGCG_A5P6W_S72_L001_R2.fastq.gz: FAILED
Fungal_mock_community_ITS_AGRF_GCTCGAAGATCG_A5P6W_S96_L001_I1.fastq.gz: FAILED
Soil_DNA_ITS_AGRF_AACCGCGGTCAA_A5P6W_S84_L001_R2.fastq.gz: FAILED
NEG_1_ITS_AGRF_CGAGTTGTAGCG_A5P6W_S72_L001_R1.fastq.gz: FAILED
NEG_1_ITS_AGRF_CGAGTTGTAGCG_A5P6W_S72_L001_I1.fastq.gz: FAILED
BASE_ITS_UNSW_A64HK_checksums.md5: FAILED
Fungal_mock_community_ITS_UNSW_AACCGCGGTCAA_A64HK_S82_L001_R2.fastq.gz: FAILED
Soil_DNA_ITS_UNSW_CGAGTTGTAGCG_A64HK_S70_L001_R1.fastq.gz: FAILED
Soil_DNA_ITS_UNSW_CGAGTTGTAGCG_A64HK_S70_L001_I1.fastq.gz: FAILED
Fungal_mock_community_ITS_UNSW_AACCGCGGTCAA_A64HK_S82_L001_I1.fastq.gz: FAILED
Fungal_mock_community_ITS_UNSW_AACCGCGGTCAA_A64HK_S82_L001_R1.fastq.gz: FAILED
Soil_DNA_ITS_UNSW_CGAGTTGTAGCG_A64HK_S70_L001_R2.fastq.gz: FAILED
Soil_DNA_ITS_UNSW_CGAGTTGTAGCG_A64JH_S64_L001_I1.fastq.gz: FAILED
Fungal_mock_community_ITS_UNSW_AACCGCGGTCAA_A64JH_S76_L001_I1.fastq.gz: FAILED
Soil_DNA_ITS_UNSW_CGAGTTGTAGCG_A64JH_S64_L001_R2.fastq.gz: FAILED
Fungal_mock_community_ITS_UNSW_AACCGCGGTCAA_A64JH_S76_L001_R2.fastq.gz: FAILED
BASE_ITS_UNSW_A64JH_checksums.md5: FAILED
Soil_DNA_ITS_UNSW_CGAGTTGTAGCG_A64JH_S64_L001_R1.fastq.gz: FAILED
Fungal_mock_community_ITS_UNSW_AACCGCGGTCAA_A64JH_S76_L001_R1.fastq.gz: FAILED
Soil_DNA_ITS_UNSW_CGAGTTGTAGCG_A64JJ_S72_L001_I1.fastq.gz: FAILED
Soil_DNA_ITS_UNSW_CGAGTTGTAGCG_A64JJ_S72_L001_R2.fastq.gz: FAILED
Fungal_mock_community_ITS_UNSW_AACCGCGGTCAA_A64JJ_S84_L001_R2.fastq.gz: FAILED
BASE_ITS_UNSW_A64JJ_checksums.md5: FAILED
Soil_DNA_ITS_UNSW_CGAGTTGTAGCG_A64JJ_S72_L001_R1.fastq.gz: FAILED
Fungal_mock_community_ITS_UNSW_AACCGCGGTCAA_A64JJ_S84_L001_R1.fastq.gz: FAILED
Fungal_mock_community_ITS_UNSW_AACCGCGGTCAA_A64JJ_S84_L001_I1.fastq.gz: FAILED
Fungal_mock_community_ITS_AGRF_GCTCGAAGATCG_A79NR_S96_L001_I1.fastq.gz: FAILED
Soil_DNA_ITS_AGRF_AACCGCGGTCAA_A79NR_S84_L001_I1.fastq.gz: FAILED
BASE_ITS_AGRF_A90G8_checksums.md5: FAILED
BASE_ITS_AGRF_A79NR_checksums.md5: FAILED
Fungal_mock_community_ITS_AGRF_GCTCGAAGATCG_A79NR_S96_L001_R2.fastq.gz: FAILED
Fungal_mock_community_ITS_AGRF_GCTCGAAGATCG_A79NR_S96_L001_R1.fastq.gz: FAILED
Soil_DNA_ITS_AGRF_AACCGCGGTCAA_A79NR_S84_L001_R2.fastq.gz: FAILED
NEG_1_ITS_AGRF_CGAGTTGTAGCG_A79NR_S72_L001_I1.fastq.gz: FAILED
NEG_1_ITS_AGRF_CGAGTTGTAGCG_A79NR_S72_L001_R2.fastq.gz: FAILED
NEG_1_ITS_AGRF_CGAGTTGTAGCG_A79NR_S72_L001_R1.fastq.gz: FAILED
Soil_DNA_ITS_AGRF_AACCGCGGTCAA_A79NR_S84_L001_R1.fastq.gz: FAILED
Soil_DNA_ITS_AGRF_CCATACATAGCT_A90G8_S56_L001_R1.fastq.gz: FAILED
Fungal_mock_community_ITS_AGRF_GCTCGAAGATCG_A90G8_S96_L001_R2.fastq.gz: FAILED
Fungal_mock_community_ITS_AGRF_GCTCGAAGATCG_A90G8_S96_L001_R1.fastq.gz: FAILED
Fungal_mock_community_ITS_AGRF_GCTCGAAGATCG_A90G8_S96_L001_I1.fastq.gz: FAILED
NEG_1_ITS_AGRF_GAAGAAGCGGTA_A90G8_S1_L001_R2.fastq.gz: FAILED
NEG_1_ITS_AGRF_GAAGAAGCGGTA_A90G8_S1_L001_I1.fastq.gz: FAILED
Soil_DNA_ITS_AGRF_CCATACATAGCT_A90G8_S56_L001_I1.fastq.gz: FAILED
NEG_1_ITS_AGRF_GAAGAAGCGGTA_A90G8_S1_L001_R1.fastq.gz: FAILED
Soil_DNA_ITS_AGRF_CCATACATAGCT_A90G8_S56_L001_R2.fastq.gz: FAILED
BASE_ITS_AGRF_A79NR_checksums.md5: FAILED
BASE_ITS_AGRF_A90G8_checksums.md5: FAILED
Soil_DNA_ITS_UNSW_CCAAGTCTTACA_AADNU_S94_L001_R1.fastq.gz: OK
Soil_DNA_ITS_UNSW_CCAAGTCTTACA_AADNU_S94_L001_I1.fastq.gz: OK
Fungal_mock_community_ITS_UNSW_ACACTAGATCCG_AADNU_S95_L001_R1.fastq.gz: OK
Soil_DNA_ITS_UNSW_CCAAGTCTTACA_AADNU_S94_L001_R2.fastq.gz: OK
BASE_ITS_UNSW_AADNU_checksums.md5: OK
Fungal_mock_community_ITS_UNSW_ACACTAGATCCG_AADNU_S95_L001_I1.fastq.gz: OK
Fungal_mock_community_ITS_UNSW_ACACTAGATCCG_AADNU_S95_L001_R2.fastq.gz: OK
BASE_ITS_UNSW_AAUF6_checksums.md5: OK
Soil_DNA_ITS_UNSW_CCAAGTCTTACA_AAUF6_S70_L001_I1.fastq.gz: OK
Soil_DNA_ITS_UNSW_CCAAGTCTTACA_AAUF6_S70_L001_R1.fastq.gz: OK
Soil_DNA_ITS_UNSW_CCAAGTCTTACA_AAUF6_S70_L001_R2.fastq.gz: OK
Fungal_mock_community_ITS_UNSW_ACACTAGATCCG_AAUF6_S71_L001_R2.fastq.gz: OK
Fungal_mock_community_ITS_UNSW_ACACTAGATCCG_AAUF6_S71_L001_R1.fastq.gz: OK
Fungal_mock_community_ITS_UNSW_ACACTAGATCCG_AAUF6_S71_L001_I1.fastq.gz: OK
Fungal_mock_community_ITS_AGRF_ACACTAGATCCG_AAVYC_S95_L001_R1.fastq.gz: OK
BASE_ITS_AGRF_AAVYC_checksums.md5: OK
Soil_DNA_ITS_AGRF_CCAAGTCTTACA_AAVYC_S94_L001_R2.fastq.gz: OK
Soil_DNA_ITS_AGRF_CCAAGTCTTACA_AAVYC_S94_L001_I1.fastq.gz: OK
Fungal_mock_community_ITS_AGRF_ACACTAGATCCG_AAVYC_S95_L001_R2.fastq.gz: OK
Fungal_mock_community_ITS_AGRF_ACACTAGATCCG_AAVYC_S95_L001_I1.fastq.gz: OK
Soil_DNA_ITS_AGRF_CCAAGTCTTACA_AAVYC_S94_L001_R1.fastq.gz: OK
Soil_DNA_ITS_UNSW_AACCGCGGTCAA_AC988_S84_L001_R2.fastq.gz: OK
Soil_DNA_ITS_UNSW_AACCGCGGTCAA_AC988_S84_L001_I1.fastq.gz: OK
BASE_ITS_UNSW_AC988_checksums.md5: OK
Fungal_mock_community_ITS_UNSW_CGAGTTGTAGCG_AC988_S72_L001_I1.fastq.gz: OK
Fungal_mock_community_ITS_UNSW_CGAGTTGTAGCG_AC988_S72_L001_R2.fastq.gz: OK
Soil_DNA_ITS_UNSW_AACCGCGGTCAA_AC988_S84_L001_R1.fastq.gz: OK
Fungal_mock_community_ITS_UNSW_CGAGTTGTAGCG_AC988_S72_L001_R1.fastq.gz: OK
Fungal_mock_community_ITS_UNSW_CCATACATAGCT_AC9CM_S44_L001_R1.fastq.gz: OK
Soil_DNA_ITS_UNSW_TAAGGTAAGGTG_AC9CM_S53_L001_I1.fastq.gz: OK
Fungal_mock_community_ITS_UNSW_CCATACATAGCT_AC9CM_S44_L001_R2.fastq.gz: OK
BASE_ITS_UNSW_AC9CM_checksums.md5: OK
Soil_DNA_ITS_UNSW_TAAGGTAAGGTG_AC9CM_S53_L001_R1.fastq.gz: OK
Fungal_mock_community_ITS_UNSW_CCATACATAGCT_AC9CM_S44_L001_I1.fastq.gz: OK
Soil_DNA_ITS_UNSW_TAAGGTAAGGTG_AC9CM_S53_L001_R2.fastq.gz: OK
BASE_ITS_UNSW_AGECM_checksums.md5: OK
Soil_DNA_ITS_UNSW_CGAGTTGTAGCG_AGECM_S72_L001_R2.fastq.gz: OK
Fungal_mock_community_ITS_UNSW_AACCGCGGTCAA_AGECM_S84_L001_I1.fastq.gz: OK
Soil_DNA_ITS_UNSW_CGAGTTGTAGCG_AGECM_S72_L001_R1.fastq.gz: OK
Soil_DNA_ITS_UNSW_CGAGTTGTAGCG_AGECM_S72_L001_I1.fastq.gz: OK
Fungal_mock_community_ITS_UNSW_AACCGCGGTCAA_AGECM_S84_L001_R1.fastq.gz: OK
Fungal_mock_community_ITS_UNSW_AACCGCGGTCAA_AGECM_S84_L001_R2.fastq.gz: OK
Soil_DNA_ITS_UNSW_CGAGTTGTAGCG_AGEDA_S72_L001_R2.fastq.gz: OK
Fungal_mock_community_ITS_UNSW_AACCGCGGTCAA_AGEDA_S84_L001_R1.fastq.gz: OK
BRLOPS-673_checksums.md5: OK
Fungal_mock_community_ITS_UNSW_AACCGCGGTCAA_AGEDA_S84_L001_R2.fastq.gz: OK
Soil_DNA_ITS_UNSW_CGAGTTGTAGCG_AGEDA_S72_L001_R1.fastq.gz: OK
Fungal_mock_community_ITS_UNSW_AACCGCGGTCAA_AGEDA_S84_L001_I1.fastq.gz: OK
Soil_DNA_ITS_UNSW_CGAGTTGTAGCG_AGEDA_S72_L001_I1.fastq.gz: OK
Soil_DNA_ITS_UNSW_CGAGTTGTAGCG_AGEFG_S71_L001_R2.fastq.gz: OK
Soil_DNA_ITS_UNSW_CGAGTTGTAGCG_AGEFG_S71_L001_R1.fastq.gz: OK
Fungal_mock_community_ITS_UNSW_AACCGCGGTCAA_AGEFG_S83_L001_R2.fastq.gz: OK
Fungal_mock_community_ITS_UNSW_AACCGCGGTCAA_AGEFG_S83_L001_I1.fastq.gz: OK
Soil_DNA_ITS_UNSW_CGAGTTGTAGCG_AGEFG_S71_L001_I1.fastq.gz: OK
BASE_ITS_UNSW_AGEFG_checksums.md5: OK
Fungal_mock_community_ITS_UNSW_AACCGCGGTCAA_AGEFG_S83_L001_R1.fastq.gz: OK
BASE_ITS_AGRF_ALBRY_checksums.md5: OK
NEG_1_ITS_AGRF_ALBRY_GCTCGAAGATCG_L001_R2.fastq.gz: OK
Fungal-mock-community_ITS_AGRF_ALBRY_CCAAGTCTTACA_L001_R2.fastq.gz: OK
Soil-DNA_ITS_AGRF_ALBRY_ACACTAGATCCG_L001_R2.fastq.gz: OK
Soil-DNA_ITS_AGRF_ALBRY_ACACTAGATCCG_L001_R1.fastq.gz: OK
Fungal-mock-community_ITS_AGRF_ALBRY_CCAAGTCTTACA_L001_R1.fastq.gz: OK
NEG_1_ITS_AGRF_ALBRY_GCTCGAAGATCG_L001_R1.fastq.gz: OK
BASE_ITS_AGRF_AN5TK_checksums.md5: OK
Soil-DNA_ITS_AGRF_ACACTAGATCCG_AN5TK_AN5TK_ACACTAGATCCG_L001_R1.fastq.gz: OK
Soil-DNA_ITS_AGRF_ACACTAGATCCG_AN5TK_AN5TK_ACACTAGATCCG_L001_R2.fastq.gz: OK
Fungal-mock-community_ITS_AGRF_CCAAGTCTTACA_AN5TK_AN5TK_CCAAGTCTTACA_L001_R1.fastq.gz: OK
Fungal-mock-community_ITS_AGRF_CCAAGTCTTACA_AN5TK_AN5TK_CCAAGTCTTACA_L001_R2.fastq.gz: OK
Bac_mock_community_ITS_AGRF_CGAGTTGTAGCG_ANVM7_ANVM7_CGAGTTGTAGCG_L001_R1.fastq.gz: OK
Soil_DNA_ITS_AGRF_AACGAGAACTGA_ANVM7_ANVM7_AACGAGAACTGA_L001_R2.fastq.gz: OK
BASE_ITS_AGRF_ANVM7_checksums.md5: OK
Soil_DNA_ITS_AGRF_AACGAGAACTGA_ANVM7_ANVM7_AACGAGAACTGA_L001_R1.fastq.gz: OK
Bac_mock_community_ITS_AGRF_CGAGTTGTAGCG_ANVM7_ANVM7_CGAGTTGTAGCG_L001_R2.fastq.gz: OK
Soil_DNA_ITS_AGRF_B39FT_ACGATGCGACCA_L001_R1.fastq.gz: OK
Fungal_mock_community_ITS_AGRF_B39FT_CCAAGTCTTACA_L001_R2.fastq.gz: OK
BASE_ITS_AGRF_B39FT_checksums.md5: OK
Fungal_mock_community_ITS_AGRF_B39FT_CCAAGTCTTACA_L001_R1.fastq.gz: OK
Soil_DNA_ITS_AGRF_B39FT_ACGATGCGACCA_L001_R2.fastq.gz: OK
Neg_ITS_AGRF_B39G7_AAGATGGATCAG_L001_R2.fastq.gz: OK
Fungal__mock_Community_ITS_AGRF_B39G7_ATGGACCGAACC_L001_R1.fastq.gz: OK
BASE_ITS_AGRF_B39G7_checksums.md5: OK
Fungal__mock_Community_ITS_AGRF_B39G7_ATGGACCGAACC_L001_R2.fastq.gz: OK
Neg_ITS_AGRF_B39G7_AGCCGGCACATA_L001_R2.fastq.gz: OK
Neg_ITS_AGRF_B39G7_AGCCGGCACATA_L001_R1.fastq.gz: OK
Soil_DNA_ITS_AGRF_B39G7_GACTCGAATCGT_L001_R1.fastq.gz: OK
Neg_ITS_AGRF_B39G7_AAGATGGATCAG_L001_R1.fastq.gz: OK
Soil_DNA_ITS_AGRF_B39G7_GACTCGAATCGT_L001_R2.fastq.gz: OK
Soil_DNA_ITS_AGRF_B3C4H_TACTAATCTGCG_L001_R2.fastq.gz: OK
Neg2_ITS_AGRF_B3C4H_AGAGCCTACGTT_L001_R2.fastq.gz: OK
Fungal_mock_community_ITS_AGRF_B3C4H_ATGTGGGACCCA_L001_R1.fastq.gz: OK
Neg1_ITS_AGRF_B3C4H_TATGCACCAGTG_L001_R2.fastq.gz: OK
Fungal_mock_community_ITS_AGRF_B3C4H_ATGTGGGACCCA_L001_R2.fastq.gz: OK
Neg1_ITS_AGRF_B3C4H_TATGCACCAGTG_L001_R1.fastq.gz: OK
Neg2_ITS_AGRF_B3C4H_AGAGCCTACGTT_L001_R1.fastq.gz: OK
Soil_DNA_ITS_AGRF_B3C4H_TACTAATCTGCG_L001_R1.fastq.gz: OK
BASE_ITS_AGRF_B3C4H_checksums.md5: OK
md5sum: WARNING: 66 computed checksums did NOT match
